[2021-02-18 07:37:59,352] {scheduler_job.py:182} INFO - Started process (PID=53) to work on /home/airflow/.local/lib/python3.6/site-packages/airflow/example_dags/example_branch_python_dop_operator_3.py
[2021-02-18 07:37:59,353] {scheduler_job.py:629} INFO - Processing file /home/airflow/.local/lib/python3.6/site-packages/airflow/example_dags/example_branch_python_dop_operator_3.py for tasks to queue
[2021-02-18 07:37:59,354] {logging_mixin.py:104} INFO - [2021-02-18 07:37:59,354] {dagbag.py:448} INFO - Filling up the DagBag from /home/airflow/.local/lib/python3.6/site-packages/airflow/example_dags/example_branch_python_dop_operator_3.py
[2021-02-18 07:37:59,368] {scheduler_job.py:639} INFO - DAG(s) dict_keys(['example_branch_dop_operator_v3']) retrieved from /home/airflow/.local/lib/python3.6/site-packages/airflow/example_dags/example_branch_python_dop_operator_3.py
[2021-02-18 07:37:59,392] {logging_mixin.py:104} INFO - [2021-02-18 07:37:59,392] {dag.py:1818} INFO - Sync 1 DAGs
[2021-02-18 07:37:59,403] {logging_mixin.py:104} INFO - [2021-02-18 07:37:59,403] {dag.py:1837} INFO - Creating ORM DAG for example_branch_dop_operator_v3
[2021-02-18 07:37:59,428] {logging_mixin.py:104} INFO - [2021-02-18 07:37:59,428] {dag.py:2273} INFO - Setting next_dagrun for example_branch_dop_operator_v3 to 2021-02-16 00:00:00+00:00
[2021-02-18 07:37:59,442] {scheduler_job.py:190} INFO - Processing /home/airflow/.local/lib/python3.6/site-packages/airflow/example_dags/example_branch_python_dop_operator_3.py took 0.093 seconds
[2021-02-18 07:38:29,522] {scheduler_job.py:182} INFO - Started process (PID=78) to work on /home/airflow/.local/lib/python3.6/site-packages/airflow/example_dags/example_branch_python_dop_operator_3.py
[2021-02-18 07:38:29,523] {scheduler_job.py:629} INFO - Processing file /home/airflow/.local/lib/python3.6/site-packages/airflow/example_dags/example_branch_python_dop_operator_3.py for tasks to queue
[2021-02-18 07:38:29,523] {logging_mixin.py:104} INFO - [2021-02-18 07:38:29,523] {dagbag.py:448} INFO - Filling up the DagBag from /home/airflow/.local/lib/python3.6/site-packages/airflow/example_dags/example_branch_python_dop_operator_3.py
[2021-02-18 07:38:29,537] {scheduler_job.py:639} INFO - DAG(s) dict_keys(['example_branch_dop_operator_v3']) retrieved from /home/airflow/.local/lib/python3.6/site-packages/airflow/example_dags/example_branch_python_dop_operator_3.py
[2021-02-18 07:38:29,559] {logging_mixin.py:104} INFO - [2021-02-18 07:38:29,559] {dag.py:1818} INFO - Sync 1 DAGs
[2021-02-18 07:38:29,587] {logging_mixin.py:104} INFO - [2021-02-18 07:38:29,587] {dag.py:2273} INFO - Setting next_dagrun for example_branch_dop_operator_v3 to 2021-02-16 00:00:00+00:00
[2021-02-18 07:38:29,593] {scheduler_job.py:190} INFO - Processing /home/airflow/.local/lib/python3.6/site-packages/airflow/example_dags/example_branch_python_dop_operator_3.py took 0.075 seconds
[2021-02-18 07:38:59,633] {scheduler_job.py:182} INFO - Started process (PID=104) to work on /home/airflow/.local/lib/python3.6/site-packages/airflow/example_dags/example_branch_python_dop_operator_3.py
[2021-02-18 07:38:59,635] {scheduler_job.py:629} INFO - Processing file /home/airflow/.local/lib/python3.6/site-packages/airflow/example_dags/example_branch_python_dop_operator_3.py for tasks to queue
[2021-02-18 07:38:59,635] {logging_mixin.py:104} INFO - [2021-02-18 07:38:59,635] {dagbag.py:448} INFO - Filling up the DagBag from /home/airflow/.local/lib/python3.6/site-packages/airflow/example_dags/example_branch_python_dop_operator_3.py
[2021-02-18 07:38:59,648] {scheduler_job.py:639} INFO - DAG(s) dict_keys(['example_branch_dop_operator_v3']) retrieved from /home/airflow/.local/lib/python3.6/site-packages/airflow/example_dags/example_branch_python_dop_operator_3.py
[2021-02-18 07:38:59,670] {logging_mixin.py:104} INFO - [2021-02-18 07:38:59,670] {dag.py:1818} INFO - Sync 1 DAGs
[2021-02-18 07:38:59,698] {logging_mixin.py:104} INFO - [2021-02-18 07:38:59,698] {dag.py:2273} INFO - Setting next_dagrun for example_branch_dop_operator_v3 to 2021-02-16 00:00:00+00:00
[2021-02-18 07:38:59,704] {scheduler_job.py:190} INFO - Processing /home/airflow/.local/lib/python3.6/site-packages/airflow/example_dags/example_branch_python_dop_operator_3.py took 0.075 seconds
[2021-02-18 07:39:29,896] {scheduler_job.py:182} INFO - Started process (PID=130) to work on /home/airflow/.local/lib/python3.6/site-packages/airflow/example_dags/example_branch_python_dop_operator_3.py
[2021-02-18 07:39:29,897] {scheduler_job.py:629} INFO - Processing file /home/airflow/.local/lib/python3.6/site-packages/airflow/example_dags/example_branch_python_dop_operator_3.py for tasks to queue
[2021-02-18 07:39:29,898] {logging_mixin.py:104} INFO - [2021-02-18 07:39:29,897] {dagbag.py:448} INFO - Filling up the DagBag from /home/airflow/.local/lib/python3.6/site-packages/airflow/example_dags/example_branch_python_dop_operator_3.py
[2021-02-18 07:39:29,915] {scheduler_job.py:639} INFO - DAG(s) dict_keys(['example_branch_dop_operator_v3']) retrieved from /home/airflow/.local/lib/python3.6/site-packages/airflow/example_dags/example_branch_python_dop_operator_3.py
[2021-02-18 07:39:29,935] {logging_mixin.py:104} INFO - [2021-02-18 07:39:29,934] {dag.py:1818} INFO - Sync 1 DAGs
[2021-02-18 07:39:29,963] {logging_mixin.py:104} INFO - [2021-02-18 07:39:29,963] {dag.py:2273} INFO - Setting next_dagrun for example_branch_dop_operator_v3 to 2021-02-16 00:00:00+00:00
[2021-02-18 07:39:29,970] {scheduler_job.py:190} INFO - Processing /home/airflow/.local/lib/python3.6/site-packages/airflow/example_dags/example_branch_python_dop_operator_3.py took 0.077 seconds
[2021-02-18 07:40:00,052] {scheduler_job.py:182} INFO - Started process (PID=154) to work on /home/airflow/.local/lib/python3.6/site-packages/airflow/example_dags/example_branch_python_dop_operator_3.py
[2021-02-18 07:40:00,053] {scheduler_job.py:629} INFO - Processing file /home/airflow/.local/lib/python3.6/site-packages/airflow/example_dags/example_branch_python_dop_operator_3.py for tasks to queue
[2021-02-18 07:40:00,054] {logging_mixin.py:104} INFO - [2021-02-18 07:40:00,054] {dagbag.py:448} INFO - Filling up the DagBag from /home/airflow/.local/lib/python3.6/site-packages/airflow/example_dags/example_branch_python_dop_operator_3.py
[2021-02-18 07:40:00,068] {scheduler_job.py:639} INFO - DAG(s) dict_keys(['example_branch_dop_operator_v3']) retrieved from /home/airflow/.local/lib/python3.6/site-packages/airflow/example_dags/example_branch_python_dop_operator_3.py
[2021-02-18 07:40:00,089] {logging_mixin.py:104} INFO - [2021-02-18 07:40:00,088] {dag.py:1818} INFO - Sync 1 DAGs
[2021-02-18 07:40:00,116] {logging_mixin.py:104} INFO - [2021-02-18 07:40:00,116] {dag.py:2273} INFO - Setting next_dagrun for example_branch_dop_operator_v3 to 2021-02-16 00:00:00+00:00
[2021-02-18 07:40:00,142] {scheduler_job.py:190} INFO - Processing /home/airflow/.local/lib/python3.6/site-packages/airflow/example_dags/example_branch_python_dop_operator_3.py took 0.093 seconds
[2021-02-18 07:40:30,272] {scheduler_job.py:182} INFO - Started process (PID=180) to work on /home/airflow/.local/lib/python3.6/site-packages/airflow/example_dags/example_branch_python_dop_operator_3.py
[2021-02-18 07:40:30,273] {scheduler_job.py:629} INFO - Processing file /home/airflow/.local/lib/python3.6/site-packages/airflow/example_dags/example_branch_python_dop_operator_3.py for tasks to queue
[2021-02-18 07:40:30,274] {logging_mixin.py:104} INFO - [2021-02-18 07:40:30,274] {dagbag.py:448} INFO - Filling up the DagBag from /home/airflow/.local/lib/python3.6/site-packages/airflow/example_dags/example_branch_python_dop_operator_3.py
[2021-02-18 07:40:30,286] {scheduler_job.py:639} INFO - DAG(s) dict_keys(['example_branch_dop_operator_v3']) retrieved from /home/airflow/.local/lib/python3.6/site-packages/airflow/example_dags/example_branch_python_dop_operator_3.py
[2021-02-18 07:40:30,306] {logging_mixin.py:104} INFO - [2021-02-18 07:40:30,305] {dag.py:1818} INFO - Sync 1 DAGs
[2021-02-18 07:40:30,333] {logging_mixin.py:104} INFO - [2021-02-18 07:40:30,333] {dag.py:2273} INFO - Setting next_dagrun for example_branch_dop_operator_v3 to 2021-02-16 00:00:00+00:00
[2021-02-18 07:40:30,340] {scheduler_job.py:190} INFO - Processing /home/airflow/.local/lib/python3.6/site-packages/airflow/example_dags/example_branch_python_dop_operator_3.py took 0.072 seconds
[2021-02-18 07:41:00,424] {scheduler_job.py:182} INFO - Started process (PID=206) to work on /home/airflow/.local/lib/python3.6/site-packages/airflow/example_dags/example_branch_python_dop_operator_3.py
[2021-02-18 07:41:00,425] {scheduler_job.py:629} INFO - Processing file /home/airflow/.local/lib/python3.6/site-packages/airflow/example_dags/example_branch_python_dop_operator_3.py for tasks to queue
[2021-02-18 07:41:00,427] {logging_mixin.py:104} INFO - [2021-02-18 07:41:00,426] {dagbag.py:448} INFO - Filling up the DagBag from /home/airflow/.local/lib/python3.6/site-packages/airflow/example_dags/example_branch_python_dop_operator_3.py
[2021-02-18 07:41:00,439] {scheduler_job.py:639} INFO - DAG(s) dict_keys(['example_branch_dop_operator_v3']) retrieved from /home/airflow/.local/lib/python3.6/site-packages/airflow/example_dags/example_branch_python_dop_operator_3.py
[2021-02-18 07:41:00,461] {logging_mixin.py:104} INFO - [2021-02-18 07:41:00,461] {dag.py:1818} INFO - Sync 1 DAGs
[2021-02-18 07:41:00,491] {logging_mixin.py:104} INFO - [2021-02-18 07:41:00,491] {dag.py:2273} INFO - Setting next_dagrun for example_branch_dop_operator_v3 to 2021-02-16 00:00:00+00:00
[2021-02-18 07:41:00,498] {scheduler_job.py:190} INFO - Processing /home/airflow/.local/lib/python3.6/site-packages/airflow/example_dags/example_branch_python_dop_operator_3.py took 0.077 seconds
[2021-02-18 07:41:30,518] {scheduler_job.py:182} INFO - Started process (PID=232) to work on /home/airflow/.local/lib/python3.6/site-packages/airflow/example_dags/example_branch_python_dop_operator_3.py
[2021-02-18 07:41:30,519] {scheduler_job.py:629} INFO - Processing file /home/airflow/.local/lib/python3.6/site-packages/airflow/example_dags/example_branch_python_dop_operator_3.py for tasks to queue
[2021-02-18 07:41:30,520] {logging_mixin.py:104} INFO - [2021-02-18 07:41:30,520] {dagbag.py:448} INFO - Filling up the DagBag from /home/airflow/.local/lib/python3.6/site-packages/airflow/example_dags/example_branch_python_dop_operator_3.py
[2021-02-18 07:41:30,533] {scheduler_job.py:639} INFO - DAG(s) dict_keys(['example_branch_dop_operator_v3']) retrieved from /home/airflow/.local/lib/python3.6/site-packages/airflow/example_dags/example_branch_python_dop_operator_3.py
[2021-02-18 07:41:30,549] {logging_mixin.py:104} INFO - [2021-02-18 07:41:30,549] {dag.py:1818} INFO - Sync 1 DAGs
[2021-02-18 07:41:30,576] {logging_mixin.py:104} INFO - [2021-02-18 07:41:30,576] {dag.py:2273} INFO - Setting next_dagrun for example_branch_dop_operator_v3 to 2021-02-16 00:00:00+00:00
[2021-02-18 07:41:30,582] {scheduler_job.py:190} INFO - Processing /home/airflow/.local/lib/python3.6/site-packages/airflow/example_dags/example_branch_python_dop_operator_3.py took 0.067 seconds
[2021-02-18 07:42:01,565] {scheduler_job.py:182} INFO - Started process (PID=258) to work on /home/airflow/.local/lib/python3.6/site-packages/airflow/example_dags/example_branch_python_dop_operator_3.py
[2021-02-18 07:42:01,566] {scheduler_job.py:629} INFO - Processing file /home/airflow/.local/lib/python3.6/site-packages/airflow/example_dags/example_branch_python_dop_operator_3.py for tasks to queue
[2021-02-18 07:42:01,567] {logging_mixin.py:104} INFO - [2021-02-18 07:42:01,567] {dagbag.py:448} INFO - Filling up the DagBag from /home/airflow/.local/lib/python3.6/site-packages/airflow/example_dags/example_branch_python_dop_operator_3.py
[2021-02-18 07:42:01,580] {scheduler_job.py:639} INFO - DAG(s) dict_keys(['example_branch_dop_operator_v3']) retrieved from /home/airflow/.local/lib/python3.6/site-packages/airflow/example_dags/example_branch_python_dop_operator_3.py
[2021-02-18 07:42:01,600] {logging_mixin.py:104} INFO - [2021-02-18 07:42:01,600] {dag.py:1818} INFO - Sync 1 DAGs
[2021-02-18 07:42:01,631] {logging_mixin.py:104} INFO - [2021-02-18 07:42:01,631] {dag.py:2273} INFO - Setting next_dagrun for example_branch_dop_operator_v3 to 2021-02-16 00:00:00+00:00
[2021-02-18 07:42:01,638] {scheduler_job.py:190} INFO - Processing /home/airflow/.local/lib/python3.6/site-packages/airflow/example_dags/example_branch_python_dop_operator_3.py took 0.075 seconds
[2021-02-18 07:42:31,661] {scheduler_job.py:182} INFO - Started process (PID=284) to work on /home/airflow/.local/lib/python3.6/site-packages/airflow/example_dags/example_branch_python_dop_operator_3.py
[2021-02-18 07:42:31,662] {scheduler_job.py:629} INFO - Processing file /home/airflow/.local/lib/python3.6/site-packages/airflow/example_dags/example_branch_python_dop_operator_3.py for tasks to queue
[2021-02-18 07:42:31,662] {logging_mixin.py:104} INFO - [2021-02-18 07:42:31,662] {dagbag.py:448} INFO - Filling up the DagBag from /home/airflow/.local/lib/python3.6/site-packages/airflow/example_dags/example_branch_python_dop_operator_3.py
[2021-02-18 07:42:31,675] {scheduler_job.py:639} INFO - DAG(s) dict_keys(['example_branch_dop_operator_v3']) retrieved from /home/airflow/.local/lib/python3.6/site-packages/airflow/example_dags/example_branch_python_dop_operator_3.py
[2021-02-18 07:42:31,698] {logging_mixin.py:104} INFO - [2021-02-18 07:42:31,698] {dag.py:1818} INFO - Sync 1 DAGs
[2021-02-18 07:42:31,725] {logging_mixin.py:104} INFO - [2021-02-18 07:42:31,725] {dag.py:2273} INFO - Setting next_dagrun for example_branch_dop_operator_v3 to 2021-02-16 00:00:00+00:00
[2021-02-18 07:42:31,732] {scheduler_job.py:190} INFO - Processing /home/airflow/.local/lib/python3.6/site-packages/airflow/example_dags/example_branch_python_dop_operator_3.py took 0.074 seconds
[2021-02-18 07:43:01,812] {scheduler_job.py:182} INFO - Started process (PID=308) to work on /home/airflow/.local/lib/python3.6/site-packages/airflow/example_dags/example_branch_python_dop_operator_3.py
[2021-02-18 07:43:01,813] {scheduler_job.py:629} INFO - Processing file /home/airflow/.local/lib/python3.6/site-packages/airflow/example_dags/example_branch_python_dop_operator_3.py for tasks to queue
[2021-02-18 07:43:01,813] {logging_mixin.py:104} INFO - [2021-02-18 07:43:01,813] {dagbag.py:448} INFO - Filling up the DagBag from /home/airflow/.local/lib/python3.6/site-packages/airflow/example_dags/example_branch_python_dop_operator_3.py
[2021-02-18 07:43:01,826] {scheduler_job.py:639} INFO - DAG(s) dict_keys(['example_branch_dop_operator_v3']) retrieved from /home/airflow/.local/lib/python3.6/site-packages/airflow/example_dags/example_branch_python_dop_operator_3.py
[2021-02-18 07:43:01,843] {logging_mixin.py:104} INFO - [2021-02-18 07:43:01,843] {dag.py:1818} INFO - Sync 1 DAGs
[2021-02-18 07:43:01,877] {logging_mixin.py:104} INFO - [2021-02-18 07:43:01,877] {dag.py:2273} INFO - Setting next_dagrun for example_branch_dop_operator_v3 to 2021-02-16 00:00:00+00:00
[2021-02-18 07:43:01,885] {scheduler_job.py:190} INFO - Processing /home/airflow/.local/lib/python3.6/site-packages/airflow/example_dags/example_branch_python_dop_operator_3.py took 0.076 seconds
[2021-02-18 07:43:31,909] {scheduler_job.py:182} INFO - Started process (PID=331) to work on /home/airflow/.local/lib/python3.6/site-packages/airflow/example_dags/example_branch_python_dop_operator_3.py
[2021-02-18 07:43:31,910] {scheduler_job.py:629} INFO - Processing file /home/airflow/.local/lib/python3.6/site-packages/airflow/example_dags/example_branch_python_dop_operator_3.py for tasks to queue
[2021-02-18 07:43:31,911] {logging_mixin.py:104} INFO - [2021-02-18 07:43:31,911] {dagbag.py:448} INFO - Filling up the DagBag from /home/airflow/.local/lib/python3.6/site-packages/airflow/example_dags/example_branch_python_dop_operator_3.py
[2021-02-18 07:43:31,923] {scheduler_job.py:639} INFO - DAG(s) dict_keys(['example_branch_dop_operator_v3']) retrieved from /home/airflow/.local/lib/python3.6/site-packages/airflow/example_dags/example_branch_python_dop_operator_3.py
[2021-02-18 07:43:31,947] {logging_mixin.py:104} INFO - [2021-02-18 07:43:31,947] {dag.py:1818} INFO - Sync 1 DAGs
[2021-02-18 07:43:31,979] {logging_mixin.py:104} INFO - [2021-02-18 07:43:31,979] {dag.py:2273} INFO - Setting next_dagrun for example_branch_dop_operator_v3 to 2021-02-16 00:00:00+00:00
[2021-02-18 07:43:31,986] {scheduler_job.py:190} INFO - Processing /home/airflow/.local/lib/python3.6/site-packages/airflow/example_dags/example_branch_python_dop_operator_3.py took 0.079 seconds
[2021-02-18 07:44:02,008] {scheduler_job.py:182} INFO - Started process (PID=356) to work on /home/airflow/.local/lib/python3.6/site-packages/airflow/example_dags/example_branch_python_dop_operator_3.py
[2021-02-18 07:44:02,010] {scheduler_job.py:629} INFO - Processing file /home/airflow/.local/lib/python3.6/site-packages/airflow/example_dags/example_branch_python_dop_operator_3.py for tasks to queue
[2021-02-18 07:44:02,010] {logging_mixin.py:104} INFO - [2021-02-18 07:44:02,010] {dagbag.py:448} INFO - Filling up the DagBag from /home/airflow/.local/lib/python3.6/site-packages/airflow/example_dags/example_branch_python_dop_operator_3.py
[2021-02-18 07:44:02,022] {scheduler_job.py:639} INFO - DAG(s) dict_keys(['example_branch_dop_operator_v3']) retrieved from /home/airflow/.local/lib/python3.6/site-packages/airflow/example_dags/example_branch_python_dop_operator_3.py
[2021-02-18 07:44:02,039] {logging_mixin.py:104} INFO - [2021-02-18 07:44:02,039] {dag.py:1818} INFO - Sync 1 DAGs
[2021-02-18 07:44:02,073] {logging_mixin.py:104} INFO - [2021-02-18 07:44:02,073] {dag.py:2273} INFO - Setting next_dagrun for example_branch_dop_operator_v3 to 2021-02-16 00:00:00+00:00
[2021-02-18 07:44:02,080] {scheduler_job.py:190} INFO - Processing /home/airflow/.local/lib/python3.6/site-packages/airflow/example_dags/example_branch_python_dop_operator_3.py took 0.076 seconds
[2021-02-18 07:44:32,277] {scheduler_job.py:182} INFO - Started process (PID=381) to work on /home/airflow/.local/lib/python3.6/site-packages/airflow/example_dags/example_branch_python_dop_operator_3.py
[2021-02-18 07:44:32,279] {scheduler_job.py:629} INFO - Processing file /home/airflow/.local/lib/python3.6/site-packages/airflow/example_dags/example_branch_python_dop_operator_3.py for tasks to queue
[2021-02-18 07:44:32,280] {logging_mixin.py:104} INFO - [2021-02-18 07:44:32,280] {dagbag.py:448} INFO - Filling up the DagBag from /home/airflow/.local/lib/python3.6/site-packages/airflow/example_dags/example_branch_python_dop_operator_3.py
[2021-02-18 07:44:32,293] {scheduler_job.py:639} INFO - DAG(s) dict_keys(['example_branch_dop_operator_v3']) retrieved from /home/airflow/.local/lib/python3.6/site-packages/airflow/example_dags/example_branch_python_dop_operator_3.py
[2021-02-18 07:44:32,313] {logging_mixin.py:104} INFO - [2021-02-18 07:44:32,312] {dag.py:1818} INFO - Sync 1 DAGs
[2021-02-18 07:44:32,342] {logging_mixin.py:104} INFO - [2021-02-18 07:44:32,342] {dag.py:2273} INFO - Setting next_dagrun for example_branch_dop_operator_v3 to 2021-02-16 00:00:00+00:00
[2021-02-18 07:44:32,350] {scheduler_job.py:190} INFO - Processing /home/airflow/.local/lib/python3.6/site-packages/airflow/example_dags/example_branch_python_dop_operator_3.py took 0.077 seconds
[2021-02-18 07:45:02,426] {scheduler_job.py:182} INFO - Started process (PID=406) to work on /home/airflow/.local/lib/python3.6/site-packages/airflow/example_dags/example_branch_python_dop_operator_3.py
[2021-02-18 07:45:02,428] {scheduler_job.py:629} INFO - Processing file /home/airflow/.local/lib/python3.6/site-packages/airflow/example_dags/example_branch_python_dop_operator_3.py for tasks to queue
[2021-02-18 07:45:02,428] {logging_mixin.py:104} INFO - [2021-02-18 07:45:02,428] {dagbag.py:448} INFO - Filling up the DagBag from /home/airflow/.local/lib/python3.6/site-packages/airflow/example_dags/example_branch_python_dop_operator_3.py
[2021-02-18 07:45:02,441] {scheduler_job.py:639} INFO - DAG(s) dict_keys(['example_branch_dop_operator_v3']) retrieved from /home/airflow/.local/lib/python3.6/site-packages/airflow/example_dags/example_branch_python_dop_operator_3.py
[2021-02-18 07:45:02,459] {logging_mixin.py:104} INFO - [2021-02-18 07:45:02,459] {dag.py:1818} INFO - Sync 1 DAGs
[2021-02-18 07:45:02,488] {logging_mixin.py:104} INFO - [2021-02-18 07:45:02,488] {dag.py:2273} INFO - Setting next_dagrun for example_branch_dop_operator_v3 to 2021-02-16 00:00:00+00:00
[2021-02-18 07:45:02,494] {scheduler_job.py:190} INFO - Processing /home/airflow/.local/lib/python3.6/site-packages/airflow/example_dags/example_branch_python_dop_operator_3.py took 0.073 seconds
[2021-02-18 07:45:32,533] {scheduler_job.py:182} INFO - Started process (PID=431) to work on /home/airflow/.local/lib/python3.6/site-packages/airflow/example_dags/example_branch_python_dop_operator_3.py
[2021-02-18 07:45:32,534] {scheduler_job.py:629} INFO - Processing file /home/airflow/.local/lib/python3.6/site-packages/airflow/example_dags/example_branch_python_dop_operator_3.py for tasks to queue
[2021-02-18 07:45:32,535] {logging_mixin.py:104} INFO - [2021-02-18 07:45:32,534] {dagbag.py:448} INFO - Filling up the DagBag from /home/airflow/.local/lib/python3.6/site-packages/airflow/example_dags/example_branch_python_dop_operator_3.py
[2021-02-18 07:45:32,547] {scheduler_job.py:639} INFO - DAG(s) dict_keys(['example_branch_dop_operator_v3']) retrieved from /home/airflow/.local/lib/python3.6/site-packages/airflow/example_dags/example_branch_python_dop_operator_3.py
[2021-02-18 07:45:32,571] {logging_mixin.py:104} INFO - [2021-02-18 07:45:32,571] {dag.py:1818} INFO - Sync 1 DAGs
[2021-02-18 07:45:32,603] {logging_mixin.py:104} INFO - [2021-02-18 07:45:32,603] {dag.py:2273} INFO - Setting next_dagrun for example_branch_dop_operator_v3 to 2021-02-16 00:00:00+00:00
[2021-02-18 07:45:32,610] {scheduler_job.py:190} INFO - Processing /home/airflow/.local/lib/python3.6/site-packages/airflow/example_dags/example_branch_python_dop_operator_3.py took 0.079 seconds
[2021-02-18 07:46:02,685] {scheduler_job.py:182} INFO - Started process (PID=457) to work on /home/airflow/.local/lib/python3.6/site-packages/airflow/example_dags/example_branch_python_dop_operator_3.py
[2021-02-18 07:46:02,687] {scheduler_job.py:629} INFO - Processing file /home/airflow/.local/lib/python3.6/site-packages/airflow/example_dags/example_branch_python_dop_operator_3.py for tasks to queue
[2021-02-18 07:46:02,688] {logging_mixin.py:104} INFO - [2021-02-18 07:46:02,688] {dagbag.py:448} INFO - Filling up the DagBag from /home/airflow/.local/lib/python3.6/site-packages/airflow/example_dags/example_branch_python_dop_operator_3.py
[2021-02-18 07:46:02,701] {scheduler_job.py:639} INFO - DAG(s) dict_keys(['example_branch_dop_operator_v3']) retrieved from /home/airflow/.local/lib/python3.6/site-packages/airflow/example_dags/example_branch_python_dop_operator_3.py
[2021-02-18 07:46:02,723] {logging_mixin.py:104} INFO - [2021-02-18 07:46:02,722] {dag.py:1818} INFO - Sync 1 DAGs
[2021-02-18 07:46:02,753] {logging_mixin.py:104} INFO - [2021-02-18 07:46:02,753] {dag.py:2273} INFO - Setting next_dagrun for example_branch_dop_operator_v3 to 2021-02-16 00:00:00+00:00
[2021-02-18 07:46:02,761] {scheduler_job.py:190} INFO - Processing /home/airflow/.local/lib/python3.6/site-packages/airflow/example_dags/example_branch_python_dop_operator_3.py took 0.079 seconds
[2021-02-18 07:46:32,849] {scheduler_job.py:182} INFO - Started process (PID=482) to work on /home/airflow/.local/lib/python3.6/site-packages/airflow/example_dags/example_branch_python_dop_operator_3.py
[2021-02-18 07:46:32,850] {scheduler_job.py:629} INFO - Processing file /home/airflow/.local/lib/python3.6/site-packages/airflow/example_dags/example_branch_python_dop_operator_3.py for tasks to queue
[2021-02-18 07:46:32,851] {logging_mixin.py:104} INFO - [2021-02-18 07:46:32,851] {dagbag.py:448} INFO - Filling up the DagBag from /home/airflow/.local/lib/python3.6/site-packages/airflow/example_dags/example_branch_python_dop_operator_3.py
[2021-02-18 07:46:32,865] {scheduler_job.py:639} INFO - DAG(s) dict_keys(['example_branch_dop_operator_v3']) retrieved from /home/airflow/.local/lib/python3.6/site-packages/airflow/example_dags/example_branch_python_dop_operator_3.py
[2021-02-18 07:46:32,882] {logging_mixin.py:104} INFO - [2021-02-18 07:46:32,882] {dag.py:1818} INFO - Sync 1 DAGs
[2021-02-18 07:46:32,910] {logging_mixin.py:104} INFO - [2021-02-18 07:46:32,910] {dag.py:2273} INFO - Setting next_dagrun for example_branch_dop_operator_v3 to 2021-02-16 00:00:00+00:00
[2021-02-18 07:46:32,916] {scheduler_job.py:190} INFO - Processing /home/airflow/.local/lib/python3.6/site-packages/airflow/example_dags/example_branch_python_dop_operator_3.py took 0.070 seconds
[2021-02-18 07:47:03,006] {scheduler_job.py:182} INFO - Started process (PID=508) to work on /home/airflow/.local/lib/python3.6/site-packages/airflow/example_dags/example_branch_python_dop_operator_3.py
[2021-02-18 07:47:03,007] {scheduler_job.py:629} INFO - Processing file /home/airflow/.local/lib/python3.6/site-packages/airflow/example_dags/example_branch_python_dop_operator_3.py for tasks to queue
[2021-02-18 07:47:03,007] {logging_mixin.py:104} INFO - [2021-02-18 07:47:03,007] {dagbag.py:448} INFO - Filling up the DagBag from /home/airflow/.local/lib/python3.6/site-packages/airflow/example_dags/example_branch_python_dop_operator_3.py
[2021-02-18 07:47:03,021] {scheduler_job.py:639} INFO - DAG(s) dict_keys(['example_branch_dop_operator_v3']) retrieved from /home/airflow/.local/lib/python3.6/site-packages/airflow/example_dags/example_branch_python_dop_operator_3.py
[2021-02-18 07:47:03,040] {logging_mixin.py:104} INFO - [2021-02-18 07:47:03,040] {dag.py:1818} INFO - Sync 1 DAGs
[2021-02-18 07:47:03,070] {logging_mixin.py:104} INFO - [2021-02-18 07:47:03,070] {dag.py:2273} INFO - Setting next_dagrun for example_branch_dop_operator_v3 to 2021-02-16 00:00:00+00:00
[2021-02-18 07:47:03,078] {scheduler_job.py:190} INFO - Processing /home/airflow/.local/lib/python3.6/site-packages/airflow/example_dags/example_branch_python_dop_operator_3.py took 0.075 seconds
[2021-02-18 07:47:33,110] {scheduler_job.py:182} INFO - Started process (PID=533) to work on /home/airflow/.local/lib/python3.6/site-packages/airflow/example_dags/example_branch_python_dop_operator_3.py
[2021-02-18 07:47:33,111] {scheduler_job.py:629} INFO - Processing file /home/airflow/.local/lib/python3.6/site-packages/airflow/example_dags/example_branch_python_dop_operator_3.py for tasks to queue
[2021-02-18 07:47:33,112] {logging_mixin.py:104} INFO - [2021-02-18 07:47:33,112] {dagbag.py:448} INFO - Filling up the DagBag from /home/airflow/.local/lib/python3.6/site-packages/airflow/example_dags/example_branch_python_dop_operator_3.py
[2021-02-18 07:47:33,123] {scheduler_job.py:639} INFO - DAG(s) dict_keys(['example_branch_dop_operator_v3']) retrieved from /home/airflow/.local/lib/python3.6/site-packages/airflow/example_dags/example_branch_python_dop_operator_3.py
[2021-02-18 07:47:33,144] {logging_mixin.py:104} INFO - [2021-02-18 07:47:33,144] {dag.py:1818} INFO - Sync 1 DAGs
[2021-02-18 07:47:33,171] {logging_mixin.py:104} INFO - [2021-02-18 07:47:33,171] {dag.py:2273} INFO - Setting next_dagrun for example_branch_dop_operator_v3 to 2021-02-16 00:00:00+00:00
[2021-02-18 07:47:33,178] {scheduler_job.py:190} INFO - Processing /home/airflow/.local/lib/python3.6/site-packages/airflow/example_dags/example_branch_python_dop_operator_3.py took 0.071 seconds
[2021-02-18 07:48:03,239] {scheduler_job.py:182} INFO - Started process (PID=559) to work on /home/airflow/.local/lib/python3.6/site-packages/airflow/example_dags/example_branch_python_dop_operator_3.py
[2021-02-18 07:48:03,240] {scheduler_job.py:629} INFO - Processing file /home/airflow/.local/lib/python3.6/site-packages/airflow/example_dags/example_branch_python_dop_operator_3.py for tasks to queue
[2021-02-18 07:48:03,241] {logging_mixin.py:104} INFO - [2021-02-18 07:48:03,241] {dagbag.py:448} INFO - Filling up the DagBag from /home/airflow/.local/lib/python3.6/site-packages/airflow/example_dags/example_branch_python_dop_operator_3.py
[2021-02-18 07:48:03,252] {scheduler_job.py:639} INFO - DAG(s) dict_keys(['example_branch_dop_operator_v3']) retrieved from /home/airflow/.local/lib/python3.6/site-packages/airflow/example_dags/example_branch_python_dop_operator_3.py
[2021-02-18 07:48:03,270] {logging_mixin.py:104} INFO - [2021-02-18 07:48:03,270] {dag.py:1818} INFO - Sync 1 DAGs
[2021-02-18 07:48:03,297] {logging_mixin.py:104} INFO - [2021-02-18 07:48:03,297] {dag.py:2273} INFO - Setting next_dagrun for example_branch_dop_operator_v3 to 2021-02-16 00:00:00+00:00
[2021-02-18 07:48:03,304] {scheduler_job.py:190} INFO - Processing /home/airflow/.local/lib/python3.6/site-packages/airflow/example_dags/example_branch_python_dop_operator_3.py took 0.067 seconds
[2021-02-18 07:48:33,406] {scheduler_job.py:182} INFO - Started process (PID=585) to work on /home/airflow/.local/lib/python3.6/site-packages/airflow/example_dags/example_branch_python_dop_operator_3.py
[2021-02-18 07:48:33,407] {scheduler_job.py:629} INFO - Processing file /home/airflow/.local/lib/python3.6/site-packages/airflow/example_dags/example_branch_python_dop_operator_3.py for tasks to queue
[2021-02-18 07:48:33,408] {logging_mixin.py:104} INFO - [2021-02-18 07:48:33,407] {dagbag.py:448} INFO - Filling up the DagBag from /home/airflow/.local/lib/python3.6/site-packages/airflow/example_dags/example_branch_python_dop_operator_3.py
[2021-02-18 07:48:33,420] {scheduler_job.py:639} INFO - DAG(s) dict_keys(['example_branch_dop_operator_v3']) retrieved from /home/airflow/.local/lib/python3.6/site-packages/airflow/example_dags/example_branch_python_dop_operator_3.py
[2021-02-18 07:48:33,445] {logging_mixin.py:104} INFO - [2021-02-18 07:48:33,445] {dag.py:1818} INFO - Sync 1 DAGs
[2021-02-18 07:48:33,479] {logging_mixin.py:104} INFO - [2021-02-18 07:48:33,479] {dag.py:2273} INFO - Setting next_dagrun for example_branch_dop_operator_v3 to 2021-02-16 00:00:00+00:00
[2021-02-18 07:48:33,487] {scheduler_job.py:190} INFO - Processing /home/airflow/.local/lib/python3.6/site-packages/airflow/example_dags/example_branch_python_dop_operator_3.py took 0.084 seconds
[2021-02-18 07:49:03,524] {scheduler_job.py:182} INFO - Started process (PID=611) to work on /home/airflow/.local/lib/python3.6/site-packages/airflow/example_dags/example_branch_python_dop_operator_3.py
[2021-02-18 07:49:03,526] {scheduler_job.py:629} INFO - Processing file /home/airflow/.local/lib/python3.6/site-packages/airflow/example_dags/example_branch_python_dop_operator_3.py for tasks to queue
[2021-02-18 07:49:03,527] {logging_mixin.py:104} INFO - [2021-02-18 07:49:03,527] {dagbag.py:448} INFO - Filling up the DagBag from /home/airflow/.local/lib/python3.6/site-packages/airflow/example_dags/example_branch_python_dop_operator_3.py
[2021-02-18 07:49:03,543] {scheduler_job.py:639} INFO - DAG(s) dict_keys(['example_branch_dop_operator_v3']) retrieved from /home/airflow/.local/lib/python3.6/site-packages/airflow/example_dags/example_branch_python_dop_operator_3.py
[2021-02-18 07:49:03,563] {logging_mixin.py:104} INFO - [2021-02-18 07:49:03,563] {dag.py:1818} INFO - Sync 1 DAGs
[2021-02-18 07:49:03,595] {logging_mixin.py:104} INFO - [2021-02-18 07:49:03,595] {dag.py:2273} INFO - Setting next_dagrun for example_branch_dop_operator_v3 to 2021-02-16 00:00:00+00:00
[2021-02-18 07:49:03,603] {scheduler_job.py:190} INFO - Processing /home/airflow/.local/lib/python3.6/site-packages/airflow/example_dags/example_branch_python_dop_operator_3.py took 0.083 seconds
[2021-02-18 07:49:33,633] {scheduler_job.py:182} INFO - Started process (PID=637) to work on /home/airflow/.local/lib/python3.6/site-packages/airflow/example_dags/example_branch_python_dop_operator_3.py
[2021-02-18 07:49:33,635] {scheduler_job.py:629} INFO - Processing file /home/airflow/.local/lib/python3.6/site-packages/airflow/example_dags/example_branch_python_dop_operator_3.py for tasks to queue
[2021-02-18 07:49:33,635] {logging_mixin.py:104} INFO - [2021-02-18 07:49:33,635] {dagbag.py:448} INFO - Filling up the DagBag from /home/airflow/.local/lib/python3.6/site-packages/airflow/example_dags/example_branch_python_dop_operator_3.py
[2021-02-18 07:49:33,649] {scheduler_job.py:639} INFO - DAG(s) dict_keys(['example_branch_dop_operator_v3']) retrieved from /home/airflow/.local/lib/python3.6/site-packages/airflow/example_dags/example_branch_python_dop_operator_3.py
[2021-02-18 07:49:33,666] {logging_mixin.py:104} INFO - [2021-02-18 07:49:33,666] {dag.py:1818} INFO - Sync 1 DAGs
[2021-02-18 07:49:33,701] {logging_mixin.py:104} INFO - [2021-02-18 07:49:33,701] {dag.py:2273} INFO - Setting next_dagrun for example_branch_dop_operator_v3 to 2021-02-16 00:00:00+00:00
[2021-02-18 07:49:33,708] {scheduler_job.py:190} INFO - Processing /home/airflow/.local/lib/python3.6/site-packages/airflow/example_dags/example_branch_python_dop_operator_3.py took 0.080 seconds
[2021-02-18 07:50:03,777] {scheduler_job.py:182} INFO - Started process (PID=663) to work on /home/airflow/.local/lib/python3.6/site-packages/airflow/example_dags/example_branch_python_dop_operator_3.py
[2021-02-18 07:50:03,779] {scheduler_job.py:629} INFO - Processing file /home/airflow/.local/lib/python3.6/site-packages/airflow/example_dags/example_branch_python_dop_operator_3.py for tasks to queue
[2021-02-18 07:50:03,780] {logging_mixin.py:104} INFO - [2021-02-18 07:50:03,780] {dagbag.py:448} INFO - Filling up the DagBag from /home/airflow/.local/lib/python3.6/site-packages/airflow/example_dags/example_branch_python_dop_operator_3.py
[2021-02-18 07:50:03,794] {scheduler_job.py:639} INFO - DAG(s) dict_keys(['example_branch_dop_operator_v3']) retrieved from /home/airflow/.local/lib/python3.6/site-packages/airflow/example_dags/example_branch_python_dop_operator_3.py
[2021-02-18 07:50:03,813] {logging_mixin.py:104} INFO - [2021-02-18 07:50:03,813] {dag.py:1818} INFO - Sync 1 DAGs
[2021-02-18 07:50:03,843] {logging_mixin.py:104} INFO - [2021-02-18 07:50:03,843] {dag.py:2273} INFO - Setting next_dagrun for example_branch_dop_operator_v3 to 2021-02-16 00:00:00+00:00
[2021-02-18 07:50:03,850] {scheduler_job.py:190} INFO - Processing /home/airflow/.local/lib/python3.6/site-packages/airflow/example_dags/example_branch_python_dop_operator_3.py took 0.076 seconds
[2021-02-18 07:50:33,881] {scheduler_job.py:182} INFO - Started process (PID=689) to work on /home/airflow/.local/lib/python3.6/site-packages/airflow/example_dags/example_branch_python_dop_operator_3.py
[2021-02-18 07:50:33,882] {scheduler_job.py:629} INFO - Processing file /home/airflow/.local/lib/python3.6/site-packages/airflow/example_dags/example_branch_python_dop_operator_3.py for tasks to queue
[2021-02-18 07:50:33,883] {logging_mixin.py:104} INFO - [2021-02-18 07:50:33,883] {dagbag.py:448} INFO - Filling up the DagBag from /home/airflow/.local/lib/python3.6/site-packages/airflow/example_dags/example_branch_python_dop_operator_3.py
[2021-02-18 07:50:33,897] {scheduler_job.py:639} INFO - DAG(s) dict_keys(['example_branch_dop_operator_v3']) retrieved from /home/airflow/.local/lib/python3.6/site-packages/airflow/example_dags/example_branch_python_dop_operator_3.py
[2021-02-18 07:50:33,915] {logging_mixin.py:104} INFO - [2021-02-18 07:50:33,915] {dag.py:1818} INFO - Sync 1 DAGs
[2021-02-18 07:50:33,947] {logging_mixin.py:104} INFO - [2021-02-18 07:50:33,947] {dag.py:2273} INFO - Setting next_dagrun for example_branch_dop_operator_v3 to 2021-02-16 00:00:00+00:00
[2021-02-18 07:50:33,954] {scheduler_job.py:190} INFO - Processing /home/airflow/.local/lib/python3.6/site-packages/airflow/example_dags/example_branch_python_dop_operator_3.py took 0.075 seconds
[2021-02-18 07:51:04,027] {scheduler_job.py:182} INFO - Started process (PID=714) to work on /home/airflow/.local/lib/python3.6/site-packages/airflow/example_dags/example_branch_python_dop_operator_3.py
[2021-02-18 07:51:04,028] {scheduler_job.py:629} INFO - Processing file /home/airflow/.local/lib/python3.6/site-packages/airflow/example_dags/example_branch_python_dop_operator_3.py for tasks to queue
[2021-02-18 07:51:04,028] {logging_mixin.py:104} INFO - [2021-02-18 07:51:04,028] {dagbag.py:448} INFO - Filling up the DagBag from /home/airflow/.local/lib/python3.6/site-packages/airflow/example_dags/example_branch_python_dop_operator_3.py
[2021-02-18 07:51:04,042] {scheduler_job.py:639} INFO - DAG(s) dict_keys(['example_branch_dop_operator_v3']) retrieved from /home/airflow/.local/lib/python3.6/site-packages/airflow/example_dags/example_branch_python_dop_operator_3.py
[2021-02-18 07:51:04,062] {logging_mixin.py:104} INFO - [2021-02-18 07:51:04,062] {dag.py:1818} INFO - Sync 1 DAGs
[2021-02-18 07:51:04,091] {logging_mixin.py:104} INFO - [2021-02-18 07:51:04,091] {dag.py:2273} INFO - Setting next_dagrun for example_branch_dop_operator_v3 to 2021-02-16 00:00:00+00:00
[2021-02-18 07:51:04,098] {scheduler_job.py:190} INFO - Processing /home/airflow/.local/lib/python3.6/site-packages/airflow/example_dags/example_branch_python_dop_operator_3.py took 0.075 seconds
[2021-02-18 07:51:34,171] {scheduler_job.py:182} INFO - Started process (PID=740) to work on /home/airflow/.local/lib/python3.6/site-packages/airflow/example_dags/example_branch_python_dop_operator_3.py
[2021-02-18 07:51:34,172] {scheduler_job.py:629} INFO - Processing file /home/airflow/.local/lib/python3.6/site-packages/airflow/example_dags/example_branch_python_dop_operator_3.py for tasks to queue
[2021-02-18 07:51:34,173] {logging_mixin.py:104} INFO - [2021-02-18 07:51:34,173] {dagbag.py:448} INFO - Filling up the DagBag from /home/airflow/.local/lib/python3.6/site-packages/airflow/example_dags/example_branch_python_dop_operator_3.py
[2021-02-18 07:51:34,189] {scheduler_job.py:639} INFO - DAG(s) dict_keys(['example_branch_dop_operator_v3']) retrieved from /home/airflow/.local/lib/python3.6/site-packages/airflow/example_dags/example_branch_python_dop_operator_3.py
[2021-02-18 07:51:34,212] {logging_mixin.py:104} INFO - [2021-02-18 07:51:34,212] {dag.py:1818} INFO - Sync 1 DAGs
[2021-02-18 07:51:34,245] {logging_mixin.py:104} INFO - [2021-02-18 07:51:34,245] {dag.py:2273} INFO - Setting next_dagrun for example_branch_dop_operator_v3 to 2021-02-16 00:00:00+00:00
[2021-02-18 07:51:34,252] {scheduler_job.py:190} INFO - Processing /home/airflow/.local/lib/python3.6/site-packages/airflow/example_dags/example_branch_python_dop_operator_3.py took 0.082 seconds
[2021-02-18 07:52:04,365] {scheduler_job.py:182} INFO - Started process (PID=766) to work on /home/airflow/.local/lib/python3.6/site-packages/airflow/example_dags/example_branch_python_dop_operator_3.py
[2021-02-18 07:52:04,366] {scheduler_job.py:629} INFO - Processing file /home/airflow/.local/lib/python3.6/site-packages/airflow/example_dags/example_branch_python_dop_operator_3.py for tasks to queue
[2021-02-18 07:52:04,367] {logging_mixin.py:104} INFO - [2021-02-18 07:52:04,367] {dagbag.py:448} INFO - Filling up the DagBag from /home/airflow/.local/lib/python3.6/site-packages/airflow/example_dags/example_branch_python_dop_operator_3.py
[2021-02-18 07:52:04,381] {scheduler_job.py:639} INFO - DAG(s) dict_keys(['example_branch_dop_operator_v3']) retrieved from /home/airflow/.local/lib/python3.6/site-packages/airflow/example_dags/example_branch_python_dop_operator_3.py
[2021-02-18 07:52:04,401] {logging_mixin.py:104} INFO - [2021-02-18 07:52:04,401] {dag.py:1818} INFO - Sync 1 DAGs
[2021-02-18 07:52:04,431] {logging_mixin.py:104} INFO - [2021-02-18 07:52:04,431] {dag.py:2273} INFO - Setting next_dagrun for example_branch_dop_operator_v3 to 2021-02-16 00:00:00+00:00
[2021-02-18 07:52:04,441] {scheduler_job.py:190} INFO - Processing /home/airflow/.local/lib/python3.6/site-packages/airflow/example_dags/example_branch_python_dop_operator_3.py took 0.078 seconds
[2021-02-18 07:52:34,528] {scheduler_job.py:182} INFO - Started process (PID=792) to work on /home/airflow/.local/lib/python3.6/site-packages/airflow/example_dags/example_branch_python_dop_operator_3.py
[2021-02-18 07:52:34,529] {scheduler_job.py:629} INFO - Processing file /home/airflow/.local/lib/python3.6/site-packages/airflow/example_dags/example_branch_python_dop_operator_3.py for tasks to queue
[2021-02-18 07:52:34,529] {logging_mixin.py:104} INFO - [2021-02-18 07:52:34,529] {dagbag.py:448} INFO - Filling up the DagBag from /home/airflow/.local/lib/python3.6/site-packages/airflow/example_dags/example_branch_python_dop_operator_3.py
[2021-02-18 07:52:34,547] {scheduler_job.py:639} INFO - DAG(s) dict_keys(['example_branch_dop_operator_v3']) retrieved from /home/airflow/.local/lib/python3.6/site-packages/airflow/example_dags/example_branch_python_dop_operator_3.py
[2021-02-18 07:52:34,567] {logging_mixin.py:104} INFO - [2021-02-18 07:52:34,566] {dag.py:1818} INFO - Sync 1 DAGs
[2021-02-18 07:52:34,600] {logging_mixin.py:104} INFO - [2021-02-18 07:52:34,600] {dag.py:2273} INFO - Setting next_dagrun for example_branch_dop_operator_v3 to 2021-02-16 00:00:00+00:00
[2021-02-18 07:52:34,607] {scheduler_job.py:190} INFO - Processing /home/airflow/.local/lib/python3.6/site-packages/airflow/example_dags/example_branch_python_dop_operator_3.py took 0.081 seconds
[2021-02-18 07:53:04,632] {scheduler_job.py:182} INFO - Started process (PID=818) to work on /home/airflow/.local/lib/python3.6/site-packages/airflow/example_dags/example_branch_python_dop_operator_3.py
[2021-02-18 07:53:04,633] {scheduler_job.py:629} INFO - Processing file /home/airflow/.local/lib/python3.6/site-packages/airflow/example_dags/example_branch_python_dop_operator_3.py for tasks to queue
[2021-02-18 07:53:04,634] {logging_mixin.py:104} INFO - [2021-02-18 07:53:04,634] {dagbag.py:448} INFO - Filling up the DagBag from /home/airflow/.local/lib/python3.6/site-packages/airflow/example_dags/example_branch_python_dop_operator_3.py
[2021-02-18 07:53:04,647] {scheduler_job.py:639} INFO - DAG(s) dict_keys(['example_branch_dop_operator_v3']) retrieved from /home/airflow/.local/lib/python3.6/site-packages/airflow/example_dags/example_branch_python_dop_operator_3.py
[2021-02-18 07:53:04,663] {logging_mixin.py:104} INFO - [2021-02-18 07:53:04,663] {dag.py:1818} INFO - Sync 1 DAGs
[2021-02-18 07:53:04,693] {logging_mixin.py:104} INFO - [2021-02-18 07:53:04,693] {dag.py:2273} INFO - Setting next_dagrun for example_branch_dop_operator_v3 to 2021-02-16 00:00:00+00:00
[2021-02-18 07:53:04,700] {scheduler_job.py:190} INFO - Processing /home/airflow/.local/lib/python3.6/site-packages/airflow/example_dags/example_branch_python_dop_operator_3.py took 0.070 seconds
[2021-02-18 07:53:34,789] {scheduler_job.py:182} INFO - Started process (PID=843) to work on /home/airflow/.local/lib/python3.6/site-packages/airflow/example_dags/example_branch_python_dop_operator_3.py
[2021-02-18 07:53:34,789] {scheduler_job.py:629} INFO - Processing file /home/airflow/.local/lib/python3.6/site-packages/airflow/example_dags/example_branch_python_dop_operator_3.py for tasks to queue
[2021-02-18 07:53:34,790] {logging_mixin.py:104} INFO - [2021-02-18 07:53:34,790] {dagbag.py:448} INFO - Filling up the DagBag from /home/airflow/.local/lib/python3.6/site-packages/airflow/example_dags/example_branch_python_dop_operator_3.py
[2021-02-18 07:53:34,802] {scheduler_job.py:639} INFO - DAG(s) dict_keys(['example_branch_dop_operator_v3']) retrieved from /home/airflow/.local/lib/python3.6/site-packages/airflow/example_dags/example_branch_python_dop_operator_3.py
[2021-02-18 07:53:34,821] {logging_mixin.py:104} INFO - [2021-02-18 07:53:34,821] {dag.py:1818} INFO - Sync 1 DAGs
[2021-02-18 07:53:34,852] {logging_mixin.py:104} INFO - [2021-02-18 07:53:34,852] {dag.py:2273} INFO - Setting next_dagrun for example_branch_dop_operator_v3 to 2021-02-16 00:00:00+00:00
[2021-02-18 07:53:34,860] {scheduler_job.py:190} INFO - Processing /home/airflow/.local/lib/python3.6/site-packages/airflow/example_dags/example_branch_python_dop_operator_3.py took 0.074 seconds
[2021-02-18 07:54:04,914] {scheduler_job.py:182} INFO - Started process (PID=870) to work on /home/airflow/.local/lib/python3.6/site-packages/airflow/example_dags/example_branch_python_dop_operator_3.py
[2021-02-18 07:54:04,915] {scheduler_job.py:629} INFO - Processing file /home/airflow/.local/lib/python3.6/site-packages/airflow/example_dags/example_branch_python_dop_operator_3.py for tasks to queue
[2021-02-18 07:54:04,915] {logging_mixin.py:104} INFO - [2021-02-18 07:54:04,915] {dagbag.py:448} INFO - Filling up the DagBag from /home/airflow/.local/lib/python3.6/site-packages/airflow/example_dags/example_branch_python_dop_operator_3.py
[2021-02-18 07:54:04,928] {scheduler_job.py:639} INFO - DAG(s) dict_keys(['example_branch_dop_operator_v3']) retrieved from /home/airflow/.local/lib/python3.6/site-packages/airflow/example_dags/example_branch_python_dop_operator_3.py
[2021-02-18 07:54:04,949] {logging_mixin.py:104} INFO - [2021-02-18 07:54:04,949] {dag.py:1818} INFO - Sync 1 DAGs
[2021-02-18 07:54:04,975] {logging_mixin.py:104} INFO - [2021-02-18 07:54:04,974] {dag.py:2273} INFO - Setting next_dagrun for example_branch_dop_operator_v3 to 2021-02-16 00:00:00+00:00
[2021-02-18 07:54:04,981] {scheduler_job.py:190} INFO - Processing /home/airflow/.local/lib/python3.6/site-packages/airflow/example_dags/example_branch_python_dop_operator_3.py took 0.071 seconds
[2021-02-18 07:55:58,540] {scheduler_job.py:182} INFO - Started process (PID=40) to work on /home/airflow/.local/lib/python3.6/site-packages/airflow/example_dags/example_branch_python_dop_operator_3.py
[2021-02-18 07:55:58,541] {scheduler_job.py:629} INFO - Processing file /home/airflow/.local/lib/python3.6/site-packages/airflow/example_dags/example_branch_python_dop_operator_3.py for tasks to queue
[2021-02-18 07:55:58,541] {logging_mixin.py:104} INFO - [2021-02-18 07:55:58,541] {dagbag.py:448} INFO - Filling up the DagBag from /home/airflow/.local/lib/python3.6/site-packages/airflow/example_dags/example_branch_python_dop_operator_3.py
[2021-02-18 07:55:58,557] {scheduler_job.py:639} INFO - DAG(s) dict_keys(['example_branch_dop_operator_v3']) retrieved from /home/airflow/.local/lib/python3.6/site-packages/airflow/example_dags/example_branch_python_dop_operator_3.py
[2021-02-18 07:55:58,578] {logging_mixin.py:104} INFO - [2021-02-18 07:55:58,577] {dag.py:1818} INFO - Sync 1 DAGs
[2021-02-18 07:55:58,587] {logging_mixin.py:104} INFO - [2021-02-18 07:55:58,587] {dag.py:1837} INFO - Creating ORM DAG for example_branch_dop_operator_v3
[2021-02-18 07:55:58,611] {logging_mixin.py:104} INFO - [2021-02-18 07:55:58,610] {dag.py:2273} INFO - Setting next_dagrun for example_branch_dop_operator_v3 to 2021-02-16 00:00:00+00:00
[2021-02-18 07:55:58,621] {scheduler_job.py:190} INFO - Processing /home/airflow/.local/lib/python3.6/site-packages/airflow/example_dags/example_branch_python_dop_operator_3.py took 0.084 seconds
[2021-02-18 07:56:28,700] {scheduler_job.py:182} INFO - Started process (PID=64) to work on /home/airflow/.local/lib/python3.6/site-packages/airflow/example_dags/example_branch_python_dop_operator_3.py
[2021-02-18 07:56:28,701] {scheduler_job.py:629} INFO - Processing file /home/airflow/.local/lib/python3.6/site-packages/airflow/example_dags/example_branch_python_dop_operator_3.py for tasks to queue
[2021-02-18 07:56:28,702] {logging_mixin.py:104} INFO - [2021-02-18 07:56:28,702] {dagbag.py:448} INFO - Filling up the DagBag from /home/airflow/.local/lib/python3.6/site-packages/airflow/example_dags/example_branch_python_dop_operator_3.py
[2021-02-18 07:56:28,715] {scheduler_job.py:639} INFO - DAG(s) dict_keys(['example_branch_dop_operator_v3']) retrieved from /home/airflow/.local/lib/python3.6/site-packages/airflow/example_dags/example_branch_python_dop_operator_3.py
[2021-02-18 07:56:28,740] {logging_mixin.py:104} INFO - [2021-02-18 07:56:28,740] {dag.py:1818} INFO - Sync 1 DAGs
[2021-02-18 07:56:28,767] {logging_mixin.py:104} INFO - [2021-02-18 07:56:28,767] {dag.py:2273} INFO - Setting next_dagrun for example_branch_dop_operator_v3 to 2021-02-16 00:00:00+00:00
[2021-02-18 07:56:28,773] {scheduler_job.py:190} INFO - Processing /home/airflow/.local/lib/python3.6/site-packages/airflow/example_dags/example_branch_python_dop_operator_3.py took 0.078 seconds
[2021-02-18 07:56:56,776] {scheduler_job.py:182} INFO - Started process (PID=57) to work on /home/airflow/.local/lib/python3.6/site-packages/airflow/example_dags/example_branch_python_dop_operator_3.py
[2021-02-18 07:56:56,777] {scheduler_job.py:629} INFO - Processing file /home/airflow/.local/lib/python3.6/site-packages/airflow/example_dags/example_branch_python_dop_operator_3.py for tasks to queue
[2021-02-18 07:56:56,778] {logging_mixin.py:104} INFO - [2021-02-18 07:56:56,778] {dagbag.py:448} INFO - Filling up the DagBag from /home/airflow/.local/lib/python3.6/site-packages/airflow/example_dags/example_branch_python_dop_operator_3.py
[2021-02-18 07:56:56,792] {scheduler_job.py:639} INFO - DAG(s) dict_keys(['example_branch_dop_operator_v3']) retrieved from /home/airflow/.local/lib/python3.6/site-packages/airflow/example_dags/example_branch_python_dop_operator_3.py
[2021-02-18 07:56:56,810] {logging_mixin.py:104} INFO - [2021-02-18 07:56:56,810] {dag.py:1818} INFO - Sync 1 DAGs
[2021-02-18 07:56:56,847] {logging_mixin.py:104} INFO - [2021-02-18 07:56:56,846] {dag.py:2273} INFO - Setting next_dagrun for example_branch_dop_operator_v3 to 2021-02-16 00:00:00+00:00
[2021-02-18 07:56:56,857] {scheduler_job.py:190} INFO - Processing /home/airflow/.local/lib/python3.6/site-packages/airflow/example_dags/example_branch_python_dop_operator_3.py took 0.083 seconds
[2021-02-18 07:57:26,913] {scheduler_job.py:182} INFO - Started process (PID=83) to work on /home/airflow/.local/lib/python3.6/site-packages/airflow/example_dags/example_branch_python_dop_operator_3.py
[2021-02-18 07:57:26,914] {scheduler_job.py:629} INFO - Processing file /home/airflow/.local/lib/python3.6/site-packages/airflow/example_dags/example_branch_python_dop_operator_3.py for tasks to queue
[2021-02-18 07:57:26,914] {logging_mixin.py:104} INFO - [2021-02-18 07:57:26,914] {dagbag.py:448} INFO - Filling up the DagBag from /home/airflow/.local/lib/python3.6/site-packages/airflow/example_dags/example_branch_python_dop_operator_3.py
[2021-02-18 07:57:26,927] {scheduler_job.py:639} INFO - DAG(s) dict_keys(['example_branch_dop_operator_v3']) retrieved from /home/airflow/.local/lib/python3.6/site-packages/airflow/example_dags/example_branch_python_dop_operator_3.py
[2021-02-18 07:57:26,946] {logging_mixin.py:104} INFO - [2021-02-18 07:57:26,946] {dag.py:1818} INFO - Sync 1 DAGs
[2021-02-18 07:57:26,973] {logging_mixin.py:104} INFO - [2021-02-18 07:57:26,973] {dag.py:2273} INFO - Setting next_dagrun for example_branch_dop_operator_v3 to 2021-02-16 00:00:00+00:00
[2021-02-18 07:57:26,980] {scheduler_job.py:190} INFO - Processing /home/airflow/.local/lib/python3.6/site-packages/airflow/example_dags/example_branch_python_dop_operator_3.py took 0.069 seconds
[2021-02-18 07:57:57,137] {scheduler_job.py:182} INFO - Started process (PID=109) to work on /home/airflow/.local/lib/python3.6/site-packages/airflow/example_dags/example_branch_python_dop_operator_3.py
[2021-02-18 07:57:57,138] {scheduler_job.py:629} INFO - Processing file /home/airflow/.local/lib/python3.6/site-packages/airflow/example_dags/example_branch_python_dop_operator_3.py for tasks to queue
[2021-02-18 07:57:57,138] {logging_mixin.py:104} INFO - [2021-02-18 07:57:57,138] {dagbag.py:448} INFO - Filling up the DagBag from /home/airflow/.local/lib/python3.6/site-packages/airflow/example_dags/example_branch_python_dop_operator_3.py
[2021-02-18 07:57:57,151] {scheduler_job.py:639} INFO - DAG(s) dict_keys(['example_branch_dop_operator_v3']) retrieved from /home/airflow/.local/lib/python3.6/site-packages/airflow/example_dags/example_branch_python_dop_operator_3.py
[2021-02-18 07:57:57,175] {logging_mixin.py:104} INFO - [2021-02-18 07:57:57,175] {dag.py:1818} INFO - Sync 1 DAGs
[2021-02-18 07:57:57,207] {logging_mixin.py:104} INFO - [2021-02-18 07:57:57,206] {dag.py:2273} INFO - Setting next_dagrun for example_branch_dop_operator_v3 to 2021-02-16 00:00:00+00:00
[2021-02-18 07:57:57,213] {scheduler_job.py:190} INFO - Processing /home/airflow/.local/lib/python3.6/site-packages/airflow/example_dags/example_branch_python_dop_operator_3.py took 0.079 seconds
[2021-02-18 07:58:27,259] {scheduler_job.py:182} INFO - Started process (PID=135) to work on /home/airflow/.local/lib/python3.6/site-packages/airflow/example_dags/example_branch_python_dop_operator_3.py
[2021-02-18 07:58:27,260] {scheduler_job.py:629} INFO - Processing file /home/airflow/.local/lib/python3.6/site-packages/airflow/example_dags/example_branch_python_dop_operator_3.py for tasks to queue
[2021-02-18 07:58:27,260] {logging_mixin.py:104} INFO - [2021-02-18 07:58:27,260] {dagbag.py:448} INFO - Filling up the DagBag from /home/airflow/.local/lib/python3.6/site-packages/airflow/example_dags/example_branch_python_dop_operator_3.py
[2021-02-18 07:58:27,273] {scheduler_job.py:639} INFO - DAG(s) dict_keys(['example_branch_dop_operator_v3']) retrieved from /home/airflow/.local/lib/python3.6/site-packages/airflow/example_dags/example_branch_python_dop_operator_3.py
[2021-02-18 07:58:27,293] {logging_mixin.py:104} INFO - [2021-02-18 07:58:27,293] {dag.py:1818} INFO - Sync 1 DAGs
[2021-02-18 07:58:27,320] {logging_mixin.py:104} INFO - [2021-02-18 07:58:27,320] {dag.py:2273} INFO - Setting next_dagrun for example_branch_dop_operator_v3 to 2021-02-16 00:00:00+00:00
[2021-02-18 07:58:27,327] {scheduler_job.py:190} INFO - Processing /home/airflow/.local/lib/python3.6/site-packages/airflow/example_dags/example_branch_python_dop_operator_3.py took 0.073 seconds
[2021-02-18 07:58:57,371] {scheduler_job.py:182} INFO - Started process (PID=161) to work on /home/airflow/.local/lib/python3.6/site-packages/airflow/example_dags/example_branch_python_dop_operator_3.py
[2021-02-18 07:58:57,372] {scheduler_job.py:629} INFO - Processing file /home/airflow/.local/lib/python3.6/site-packages/airflow/example_dags/example_branch_python_dop_operator_3.py for tasks to queue
[2021-02-18 07:58:57,373] {logging_mixin.py:104} INFO - [2021-02-18 07:58:57,373] {dagbag.py:448} INFO - Filling up the DagBag from /home/airflow/.local/lib/python3.6/site-packages/airflow/example_dags/example_branch_python_dop_operator_3.py
[2021-02-18 07:58:57,384] {scheduler_job.py:639} INFO - DAG(s) dict_keys(['example_branch_dop_operator_v3']) retrieved from /home/airflow/.local/lib/python3.6/site-packages/airflow/example_dags/example_branch_python_dop_operator_3.py
[2021-02-18 07:58:57,406] {logging_mixin.py:104} INFO - [2021-02-18 07:58:57,406] {dag.py:1818} INFO - Sync 1 DAGs
[2021-02-18 07:58:57,439] {logging_mixin.py:104} INFO - [2021-02-18 07:58:57,439] {dag.py:2273} INFO - Setting next_dagrun for example_branch_dop_operator_v3 to 2021-02-16 00:00:00+00:00
[2021-02-18 07:58:57,447] {scheduler_job.py:190} INFO - Processing /home/airflow/.local/lib/python3.6/site-packages/airflow/example_dags/example_branch_python_dop_operator_3.py took 0.078 seconds
[2021-02-18 07:59:27,747] {scheduler_job.py:182} INFO - Started process (PID=186) to work on /home/airflow/.local/lib/python3.6/site-packages/airflow/example_dags/example_branch_python_dop_operator_3.py
[2021-02-18 07:59:27,749] {scheduler_job.py:629} INFO - Processing file /home/airflow/.local/lib/python3.6/site-packages/airflow/example_dags/example_branch_python_dop_operator_3.py for tasks to queue
[2021-02-18 07:59:27,750] {logging_mixin.py:104} INFO - [2021-02-18 07:59:27,750] {dagbag.py:448} INFO - Filling up the DagBag from /home/airflow/.local/lib/python3.6/site-packages/airflow/example_dags/example_branch_python_dop_operator_3.py
[2021-02-18 07:59:27,763] {scheduler_job.py:639} INFO - DAG(s) dict_keys(['example_branch_dop_operator_v3']) retrieved from /home/airflow/.local/lib/python3.6/site-packages/airflow/example_dags/example_branch_python_dop_operator_3.py
[2021-02-18 07:59:27,783] {logging_mixin.py:104} INFO - [2021-02-18 07:59:27,782] {dag.py:1818} INFO - Sync 1 DAGs
[2021-02-18 07:59:27,812] {logging_mixin.py:104} INFO - [2021-02-18 07:59:27,812] {dag.py:2273} INFO - Setting next_dagrun for example_branch_dop_operator_v3 to 2021-02-16 00:00:00+00:00
[2021-02-18 07:59:27,819] {scheduler_job.py:190} INFO - Processing /home/airflow/.local/lib/python3.6/site-packages/airflow/example_dags/example_branch_python_dop_operator_3.py took 0.076 seconds
[2021-02-18 07:59:57,844] {scheduler_job.py:182} INFO - Started process (PID=212) to work on /home/airflow/.local/lib/python3.6/site-packages/airflow/example_dags/example_branch_python_dop_operator_3.py
[2021-02-18 07:59:57,845] {scheduler_job.py:629} INFO - Processing file /home/airflow/.local/lib/python3.6/site-packages/airflow/example_dags/example_branch_python_dop_operator_3.py for tasks to queue
[2021-02-18 07:59:57,846] {logging_mixin.py:104} INFO - [2021-02-18 07:59:57,845] {dagbag.py:448} INFO - Filling up the DagBag from /home/airflow/.local/lib/python3.6/site-packages/airflow/example_dags/example_branch_python_dop_operator_3.py
[2021-02-18 07:59:57,859] {scheduler_job.py:639} INFO - DAG(s) dict_keys(['example_branch_dop_operator_v3']) retrieved from /home/airflow/.local/lib/python3.6/site-packages/airflow/example_dags/example_branch_python_dop_operator_3.py
[2021-02-18 07:59:57,873] {logging_mixin.py:104} INFO - [2021-02-18 07:59:57,873] {dag.py:1818} INFO - Sync 1 DAGs
[2021-02-18 07:59:57,900] {logging_mixin.py:104} INFO - [2021-02-18 07:59:57,900] {dag.py:2273} INFO - Setting next_dagrun for example_branch_dop_operator_v3 to 2021-02-16 00:00:00+00:00
[2021-02-18 07:59:57,906] {scheduler_job.py:190} INFO - Processing /home/airflow/.local/lib/python3.6/site-packages/airflow/example_dags/example_branch_python_dop_operator_3.py took 0.064 seconds
