[2021-02-18 07:37:58,819] {scheduler_job.py:182} INFO - Started process (PID=41) to work on /home/airflow/.local/lib/python3.6/site-packages/airflow/example_dags/example_python_operator.py
[2021-02-18 07:37:58,821] {scheduler_job.py:629} INFO - Processing file /home/airflow/.local/lib/python3.6/site-packages/airflow/example_dags/example_python_operator.py for tasks to queue
[2021-02-18 07:37:58,822] {logging_mixin.py:104} INFO - [2021-02-18 07:37:58,822] {dagbag.py:448} INFO - Filling up the DagBag from /home/airflow/.local/lib/python3.6/site-packages/airflow/example_dags/example_python_operator.py
[2021-02-18 07:37:58,835] {scheduler_job.py:639} INFO - DAG(s) dict_keys(['example_python_operator']) retrieved from /home/airflow/.local/lib/python3.6/site-packages/airflow/example_dags/example_python_operator.py
[2021-02-18 07:37:58,856] {logging_mixin.py:104} INFO - [2021-02-18 07:37:58,856] {dag.py:1818} INFO - Sync 1 DAGs
[2021-02-18 07:37:58,864] {logging_mixin.py:104} INFO - [2021-02-18 07:37:58,864] {dag.py:1837} INFO - Creating ORM DAG for example_python_operator
[2021-02-18 07:37:58,869] {logging_mixin.py:104} INFO - [2021-02-18 07:37:58,869] {dag.py:2273} INFO - Setting next_dagrun for example_python_operator to None
[2021-02-18 07:37:58,880] {scheduler_job.py:190} INFO - Processing /home/airflow/.local/lib/python3.6/site-packages/airflow/example_dags/example_python_operator.py took 0.065 seconds
[2021-02-18 07:38:28,955] {scheduler_job.py:182} INFO - Started process (PID=66) to work on /home/airflow/.local/lib/python3.6/site-packages/airflow/example_dags/example_python_operator.py
[2021-02-18 07:38:28,956] {scheduler_job.py:629} INFO - Processing file /home/airflow/.local/lib/python3.6/site-packages/airflow/example_dags/example_python_operator.py for tasks to queue
[2021-02-18 07:38:28,957] {logging_mixin.py:104} INFO - [2021-02-18 07:38:28,957] {dagbag.py:448} INFO - Filling up the DagBag from /home/airflow/.local/lib/python3.6/site-packages/airflow/example_dags/example_python_operator.py
[2021-02-18 07:38:28,967] {scheduler_job.py:639} INFO - DAG(s) dict_keys(['example_python_operator']) retrieved from /home/airflow/.local/lib/python3.6/site-packages/airflow/example_dags/example_python_operator.py
[2021-02-18 07:38:28,992] {logging_mixin.py:104} INFO - [2021-02-18 07:38:28,992] {dag.py:1818} INFO - Sync 1 DAGs
[2021-02-18 07:38:29,007] {logging_mixin.py:104} INFO - [2021-02-18 07:38:29,007] {dag.py:2273} INFO - Setting next_dagrun for example_python_operator to None
[2021-02-18 07:38:29,015] {scheduler_job.py:190} INFO - Processing /home/airflow/.local/lib/python3.6/site-packages/airflow/example_dags/example_python_operator.py took 0.065 seconds
[2021-02-18 07:38:59,122] {scheduler_job.py:182} INFO - Started process (PID=91) to work on /home/airflow/.local/lib/python3.6/site-packages/airflow/example_dags/example_python_operator.py
[2021-02-18 07:38:59,122] {scheduler_job.py:629} INFO - Processing file /home/airflow/.local/lib/python3.6/site-packages/airflow/example_dags/example_python_operator.py for tasks to queue
[2021-02-18 07:38:59,123] {logging_mixin.py:104} INFO - [2021-02-18 07:38:59,123] {dagbag.py:448} INFO - Filling up the DagBag from /home/airflow/.local/lib/python3.6/site-packages/airflow/example_dags/example_python_operator.py
[2021-02-18 07:38:59,135] {scheduler_job.py:639} INFO - DAG(s) dict_keys(['example_python_operator']) retrieved from /home/airflow/.local/lib/python3.6/site-packages/airflow/example_dags/example_python_operator.py
[2021-02-18 07:38:59,151] {logging_mixin.py:104} INFO - [2021-02-18 07:38:59,151] {dag.py:1818} INFO - Sync 1 DAGs
[2021-02-18 07:38:59,165] {logging_mixin.py:104} INFO - [2021-02-18 07:38:59,165] {dag.py:2273} INFO - Setting next_dagrun for example_python_operator to None
[2021-02-18 07:38:59,173] {scheduler_job.py:190} INFO - Processing /home/airflow/.local/lib/python3.6/site-packages/airflow/example_dags/example_python_operator.py took 0.053 seconds
[2021-02-18 07:39:29,360] {scheduler_job.py:182} INFO - Started process (PID=117) to work on /home/airflow/.local/lib/python3.6/site-packages/airflow/example_dags/example_python_operator.py
[2021-02-18 07:39:29,361] {scheduler_job.py:629} INFO - Processing file /home/airflow/.local/lib/python3.6/site-packages/airflow/example_dags/example_python_operator.py for tasks to queue
[2021-02-18 07:39:29,361] {logging_mixin.py:104} INFO - [2021-02-18 07:39:29,361] {dagbag.py:448} INFO - Filling up the DagBag from /home/airflow/.local/lib/python3.6/site-packages/airflow/example_dags/example_python_operator.py
[2021-02-18 07:39:29,373] {scheduler_job.py:639} INFO - DAG(s) dict_keys(['example_python_operator']) retrieved from /home/airflow/.local/lib/python3.6/site-packages/airflow/example_dags/example_python_operator.py
[2021-02-18 07:39:29,395] {logging_mixin.py:104} INFO - [2021-02-18 07:39:29,395] {dag.py:1818} INFO - Sync 1 DAGs
[2021-02-18 07:39:29,410] {logging_mixin.py:104} INFO - [2021-02-18 07:39:29,410] {dag.py:2273} INFO - Setting next_dagrun for example_python_operator to None
[2021-02-18 07:39:29,418] {scheduler_job.py:190} INFO - Processing /home/airflow/.local/lib/python3.6/site-packages/airflow/example_dags/example_python_operator.py took 0.060 seconds
[2021-02-18 07:39:59,566] {scheduler_job.py:182} INFO - Started process (PID=143) to work on /home/airflow/.local/lib/python3.6/site-packages/airflow/example_dags/example_python_operator.py
[2021-02-18 07:39:59,567] {scheduler_job.py:629} INFO - Processing file /home/airflow/.local/lib/python3.6/site-packages/airflow/example_dags/example_python_operator.py for tasks to queue
[2021-02-18 07:39:59,567] {logging_mixin.py:104} INFO - [2021-02-18 07:39:59,567] {dagbag.py:448} INFO - Filling up the DagBag from /home/airflow/.local/lib/python3.6/site-packages/airflow/example_dags/example_python_operator.py
[2021-02-18 07:39:59,580] {scheduler_job.py:639} INFO - DAG(s) dict_keys(['example_python_operator']) retrieved from /home/airflow/.local/lib/python3.6/site-packages/airflow/example_dags/example_python_operator.py
[2021-02-18 07:39:59,603] {logging_mixin.py:104} INFO - [2021-02-18 07:39:59,603] {dag.py:1818} INFO - Sync 1 DAGs
[2021-02-18 07:39:59,617] {logging_mixin.py:104} INFO - [2021-02-18 07:39:59,617] {dag.py:2273} INFO - Setting next_dagrun for example_python_operator to None
[2021-02-18 07:39:59,625] {scheduler_job.py:190} INFO - Processing /home/airflow/.local/lib/python3.6/site-packages/airflow/example_dags/example_python_operator.py took 0.061 seconds
[2021-02-18 07:40:29,770] {scheduler_job.py:182} INFO - Started process (PID=167) to work on /home/airflow/.local/lib/python3.6/site-packages/airflow/example_dags/example_python_operator.py
[2021-02-18 07:40:29,771] {scheduler_job.py:629} INFO - Processing file /home/airflow/.local/lib/python3.6/site-packages/airflow/example_dags/example_python_operator.py for tasks to queue
[2021-02-18 07:40:29,772] {logging_mixin.py:104} INFO - [2021-02-18 07:40:29,772] {dagbag.py:448} INFO - Filling up the DagBag from /home/airflow/.local/lib/python3.6/site-packages/airflow/example_dags/example_python_operator.py
[2021-02-18 07:40:29,783] {scheduler_job.py:639} INFO - DAG(s) dict_keys(['example_python_operator']) retrieved from /home/airflow/.local/lib/python3.6/site-packages/airflow/example_dags/example_python_operator.py
[2021-02-18 07:40:29,805] {logging_mixin.py:104} INFO - [2021-02-18 07:40:29,805] {dag.py:1818} INFO - Sync 1 DAGs
[2021-02-18 07:40:29,817] {logging_mixin.py:104} INFO - [2021-02-18 07:40:29,817] {dag.py:2273} INFO - Setting next_dagrun for example_python_operator to None
[2021-02-18 07:40:29,824] {scheduler_job.py:190} INFO - Processing /home/airflow/.local/lib/python3.6/site-packages/airflow/example_dags/example_python_operator.py took 0.055 seconds
[2021-02-18 07:40:59,873] {scheduler_job.py:182} INFO - Started process (PID=193) to work on /home/airflow/.local/lib/python3.6/site-packages/airflow/example_dags/example_python_operator.py
[2021-02-18 07:40:59,875] {scheduler_job.py:629} INFO - Processing file /home/airflow/.local/lib/python3.6/site-packages/airflow/example_dags/example_python_operator.py for tasks to queue
[2021-02-18 07:40:59,876] {logging_mixin.py:104} INFO - [2021-02-18 07:40:59,876] {dagbag.py:448} INFO - Filling up the DagBag from /home/airflow/.local/lib/python3.6/site-packages/airflow/example_dags/example_python_operator.py
[2021-02-18 07:40:59,887] {scheduler_job.py:639} INFO - DAG(s) dict_keys(['example_python_operator']) retrieved from /home/airflow/.local/lib/python3.6/site-packages/airflow/example_dags/example_python_operator.py
[2021-02-18 07:40:59,906] {logging_mixin.py:104} INFO - [2021-02-18 07:40:59,906] {dag.py:1818} INFO - Sync 1 DAGs
[2021-02-18 07:40:59,919] {logging_mixin.py:104} INFO - [2021-02-18 07:40:59,919] {dag.py:2273} INFO - Setting next_dagrun for example_python_operator to None
[2021-02-18 07:40:59,927] {scheduler_job.py:190} INFO - Processing /home/airflow/.local/lib/python3.6/site-packages/airflow/example_dags/example_python_operator.py took 0.058 seconds
[2021-02-18 07:41:29,987] {scheduler_job.py:182} INFO - Started process (PID=217) to work on /home/airflow/.local/lib/python3.6/site-packages/airflow/example_dags/example_python_operator.py
[2021-02-18 07:41:29,988] {scheduler_job.py:629} INFO - Processing file /home/airflow/.local/lib/python3.6/site-packages/airflow/example_dags/example_python_operator.py for tasks to queue
[2021-02-18 07:41:29,989] {logging_mixin.py:104} INFO - [2021-02-18 07:41:29,989] {dagbag.py:448} INFO - Filling up the DagBag from /home/airflow/.local/lib/python3.6/site-packages/airflow/example_dags/example_python_operator.py
[2021-02-18 07:41:29,999] {scheduler_job.py:639} INFO - DAG(s) dict_keys(['example_python_operator']) retrieved from /home/airflow/.local/lib/python3.6/site-packages/airflow/example_dags/example_python_operator.py
[2021-02-18 07:41:30,019] {logging_mixin.py:104} INFO - [2021-02-18 07:41:30,019] {dag.py:1818} INFO - Sync 1 DAGs
[2021-02-18 07:41:30,032] {logging_mixin.py:104} INFO - [2021-02-18 07:41:30,032] {dag.py:2273} INFO - Setting next_dagrun for example_python_operator to None
[2021-02-18 07:41:30,038] {scheduler_job.py:190} INFO - Processing /home/airflow/.local/lib/python3.6/site-packages/airflow/example_dags/example_python_operator.py took 0.055 seconds
[2021-02-18 07:42:01,250] {scheduler_job.py:182} INFO - Started process (PID=249) to work on /home/airflow/.local/lib/python3.6/site-packages/airflow/example_dags/example_python_operator.py
[2021-02-18 07:42:01,251] {scheduler_job.py:629} INFO - Processing file /home/airflow/.local/lib/python3.6/site-packages/airflow/example_dags/example_python_operator.py for tasks to queue
[2021-02-18 07:42:01,252] {logging_mixin.py:104} INFO - [2021-02-18 07:42:01,251] {dagbag.py:448} INFO - Filling up the DagBag from /home/airflow/.local/lib/python3.6/site-packages/airflow/example_dags/example_python_operator.py
[2021-02-18 07:42:01,264] {scheduler_job.py:639} INFO - DAG(s) dict_keys(['example_python_operator']) retrieved from /home/airflow/.local/lib/python3.6/site-packages/airflow/example_dags/example_python_operator.py
[2021-02-18 07:42:01,292] {logging_mixin.py:104} INFO - [2021-02-18 07:42:01,292] {dag.py:1818} INFO - Sync 1 DAGs
[2021-02-18 07:42:01,304] {logging_mixin.py:104} INFO - [2021-02-18 07:42:01,304] {dag.py:2273} INFO - Setting next_dagrun for example_python_operator to None
[2021-02-18 07:42:01,310] {scheduler_job.py:190} INFO - Processing /home/airflow/.local/lib/python3.6/site-packages/airflow/example_dags/example_python_operator.py took 0.064 seconds
[2021-02-18 07:42:31,329] {scheduler_job.py:182} INFO - Started process (PID=275) to work on /home/airflow/.local/lib/python3.6/site-packages/airflow/example_dags/example_python_operator.py
[2021-02-18 07:42:31,331] {scheduler_job.py:629} INFO - Processing file /home/airflow/.local/lib/python3.6/site-packages/airflow/example_dags/example_python_operator.py for tasks to queue
[2021-02-18 07:42:31,332] {logging_mixin.py:104} INFO - [2021-02-18 07:42:31,332] {dagbag.py:448} INFO - Filling up the DagBag from /home/airflow/.local/lib/python3.6/site-packages/airflow/example_dags/example_python_operator.py
[2021-02-18 07:42:31,342] {scheduler_job.py:639} INFO - DAG(s) dict_keys(['example_python_operator']) retrieved from /home/airflow/.local/lib/python3.6/site-packages/airflow/example_dags/example_python_operator.py
[2021-02-18 07:42:31,365] {logging_mixin.py:104} INFO - [2021-02-18 07:42:31,365] {dag.py:1818} INFO - Sync 1 DAGs
[2021-02-18 07:42:31,378] {logging_mixin.py:104} INFO - [2021-02-18 07:42:31,378] {dag.py:2273} INFO - Setting next_dagrun for example_python_operator to None
[2021-02-18 07:42:31,387] {scheduler_job.py:190} INFO - Processing /home/airflow/.local/lib/python3.6/site-packages/airflow/example_dags/example_python_operator.py took 0.061 seconds
[2021-02-18 07:43:01,509] {scheduler_job.py:182} INFO - Started process (PID=301) to work on /home/airflow/.local/lib/python3.6/site-packages/airflow/example_dags/example_python_operator.py
[2021-02-18 07:43:01,510] {scheduler_job.py:629} INFO - Processing file /home/airflow/.local/lib/python3.6/site-packages/airflow/example_dags/example_python_operator.py for tasks to queue
[2021-02-18 07:43:01,510] {logging_mixin.py:104} INFO - [2021-02-18 07:43:01,510] {dagbag.py:448} INFO - Filling up the DagBag from /home/airflow/.local/lib/python3.6/site-packages/airflow/example_dags/example_python_operator.py
[2021-02-18 07:43:01,518] {scheduler_job.py:639} INFO - DAG(s) dict_keys(['example_python_operator']) retrieved from /home/airflow/.local/lib/python3.6/site-packages/airflow/example_dags/example_python_operator.py
[2021-02-18 07:43:01,542] {logging_mixin.py:104} INFO - [2021-02-18 07:43:01,542] {dag.py:1818} INFO - Sync 1 DAGs
[2021-02-18 07:43:01,555] {logging_mixin.py:104} INFO - [2021-02-18 07:43:01,555] {dag.py:2273} INFO - Setting next_dagrun for example_python_operator to None
[2021-02-18 07:43:01,563] {scheduler_job.py:190} INFO - Processing /home/airflow/.local/lib/python3.6/site-packages/airflow/example_dags/example_python_operator.py took 0.056 seconds
[2021-02-18 07:43:31,832] {scheduler_job.py:182} INFO - Started process (PID=328) to work on /home/airflow/.local/lib/python3.6/site-packages/airflow/example_dags/example_python_operator.py
[2021-02-18 07:43:31,834] {scheduler_job.py:629} INFO - Processing file /home/airflow/.local/lib/python3.6/site-packages/airflow/example_dags/example_python_operator.py for tasks to queue
[2021-02-18 07:43:31,835] {logging_mixin.py:104} INFO - [2021-02-18 07:43:31,835] {dagbag.py:448} INFO - Filling up the DagBag from /home/airflow/.local/lib/python3.6/site-packages/airflow/example_dags/example_python_operator.py
[2021-02-18 07:43:31,844] {scheduler_job.py:639} INFO - DAG(s) dict_keys(['example_python_operator']) retrieved from /home/airflow/.local/lib/python3.6/site-packages/airflow/example_dags/example_python_operator.py
[2021-02-18 07:43:31,864] {logging_mixin.py:104} INFO - [2021-02-18 07:43:31,864] {dag.py:1818} INFO - Sync 1 DAGs
[2021-02-18 07:43:31,877] {logging_mixin.py:104} INFO - [2021-02-18 07:43:31,876] {dag.py:2273} INFO - Setting next_dagrun for example_python_operator to None
[2021-02-18 07:43:31,885] {scheduler_job.py:190} INFO - Processing /home/airflow/.local/lib/python3.6/site-packages/airflow/example_dags/example_python_operator.py took 0.057 seconds
[2021-02-18 07:44:01,925] {scheduler_job.py:182} INFO - Started process (PID=354) to work on /home/airflow/.local/lib/python3.6/site-packages/airflow/example_dags/example_python_operator.py
[2021-02-18 07:44:01,926] {scheduler_job.py:629} INFO - Processing file /home/airflow/.local/lib/python3.6/site-packages/airflow/example_dags/example_python_operator.py for tasks to queue
[2021-02-18 07:44:01,927] {logging_mixin.py:104} INFO - [2021-02-18 07:44:01,927] {dagbag.py:448} INFO - Filling up the DagBag from /home/airflow/.local/lib/python3.6/site-packages/airflow/example_dags/example_python_operator.py
[2021-02-18 07:44:01,938] {scheduler_job.py:639} INFO - DAG(s) dict_keys(['example_python_operator']) retrieved from /home/airflow/.local/lib/python3.6/site-packages/airflow/example_dags/example_python_operator.py
[2021-02-18 07:44:01,964] {logging_mixin.py:104} INFO - [2021-02-18 07:44:01,964] {dag.py:1818} INFO - Sync 1 DAGs
[2021-02-18 07:44:01,980] {logging_mixin.py:104} INFO - [2021-02-18 07:44:01,980] {dag.py:2273} INFO - Setting next_dagrun for example_python_operator to None
[2021-02-18 07:44:01,988] {scheduler_job.py:190} INFO - Processing /home/airflow/.local/lib/python3.6/site-packages/airflow/example_dags/example_python_operator.py took 0.066 seconds
[2021-02-18 07:44:32,040] {scheduler_job.py:182} INFO - Started process (PID=378) to work on /home/airflow/.local/lib/python3.6/site-packages/airflow/example_dags/example_python_operator.py
[2021-02-18 07:44:32,041] {scheduler_job.py:629} INFO - Processing file /home/airflow/.local/lib/python3.6/site-packages/airflow/example_dags/example_python_operator.py for tasks to queue
[2021-02-18 07:44:32,041] {logging_mixin.py:104} INFO - [2021-02-18 07:44:32,041] {dagbag.py:448} INFO - Filling up the DagBag from /home/airflow/.local/lib/python3.6/site-packages/airflow/example_dags/example_python_operator.py
[2021-02-18 07:44:32,056] {scheduler_job.py:639} INFO - DAG(s) dict_keys(['example_python_operator']) retrieved from /home/airflow/.local/lib/python3.6/site-packages/airflow/example_dags/example_python_operator.py
[2021-02-18 07:44:32,083] {logging_mixin.py:104} INFO - [2021-02-18 07:44:32,083] {dag.py:1818} INFO - Sync 1 DAGs
[2021-02-18 07:44:32,100] {logging_mixin.py:104} INFO - [2021-02-18 07:44:32,100] {dag.py:2273} INFO - Setting next_dagrun for example_python_operator to None
[2021-02-18 07:44:32,108] {scheduler_job.py:190} INFO - Processing /home/airflow/.local/lib/python3.6/site-packages/airflow/example_dags/example_python_operator.py took 0.072 seconds
[2021-02-18 07:45:02,272] {scheduler_job.py:182} INFO - Started process (PID=404) to work on /home/airflow/.local/lib/python3.6/site-packages/airflow/example_dags/example_python_operator.py
[2021-02-18 07:45:02,273] {scheduler_job.py:629} INFO - Processing file /home/airflow/.local/lib/python3.6/site-packages/airflow/example_dags/example_python_operator.py for tasks to queue
[2021-02-18 07:45:02,274] {logging_mixin.py:104} INFO - [2021-02-18 07:45:02,274] {dagbag.py:448} INFO - Filling up the DagBag from /home/airflow/.local/lib/python3.6/site-packages/airflow/example_dags/example_python_operator.py
[2021-02-18 07:45:02,284] {scheduler_job.py:639} INFO - DAG(s) dict_keys(['example_python_operator']) retrieved from /home/airflow/.local/lib/python3.6/site-packages/airflow/example_dags/example_python_operator.py
[2021-02-18 07:45:02,303] {logging_mixin.py:104} INFO - [2021-02-18 07:45:02,303] {dag.py:1818} INFO - Sync 1 DAGs
[2021-02-18 07:45:02,320] {logging_mixin.py:104} INFO - [2021-02-18 07:45:02,320] {dag.py:2273} INFO - Setting next_dagrun for example_python_operator to None
[2021-02-18 07:45:02,327] {scheduler_job.py:190} INFO - Processing /home/airflow/.local/lib/python3.6/site-packages/airflow/example_dags/example_python_operator.py took 0.058 seconds
[2021-02-18 07:45:32,408] {scheduler_job.py:182} INFO - Started process (PID=429) to work on /home/airflow/.local/lib/python3.6/site-packages/airflow/example_dags/example_python_operator.py
[2021-02-18 07:45:32,409] {scheduler_job.py:629} INFO - Processing file /home/airflow/.local/lib/python3.6/site-packages/airflow/example_dags/example_python_operator.py for tasks to queue
[2021-02-18 07:45:32,410] {logging_mixin.py:104} INFO - [2021-02-18 07:45:32,410] {dagbag.py:448} INFO - Filling up the DagBag from /home/airflow/.local/lib/python3.6/site-packages/airflow/example_dags/example_python_operator.py
[2021-02-18 07:45:32,420] {scheduler_job.py:639} INFO - DAG(s) dict_keys(['example_python_operator']) retrieved from /home/airflow/.local/lib/python3.6/site-packages/airflow/example_dags/example_python_operator.py
[2021-02-18 07:45:32,438] {logging_mixin.py:104} INFO - [2021-02-18 07:45:32,438] {dag.py:1818} INFO - Sync 1 DAGs
[2021-02-18 07:45:32,451] {logging_mixin.py:104} INFO - [2021-02-18 07:45:32,451] {dag.py:2273} INFO - Setting next_dagrun for example_python_operator to None
[2021-02-18 07:45:32,458] {scheduler_job.py:190} INFO - Processing /home/airflow/.local/lib/python3.6/site-packages/airflow/example_dags/example_python_operator.py took 0.053 seconds
[2021-02-18 07:46:02,608] {scheduler_job.py:182} INFO - Started process (PID=455) to work on /home/airflow/.local/lib/python3.6/site-packages/airflow/example_dags/example_python_operator.py
[2021-02-18 07:46:02,609] {scheduler_job.py:629} INFO - Processing file /home/airflow/.local/lib/python3.6/site-packages/airflow/example_dags/example_python_operator.py for tasks to queue
[2021-02-18 07:46:02,609] {logging_mixin.py:104} INFO - [2021-02-18 07:46:02,609] {dagbag.py:448} INFO - Filling up the DagBag from /home/airflow/.local/lib/python3.6/site-packages/airflow/example_dags/example_python_operator.py
[2021-02-18 07:46:02,621] {scheduler_job.py:639} INFO - DAG(s) dict_keys(['example_python_operator']) retrieved from /home/airflow/.local/lib/python3.6/site-packages/airflow/example_dags/example_python_operator.py
[2021-02-18 07:46:02,644] {logging_mixin.py:104} INFO - [2021-02-18 07:46:02,644] {dag.py:1818} INFO - Sync 1 DAGs
[2021-02-18 07:46:02,659] {logging_mixin.py:104} INFO - [2021-02-18 07:46:02,659] {dag.py:2273} INFO - Setting next_dagrun for example_python_operator to None
[2021-02-18 07:46:02,669] {scheduler_job.py:190} INFO - Processing /home/airflow/.local/lib/python3.6/site-packages/airflow/example_dags/example_python_operator.py took 0.062 seconds
[2021-02-18 07:46:32,762] {scheduler_job.py:182} INFO - Started process (PID=479) to work on /home/airflow/.local/lib/python3.6/site-packages/airflow/example_dags/example_python_operator.py
[2021-02-18 07:46:32,763] {scheduler_job.py:629} INFO - Processing file /home/airflow/.local/lib/python3.6/site-packages/airflow/example_dags/example_python_operator.py for tasks to queue
[2021-02-18 07:46:32,763] {logging_mixin.py:104} INFO - [2021-02-18 07:46:32,763] {dagbag.py:448} INFO - Filling up the DagBag from /home/airflow/.local/lib/python3.6/site-packages/airflow/example_dags/example_python_operator.py
[2021-02-18 07:46:32,774] {scheduler_job.py:639} INFO - DAG(s) dict_keys(['example_python_operator']) retrieved from /home/airflow/.local/lib/python3.6/site-packages/airflow/example_dags/example_python_operator.py
[2021-02-18 07:46:32,796] {logging_mixin.py:104} INFO - [2021-02-18 07:46:32,796] {dag.py:1818} INFO - Sync 1 DAGs
[2021-02-18 07:46:32,809] {logging_mixin.py:104} INFO - [2021-02-18 07:46:32,809] {dag.py:2273} INFO - Setting next_dagrun for example_python_operator to None
[2021-02-18 07:46:32,815] {scheduler_job.py:190} INFO - Processing /home/airflow/.local/lib/python3.6/site-packages/airflow/example_dags/example_python_operator.py took 0.055 seconds
[2021-02-18 07:47:02,849] {scheduler_job.py:182} INFO - Started process (PID=504) to work on /home/airflow/.local/lib/python3.6/site-packages/airflow/example_dags/example_python_operator.py
[2021-02-18 07:47:02,850] {scheduler_job.py:629} INFO - Processing file /home/airflow/.local/lib/python3.6/site-packages/airflow/example_dags/example_python_operator.py for tasks to queue
[2021-02-18 07:47:02,851] {logging_mixin.py:104} INFO - [2021-02-18 07:47:02,851] {dagbag.py:448} INFO - Filling up the DagBag from /home/airflow/.local/lib/python3.6/site-packages/airflow/example_dags/example_python_operator.py
[2021-02-18 07:47:02,862] {scheduler_job.py:639} INFO - DAG(s) dict_keys(['example_python_operator']) retrieved from /home/airflow/.local/lib/python3.6/site-packages/airflow/example_dags/example_python_operator.py
[2021-02-18 07:47:02,883] {logging_mixin.py:104} INFO - [2021-02-18 07:47:02,883] {dag.py:1818} INFO - Sync 1 DAGs
[2021-02-18 07:47:02,899] {logging_mixin.py:104} INFO - [2021-02-18 07:47:02,899] {dag.py:2273} INFO - Setting next_dagrun for example_python_operator to None
[2021-02-18 07:47:02,909] {scheduler_job.py:190} INFO - Processing /home/airflow/.local/lib/python3.6/site-packages/airflow/example_dags/example_python_operator.py took 0.063 seconds
[2021-02-18 07:47:32,972] {scheduler_job.py:182} INFO - Started process (PID=530) to work on /home/airflow/.local/lib/python3.6/site-packages/airflow/example_dags/example_python_operator.py
[2021-02-18 07:47:32,974] {scheduler_job.py:629} INFO - Processing file /home/airflow/.local/lib/python3.6/site-packages/airflow/example_dags/example_python_operator.py for tasks to queue
[2021-02-18 07:47:32,975] {logging_mixin.py:104} INFO - [2021-02-18 07:47:32,974] {dagbag.py:448} INFO - Filling up the DagBag from /home/airflow/.local/lib/python3.6/site-packages/airflow/example_dags/example_python_operator.py
[2021-02-18 07:47:32,984] {scheduler_job.py:639} INFO - DAG(s) dict_keys(['example_python_operator']) retrieved from /home/airflow/.local/lib/python3.6/site-packages/airflow/example_dags/example_python_operator.py
[2021-02-18 07:47:33,005] {logging_mixin.py:104} INFO - [2021-02-18 07:47:33,005] {dag.py:1818} INFO - Sync 1 DAGs
[2021-02-18 07:47:33,020] {logging_mixin.py:104} INFO - [2021-02-18 07:47:33,020] {dag.py:2273} INFO - Setting next_dagrun for example_python_operator to None
[2021-02-18 07:47:33,027] {scheduler_job.py:190} INFO - Processing /home/airflow/.local/lib/python3.6/site-packages/airflow/example_dags/example_python_operator.py took 0.060 seconds
[2021-02-18 07:48:03,098] {scheduler_job.py:182} INFO - Started process (PID=556) to work on /home/airflow/.local/lib/python3.6/site-packages/airflow/example_dags/example_python_operator.py
[2021-02-18 07:48:03,099] {scheduler_job.py:629} INFO - Processing file /home/airflow/.local/lib/python3.6/site-packages/airflow/example_dags/example_python_operator.py for tasks to queue
[2021-02-18 07:48:03,100] {logging_mixin.py:104} INFO - [2021-02-18 07:48:03,100] {dagbag.py:448} INFO - Filling up the DagBag from /home/airflow/.local/lib/python3.6/site-packages/airflow/example_dags/example_python_operator.py
[2021-02-18 07:48:03,111] {scheduler_job.py:639} INFO - DAG(s) dict_keys(['example_python_operator']) retrieved from /home/airflow/.local/lib/python3.6/site-packages/airflow/example_dags/example_python_operator.py
[2021-02-18 07:48:03,132] {logging_mixin.py:104} INFO - [2021-02-18 07:48:03,132] {dag.py:1818} INFO - Sync 1 DAGs
[2021-02-18 07:48:03,145] {logging_mixin.py:104} INFO - [2021-02-18 07:48:03,145] {dag.py:2273} INFO - Setting next_dagrun for example_python_operator to None
[2021-02-18 07:48:03,153] {scheduler_job.py:190} INFO - Processing /home/airflow/.local/lib/python3.6/site-packages/airflow/example_dags/example_python_operator.py took 0.060 seconds
[2021-02-18 07:48:33,180] {scheduler_job.py:182} INFO - Started process (PID=582) to work on /home/airflow/.local/lib/python3.6/site-packages/airflow/example_dags/example_python_operator.py
[2021-02-18 07:48:33,181] {scheduler_job.py:629} INFO - Processing file /home/airflow/.local/lib/python3.6/site-packages/airflow/example_dags/example_python_operator.py for tasks to queue
[2021-02-18 07:48:33,181] {logging_mixin.py:104} INFO - [2021-02-18 07:48:33,181] {dagbag.py:448} INFO - Filling up the DagBag from /home/airflow/.local/lib/python3.6/site-packages/airflow/example_dags/example_python_operator.py
[2021-02-18 07:48:33,193] {scheduler_job.py:639} INFO - DAG(s) dict_keys(['example_python_operator']) retrieved from /home/airflow/.local/lib/python3.6/site-packages/airflow/example_dags/example_python_operator.py
[2021-02-18 07:48:33,213] {logging_mixin.py:104} INFO - [2021-02-18 07:48:33,212] {dag.py:1818} INFO - Sync 1 DAGs
[2021-02-18 07:48:33,225] {logging_mixin.py:104} INFO - [2021-02-18 07:48:33,225] {dag.py:2273} INFO - Setting next_dagrun for example_python_operator to None
[2021-02-18 07:48:33,234] {scheduler_job.py:190} INFO - Processing /home/airflow/.local/lib/python3.6/site-packages/airflow/example_dags/example_python_operator.py took 0.058 seconds
[2021-02-18 07:49:03,297] {scheduler_job.py:182} INFO - Started process (PID=608) to work on /home/airflow/.local/lib/python3.6/site-packages/airflow/example_dags/example_python_operator.py
[2021-02-18 07:49:03,299] {scheduler_job.py:629} INFO - Processing file /home/airflow/.local/lib/python3.6/site-packages/airflow/example_dags/example_python_operator.py for tasks to queue
[2021-02-18 07:49:03,300] {logging_mixin.py:104} INFO - [2021-02-18 07:49:03,300] {dagbag.py:448} INFO - Filling up the DagBag from /home/airflow/.local/lib/python3.6/site-packages/airflow/example_dags/example_python_operator.py
[2021-02-18 07:49:03,315] {scheduler_job.py:639} INFO - DAG(s) dict_keys(['example_python_operator']) retrieved from /home/airflow/.local/lib/python3.6/site-packages/airflow/example_dags/example_python_operator.py
[2021-02-18 07:49:03,332] {logging_mixin.py:104} INFO - [2021-02-18 07:49:03,332] {dag.py:1818} INFO - Sync 1 DAGs
[2021-02-18 07:49:03,344] {logging_mixin.py:104} INFO - [2021-02-18 07:49:03,344] {dag.py:2273} INFO - Setting next_dagrun for example_python_operator to None
[2021-02-18 07:49:03,350] {scheduler_job.py:190} INFO - Processing /home/airflow/.local/lib/python3.6/site-packages/airflow/example_dags/example_python_operator.py took 0.057 seconds
[2021-02-18 07:49:33,403] {scheduler_job.py:182} INFO - Started process (PID=634) to work on /home/airflow/.local/lib/python3.6/site-packages/airflow/example_dags/example_python_operator.py
[2021-02-18 07:49:33,404] {scheduler_job.py:629} INFO - Processing file /home/airflow/.local/lib/python3.6/site-packages/airflow/example_dags/example_python_operator.py for tasks to queue
[2021-02-18 07:49:33,405] {logging_mixin.py:104} INFO - [2021-02-18 07:49:33,405] {dagbag.py:448} INFO - Filling up the DagBag from /home/airflow/.local/lib/python3.6/site-packages/airflow/example_dags/example_python_operator.py
[2021-02-18 07:49:33,416] {scheduler_job.py:639} INFO - DAG(s) dict_keys(['example_python_operator']) retrieved from /home/airflow/.local/lib/python3.6/site-packages/airflow/example_dags/example_python_operator.py
[2021-02-18 07:49:33,432] {logging_mixin.py:104} INFO - [2021-02-18 07:49:33,432] {dag.py:1818} INFO - Sync 1 DAGs
[2021-02-18 07:49:33,445] {logging_mixin.py:104} INFO - [2021-02-18 07:49:33,445] {dag.py:2273} INFO - Setting next_dagrun for example_python_operator to None
[2021-02-18 07:49:33,452] {scheduler_job.py:190} INFO - Processing /home/airflow/.local/lib/python3.6/site-packages/airflow/example_dags/example_python_operator.py took 0.052 seconds
[2021-02-18 07:50:03,637] {scheduler_job.py:182} INFO - Started process (PID=659) to work on /home/airflow/.local/lib/python3.6/site-packages/airflow/example_dags/example_python_operator.py
[2021-02-18 07:50:03,639] {scheduler_job.py:629} INFO - Processing file /home/airflow/.local/lib/python3.6/site-packages/airflow/example_dags/example_python_operator.py for tasks to queue
[2021-02-18 07:50:03,639] {logging_mixin.py:104} INFO - [2021-02-18 07:50:03,639] {dagbag.py:448} INFO - Filling up the DagBag from /home/airflow/.local/lib/python3.6/site-packages/airflow/example_dags/example_python_operator.py
[2021-02-18 07:50:03,650] {scheduler_job.py:639} INFO - DAG(s) dict_keys(['example_python_operator']) retrieved from /home/airflow/.local/lib/python3.6/site-packages/airflow/example_dags/example_python_operator.py
[2021-02-18 07:50:03,669] {logging_mixin.py:104} INFO - [2021-02-18 07:50:03,669] {dag.py:1818} INFO - Sync 1 DAGs
[2021-02-18 07:50:03,683] {logging_mixin.py:104} INFO - [2021-02-18 07:50:03,683] {dag.py:2273} INFO - Setting next_dagrun for example_python_operator to None
[2021-02-18 07:50:03,690] {scheduler_job.py:190} INFO - Processing /home/airflow/.local/lib/python3.6/site-packages/airflow/example_dags/example_python_operator.py took 0.057 seconds
[2021-02-18 07:50:33,718] {scheduler_job.py:182} INFO - Started process (PID=685) to work on /home/airflow/.local/lib/python3.6/site-packages/airflow/example_dags/example_python_operator.py
[2021-02-18 07:50:33,719] {scheduler_job.py:629} INFO - Processing file /home/airflow/.local/lib/python3.6/site-packages/airflow/example_dags/example_python_operator.py for tasks to queue
[2021-02-18 07:50:33,720] {logging_mixin.py:104} INFO - [2021-02-18 07:50:33,720] {dagbag.py:448} INFO - Filling up the DagBag from /home/airflow/.local/lib/python3.6/site-packages/airflow/example_dags/example_python_operator.py
[2021-02-18 07:50:33,731] {scheduler_job.py:639} INFO - DAG(s) dict_keys(['example_python_operator']) retrieved from /home/airflow/.local/lib/python3.6/site-packages/airflow/example_dags/example_python_operator.py
[2021-02-18 07:50:33,752] {logging_mixin.py:104} INFO - [2021-02-18 07:50:33,752] {dag.py:1818} INFO - Sync 1 DAGs
[2021-02-18 07:50:33,764] {logging_mixin.py:104} INFO - [2021-02-18 07:50:33,764] {dag.py:2273} INFO - Setting next_dagrun for example_python_operator to None
[2021-02-18 07:50:33,773] {scheduler_job.py:190} INFO - Processing /home/airflow/.local/lib/python3.6/site-packages/airflow/example_dags/example_python_operator.py took 0.058 seconds
[2021-02-18 07:51:03,882] {scheduler_job.py:182} INFO - Started process (PID=712) to work on /home/airflow/.local/lib/python3.6/site-packages/airflow/example_dags/example_python_operator.py
[2021-02-18 07:51:03,883] {scheduler_job.py:629} INFO - Processing file /home/airflow/.local/lib/python3.6/site-packages/airflow/example_dags/example_python_operator.py for tasks to queue
[2021-02-18 07:51:03,883] {logging_mixin.py:104} INFO - [2021-02-18 07:51:03,883] {dagbag.py:448} INFO - Filling up the DagBag from /home/airflow/.local/lib/python3.6/site-packages/airflow/example_dags/example_python_operator.py
[2021-02-18 07:51:03,895] {scheduler_job.py:639} INFO - DAG(s) dict_keys(['example_python_operator']) retrieved from /home/airflow/.local/lib/python3.6/site-packages/airflow/example_dags/example_python_operator.py
[2021-02-18 07:51:03,914] {logging_mixin.py:104} INFO - [2021-02-18 07:51:03,914] {dag.py:1818} INFO - Sync 1 DAGs
[2021-02-18 07:51:03,927] {logging_mixin.py:104} INFO - [2021-02-18 07:51:03,927] {dag.py:2273} INFO - Setting next_dagrun for example_python_operator to None
[2021-02-18 07:51:03,934] {scheduler_job.py:190} INFO - Processing /home/airflow/.local/lib/python3.6/site-packages/airflow/example_dags/example_python_operator.py took 0.056 seconds
[2021-02-18 07:51:34,031] {scheduler_job.py:182} INFO - Started process (PID=738) to work on /home/airflow/.local/lib/python3.6/site-packages/airflow/example_dags/example_python_operator.py
[2021-02-18 07:51:34,031] {scheduler_job.py:629} INFO - Processing file /home/airflow/.local/lib/python3.6/site-packages/airflow/example_dags/example_python_operator.py for tasks to queue
[2021-02-18 07:51:34,032] {logging_mixin.py:104} INFO - [2021-02-18 07:51:34,032] {dagbag.py:448} INFO - Filling up the DagBag from /home/airflow/.local/lib/python3.6/site-packages/airflow/example_dags/example_python_operator.py
[2021-02-18 07:51:34,042] {scheduler_job.py:639} INFO - DAG(s) dict_keys(['example_python_operator']) retrieved from /home/airflow/.local/lib/python3.6/site-packages/airflow/example_dags/example_python_operator.py
[2021-02-18 07:51:34,059] {logging_mixin.py:104} INFO - [2021-02-18 07:51:34,059] {dag.py:1818} INFO - Sync 1 DAGs
[2021-02-18 07:51:34,070] {logging_mixin.py:104} INFO - [2021-02-18 07:51:34,070] {dag.py:2273} INFO - Setting next_dagrun for example_python_operator to None
[2021-02-18 07:51:34,077] {scheduler_job.py:190} INFO - Processing /home/airflow/.local/lib/python3.6/site-packages/airflow/example_dags/example_python_operator.py took 0.050 seconds
[2021-02-18 07:52:04,216] {scheduler_job.py:182} INFO - Started process (PID=764) to work on /home/airflow/.local/lib/python3.6/site-packages/airflow/example_dags/example_python_operator.py
[2021-02-18 07:52:04,217] {scheduler_job.py:629} INFO - Processing file /home/airflow/.local/lib/python3.6/site-packages/airflow/example_dags/example_python_operator.py for tasks to queue
[2021-02-18 07:52:04,218] {logging_mixin.py:104} INFO - [2021-02-18 07:52:04,218] {dagbag.py:448} INFO - Filling up the DagBag from /home/airflow/.local/lib/python3.6/site-packages/airflow/example_dags/example_python_operator.py
[2021-02-18 07:52:04,231] {scheduler_job.py:639} INFO - DAG(s) dict_keys(['example_python_operator']) retrieved from /home/airflow/.local/lib/python3.6/site-packages/airflow/example_dags/example_python_operator.py
[2021-02-18 07:52:04,249] {logging_mixin.py:104} INFO - [2021-02-18 07:52:04,249] {dag.py:1818} INFO - Sync 1 DAGs
[2021-02-18 07:52:04,267] {logging_mixin.py:104} INFO - [2021-02-18 07:52:04,267] {dag.py:2273} INFO - Setting next_dagrun for example_python_operator to None
[2021-02-18 07:52:04,274] {scheduler_job.py:190} INFO - Processing /home/airflow/.local/lib/python3.6/site-packages/airflow/example_dags/example_python_operator.py took 0.062 seconds
[2021-02-18 07:52:34,358] {scheduler_job.py:182} INFO - Started process (PID=790) to work on /home/airflow/.local/lib/python3.6/site-packages/airflow/example_dags/example_python_operator.py
[2021-02-18 07:52:34,360] {scheduler_job.py:629} INFO - Processing file /home/airflow/.local/lib/python3.6/site-packages/airflow/example_dags/example_python_operator.py for tasks to queue
[2021-02-18 07:52:34,360] {logging_mixin.py:104} INFO - [2021-02-18 07:52:34,360] {dagbag.py:448} INFO - Filling up the DagBag from /home/airflow/.local/lib/python3.6/site-packages/airflow/example_dags/example_python_operator.py
[2021-02-18 07:52:34,373] {scheduler_job.py:639} INFO - DAG(s) dict_keys(['example_python_operator']) retrieved from /home/airflow/.local/lib/python3.6/site-packages/airflow/example_dags/example_python_operator.py
[2021-02-18 07:52:34,390] {logging_mixin.py:104} INFO - [2021-02-18 07:52:34,390] {dag.py:1818} INFO - Sync 1 DAGs
[2021-02-18 07:52:34,406] {logging_mixin.py:104} INFO - [2021-02-18 07:52:34,406] {dag.py:2273} INFO - Setting next_dagrun for example_python_operator to None
[2021-02-18 07:52:34,414] {scheduler_job.py:190} INFO - Processing /home/airflow/.local/lib/python3.6/site-packages/airflow/example_dags/example_python_operator.py took 0.060 seconds
[2021-02-18 07:53:04,561] {scheduler_job.py:182} INFO - Started process (PID=816) to work on /home/airflow/.local/lib/python3.6/site-packages/airflow/example_dags/example_python_operator.py
[2021-02-18 07:53:04,561] {scheduler_job.py:629} INFO - Processing file /home/airflow/.local/lib/python3.6/site-packages/airflow/example_dags/example_python_operator.py for tasks to queue
[2021-02-18 07:53:04,562] {logging_mixin.py:104} INFO - [2021-02-18 07:53:04,562] {dagbag.py:448} INFO - Filling up the DagBag from /home/airflow/.local/lib/python3.6/site-packages/airflow/example_dags/example_python_operator.py
[2021-02-18 07:53:04,574] {scheduler_job.py:639} INFO - DAG(s) dict_keys(['example_python_operator']) retrieved from /home/airflow/.local/lib/python3.6/site-packages/airflow/example_dags/example_python_operator.py
[2021-02-18 07:53:04,596] {logging_mixin.py:104} INFO - [2021-02-18 07:53:04,596] {dag.py:1818} INFO - Sync 1 DAGs
[2021-02-18 07:53:04,609] {logging_mixin.py:104} INFO - [2021-02-18 07:53:04,609] {dag.py:2273} INFO - Setting next_dagrun for example_python_operator to None
[2021-02-18 07:53:04,618] {scheduler_job.py:190} INFO - Processing /home/airflow/.local/lib/python3.6/site-packages/airflow/example_dags/example_python_operator.py took 0.058 seconds
[2021-02-18 07:53:34,720] {scheduler_job.py:182} INFO - Started process (PID=841) to work on /home/airflow/.local/lib/python3.6/site-packages/airflow/example_dags/example_python_operator.py
[2021-02-18 07:53:34,722] {scheduler_job.py:629} INFO - Processing file /home/airflow/.local/lib/python3.6/site-packages/airflow/example_dags/example_python_operator.py for tasks to queue
[2021-02-18 07:53:34,723] {logging_mixin.py:104} INFO - [2021-02-18 07:53:34,723] {dagbag.py:448} INFO - Filling up the DagBag from /home/airflow/.local/lib/python3.6/site-packages/airflow/example_dags/example_python_operator.py
[2021-02-18 07:53:34,735] {scheduler_job.py:639} INFO - DAG(s) dict_keys(['example_python_operator']) retrieved from /home/airflow/.local/lib/python3.6/site-packages/airflow/example_dags/example_python_operator.py
[2021-02-18 07:53:34,755] {logging_mixin.py:104} INFO - [2021-02-18 07:53:34,755] {dag.py:1818} INFO - Sync 1 DAGs
[2021-02-18 07:53:34,767] {logging_mixin.py:104} INFO - [2021-02-18 07:53:34,767] {dag.py:2273} INFO - Setting next_dagrun for example_python_operator to None
[2021-02-18 07:53:34,773] {scheduler_job.py:190} INFO - Processing /home/airflow/.local/lib/python3.6/site-packages/airflow/example_dags/example_python_operator.py took 0.057 seconds
[2021-02-18 07:54:04,825] {scheduler_job.py:182} INFO - Started process (PID=867) to work on /home/airflow/.local/lib/python3.6/site-packages/airflow/example_dags/example_python_operator.py
[2021-02-18 07:54:04,827] {scheduler_job.py:629} INFO - Processing file /home/airflow/.local/lib/python3.6/site-packages/airflow/example_dags/example_python_operator.py for tasks to queue
[2021-02-18 07:54:04,828] {logging_mixin.py:104} INFO - [2021-02-18 07:54:04,827] {dagbag.py:448} INFO - Filling up the DagBag from /home/airflow/.local/lib/python3.6/site-packages/airflow/example_dags/example_python_operator.py
[2021-02-18 07:54:04,838] {scheduler_job.py:639} INFO - DAG(s) dict_keys(['example_python_operator']) retrieved from /home/airflow/.local/lib/python3.6/site-packages/airflow/example_dags/example_python_operator.py
[2021-02-18 07:54:04,861] {logging_mixin.py:104} INFO - [2021-02-18 07:54:04,861] {dag.py:1818} INFO - Sync 1 DAGs
[2021-02-18 07:54:04,872] {logging_mixin.py:104} INFO - [2021-02-18 07:54:04,872] {dag.py:2273} INFO - Setting next_dagrun for example_python_operator to None
[2021-02-18 07:54:04,878] {scheduler_job.py:190} INFO - Processing /home/airflow/.local/lib/python3.6/site-packages/airflow/example_dags/example_python_operator.py took 0.056 seconds
[2021-02-18 07:55:58,356] {scheduler_job.py:182} INFO - Started process (PID=35) to work on /home/airflow/.local/lib/python3.6/site-packages/airflow/example_dags/example_python_operator.py
[2021-02-18 07:55:58,358] {scheduler_job.py:629} INFO - Processing file /home/airflow/.local/lib/python3.6/site-packages/airflow/example_dags/example_python_operator.py for tasks to queue
[2021-02-18 07:55:58,358] {logging_mixin.py:104} INFO - [2021-02-18 07:55:58,358] {dagbag.py:448} INFO - Filling up the DagBag from /home/airflow/.local/lib/python3.6/site-packages/airflow/example_dags/example_python_operator.py
[2021-02-18 07:55:58,369] {scheduler_job.py:639} INFO - DAG(s) dict_keys(['example_python_operator']) retrieved from /home/airflow/.local/lib/python3.6/site-packages/airflow/example_dags/example_python_operator.py
[2021-02-18 07:55:58,392] {logging_mixin.py:104} INFO - [2021-02-18 07:55:58,392] {dag.py:1818} INFO - Sync 1 DAGs
[2021-02-18 07:55:58,402] {logging_mixin.py:104} INFO - [2021-02-18 07:55:58,402] {dag.py:1837} INFO - Creating ORM DAG for example_python_operator
[2021-02-18 07:55:58,408] {logging_mixin.py:104} INFO - [2021-02-18 07:55:58,408] {dag.py:2273} INFO - Setting next_dagrun for example_python_operator to None
[2021-02-18 07:55:58,424] {scheduler_job.py:190} INFO - Processing /home/airflow/.local/lib/python3.6/site-packages/airflow/example_dags/example_python_operator.py took 0.072 seconds
[2021-02-18 07:56:28,663] {scheduler_job.py:182} INFO - Started process (PID=62) to work on /home/airflow/.local/lib/python3.6/site-packages/airflow/example_dags/example_python_operator.py
[2021-02-18 07:56:28,664] {scheduler_job.py:629} INFO - Processing file /home/airflow/.local/lib/python3.6/site-packages/airflow/example_dags/example_python_operator.py for tasks to queue
[2021-02-18 07:56:28,665] {logging_mixin.py:104} INFO - [2021-02-18 07:56:28,665] {dagbag.py:448} INFO - Filling up the DagBag from /home/airflow/.local/lib/python3.6/site-packages/airflow/example_dags/example_python_operator.py
[2021-02-18 07:56:28,678] {scheduler_job.py:639} INFO - DAG(s) dict_keys(['example_python_operator']) retrieved from /home/airflow/.local/lib/python3.6/site-packages/airflow/example_dags/example_python_operator.py
[2021-02-18 07:56:28,696] {logging_mixin.py:104} INFO - [2021-02-18 07:56:28,696] {dag.py:1818} INFO - Sync 1 DAGs
[2021-02-18 07:56:28,709] {logging_mixin.py:104} INFO - [2021-02-18 07:56:28,709] {dag.py:2273} INFO - Setting next_dagrun for example_python_operator to None
[2021-02-18 07:56:28,715] {scheduler_job.py:190} INFO - Processing /home/airflow/.local/lib/python3.6/site-packages/airflow/example_dags/example_python_operator.py took 0.056 seconds
[2021-02-18 07:56:56,699] {scheduler_job.py:182} INFO - Started process (PID=56) to work on /home/airflow/.local/lib/python3.6/site-packages/airflow/example_dags/example_python_operator.py
[2021-02-18 07:56:56,700] {scheduler_job.py:629} INFO - Processing file /home/airflow/.local/lib/python3.6/site-packages/airflow/example_dags/example_python_operator.py for tasks to queue
[2021-02-18 07:56:56,701] {logging_mixin.py:104} INFO - [2021-02-18 07:56:56,701] {dagbag.py:448} INFO - Filling up the DagBag from /home/airflow/.local/lib/python3.6/site-packages/airflow/example_dags/example_python_operator.py
[2021-02-18 07:56:56,713] {scheduler_job.py:639} INFO - DAG(s) dict_keys(['example_python_operator']) retrieved from /home/airflow/.local/lib/python3.6/site-packages/airflow/example_dags/example_python_operator.py
[2021-02-18 07:56:56,737] {logging_mixin.py:104} INFO - [2021-02-18 07:56:56,737] {dag.py:1818} INFO - Sync 1 DAGs
[2021-02-18 07:56:56,750] {logging_mixin.py:104} INFO - [2021-02-18 07:56:56,750] {dag.py:2273} INFO - Setting next_dagrun for example_python_operator to None
[2021-02-18 07:56:56,762] {scheduler_job.py:190} INFO - Processing /home/airflow/.local/lib/python3.6/site-packages/airflow/example_dags/example_python_operator.py took 0.065 seconds
[2021-02-18 07:57:26,783] {scheduler_job.py:182} INFO - Started process (PID=81) to work on /home/airflow/.local/lib/python3.6/site-packages/airflow/example_dags/example_python_operator.py
[2021-02-18 07:57:26,785] {scheduler_job.py:629} INFO - Processing file /home/airflow/.local/lib/python3.6/site-packages/airflow/example_dags/example_python_operator.py for tasks to queue
[2021-02-18 07:57:26,786] {logging_mixin.py:104} INFO - [2021-02-18 07:57:26,786] {dagbag.py:448} INFO - Filling up the DagBag from /home/airflow/.local/lib/python3.6/site-packages/airflow/example_dags/example_python_operator.py
[2021-02-18 07:57:26,796] {scheduler_job.py:639} INFO - DAG(s) dict_keys(['example_python_operator']) retrieved from /home/airflow/.local/lib/python3.6/site-packages/airflow/example_dags/example_python_operator.py
[2021-02-18 07:57:26,814] {logging_mixin.py:104} INFO - [2021-02-18 07:57:26,813] {dag.py:1818} INFO - Sync 1 DAGs
[2021-02-18 07:57:26,827] {logging_mixin.py:104} INFO - [2021-02-18 07:57:26,827] {dag.py:2273} INFO - Setting next_dagrun for example_python_operator to None
[2021-02-18 07:57:26,834] {scheduler_job.py:190} INFO - Processing /home/airflow/.local/lib/python3.6/site-packages/airflow/example_dags/example_python_operator.py took 0.055 seconds
[2021-02-18 07:57:57,115] {scheduler_job.py:182} INFO - Started process (PID=108) to work on /home/airflow/.local/lib/python3.6/site-packages/airflow/example_dags/example_python_operator.py
[2021-02-18 07:57:57,117] {scheduler_job.py:629} INFO - Processing file /home/airflow/.local/lib/python3.6/site-packages/airflow/example_dags/example_python_operator.py for tasks to queue
[2021-02-18 07:57:57,118] {logging_mixin.py:104} INFO - [2021-02-18 07:57:57,118] {dagbag.py:448} INFO - Filling up the DagBag from /home/airflow/.local/lib/python3.6/site-packages/airflow/example_dags/example_python_operator.py
[2021-02-18 07:57:57,127] {scheduler_job.py:639} INFO - DAG(s) dict_keys(['example_python_operator']) retrieved from /home/airflow/.local/lib/python3.6/site-packages/airflow/example_dags/example_python_operator.py
[2021-02-18 07:57:57,147] {logging_mixin.py:104} INFO - [2021-02-18 07:57:57,146] {dag.py:1818} INFO - Sync 1 DAGs
[2021-02-18 07:57:57,161] {logging_mixin.py:104} INFO - [2021-02-18 07:57:57,160] {dag.py:2273} INFO - Setting next_dagrun for example_python_operator to None
[2021-02-18 07:57:57,168] {scheduler_job.py:190} INFO - Processing /home/airflow/.local/lib/python3.6/site-packages/airflow/example_dags/example_python_operator.py took 0.057 seconds
[2021-02-18 07:58:27,195] {scheduler_job.py:182} INFO - Started process (PID=134) to work on /home/airflow/.local/lib/python3.6/site-packages/airflow/example_dags/example_python_operator.py
[2021-02-18 07:58:27,196] {scheduler_job.py:629} INFO - Processing file /home/airflow/.local/lib/python3.6/site-packages/airflow/example_dags/example_python_operator.py for tasks to queue
[2021-02-18 07:58:27,197] {logging_mixin.py:104} INFO - [2021-02-18 07:58:27,197] {dagbag.py:448} INFO - Filling up the DagBag from /home/airflow/.local/lib/python3.6/site-packages/airflow/example_dags/example_python_operator.py
[2021-02-18 07:58:27,209] {scheduler_job.py:639} INFO - DAG(s) dict_keys(['example_python_operator']) retrieved from /home/airflow/.local/lib/python3.6/site-packages/airflow/example_dags/example_python_operator.py
[2021-02-18 07:58:27,229] {logging_mixin.py:104} INFO - [2021-02-18 07:58:27,229] {dag.py:1818} INFO - Sync 1 DAGs
[2021-02-18 07:58:27,241] {logging_mixin.py:104} INFO - [2021-02-18 07:58:27,241] {dag.py:2273} INFO - Setting next_dagrun for example_python_operator to None
[2021-02-18 07:58:27,252] {scheduler_job.py:190} INFO - Processing /home/airflow/.local/lib/python3.6/site-packages/airflow/example_dags/example_python_operator.py took 0.060 seconds
[2021-02-18 07:58:57,296] {scheduler_job.py:182} INFO - Started process (PID=159) to work on /home/airflow/.local/lib/python3.6/site-packages/airflow/example_dags/example_python_operator.py
[2021-02-18 07:58:57,298] {scheduler_job.py:629} INFO - Processing file /home/airflow/.local/lib/python3.6/site-packages/airflow/example_dags/example_python_operator.py for tasks to queue
[2021-02-18 07:58:57,300] {logging_mixin.py:104} INFO - [2021-02-18 07:58:57,299] {dagbag.py:448} INFO - Filling up the DagBag from /home/airflow/.local/lib/python3.6/site-packages/airflow/example_dags/example_python_operator.py
[2021-02-18 07:58:57,311] {scheduler_job.py:639} INFO - DAG(s) dict_keys(['example_python_operator']) retrieved from /home/airflow/.local/lib/python3.6/site-packages/airflow/example_dags/example_python_operator.py
[2021-02-18 07:58:57,332] {logging_mixin.py:104} INFO - [2021-02-18 07:58:57,332] {dag.py:1818} INFO - Sync 1 DAGs
[2021-02-18 07:58:57,346] {logging_mixin.py:104} INFO - [2021-02-18 07:58:57,346] {dag.py:2273} INFO - Setting next_dagrun for example_python_operator to None
[2021-02-18 07:58:57,354] {scheduler_job.py:190} INFO - Processing /home/airflow/.local/lib/python3.6/site-packages/airflow/example_dags/example_python_operator.py took 0.061 seconds
[2021-02-18 07:59:27,468] {scheduler_job.py:182} INFO - Started process (PID=182) to work on /home/airflow/.local/lib/python3.6/site-packages/airflow/example_dags/example_python_operator.py
[2021-02-18 07:59:27,470] {scheduler_job.py:629} INFO - Processing file /home/airflow/.local/lib/python3.6/site-packages/airflow/example_dags/example_python_operator.py for tasks to queue
[2021-02-18 07:59:27,471] {logging_mixin.py:104} INFO - [2021-02-18 07:59:27,471] {dagbag.py:448} INFO - Filling up the DagBag from /home/airflow/.local/lib/python3.6/site-packages/airflow/example_dags/example_python_operator.py
[2021-02-18 07:59:27,484] {scheduler_job.py:639} INFO - DAG(s) dict_keys(['example_python_operator']) retrieved from /home/airflow/.local/lib/python3.6/site-packages/airflow/example_dags/example_python_operator.py
[2021-02-18 07:59:27,513] {logging_mixin.py:104} INFO - [2021-02-18 07:59:27,513] {dag.py:1818} INFO - Sync 1 DAGs
[2021-02-18 07:59:27,528] {logging_mixin.py:104} INFO - [2021-02-18 07:59:27,528] {dag.py:2273} INFO - Setting next_dagrun for example_python_operator to None
[2021-02-18 07:59:27,537] {scheduler_job.py:190} INFO - Processing /home/airflow/.local/lib/python3.6/site-packages/airflow/example_dags/example_python_operator.py took 0.072 seconds
[2021-02-18 07:59:57,632] {scheduler_job.py:182} INFO - Started process (PID=208) to work on /home/airflow/.local/lib/python3.6/site-packages/airflow/example_dags/example_python_operator.py
[2021-02-18 07:59:57,634] {scheduler_job.py:629} INFO - Processing file /home/airflow/.local/lib/python3.6/site-packages/airflow/example_dags/example_python_operator.py for tasks to queue
[2021-02-18 07:59:57,635] {logging_mixin.py:104} INFO - [2021-02-18 07:59:57,635] {dagbag.py:448} INFO - Filling up the DagBag from /home/airflow/.local/lib/python3.6/site-packages/airflow/example_dags/example_python_operator.py
[2021-02-18 07:59:57,647] {scheduler_job.py:639} INFO - DAG(s) dict_keys(['example_python_operator']) retrieved from /home/airflow/.local/lib/python3.6/site-packages/airflow/example_dags/example_python_operator.py
[2021-02-18 07:59:57,670] {logging_mixin.py:104} INFO - [2021-02-18 07:59:57,670] {dag.py:1818} INFO - Sync 1 DAGs
[2021-02-18 07:59:57,682] {logging_mixin.py:104} INFO - [2021-02-18 07:59:57,682] {dag.py:2273} INFO - Setting next_dagrun for example_python_operator to None
[2021-02-18 07:59:57,690] {scheduler_job.py:190} INFO - Processing /home/airflow/.local/lib/python3.6/site-packages/airflow/example_dags/example_python_operator.py took 0.062 seconds
