[2021-02-18 07:37:58,900] {scheduler_job.py:182} INFO - Started process (PID=43) to work on /home/airflow/.local/lib/python3.6/site-packages/airflow/example_dags/example_branch_operator.py
[2021-02-18 07:37:58,901] {scheduler_job.py:629} INFO - Processing file /home/airflow/.local/lib/python3.6/site-packages/airflow/example_dags/example_branch_operator.py for tasks to queue
[2021-02-18 07:37:58,902] {logging_mixin.py:104} INFO - [2021-02-18 07:37:58,902] {dagbag.py:448} INFO - Filling up the DagBag from /home/airflow/.local/lib/python3.6/site-packages/airflow/example_dags/example_branch_operator.py
[2021-02-18 07:37:58,921] {scheduler_job.py:639} INFO - DAG(s) dict_keys(['example_branch_operator']) retrieved from /home/airflow/.local/lib/python3.6/site-packages/airflow/example_dags/example_branch_operator.py
[2021-02-18 07:37:58,945] {logging_mixin.py:104} INFO - [2021-02-18 07:37:58,945] {dag.py:1818} INFO - Sync 1 DAGs
[2021-02-18 07:37:58,955] {logging_mixin.py:104} INFO - [2021-02-18 07:37:58,954] {dag.py:1837} INFO - Creating ORM DAG for example_branch_operator
[2021-02-18 07:37:58,966] {logging_mixin.py:104} INFO - [2021-02-18 07:37:58,966] {dag.py:2273} INFO - Setting next_dagrun for example_branch_operator to 2021-02-16 00:00:00+00:00
[2021-02-18 07:37:58,979] {scheduler_job.py:190} INFO - Processing /home/airflow/.local/lib/python3.6/site-packages/airflow/example_dags/example_branch_operator.py took 0.082 seconds
[2021-02-18 07:38:29,091] {scheduler_job.py:182} INFO - Started process (PID=69) to work on /home/airflow/.local/lib/python3.6/site-packages/airflow/example_dags/example_branch_operator.py
[2021-02-18 07:38:29,092] {scheduler_job.py:629} INFO - Processing file /home/airflow/.local/lib/python3.6/site-packages/airflow/example_dags/example_branch_operator.py for tasks to queue
[2021-02-18 07:38:29,092] {logging_mixin.py:104} INFO - [2021-02-18 07:38:29,092] {dagbag.py:448} INFO - Filling up the DagBag from /home/airflow/.local/lib/python3.6/site-packages/airflow/example_dags/example_branch_operator.py
[2021-02-18 07:38:29,105] {scheduler_job.py:639} INFO - DAG(s) dict_keys(['example_branch_operator']) retrieved from /home/airflow/.local/lib/python3.6/site-packages/airflow/example_dags/example_branch_operator.py
[2021-02-18 07:38:29,131] {logging_mixin.py:104} INFO - [2021-02-18 07:38:29,131] {dag.py:1818} INFO - Sync 1 DAGs
[2021-02-18 07:38:29,151] {logging_mixin.py:104} INFO - [2021-02-18 07:38:29,151] {dag.py:2273} INFO - Setting next_dagrun for example_branch_operator to 2021-02-16 00:00:00+00:00
[2021-02-18 07:38:29,158] {scheduler_job.py:190} INFO - Processing /home/airflow/.local/lib/python3.6/site-packages/airflow/example_dags/example_branch_operator.py took 0.070 seconds
[2021-02-18 07:38:59,264] {scheduler_job.py:182} INFO - Started process (PID=95) to work on /home/airflow/.local/lib/python3.6/site-packages/airflow/example_dags/example_branch_operator.py
[2021-02-18 07:38:59,265] {scheduler_job.py:629} INFO - Processing file /home/airflow/.local/lib/python3.6/site-packages/airflow/example_dags/example_branch_operator.py for tasks to queue
[2021-02-18 07:38:59,266] {logging_mixin.py:104} INFO - [2021-02-18 07:38:59,266] {dagbag.py:448} INFO - Filling up the DagBag from /home/airflow/.local/lib/python3.6/site-packages/airflow/example_dags/example_branch_operator.py
[2021-02-18 07:38:59,279] {scheduler_job.py:639} INFO - DAG(s) dict_keys(['example_branch_operator']) retrieved from /home/airflow/.local/lib/python3.6/site-packages/airflow/example_dags/example_branch_operator.py
[2021-02-18 07:38:59,299] {logging_mixin.py:104} INFO - [2021-02-18 07:38:59,299] {dag.py:1818} INFO - Sync 1 DAGs
[2021-02-18 07:38:59,322] {logging_mixin.py:104} INFO - [2021-02-18 07:38:59,322] {dag.py:2273} INFO - Setting next_dagrun for example_branch_operator to 2021-02-16 00:00:00+00:00
[2021-02-18 07:38:59,329] {scheduler_job.py:190} INFO - Processing /home/airflow/.local/lib/python3.6/site-packages/airflow/example_dags/example_branch_operator.py took 0.067 seconds
[2021-02-18 07:39:29,440] {scheduler_job.py:182} INFO - Started process (PID=120) to work on /home/airflow/.local/lib/python3.6/site-packages/airflow/example_dags/example_branch_operator.py
[2021-02-18 07:39:29,441] {scheduler_job.py:629} INFO - Processing file /home/airflow/.local/lib/python3.6/site-packages/airflow/example_dags/example_branch_operator.py for tasks to queue
[2021-02-18 07:39:29,442] {logging_mixin.py:104} INFO - [2021-02-18 07:39:29,442] {dagbag.py:448} INFO - Filling up the DagBag from /home/airflow/.local/lib/python3.6/site-packages/airflow/example_dags/example_branch_operator.py
[2021-02-18 07:39:29,455] {scheduler_job.py:639} INFO - DAG(s) dict_keys(['example_branch_operator']) retrieved from /home/airflow/.local/lib/python3.6/site-packages/airflow/example_dags/example_branch_operator.py
[2021-02-18 07:39:29,472] {logging_mixin.py:104} INFO - [2021-02-18 07:39:29,472] {dag.py:1818} INFO - Sync 1 DAGs
[2021-02-18 07:39:29,494] {logging_mixin.py:104} INFO - [2021-02-18 07:39:29,493] {dag.py:2273} INFO - Setting next_dagrun for example_branch_operator to 2021-02-16 00:00:00+00:00
[2021-02-18 07:39:29,501] {scheduler_job.py:190} INFO - Processing /home/airflow/.local/lib/python3.6/site-packages/airflow/example_dags/example_branch_operator.py took 0.064 seconds
[2021-02-18 07:39:59,649] {scheduler_job.py:182} INFO - Started process (PID=145) to work on /home/airflow/.local/lib/python3.6/site-packages/airflow/example_dags/example_branch_operator.py
[2021-02-18 07:39:59,650] {scheduler_job.py:629} INFO - Processing file /home/airflow/.local/lib/python3.6/site-packages/airflow/example_dags/example_branch_operator.py for tasks to queue
[2021-02-18 07:39:59,651] {logging_mixin.py:104} INFO - [2021-02-18 07:39:59,650] {dagbag.py:448} INFO - Filling up the DagBag from /home/airflow/.local/lib/python3.6/site-packages/airflow/example_dags/example_branch_operator.py
[2021-02-18 07:39:59,664] {scheduler_job.py:639} INFO - DAG(s) dict_keys(['example_branch_operator']) retrieved from /home/airflow/.local/lib/python3.6/site-packages/airflow/example_dags/example_branch_operator.py
[2021-02-18 07:39:59,686] {logging_mixin.py:104} INFO - [2021-02-18 07:39:59,686] {dag.py:1818} INFO - Sync 1 DAGs
[2021-02-18 07:39:59,711] {logging_mixin.py:104} INFO - [2021-02-18 07:39:59,711] {dag.py:2273} INFO - Setting next_dagrun for example_branch_operator to 2021-02-16 00:00:00+00:00
[2021-02-18 07:39:59,719] {scheduler_job.py:190} INFO - Processing /home/airflow/.local/lib/python3.6/site-packages/airflow/example_dags/example_branch_operator.py took 0.074 seconds
[2021-02-18 07:40:30,042] {scheduler_job.py:182} INFO - Started process (PID=174) to work on /home/airflow/.local/lib/python3.6/site-packages/airflow/example_dags/example_branch_operator.py
[2021-02-18 07:40:30,043] {scheduler_job.py:629} INFO - Processing file /home/airflow/.local/lib/python3.6/site-packages/airflow/example_dags/example_branch_operator.py for tasks to queue
[2021-02-18 07:40:30,044] {logging_mixin.py:104} INFO - [2021-02-18 07:40:30,044] {dagbag.py:448} INFO - Filling up the DagBag from /home/airflow/.local/lib/python3.6/site-packages/airflow/example_dags/example_branch_operator.py
[2021-02-18 07:40:30,057] {scheduler_job.py:639} INFO - DAG(s) dict_keys(['example_branch_operator']) retrieved from /home/airflow/.local/lib/python3.6/site-packages/airflow/example_dags/example_branch_operator.py
[2021-02-18 07:40:30,075] {logging_mixin.py:104} INFO - [2021-02-18 07:40:30,075] {dag.py:1818} INFO - Sync 1 DAGs
[2021-02-18 07:40:30,095] {logging_mixin.py:104} INFO - [2021-02-18 07:40:30,095] {dag.py:2273} INFO - Setting next_dagrun for example_branch_operator to 2021-02-16 00:00:00+00:00
[2021-02-18 07:40:30,103] {scheduler_job.py:190} INFO - Processing /home/airflow/.local/lib/python3.6/site-packages/airflow/example_dags/example_branch_operator.py took 0.063 seconds
[2021-02-18 07:41:00,162] {scheduler_job.py:182} INFO - Started process (PID=199) to work on /home/airflow/.local/lib/python3.6/site-packages/airflow/example_dags/example_branch_operator.py
[2021-02-18 07:41:00,164] {scheduler_job.py:629} INFO - Processing file /home/airflow/.local/lib/python3.6/site-packages/airflow/example_dags/example_branch_operator.py for tasks to queue
[2021-02-18 07:41:00,165] {logging_mixin.py:104} INFO - [2021-02-18 07:41:00,164] {dagbag.py:448} INFO - Filling up the DagBag from /home/airflow/.local/lib/python3.6/site-packages/airflow/example_dags/example_branch_operator.py
[2021-02-18 07:41:00,177] {scheduler_job.py:639} INFO - DAG(s) dict_keys(['example_branch_operator']) retrieved from /home/airflow/.local/lib/python3.6/site-packages/airflow/example_dags/example_branch_operator.py
[2021-02-18 07:41:00,198] {logging_mixin.py:104} INFO - [2021-02-18 07:41:00,198] {dag.py:1818} INFO - Sync 1 DAGs
[2021-02-18 07:41:00,219] {logging_mixin.py:104} INFO - [2021-02-18 07:41:00,219] {dag.py:2273} INFO - Setting next_dagrun for example_branch_operator to 2021-02-16 00:00:00+00:00
[2021-02-18 07:41:00,228] {scheduler_job.py:190} INFO - Processing /home/airflow/.local/lib/python3.6/site-packages/airflow/example_dags/example_branch_operator.py took 0.071 seconds
[2021-02-18 07:41:30,263] {scheduler_job.py:182} INFO - Started process (PID=225) to work on /home/airflow/.local/lib/python3.6/site-packages/airflow/example_dags/example_branch_operator.py
[2021-02-18 07:41:30,264] {scheduler_job.py:629} INFO - Processing file /home/airflow/.local/lib/python3.6/site-packages/airflow/example_dags/example_branch_operator.py for tasks to queue
[2021-02-18 07:41:30,264] {logging_mixin.py:104} INFO - [2021-02-18 07:41:30,264] {dagbag.py:448} INFO - Filling up the DagBag from /home/airflow/.local/lib/python3.6/site-packages/airflow/example_dags/example_branch_operator.py
[2021-02-18 07:41:30,279] {scheduler_job.py:639} INFO - DAG(s) dict_keys(['example_branch_operator']) retrieved from /home/airflow/.local/lib/python3.6/site-packages/airflow/example_dags/example_branch_operator.py
[2021-02-18 07:41:30,301] {logging_mixin.py:104} INFO - [2021-02-18 07:41:30,301] {dag.py:1818} INFO - Sync 1 DAGs
[2021-02-18 07:41:30,323] {logging_mixin.py:104} INFO - [2021-02-18 07:41:30,323] {dag.py:2273} INFO - Setting next_dagrun for example_branch_operator to 2021-02-16 00:00:00+00:00
[2021-02-18 07:41:30,334] {scheduler_job.py:190} INFO - Processing /home/airflow/.local/lib/python3.6/site-packages/airflow/example_dags/example_branch_operator.py took 0.076 seconds
[2021-02-18 07:42:01,328] {scheduler_job.py:182} INFO - Started process (PID=251) to work on /home/airflow/.local/lib/python3.6/site-packages/airflow/example_dags/example_branch_operator.py
[2021-02-18 07:42:01,329] {scheduler_job.py:629} INFO - Processing file /home/airflow/.local/lib/python3.6/site-packages/airflow/example_dags/example_branch_operator.py for tasks to queue
[2021-02-18 07:42:01,329] {logging_mixin.py:104} INFO - [2021-02-18 07:42:01,329] {dagbag.py:448} INFO - Filling up the DagBag from /home/airflow/.local/lib/python3.6/site-packages/airflow/example_dags/example_branch_operator.py
[2021-02-18 07:42:01,343] {scheduler_job.py:639} INFO - DAG(s) dict_keys(['example_branch_operator']) retrieved from /home/airflow/.local/lib/python3.6/site-packages/airflow/example_dags/example_branch_operator.py
[2021-02-18 07:42:01,367] {logging_mixin.py:104} INFO - [2021-02-18 07:42:01,367] {dag.py:1818} INFO - Sync 1 DAGs
[2021-02-18 07:42:01,388] {logging_mixin.py:104} INFO - [2021-02-18 07:42:01,388] {dag.py:2273} INFO - Setting next_dagrun for example_branch_operator to 2021-02-16 00:00:00+00:00
[2021-02-18 07:42:01,396] {scheduler_job.py:190} INFO - Processing /home/airflow/.local/lib/python3.6/site-packages/airflow/example_dags/example_branch_operator.py took 0.071 seconds
[2021-02-18 07:42:31,431] {scheduler_job.py:182} INFO - Started process (PID=277) to work on /home/airflow/.local/lib/python3.6/site-packages/airflow/example_dags/example_branch_operator.py
[2021-02-18 07:42:31,432] {scheduler_job.py:629} INFO - Processing file /home/airflow/.local/lib/python3.6/site-packages/airflow/example_dags/example_branch_operator.py for tasks to queue
[2021-02-18 07:42:31,433] {logging_mixin.py:104} INFO - [2021-02-18 07:42:31,433] {dagbag.py:448} INFO - Filling up the DagBag from /home/airflow/.local/lib/python3.6/site-packages/airflow/example_dags/example_branch_operator.py
[2021-02-18 07:42:31,447] {scheduler_job.py:639} INFO - DAG(s) dict_keys(['example_branch_operator']) retrieved from /home/airflow/.local/lib/python3.6/site-packages/airflow/example_dags/example_branch_operator.py
[2021-02-18 07:42:31,468] {logging_mixin.py:104} INFO - [2021-02-18 07:42:31,468] {dag.py:1818} INFO - Sync 1 DAGs
[2021-02-18 07:42:31,489] {logging_mixin.py:104} INFO - [2021-02-18 07:42:31,489] {dag.py:2273} INFO - Setting next_dagrun for example_branch_operator to 2021-02-16 00:00:00+00:00
[2021-02-18 07:42:31,497] {scheduler_job.py:190} INFO - Processing /home/airflow/.local/lib/python3.6/site-packages/airflow/example_dags/example_branch_operator.py took 0.068 seconds
[2021-02-18 07:43:01,729] {scheduler_job.py:182} INFO - Started process (PID=306) to work on /home/airflow/.local/lib/python3.6/site-packages/airflow/example_dags/example_branch_operator.py
[2021-02-18 07:43:01,730] {scheduler_job.py:629} INFO - Processing file /home/airflow/.local/lib/python3.6/site-packages/airflow/example_dags/example_branch_operator.py for tasks to queue
[2021-02-18 07:43:01,730] {logging_mixin.py:104} INFO - [2021-02-18 07:43:01,730] {dagbag.py:448} INFO - Filling up the DagBag from /home/airflow/.local/lib/python3.6/site-packages/airflow/example_dags/example_branch_operator.py
[2021-02-18 07:43:01,744] {scheduler_job.py:639} INFO - DAG(s) dict_keys(['example_branch_operator']) retrieved from /home/airflow/.local/lib/python3.6/site-packages/airflow/example_dags/example_branch_operator.py
[2021-02-18 07:43:01,769] {logging_mixin.py:104} INFO - [2021-02-18 07:43:01,769] {dag.py:1818} INFO - Sync 1 DAGs
[2021-02-18 07:43:01,790] {logging_mixin.py:104} INFO - [2021-02-18 07:43:01,790] {dag.py:2273} INFO - Setting next_dagrun for example_branch_operator to 2021-02-16 00:00:00+00:00
[2021-02-18 07:43:01,799] {scheduler_job.py:190} INFO - Processing /home/airflow/.local/lib/python3.6/site-packages/airflow/example_dags/example_branch_operator.py took 0.072 seconds
[2021-02-18 07:43:32,043] {scheduler_job.py:182} INFO - Started process (PID=334) to work on /home/airflow/.local/lib/python3.6/site-packages/airflow/example_dags/example_branch_operator.py
[2021-02-18 07:43:32,045] {scheduler_job.py:629} INFO - Processing file /home/airflow/.local/lib/python3.6/site-packages/airflow/example_dags/example_branch_operator.py for tasks to queue
[2021-02-18 07:43:32,046] {logging_mixin.py:104} INFO - [2021-02-18 07:43:32,046] {dagbag.py:448} INFO - Filling up the DagBag from /home/airflow/.local/lib/python3.6/site-packages/airflow/example_dags/example_branch_operator.py
[2021-02-18 07:43:32,058] {scheduler_job.py:639} INFO - DAG(s) dict_keys(['example_branch_operator']) retrieved from /home/airflow/.local/lib/python3.6/site-packages/airflow/example_dags/example_branch_operator.py
[2021-02-18 07:43:32,081] {logging_mixin.py:104} INFO - [2021-02-18 07:43:32,081] {dag.py:1818} INFO - Sync 1 DAGs
[2021-02-18 07:43:32,104] {logging_mixin.py:104} INFO - [2021-02-18 07:43:32,103] {dag.py:2273} INFO - Setting next_dagrun for example_branch_operator to 2021-02-16 00:00:00+00:00
[2021-02-18 07:43:32,111] {scheduler_job.py:190} INFO - Processing /home/airflow/.local/lib/python3.6/site-packages/airflow/example_dags/example_branch_operator.py took 0.072 seconds
[2021-02-18 07:44:02,165] {scheduler_job.py:182} INFO - Started process (PID=360) to work on /home/airflow/.local/lib/python3.6/site-packages/airflow/example_dags/example_branch_operator.py
[2021-02-18 07:44:02,166] {scheduler_job.py:629} INFO - Processing file /home/airflow/.local/lib/python3.6/site-packages/airflow/example_dags/example_branch_operator.py for tasks to queue
[2021-02-18 07:44:02,166] {logging_mixin.py:104} INFO - [2021-02-18 07:44:02,166] {dagbag.py:448} INFO - Filling up the DagBag from /home/airflow/.local/lib/python3.6/site-packages/airflow/example_dags/example_branch_operator.py
[2021-02-18 07:44:02,177] {scheduler_job.py:639} INFO - DAG(s) dict_keys(['example_branch_operator']) retrieved from /home/airflow/.local/lib/python3.6/site-packages/airflow/example_dags/example_branch_operator.py
[2021-02-18 07:44:02,198] {logging_mixin.py:104} INFO - [2021-02-18 07:44:02,198] {dag.py:1818} INFO - Sync 1 DAGs
[2021-02-18 07:44:02,221] {logging_mixin.py:104} INFO - [2021-02-18 07:44:02,221] {dag.py:2273} INFO - Setting next_dagrun for example_branch_operator to 2021-02-16 00:00:00+00:00
[2021-02-18 07:44:02,230] {scheduler_job.py:190} INFO - Processing /home/airflow/.local/lib/python3.6/site-packages/airflow/example_dags/example_branch_operator.py took 0.068 seconds
[2021-02-18 07:44:32,457] {scheduler_job.py:182} INFO - Started process (PID=386) to work on /home/airflow/.local/lib/python3.6/site-packages/airflow/example_dags/example_branch_operator.py
[2021-02-18 07:44:32,459] {scheduler_job.py:629} INFO - Processing file /home/airflow/.local/lib/python3.6/site-packages/airflow/example_dags/example_branch_operator.py for tasks to queue
[2021-02-18 07:44:32,459] {logging_mixin.py:104} INFO - [2021-02-18 07:44:32,459] {dagbag.py:448} INFO - Filling up the DagBag from /home/airflow/.local/lib/python3.6/site-packages/airflow/example_dags/example_branch_operator.py
[2021-02-18 07:44:32,471] {scheduler_job.py:639} INFO - DAG(s) dict_keys(['example_branch_operator']) retrieved from /home/airflow/.local/lib/python3.6/site-packages/airflow/example_dags/example_branch_operator.py
[2021-02-18 07:44:32,492] {logging_mixin.py:104} INFO - [2021-02-18 07:44:32,492] {dag.py:1818} INFO - Sync 1 DAGs
[2021-02-18 07:44:32,510] {logging_mixin.py:104} INFO - [2021-02-18 07:44:32,510] {dag.py:2273} INFO - Setting next_dagrun for example_branch_operator to 2021-02-16 00:00:00+00:00
[2021-02-18 07:44:32,516] {scheduler_job.py:190} INFO - Processing /home/airflow/.local/lib/python3.6/site-packages/airflow/example_dags/example_branch_operator.py took 0.064 seconds
[2021-02-18 07:45:02,578] {scheduler_job.py:182} INFO - Started process (PID=411) to work on /home/airflow/.local/lib/python3.6/site-packages/airflow/example_dags/example_branch_operator.py
[2021-02-18 07:45:02,579] {scheduler_job.py:629} INFO - Processing file /home/airflow/.local/lib/python3.6/site-packages/airflow/example_dags/example_branch_operator.py for tasks to queue
[2021-02-18 07:45:02,580] {logging_mixin.py:104} INFO - [2021-02-18 07:45:02,580] {dagbag.py:448} INFO - Filling up the DagBag from /home/airflow/.local/lib/python3.6/site-packages/airflow/example_dags/example_branch_operator.py
[2021-02-18 07:45:02,591] {scheduler_job.py:639} INFO - DAG(s) dict_keys(['example_branch_operator']) retrieved from /home/airflow/.local/lib/python3.6/site-packages/airflow/example_dags/example_branch_operator.py
[2021-02-18 07:45:02,613] {logging_mixin.py:104} INFO - [2021-02-18 07:45:02,613] {dag.py:1818} INFO - Sync 1 DAGs
[2021-02-18 07:45:02,632] {logging_mixin.py:104} INFO - [2021-02-18 07:45:02,632] {dag.py:2273} INFO - Setting next_dagrun for example_branch_operator to 2021-02-16 00:00:00+00:00
[2021-02-18 07:45:02,640] {scheduler_job.py:190} INFO - Processing /home/airflow/.local/lib/python3.6/site-packages/airflow/example_dags/example_branch_operator.py took 0.064 seconds
[2021-02-18 07:45:32,796] {scheduler_job.py:182} INFO - Started process (PID=437) to work on /home/airflow/.local/lib/python3.6/site-packages/airflow/example_dags/example_branch_operator.py
[2021-02-18 07:45:32,798] {scheduler_job.py:629} INFO - Processing file /home/airflow/.local/lib/python3.6/site-packages/airflow/example_dags/example_branch_operator.py for tasks to queue
[2021-02-18 07:45:32,799] {logging_mixin.py:104} INFO - [2021-02-18 07:45:32,799] {dagbag.py:448} INFO - Filling up the DagBag from /home/airflow/.local/lib/python3.6/site-packages/airflow/example_dags/example_branch_operator.py
[2021-02-18 07:45:32,809] {scheduler_job.py:639} INFO - DAG(s) dict_keys(['example_branch_operator']) retrieved from /home/airflow/.local/lib/python3.6/site-packages/airflow/example_dags/example_branch_operator.py
[2021-02-18 07:45:32,829] {logging_mixin.py:104} INFO - [2021-02-18 07:45:32,829] {dag.py:1818} INFO - Sync 1 DAGs
[2021-02-18 07:45:32,852] {logging_mixin.py:104} INFO - [2021-02-18 07:45:32,852] {dag.py:2273} INFO - Setting next_dagrun for example_branch_operator to 2021-02-16 00:00:00+00:00
[2021-02-18 07:45:32,859] {scheduler_job.py:190} INFO - Processing /home/airflow/.local/lib/python3.6/site-packages/airflow/example_dags/example_branch_operator.py took 0.067 seconds
[2021-02-18 07:46:02,989] {scheduler_job.py:182} INFO - Started process (PID=463) to work on /home/airflow/.local/lib/python3.6/site-packages/airflow/example_dags/example_branch_operator.py
[2021-02-18 07:46:02,990] {scheduler_job.py:629} INFO - Processing file /home/airflow/.local/lib/python3.6/site-packages/airflow/example_dags/example_branch_operator.py for tasks to queue
[2021-02-18 07:46:02,991] {logging_mixin.py:104} INFO - [2021-02-18 07:46:02,991] {dagbag.py:448} INFO - Filling up the DagBag from /home/airflow/.local/lib/python3.6/site-packages/airflow/example_dags/example_branch_operator.py
[2021-02-18 07:46:03,003] {scheduler_job.py:639} INFO - DAG(s) dict_keys(['example_branch_operator']) retrieved from /home/airflow/.local/lib/python3.6/site-packages/airflow/example_dags/example_branch_operator.py
[2021-02-18 07:46:03,026] {logging_mixin.py:104} INFO - [2021-02-18 07:46:03,026] {dag.py:1818} INFO - Sync 1 DAGs
[2021-02-18 07:46:03,047] {logging_mixin.py:104} INFO - [2021-02-18 07:46:03,047] {dag.py:2273} INFO - Setting next_dagrun for example_branch_operator to 2021-02-16 00:00:00+00:00
[2021-02-18 07:46:03,055] {scheduler_job.py:190} INFO - Processing /home/airflow/.local/lib/python3.6/site-packages/airflow/example_dags/example_branch_operator.py took 0.068 seconds
[2021-02-18 07:46:33,102] {scheduler_job.py:182} INFO - Started process (PID=489) to work on /home/airflow/.local/lib/python3.6/site-packages/airflow/example_dags/example_branch_operator.py
[2021-02-18 07:46:33,103] {scheduler_job.py:629} INFO - Processing file /home/airflow/.local/lib/python3.6/site-packages/airflow/example_dags/example_branch_operator.py for tasks to queue
[2021-02-18 07:46:33,104] {logging_mixin.py:104} INFO - [2021-02-18 07:46:33,104] {dagbag.py:448} INFO - Filling up the DagBag from /home/airflow/.local/lib/python3.6/site-packages/airflow/example_dags/example_branch_operator.py
[2021-02-18 07:46:33,117] {scheduler_job.py:639} INFO - DAG(s) dict_keys(['example_branch_operator']) retrieved from /home/airflow/.local/lib/python3.6/site-packages/airflow/example_dags/example_branch_operator.py
[2021-02-18 07:46:33,141] {logging_mixin.py:104} INFO - [2021-02-18 07:46:33,141] {dag.py:1818} INFO - Sync 1 DAGs
[2021-02-18 07:46:33,162] {logging_mixin.py:104} INFO - [2021-02-18 07:46:33,162] {dag.py:2273} INFO - Setting next_dagrun for example_branch_operator to 2021-02-16 00:00:00+00:00
[2021-02-18 07:46:33,169] {scheduler_job.py:190} INFO - Processing /home/airflow/.local/lib/python3.6/site-packages/airflow/example_dags/example_branch_operator.py took 0.072 seconds
[2021-02-18 07:47:03,230] {scheduler_job.py:182} INFO - Started process (PID=514) to work on /home/airflow/.local/lib/python3.6/site-packages/airflow/example_dags/example_branch_operator.py
[2021-02-18 07:47:03,231] {scheduler_job.py:629} INFO - Processing file /home/airflow/.local/lib/python3.6/site-packages/airflow/example_dags/example_branch_operator.py for tasks to queue
[2021-02-18 07:47:03,232] {logging_mixin.py:104} INFO - [2021-02-18 07:47:03,231] {dagbag.py:448} INFO - Filling up the DagBag from /home/airflow/.local/lib/python3.6/site-packages/airflow/example_dags/example_branch_operator.py
[2021-02-18 07:47:03,245] {scheduler_job.py:639} INFO - DAG(s) dict_keys(['example_branch_operator']) retrieved from /home/airflow/.local/lib/python3.6/site-packages/airflow/example_dags/example_branch_operator.py
[2021-02-18 07:47:03,268] {logging_mixin.py:104} INFO - [2021-02-18 07:47:03,268] {dag.py:1818} INFO - Sync 1 DAGs
[2021-02-18 07:47:03,287] {logging_mixin.py:104} INFO - [2021-02-18 07:47:03,287] {dag.py:2273} INFO - Setting next_dagrun for example_branch_operator to 2021-02-16 00:00:00+00:00
[2021-02-18 07:47:03,295] {scheduler_job.py:190} INFO - Processing /home/airflow/.local/lib/python3.6/site-packages/airflow/example_dags/example_branch_operator.py took 0.067 seconds
[2021-02-18 07:47:33,407] {scheduler_job.py:182} INFO - Started process (PID=540) to work on /home/airflow/.local/lib/python3.6/site-packages/airflow/example_dags/example_branch_operator.py
[2021-02-18 07:47:33,408] {scheduler_job.py:629} INFO - Processing file /home/airflow/.local/lib/python3.6/site-packages/airflow/example_dags/example_branch_operator.py for tasks to queue
[2021-02-18 07:47:33,409] {logging_mixin.py:104} INFO - [2021-02-18 07:47:33,409] {dagbag.py:448} INFO - Filling up the DagBag from /home/airflow/.local/lib/python3.6/site-packages/airflow/example_dags/example_branch_operator.py
[2021-02-18 07:47:33,423] {scheduler_job.py:639} INFO - DAG(s) dict_keys(['example_branch_operator']) retrieved from /home/airflow/.local/lib/python3.6/site-packages/airflow/example_dags/example_branch_operator.py
[2021-02-18 07:47:33,450] {logging_mixin.py:104} INFO - [2021-02-18 07:47:33,450] {dag.py:1818} INFO - Sync 1 DAGs
[2021-02-18 07:47:33,469] {logging_mixin.py:104} INFO - [2021-02-18 07:47:33,469] {dag.py:2273} INFO - Setting next_dagrun for example_branch_operator to 2021-02-16 00:00:00+00:00
[2021-02-18 07:47:33,476] {scheduler_job.py:190} INFO - Processing /home/airflow/.local/lib/python3.6/site-packages/airflow/example_dags/example_branch_operator.py took 0.072 seconds
[2021-02-18 07:48:03,528] {scheduler_job.py:182} INFO - Started process (PID=566) to work on /home/airflow/.local/lib/python3.6/site-packages/airflow/example_dags/example_branch_operator.py
[2021-02-18 07:48:03,529] {scheduler_job.py:629} INFO - Processing file /home/airflow/.local/lib/python3.6/site-packages/airflow/example_dags/example_branch_operator.py for tasks to queue
[2021-02-18 07:48:03,530] {logging_mixin.py:104} INFO - [2021-02-18 07:48:03,530] {dagbag.py:448} INFO - Filling up the DagBag from /home/airflow/.local/lib/python3.6/site-packages/airflow/example_dags/example_branch_operator.py
[2021-02-18 07:48:03,542] {scheduler_job.py:639} INFO - DAG(s) dict_keys(['example_branch_operator']) retrieved from /home/airflow/.local/lib/python3.6/site-packages/airflow/example_dags/example_branch_operator.py
[2021-02-18 07:48:03,562] {logging_mixin.py:104} INFO - [2021-02-18 07:48:03,562] {dag.py:1818} INFO - Sync 1 DAGs
[2021-02-18 07:48:03,584] {logging_mixin.py:104} INFO - [2021-02-18 07:48:03,584] {dag.py:2273} INFO - Setting next_dagrun for example_branch_operator to 2021-02-16 00:00:00+00:00
[2021-02-18 07:48:03,593] {scheduler_job.py:190} INFO - Processing /home/airflow/.local/lib/python3.6/site-packages/airflow/example_dags/example_branch_operator.py took 0.067 seconds
[2021-02-18 07:48:33,650] {scheduler_job.py:182} INFO - Started process (PID=592) to work on /home/airflow/.local/lib/python3.6/site-packages/airflow/example_dags/example_branch_operator.py
[2021-02-18 07:48:33,651] {scheduler_job.py:629} INFO - Processing file /home/airflow/.local/lib/python3.6/site-packages/airflow/example_dags/example_branch_operator.py for tasks to queue
[2021-02-18 07:48:33,652] {logging_mixin.py:104} INFO - [2021-02-18 07:48:33,651] {dagbag.py:448} INFO - Filling up the DagBag from /home/airflow/.local/lib/python3.6/site-packages/airflow/example_dags/example_branch_operator.py
[2021-02-18 07:48:33,666] {scheduler_job.py:639} INFO - DAG(s) dict_keys(['example_branch_operator']) retrieved from /home/airflow/.local/lib/python3.6/site-packages/airflow/example_dags/example_branch_operator.py
[2021-02-18 07:48:33,685] {logging_mixin.py:104} INFO - [2021-02-18 07:48:33,685] {dag.py:1818} INFO - Sync 1 DAGs
[2021-02-18 07:48:33,705] {logging_mixin.py:104} INFO - [2021-02-18 07:48:33,705] {dag.py:2273} INFO - Setting next_dagrun for example_branch_operator to 2021-02-16 00:00:00+00:00
[2021-02-18 07:48:33,714] {scheduler_job.py:190} INFO - Processing /home/airflow/.local/lib/python3.6/site-packages/airflow/example_dags/example_branch_operator.py took 0.066 seconds
[2021-02-18 07:49:03,783] {scheduler_job.py:182} INFO - Started process (PID=618) to work on /home/airflow/.local/lib/python3.6/site-packages/airflow/example_dags/example_branch_operator.py
[2021-02-18 07:49:03,784] {scheduler_job.py:629} INFO - Processing file /home/airflow/.local/lib/python3.6/site-packages/airflow/example_dags/example_branch_operator.py for tasks to queue
[2021-02-18 07:49:03,784] {logging_mixin.py:104} INFO - [2021-02-18 07:49:03,784] {dagbag.py:448} INFO - Filling up the DagBag from /home/airflow/.local/lib/python3.6/site-packages/airflow/example_dags/example_branch_operator.py
[2021-02-18 07:49:03,798] {scheduler_job.py:639} INFO - DAG(s) dict_keys(['example_branch_operator']) retrieved from /home/airflow/.local/lib/python3.6/site-packages/airflow/example_dags/example_branch_operator.py
[2021-02-18 07:49:03,819] {logging_mixin.py:104} INFO - [2021-02-18 07:49:03,819] {dag.py:1818} INFO - Sync 1 DAGs
[2021-02-18 07:49:03,837] {logging_mixin.py:104} INFO - [2021-02-18 07:49:03,837] {dag.py:2273} INFO - Setting next_dagrun for example_branch_operator to 2021-02-16 00:00:00+00:00
[2021-02-18 07:49:03,844] {scheduler_job.py:190} INFO - Processing /home/airflow/.local/lib/python3.6/site-packages/airflow/example_dags/example_branch_operator.py took 0.063 seconds
[2021-02-18 07:49:33,879] {scheduler_job.py:182} INFO - Started process (PID=645) to work on /home/airflow/.local/lib/python3.6/site-packages/airflow/example_dags/example_branch_operator.py
[2021-02-18 07:49:33,880] {scheduler_job.py:629} INFO - Processing file /home/airflow/.local/lib/python3.6/site-packages/airflow/example_dags/example_branch_operator.py for tasks to queue
[2021-02-18 07:49:33,881] {logging_mixin.py:104} INFO - [2021-02-18 07:49:33,881] {dagbag.py:448} INFO - Filling up the DagBag from /home/airflow/.local/lib/python3.6/site-packages/airflow/example_dags/example_branch_operator.py
[2021-02-18 07:49:33,896] {scheduler_job.py:639} INFO - DAG(s) dict_keys(['example_branch_operator']) retrieved from /home/airflow/.local/lib/python3.6/site-packages/airflow/example_dags/example_branch_operator.py
[2021-02-18 07:49:33,919] {logging_mixin.py:104} INFO - [2021-02-18 07:49:33,919] {dag.py:1818} INFO - Sync 1 DAGs
[2021-02-18 07:49:33,940] {logging_mixin.py:104} INFO - [2021-02-18 07:49:33,940] {dag.py:2273} INFO - Setting next_dagrun for example_branch_operator to 2021-02-16 00:00:00+00:00
[2021-02-18 07:49:33,948] {scheduler_job.py:190} INFO - Processing /home/airflow/.local/lib/python3.6/site-packages/airflow/example_dags/example_branch_operator.py took 0.071 seconds
[2021-02-18 07:50:04,074] {scheduler_job.py:182} INFO - Started process (PID=670) to work on /home/airflow/.local/lib/python3.6/site-packages/airflow/example_dags/example_branch_operator.py
[2021-02-18 07:50:04,077] {scheduler_job.py:629} INFO - Processing file /home/airflow/.local/lib/python3.6/site-packages/airflow/example_dags/example_branch_operator.py for tasks to queue
[2021-02-18 07:50:04,078] {logging_mixin.py:104} INFO - [2021-02-18 07:50:04,078] {dagbag.py:448} INFO - Filling up the DagBag from /home/airflow/.local/lib/python3.6/site-packages/airflow/example_dags/example_branch_operator.py
[2021-02-18 07:50:04,091] {scheduler_job.py:639} INFO - DAG(s) dict_keys(['example_branch_operator']) retrieved from /home/airflow/.local/lib/python3.6/site-packages/airflow/example_dags/example_branch_operator.py
[2021-02-18 07:50:04,113] {logging_mixin.py:104} INFO - [2021-02-18 07:50:04,112] {dag.py:1818} INFO - Sync 1 DAGs
[2021-02-18 07:50:04,132] {logging_mixin.py:104} INFO - [2021-02-18 07:50:04,132] {dag.py:2273} INFO - Setting next_dagrun for example_branch_operator to 2021-02-16 00:00:00+00:00
[2021-02-18 07:50:04,140] {scheduler_job.py:190} INFO - Processing /home/airflow/.local/lib/python3.6/site-packages/airflow/example_dags/example_branch_operator.py took 0.070 seconds
[2021-02-18 07:50:34,177] {scheduler_job.py:182} INFO - Started process (PID=697) to work on /home/airflow/.local/lib/python3.6/site-packages/airflow/example_dags/example_branch_operator.py
[2021-02-18 07:50:34,179] {scheduler_job.py:629} INFO - Processing file /home/airflow/.local/lib/python3.6/site-packages/airflow/example_dags/example_branch_operator.py for tasks to queue
[2021-02-18 07:50:34,180] {logging_mixin.py:104} INFO - [2021-02-18 07:50:34,180] {dagbag.py:448} INFO - Filling up the DagBag from /home/airflow/.local/lib/python3.6/site-packages/airflow/example_dags/example_branch_operator.py
[2021-02-18 07:50:34,195] {scheduler_job.py:639} INFO - DAG(s) dict_keys(['example_branch_operator']) retrieved from /home/airflow/.local/lib/python3.6/site-packages/airflow/example_dags/example_branch_operator.py
[2021-02-18 07:50:34,215] {logging_mixin.py:104} INFO - [2021-02-18 07:50:34,214] {dag.py:1818} INFO - Sync 1 DAGs
[2021-02-18 07:50:34,233] {logging_mixin.py:104} INFO - [2021-02-18 07:50:34,233] {dag.py:2273} INFO - Setting next_dagrun for example_branch_operator to 2021-02-16 00:00:00+00:00
[2021-02-18 07:50:34,240] {scheduler_job.py:190} INFO - Processing /home/airflow/.local/lib/python3.6/site-packages/airflow/example_dags/example_branch_operator.py took 0.067 seconds
[2021-02-18 07:51:04,468] {scheduler_job.py:182} INFO - Started process (PID=724) to work on /home/airflow/.local/lib/python3.6/site-packages/airflow/example_dags/example_branch_operator.py
[2021-02-18 07:51:04,469] {scheduler_job.py:629} INFO - Processing file /home/airflow/.local/lib/python3.6/site-packages/airflow/example_dags/example_branch_operator.py for tasks to queue
[2021-02-18 07:51:04,470] {logging_mixin.py:104} INFO - [2021-02-18 07:51:04,470] {dagbag.py:448} INFO - Filling up the DagBag from /home/airflow/.local/lib/python3.6/site-packages/airflow/example_dags/example_branch_operator.py
[2021-02-18 07:51:04,483] {scheduler_job.py:639} INFO - DAG(s) dict_keys(['example_branch_operator']) retrieved from /home/airflow/.local/lib/python3.6/site-packages/airflow/example_dags/example_branch_operator.py
[2021-02-18 07:51:04,501] {logging_mixin.py:104} INFO - [2021-02-18 07:51:04,501] {dag.py:1818} INFO - Sync 1 DAGs
[2021-02-18 07:51:04,518] {logging_mixin.py:104} INFO - [2021-02-18 07:51:04,518] {dag.py:2273} INFO - Setting next_dagrun for example_branch_operator to 2021-02-16 00:00:00+00:00
[2021-02-18 07:51:04,525] {scheduler_job.py:190} INFO - Processing /home/airflow/.local/lib/python3.6/site-packages/airflow/example_dags/example_branch_operator.py took 0.061 seconds
[2021-02-18 07:51:34,630] {scheduler_job.py:182} INFO - Started process (PID=750) to work on /home/airflow/.local/lib/python3.6/site-packages/airflow/example_dags/example_branch_operator.py
[2021-02-18 07:51:34,631] {scheduler_job.py:629} INFO - Processing file /home/airflow/.local/lib/python3.6/site-packages/airflow/example_dags/example_branch_operator.py for tasks to queue
[2021-02-18 07:51:34,632] {logging_mixin.py:104} INFO - [2021-02-18 07:51:34,631] {dagbag.py:448} INFO - Filling up the DagBag from /home/airflow/.local/lib/python3.6/site-packages/airflow/example_dags/example_branch_operator.py
[2021-02-18 07:51:34,646] {scheduler_job.py:639} INFO - DAG(s) dict_keys(['example_branch_operator']) retrieved from /home/airflow/.local/lib/python3.6/site-packages/airflow/example_dags/example_branch_operator.py
[2021-02-18 07:51:34,666] {logging_mixin.py:104} INFO - [2021-02-18 07:51:34,666] {dag.py:1818} INFO - Sync 1 DAGs
[2021-02-18 07:51:34,689] {logging_mixin.py:104} INFO - [2021-02-18 07:51:34,689] {dag.py:2273} INFO - Setting next_dagrun for example_branch_operator to 2021-02-16 00:00:00+00:00
[2021-02-18 07:51:34,698] {scheduler_job.py:190} INFO - Processing /home/airflow/.local/lib/python3.6/site-packages/airflow/example_dags/example_branch_operator.py took 0.072 seconds
[2021-02-18 07:52:04,780] {scheduler_job.py:182} INFO - Started process (PID=778) to work on /home/airflow/.local/lib/python3.6/site-packages/airflow/example_dags/example_branch_operator.py
[2021-02-18 07:52:04,782] {scheduler_job.py:629} INFO - Processing file /home/airflow/.local/lib/python3.6/site-packages/airflow/example_dags/example_branch_operator.py for tasks to queue
[2021-02-18 07:52:04,783] {logging_mixin.py:104} INFO - [2021-02-18 07:52:04,783] {dagbag.py:448} INFO - Filling up the DagBag from /home/airflow/.local/lib/python3.6/site-packages/airflow/example_dags/example_branch_operator.py
[2021-02-18 07:52:04,797] {scheduler_job.py:639} INFO - DAG(s) dict_keys(['example_branch_operator']) retrieved from /home/airflow/.local/lib/python3.6/site-packages/airflow/example_dags/example_branch_operator.py
[2021-02-18 07:52:04,817] {logging_mixin.py:104} INFO - [2021-02-18 07:52:04,817] {dag.py:1818} INFO - Sync 1 DAGs
[2021-02-18 07:52:04,842] {logging_mixin.py:104} INFO - [2021-02-18 07:52:04,842] {dag.py:2273} INFO - Setting next_dagrun for example_branch_operator to 2021-02-16 00:00:00+00:00
[2021-02-18 07:52:04,849] {scheduler_job.py:190} INFO - Processing /home/airflow/.local/lib/python3.6/site-packages/airflow/example_dags/example_branch_operator.py took 0.074 seconds
[2021-02-18 07:52:34,981] {scheduler_job.py:182} INFO - Started process (PID=803) to work on /home/airflow/.local/lib/python3.6/site-packages/airflow/example_dags/example_branch_operator.py
[2021-02-18 07:52:34,982] {scheduler_job.py:629} INFO - Processing file /home/airflow/.local/lib/python3.6/site-packages/airflow/example_dags/example_branch_operator.py for tasks to queue
[2021-02-18 07:52:34,983] {logging_mixin.py:104} INFO - [2021-02-18 07:52:34,983] {dagbag.py:448} INFO - Filling up the DagBag from /home/airflow/.local/lib/python3.6/site-packages/airflow/example_dags/example_branch_operator.py
[2021-02-18 07:52:34,998] {scheduler_job.py:639} INFO - DAG(s) dict_keys(['example_branch_operator']) retrieved from /home/airflow/.local/lib/python3.6/site-packages/airflow/example_dags/example_branch_operator.py
[2021-02-18 07:52:35,021] {logging_mixin.py:104} INFO - [2021-02-18 07:52:35,020] {dag.py:1818} INFO - Sync 1 DAGs
[2021-02-18 07:52:35,039] {logging_mixin.py:104} INFO - [2021-02-18 07:52:35,039] {dag.py:2273} INFO - Setting next_dagrun for example_branch_operator to 2021-02-16 00:00:00+00:00
[2021-02-18 07:52:35,045] {scheduler_job.py:190} INFO - Processing /home/airflow/.local/lib/python3.6/site-packages/airflow/example_dags/example_branch_operator.py took 0.067 seconds
[2021-02-18 07:53:05,066] {scheduler_job.py:182} INFO - Started process (PID=829) to work on /home/airflow/.local/lib/python3.6/site-packages/airflow/example_dags/example_branch_operator.py
[2021-02-18 07:53:05,066] {scheduler_job.py:629} INFO - Processing file /home/airflow/.local/lib/python3.6/site-packages/airflow/example_dags/example_branch_operator.py for tasks to queue
[2021-02-18 07:53:05,067] {logging_mixin.py:104} INFO - [2021-02-18 07:53:05,067] {dagbag.py:448} INFO - Filling up the DagBag from /home/airflow/.local/lib/python3.6/site-packages/airflow/example_dags/example_branch_operator.py
[2021-02-18 07:53:05,081] {scheduler_job.py:639} INFO - DAG(s) dict_keys(['example_branch_operator']) retrieved from /home/airflow/.local/lib/python3.6/site-packages/airflow/example_dags/example_branch_operator.py
[2021-02-18 07:53:05,107] {logging_mixin.py:104} INFO - [2021-02-18 07:53:05,107] {dag.py:1818} INFO - Sync 1 DAGs
[2021-02-18 07:53:05,126] {logging_mixin.py:104} INFO - [2021-02-18 07:53:05,125] {dag.py:2273} INFO - Setting next_dagrun for example_branch_operator to 2021-02-16 00:00:00+00:00
[2021-02-18 07:53:05,133] {scheduler_job.py:190} INFO - Processing /home/airflow/.local/lib/python3.6/site-packages/airflow/example_dags/example_branch_operator.py took 0.070 seconds
[2021-02-18 07:53:35,270] {scheduler_job.py:182} INFO - Started process (PID=854) to work on /home/airflow/.local/lib/python3.6/site-packages/airflow/example_dags/example_branch_operator.py
[2021-02-18 07:53:35,271] {scheduler_job.py:629} INFO - Processing file /home/airflow/.local/lib/python3.6/site-packages/airflow/example_dags/example_branch_operator.py for tasks to queue
[2021-02-18 07:53:35,272] {logging_mixin.py:104} INFO - [2021-02-18 07:53:35,272] {dagbag.py:448} INFO - Filling up the DagBag from /home/airflow/.local/lib/python3.6/site-packages/airflow/example_dags/example_branch_operator.py
[2021-02-18 07:53:35,284] {scheduler_job.py:639} INFO - DAG(s) dict_keys(['example_branch_operator']) retrieved from /home/airflow/.local/lib/python3.6/site-packages/airflow/example_dags/example_branch_operator.py
[2021-02-18 07:53:35,308] {logging_mixin.py:104} INFO - [2021-02-18 07:53:35,308] {dag.py:1818} INFO - Sync 1 DAGs
[2021-02-18 07:53:35,329] {logging_mixin.py:104} INFO - [2021-02-18 07:53:35,329] {dag.py:2273} INFO - Setting next_dagrun for example_branch_operator to 2021-02-16 00:00:00+00:00
[2021-02-18 07:53:35,337] {scheduler_job.py:190} INFO - Processing /home/airflow/.local/lib/python3.6/site-packages/airflow/example_dags/example_branch_operator.py took 0.071 seconds
[2021-02-18 07:54:05,395] {scheduler_job.py:182} INFO - Started process (PID=880) to work on /home/airflow/.local/lib/python3.6/site-packages/airflow/example_dags/example_branch_operator.py
[2021-02-18 07:54:05,395] {scheduler_job.py:629} INFO - Processing file /home/airflow/.local/lib/python3.6/site-packages/airflow/example_dags/example_branch_operator.py for tasks to queue
[2021-02-18 07:54:05,396] {logging_mixin.py:104} INFO - [2021-02-18 07:54:05,396] {dagbag.py:448} INFO - Filling up the DagBag from /home/airflow/.local/lib/python3.6/site-packages/airflow/example_dags/example_branch_operator.py
[2021-02-18 07:54:05,409] {scheduler_job.py:639} INFO - DAG(s) dict_keys(['example_branch_operator']) retrieved from /home/airflow/.local/lib/python3.6/site-packages/airflow/example_dags/example_branch_operator.py
[2021-02-18 07:54:05,430] {logging_mixin.py:104} INFO - [2021-02-18 07:54:05,430] {dag.py:1818} INFO - Sync 1 DAGs
[2021-02-18 07:54:05,450] {logging_mixin.py:104} INFO - [2021-02-18 07:54:05,450] {dag.py:2273} INFO - Setting next_dagrun for example_branch_operator to 2021-02-16 00:00:00+00:00
[2021-02-18 07:54:05,459] {scheduler_job.py:190} INFO - Processing /home/airflow/.local/lib/python3.6/site-packages/airflow/example_dags/example_branch_operator.py took 0.067 seconds
[2021-02-18 07:55:58,637] {scheduler_job.py:182} INFO - Started process (PID=42) to work on /home/airflow/.local/lib/python3.6/site-packages/airflow/example_dags/example_branch_operator.py
[2021-02-18 07:55:58,638] {scheduler_job.py:629} INFO - Processing file /home/airflow/.local/lib/python3.6/site-packages/airflow/example_dags/example_branch_operator.py for tasks to queue
[2021-02-18 07:55:58,638] {logging_mixin.py:104} INFO - [2021-02-18 07:55:58,638] {dagbag.py:448} INFO - Filling up the DagBag from /home/airflow/.local/lib/python3.6/site-packages/airflow/example_dags/example_branch_operator.py
[2021-02-18 07:55:58,653] {scheduler_job.py:639} INFO - DAG(s) dict_keys(['example_branch_operator']) retrieved from /home/airflow/.local/lib/python3.6/site-packages/airflow/example_dags/example_branch_operator.py
[2021-02-18 07:55:58,676] {logging_mixin.py:104} INFO - [2021-02-18 07:55:58,676] {dag.py:1818} INFO - Sync 1 DAGs
[2021-02-18 07:55:58,687] {logging_mixin.py:104} INFO - [2021-02-18 07:55:58,686] {dag.py:1837} INFO - Creating ORM DAG for example_branch_operator
[2021-02-18 07:55:58,701] {logging_mixin.py:104} INFO - [2021-02-18 07:55:58,701] {dag.py:2273} INFO - Setting next_dagrun for example_branch_operator to 2021-02-16 00:00:00+00:00
[2021-02-18 07:55:58,717] {scheduler_job.py:190} INFO - Processing /home/airflow/.local/lib/python3.6/site-packages/airflow/example_dags/example_branch_operator.py took 0.083 seconds
[2021-02-18 07:56:28,859] {scheduler_job.py:182} INFO - Started process (PID=68) to work on /home/airflow/.local/lib/python3.6/site-packages/airflow/example_dags/example_branch_operator.py
[2021-02-18 07:56:28,860] {scheduler_job.py:629} INFO - Processing file /home/airflow/.local/lib/python3.6/site-packages/airflow/example_dags/example_branch_operator.py for tasks to queue
[2021-02-18 07:56:28,861] {logging_mixin.py:104} INFO - [2021-02-18 07:56:28,861] {dagbag.py:448} INFO - Filling up the DagBag from /home/airflow/.local/lib/python3.6/site-packages/airflow/example_dags/example_branch_operator.py
[2021-02-18 07:56:28,872] {scheduler_job.py:639} INFO - DAG(s) dict_keys(['example_branch_operator']) retrieved from /home/airflow/.local/lib/python3.6/site-packages/airflow/example_dags/example_branch_operator.py
[2021-02-18 07:56:28,892] {logging_mixin.py:104} INFO - [2021-02-18 07:56:28,892] {dag.py:1818} INFO - Sync 1 DAGs
[2021-02-18 07:56:28,911] {logging_mixin.py:104} INFO - [2021-02-18 07:56:28,911] {dag.py:2273} INFO - Setting next_dagrun for example_branch_operator to 2021-02-16 00:00:00+00:00
[2021-02-18 07:56:28,918] {scheduler_job.py:190} INFO - Processing /home/airflow/.local/lib/python3.6/site-packages/airflow/example_dags/example_branch_operator.py took 0.064 seconds
[2021-02-18 07:56:56,691] {scheduler_job.py:182} INFO - Started process (PID=55) to work on /home/airflow/.local/lib/python3.6/site-packages/airflow/example_dags/example_branch_operator.py
[2021-02-18 07:56:56,692] {scheduler_job.py:629} INFO - Processing file /home/airflow/.local/lib/python3.6/site-packages/airflow/example_dags/example_branch_operator.py for tasks to queue
[2021-02-18 07:56:56,693] {logging_mixin.py:104} INFO - [2021-02-18 07:56:56,693] {dagbag.py:448} INFO - Filling up the DagBag from /home/airflow/.local/lib/python3.6/site-packages/airflow/example_dags/example_branch_operator.py
[2021-02-18 07:56:56,705] {scheduler_job.py:639} INFO - DAG(s) dict_keys(['example_branch_operator']) retrieved from /home/airflow/.local/lib/python3.6/site-packages/airflow/example_dags/example_branch_operator.py
[2021-02-18 07:56:56,728] {logging_mixin.py:104} INFO - [2021-02-18 07:56:56,728] {dag.py:1818} INFO - Sync 1 DAGs
[2021-02-18 07:56:56,753] {logging_mixin.py:104} INFO - [2021-02-18 07:56:56,753] {dag.py:2273} INFO - Setting next_dagrun for example_branch_operator to 2021-02-16 00:00:00+00:00
[2021-02-18 07:56:56,764] {scheduler_job.py:190} INFO - Processing /home/airflow/.local/lib/python3.6/site-packages/airflow/example_dags/example_branch_operator.py took 0.077 seconds
[2021-02-18 07:57:26,838] {scheduler_job.py:182} INFO - Started process (PID=82) to work on /home/airflow/.local/lib/python3.6/site-packages/airflow/example_dags/example_branch_operator.py
[2021-02-18 07:57:26,839] {scheduler_job.py:629} INFO - Processing file /home/airflow/.local/lib/python3.6/site-packages/airflow/example_dags/example_branch_operator.py for tasks to queue
[2021-02-18 07:57:26,840] {logging_mixin.py:104} INFO - [2021-02-18 07:57:26,839] {dagbag.py:448} INFO - Filling up the DagBag from /home/airflow/.local/lib/python3.6/site-packages/airflow/example_dags/example_branch_operator.py
[2021-02-18 07:57:26,851] {scheduler_job.py:639} INFO - DAG(s) dict_keys(['example_branch_operator']) retrieved from /home/airflow/.local/lib/python3.6/site-packages/airflow/example_dags/example_branch_operator.py
[2021-02-18 07:57:26,876] {logging_mixin.py:104} INFO - [2021-02-18 07:57:26,876] {dag.py:1818} INFO - Sync 1 DAGs
[2021-02-18 07:57:26,893] {logging_mixin.py:104} INFO - [2021-02-18 07:57:26,893] {dag.py:2273} INFO - Setting next_dagrun for example_branch_operator to 2021-02-16 00:00:00+00:00
[2021-02-18 07:57:26,899] {scheduler_job.py:190} INFO - Processing /home/airflow/.local/lib/python3.6/site-packages/airflow/example_dags/example_branch_operator.py took 0.066 seconds
[2021-02-18 07:57:57,055] {scheduler_job.py:182} INFO - Started process (PID=107) to work on /home/airflow/.local/lib/python3.6/site-packages/airflow/example_dags/example_branch_operator.py
[2021-02-18 07:57:57,057] {scheduler_job.py:629} INFO - Processing file /home/airflow/.local/lib/python3.6/site-packages/airflow/example_dags/example_branch_operator.py for tasks to queue
[2021-02-18 07:57:57,058] {logging_mixin.py:104} INFO - [2021-02-18 07:57:57,058] {dagbag.py:448} INFO - Filling up the DagBag from /home/airflow/.local/lib/python3.6/site-packages/airflow/example_dags/example_branch_operator.py
[2021-02-18 07:57:57,070] {scheduler_job.py:639} INFO - DAG(s) dict_keys(['example_branch_operator']) retrieved from /home/airflow/.local/lib/python3.6/site-packages/airflow/example_dags/example_branch_operator.py
[2021-02-18 07:57:57,094] {logging_mixin.py:104} INFO - [2021-02-18 07:57:57,094] {dag.py:1818} INFO - Sync 1 DAGs
[2021-02-18 07:57:57,115] {logging_mixin.py:104} INFO - [2021-02-18 07:57:57,115] {dag.py:2273} INFO - Setting next_dagrun for example_branch_operator to 2021-02-16 00:00:00+00:00
[2021-02-18 07:57:57,124] {scheduler_job.py:190} INFO - Processing /home/airflow/.local/lib/python3.6/site-packages/airflow/example_dags/example_branch_operator.py took 0.073 seconds
[2021-02-18 07:58:27,182] {scheduler_job.py:182} INFO - Started process (PID=133) to work on /home/airflow/.local/lib/python3.6/site-packages/airflow/example_dags/example_branch_operator.py
[2021-02-18 07:58:27,183] {scheduler_job.py:629} INFO - Processing file /home/airflow/.local/lib/python3.6/site-packages/airflow/example_dags/example_branch_operator.py for tasks to queue
[2021-02-18 07:58:27,184] {logging_mixin.py:104} INFO - [2021-02-18 07:58:27,184] {dagbag.py:448} INFO - Filling up the DagBag from /home/airflow/.local/lib/python3.6/site-packages/airflow/example_dags/example_branch_operator.py
[2021-02-18 07:58:27,196] {scheduler_job.py:639} INFO - DAG(s) dict_keys(['example_branch_operator']) retrieved from /home/airflow/.local/lib/python3.6/site-packages/airflow/example_dags/example_branch_operator.py
[2021-02-18 07:58:27,216] {logging_mixin.py:104} INFO - [2021-02-18 07:58:27,216] {dag.py:1818} INFO - Sync 1 DAGs
[2021-02-18 07:58:27,234] {logging_mixin.py:104} INFO - [2021-02-18 07:58:27,234] {dag.py:2273} INFO - Setting next_dagrun for example_branch_operator to 2021-02-16 00:00:00+00:00
[2021-02-18 07:58:27,242] {scheduler_job.py:190} INFO - Processing /home/airflow/.local/lib/python3.6/site-packages/airflow/example_dags/example_branch_operator.py took 0.063 seconds
[2021-02-18 07:58:57,352] {scheduler_job.py:182} INFO - Started process (PID=160) to work on /home/airflow/.local/lib/python3.6/site-packages/airflow/example_dags/example_branch_operator.py
[2021-02-18 07:58:57,353] {scheduler_job.py:629} INFO - Processing file /home/airflow/.local/lib/python3.6/site-packages/airflow/example_dags/example_branch_operator.py for tasks to queue
[2021-02-18 07:58:57,354] {logging_mixin.py:104} INFO - [2021-02-18 07:58:57,354] {dagbag.py:448} INFO - Filling up the DagBag from /home/airflow/.local/lib/python3.6/site-packages/airflow/example_dags/example_branch_operator.py
[2021-02-18 07:58:57,367] {scheduler_job.py:639} INFO - DAG(s) dict_keys(['example_branch_operator']) retrieved from /home/airflow/.local/lib/python3.6/site-packages/airflow/example_dags/example_branch_operator.py
[2021-02-18 07:58:57,387] {logging_mixin.py:104} INFO - [2021-02-18 07:58:57,387] {dag.py:1818} INFO - Sync 1 DAGs
[2021-02-18 07:58:57,412] {logging_mixin.py:104} INFO - [2021-02-18 07:58:57,412] {dag.py:2273} INFO - Setting next_dagrun for example_branch_operator to 2021-02-16 00:00:00+00:00
[2021-02-18 07:58:57,420] {scheduler_job.py:190} INFO - Processing /home/airflow/.local/lib/python3.6/site-packages/airflow/example_dags/example_branch_operator.py took 0.071 seconds
[2021-02-18 07:59:27,814] {scheduler_job.py:182} INFO - Started process (PID=188) to work on /home/airflow/.local/lib/python3.6/site-packages/airflow/example_dags/example_branch_operator.py
[2021-02-18 07:59:27,815] {scheduler_job.py:629} INFO - Processing file /home/airflow/.local/lib/python3.6/site-packages/airflow/example_dags/example_branch_operator.py for tasks to queue
[2021-02-18 07:59:27,816] {logging_mixin.py:104} INFO - [2021-02-18 07:59:27,816] {dagbag.py:448} INFO - Filling up the DagBag from /home/airflow/.local/lib/python3.6/site-packages/airflow/example_dags/example_branch_operator.py
[2021-02-18 07:59:27,832] {scheduler_job.py:639} INFO - DAG(s) dict_keys(['example_branch_operator']) retrieved from /home/airflow/.local/lib/python3.6/site-packages/airflow/example_dags/example_branch_operator.py
[2021-02-18 07:59:27,853] {logging_mixin.py:104} INFO - [2021-02-18 07:59:27,853] {dag.py:1818} INFO - Sync 1 DAGs
[2021-02-18 07:59:27,870] {logging_mixin.py:104} INFO - [2021-02-18 07:59:27,869] {dag.py:2273} INFO - Setting next_dagrun for example_branch_operator to 2021-02-16 00:00:00+00:00
[2021-02-18 07:59:27,876] {scheduler_job.py:190} INFO - Processing /home/airflow/.local/lib/python3.6/site-packages/airflow/example_dags/example_branch_operator.py took 0.065 seconds
[2021-02-18 07:59:57,923] {scheduler_job.py:182} INFO - Started process (PID=214) to work on /home/airflow/.local/lib/python3.6/site-packages/airflow/example_dags/example_branch_operator.py
[2021-02-18 07:59:57,924] {scheduler_job.py:629} INFO - Processing file /home/airflow/.local/lib/python3.6/site-packages/airflow/example_dags/example_branch_operator.py for tasks to queue
[2021-02-18 07:59:57,925] {logging_mixin.py:104} INFO - [2021-02-18 07:59:57,925] {dagbag.py:448} INFO - Filling up the DagBag from /home/airflow/.local/lib/python3.6/site-packages/airflow/example_dags/example_branch_operator.py
[2021-02-18 07:59:57,936] {scheduler_job.py:639} INFO - DAG(s) dict_keys(['example_branch_operator']) retrieved from /home/airflow/.local/lib/python3.6/site-packages/airflow/example_dags/example_branch_operator.py
[2021-02-18 07:59:57,955] {logging_mixin.py:104} INFO - [2021-02-18 07:59:57,955] {dag.py:1818} INFO - Sync 1 DAGs
[2021-02-18 07:59:57,975] {logging_mixin.py:104} INFO - [2021-02-18 07:59:57,975] {dag.py:2273} INFO - Setting next_dagrun for example_branch_operator to 2021-02-16 00:00:00+00:00
[2021-02-18 07:59:57,982] {scheduler_job.py:190} INFO - Processing /home/airflow/.local/lib/python3.6/site-packages/airflow/example_dags/example_branch_operator.py took 0.064 seconds
