[2021-02-18 07:37:59,413] {scheduler_job.py:182} INFO - Started process (PID=54) to work on /home/airflow/.local/lib/python3.6/site-packages/airflow/example_dags/example_task_group.py
[2021-02-18 07:37:59,414] {scheduler_job.py:629} INFO - Processing file /home/airflow/.local/lib/python3.6/site-packages/airflow/example_dags/example_task_group.py for tasks to queue
[2021-02-18 07:37:59,415] {logging_mixin.py:104} INFO - [2021-02-18 07:37:59,415] {dagbag.py:448} INFO - Filling up the DagBag from /home/airflow/.local/lib/python3.6/site-packages/airflow/example_dags/example_task_group.py
[2021-02-18 07:37:59,427] {scheduler_job.py:639} INFO - DAG(s) dict_keys(['example_task_group']) retrieved from /home/airflow/.local/lib/python3.6/site-packages/airflow/example_dags/example_task_group.py
[2021-02-18 07:37:59,449] {logging_mixin.py:104} INFO - [2021-02-18 07:37:59,448] {dag.py:1818} INFO - Sync 1 DAGs
[2021-02-18 07:37:59,459] {logging_mixin.py:104} INFO - [2021-02-18 07:37:59,459] {dag.py:1837} INFO - Creating ORM DAG for example_task_group
[2021-02-18 07:37:59,465] {logging_mixin.py:104} INFO - [2021-02-18 07:37:59,465] {dag.py:2273} INFO - Setting next_dagrun for example_task_group to 2021-02-16 00:00:00+00:00
[2021-02-18 07:37:59,480] {scheduler_job.py:190} INFO - Processing /home/airflow/.local/lib/python3.6/site-packages/airflow/example_dags/example_task_group.py took 0.068 seconds
[2021-02-18 07:38:29,610] {scheduler_job.py:182} INFO - Started process (PID=79) to work on /home/airflow/.local/lib/python3.6/site-packages/airflow/example_dags/example_task_group.py
[2021-02-18 07:38:29,611] {scheduler_job.py:629} INFO - Processing file /home/airflow/.local/lib/python3.6/site-packages/airflow/example_dags/example_task_group.py for tasks to queue
[2021-02-18 07:38:29,611] {logging_mixin.py:104} INFO - [2021-02-18 07:38:29,611] {dagbag.py:448} INFO - Filling up the DagBag from /home/airflow/.local/lib/python3.6/site-packages/airflow/example_dags/example_task_group.py
[2021-02-18 07:38:29,620] {scheduler_job.py:639} INFO - DAG(s) dict_keys(['example_task_group']) retrieved from /home/airflow/.local/lib/python3.6/site-packages/airflow/example_dags/example_task_group.py
[2021-02-18 07:38:29,641] {logging_mixin.py:104} INFO - [2021-02-18 07:38:29,641] {dag.py:1818} INFO - Sync 1 DAGs
[2021-02-18 07:38:29,654] {logging_mixin.py:104} INFO - [2021-02-18 07:38:29,654] {dag.py:2273} INFO - Setting next_dagrun for example_task_group to 2021-02-16 00:00:00+00:00
[2021-02-18 07:38:29,661] {scheduler_job.py:190} INFO - Processing /home/airflow/.local/lib/python3.6/site-packages/airflow/example_dags/example_task_group.py took 0.056 seconds
[2021-02-18 07:38:59,718] {scheduler_job.py:182} INFO - Started process (PID=105) to work on /home/airflow/.local/lib/python3.6/site-packages/airflow/example_dags/example_task_group.py
[2021-02-18 07:38:59,719] {scheduler_job.py:629} INFO - Processing file /home/airflow/.local/lib/python3.6/site-packages/airflow/example_dags/example_task_group.py for tasks to queue
[2021-02-18 07:38:59,720] {logging_mixin.py:104} INFO - [2021-02-18 07:38:59,720] {dagbag.py:448} INFO - Filling up the DagBag from /home/airflow/.local/lib/python3.6/site-packages/airflow/example_dags/example_task_group.py
[2021-02-18 07:38:59,731] {scheduler_job.py:639} INFO - DAG(s) dict_keys(['example_task_group']) retrieved from /home/airflow/.local/lib/python3.6/site-packages/airflow/example_dags/example_task_group.py
[2021-02-18 07:38:59,753] {logging_mixin.py:104} INFO - [2021-02-18 07:38:59,753] {dag.py:1818} INFO - Sync 1 DAGs
[2021-02-18 07:38:59,765] {logging_mixin.py:104} INFO - [2021-02-18 07:38:59,765] {dag.py:2273} INFO - Setting next_dagrun for example_task_group to 2021-02-16 00:00:00+00:00
[2021-02-18 07:38:59,772] {scheduler_job.py:190} INFO - Processing /home/airflow/.local/lib/python3.6/site-packages/airflow/example_dags/example_task_group.py took 0.058 seconds
[2021-02-18 07:39:29,903] {scheduler_job.py:182} INFO - Started process (PID=131) to work on /home/airflow/.local/lib/python3.6/site-packages/airflow/example_dags/example_task_group.py
[2021-02-18 07:39:29,904] {scheduler_job.py:629} INFO - Processing file /home/airflow/.local/lib/python3.6/site-packages/airflow/example_dags/example_task_group.py for tasks to queue
[2021-02-18 07:39:29,904] {logging_mixin.py:104} INFO - [2021-02-18 07:39:29,904] {dagbag.py:448} INFO - Filling up the DagBag from /home/airflow/.local/lib/python3.6/site-packages/airflow/example_dags/example_task_group.py
[2021-02-18 07:39:29,915] {scheduler_job.py:639} INFO - DAG(s) dict_keys(['example_task_group']) retrieved from /home/airflow/.local/lib/python3.6/site-packages/airflow/example_dags/example_task_group.py
[2021-02-18 07:39:29,934] {logging_mixin.py:104} INFO - [2021-02-18 07:39:29,934] {dag.py:1818} INFO - Sync 1 DAGs
[2021-02-18 07:39:29,948] {logging_mixin.py:104} INFO - [2021-02-18 07:39:29,948] {dag.py:2273} INFO - Setting next_dagrun for example_task_group to 2021-02-16 00:00:00+00:00
[2021-02-18 07:39:29,955] {scheduler_job.py:190} INFO - Processing /home/airflow/.local/lib/python3.6/site-packages/airflow/example_dags/example_task_group.py took 0.055 seconds
[2021-02-18 07:40:00,162] {scheduler_job.py:182} INFO - Started process (PID=155) to work on /home/airflow/.local/lib/python3.6/site-packages/airflow/example_dags/example_task_group.py
[2021-02-18 07:40:00,163] {scheduler_job.py:629} INFO - Processing file /home/airflow/.local/lib/python3.6/site-packages/airflow/example_dags/example_task_group.py for tasks to queue
[2021-02-18 07:40:00,163] {logging_mixin.py:104} INFO - [2021-02-18 07:40:00,163] {dagbag.py:448} INFO - Filling up the DagBag from /home/airflow/.local/lib/python3.6/site-packages/airflow/example_dags/example_task_group.py
[2021-02-18 07:40:00,173] {scheduler_job.py:639} INFO - DAG(s) dict_keys(['example_task_group']) retrieved from /home/airflow/.local/lib/python3.6/site-packages/airflow/example_dags/example_task_group.py
[2021-02-18 07:40:00,194] {logging_mixin.py:104} INFO - [2021-02-18 07:40:00,194] {dag.py:1818} INFO - Sync 1 DAGs
[2021-02-18 07:40:00,209] {logging_mixin.py:104} INFO - [2021-02-18 07:40:00,209] {dag.py:2273} INFO - Setting next_dagrun for example_task_group to 2021-02-16 00:00:00+00:00
[2021-02-18 07:40:00,223] {scheduler_job.py:190} INFO - Processing /home/airflow/.local/lib/python3.6/site-packages/airflow/example_dags/example_task_group.py took 0.065 seconds
[2021-02-18 07:40:30,356] {scheduler_job.py:182} INFO - Started process (PID=181) to work on /home/airflow/.local/lib/python3.6/site-packages/airflow/example_dags/example_task_group.py
[2021-02-18 07:40:30,358] {scheduler_job.py:629} INFO - Processing file /home/airflow/.local/lib/python3.6/site-packages/airflow/example_dags/example_task_group.py for tasks to queue
[2021-02-18 07:40:30,359] {logging_mixin.py:104} INFO - [2021-02-18 07:40:30,359] {dagbag.py:448} INFO - Filling up the DagBag from /home/airflow/.local/lib/python3.6/site-packages/airflow/example_dags/example_task_group.py
[2021-02-18 07:40:30,367] {scheduler_job.py:639} INFO - DAG(s) dict_keys(['example_task_group']) retrieved from /home/airflow/.local/lib/python3.6/site-packages/airflow/example_dags/example_task_group.py
[2021-02-18 07:40:30,386] {logging_mixin.py:104} INFO - [2021-02-18 07:40:30,386] {dag.py:1818} INFO - Sync 1 DAGs
[2021-02-18 07:40:30,399] {logging_mixin.py:104} INFO - [2021-02-18 07:40:30,399] {dag.py:2273} INFO - Setting next_dagrun for example_task_group to 2021-02-16 00:00:00+00:00
[2021-02-18 07:40:30,405] {scheduler_job.py:190} INFO - Processing /home/airflow/.local/lib/python3.6/site-packages/airflow/example_dags/example_task_group.py took 0.052 seconds
[2021-02-18 07:41:00,448] {scheduler_job.py:182} INFO - Started process (PID=207) to work on /home/airflow/.local/lib/python3.6/site-packages/airflow/example_dags/example_task_group.py
[2021-02-18 07:41:00,449] {scheduler_job.py:629} INFO - Processing file /home/airflow/.local/lib/python3.6/site-packages/airflow/example_dags/example_task_group.py for tasks to queue
[2021-02-18 07:41:00,450] {logging_mixin.py:104} INFO - [2021-02-18 07:41:00,450] {dagbag.py:448} INFO - Filling up the DagBag from /home/airflow/.local/lib/python3.6/site-packages/airflow/example_dags/example_task_group.py
[2021-02-18 07:41:00,461] {scheduler_job.py:639} INFO - DAG(s) dict_keys(['example_task_group']) retrieved from /home/airflow/.local/lib/python3.6/site-packages/airflow/example_dags/example_task_group.py
[2021-02-18 07:41:00,480] {logging_mixin.py:104} INFO - [2021-02-18 07:41:00,480] {dag.py:1818} INFO - Sync 1 DAGs
[2021-02-18 07:41:00,494] {logging_mixin.py:104} INFO - [2021-02-18 07:41:00,494] {dag.py:2273} INFO - Setting next_dagrun for example_task_group to 2021-02-16 00:00:00+00:00
[2021-02-18 07:41:00,500] {scheduler_job.py:190} INFO - Processing /home/airflow/.local/lib/python3.6/site-packages/airflow/example_dags/example_task_group.py took 0.055 seconds
[2021-02-18 07:41:30,551] {scheduler_job.py:182} INFO - Started process (PID=233) to work on /home/airflow/.local/lib/python3.6/site-packages/airflow/example_dags/example_task_group.py
[2021-02-18 07:41:30,552] {scheduler_job.py:629} INFO - Processing file /home/airflow/.local/lib/python3.6/site-packages/airflow/example_dags/example_task_group.py for tasks to queue
[2021-02-18 07:41:30,552] {logging_mixin.py:104} INFO - [2021-02-18 07:41:30,552] {dagbag.py:448} INFO - Filling up the DagBag from /home/airflow/.local/lib/python3.6/site-packages/airflow/example_dags/example_task_group.py
[2021-02-18 07:41:30,563] {scheduler_job.py:639} INFO - DAG(s) dict_keys(['example_task_group']) retrieved from /home/airflow/.local/lib/python3.6/site-packages/airflow/example_dags/example_task_group.py
[2021-02-18 07:41:30,583] {logging_mixin.py:104} INFO - [2021-02-18 07:41:30,583] {dag.py:1818} INFO - Sync 1 DAGs
[2021-02-18 07:41:30,595] {logging_mixin.py:104} INFO - [2021-02-18 07:41:30,595] {dag.py:2273} INFO - Setting next_dagrun for example_task_group to 2021-02-16 00:00:00+00:00
[2021-02-18 07:41:30,603] {scheduler_job.py:190} INFO - Processing /home/airflow/.local/lib/python3.6/site-packages/airflow/example_dags/example_task_group.py took 0.056 seconds
[2021-02-18 07:42:01,577] {scheduler_job.py:182} INFO - Started process (PID=259) to work on /home/airflow/.local/lib/python3.6/site-packages/airflow/example_dags/example_task_group.py
[2021-02-18 07:42:01,578] {scheduler_job.py:629} INFO - Processing file /home/airflow/.local/lib/python3.6/site-packages/airflow/example_dags/example_task_group.py for tasks to queue
[2021-02-18 07:42:01,578] {logging_mixin.py:104} INFO - [2021-02-18 07:42:01,578] {dagbag.py:448} INFO - Filling up the DagBag from /home/airflow/.local/lib/python3.6/site-packages/airflow/example_dags/example_task_group.py
[2021-02-18 07:42:01,588] {scheduler_job.py:639} INFO - DAG(s) dict_keys(['example_task_group']) retrieved from /home/airflow/.local/lib/python3.6/site-packages/airflow/example_dags/example_task_group.py
[2021-02-18 07:42:01,610] {logging_mixin.py:104} INFO - [2021-02-18 07:42:01,610] {dag.py:1818} INFO - Sync 1 DAGs
[2021-02-18 07:42:01,623] {logging_mixin.py:104} INFO - [2021-02-18 07:42:01,623] {dag.py:2273} INFO - Setting next_dagrun for example_task_group to 2021-02-16 00:00:00+00:00
[2021-02-18 07:42:01,629] {scheduler_job.py:190} INFO - Processing /home/airflow/.local/lib/python3.6/site-packages/airflow/example_dags/example_task_group.py took 0.054 seconds
[2021-02-18 07:42:31,680] {scheduler_job.py:182} INFO - Started process (PID=285) to work on /home/airflow/.local/lib/python3.6/site-packages/airflow/example_dags/example_task_group.py
[2021-02-18 07:42:31,682] {scheduler_job.py:629} INFO - Processing file /home/airflow/.local/lib/python3.6/site-packages/airflow/example_dags/example_task_group.py for tasks to queue
[2021-02-18 07:42:31,683] {logging_mixin.py:104} INFO - [2021-02-18 07:42:31,682] {dagbag.py:448} INFO - Filling up the DagBag from /home/airflow/.local/lib/python3.6/site-packages/airflow/example_dags/example_task_group.py
[2021-02-18 07:42:31,694] {scheduler_job.py:639} INFO - DAG(s) dict_keys(['example_task_group']) retrieved from /home/airflow/.local/lib/python3.6/site-packages/airflow/example_dags/example_task_group.py
[2021-02-18 07:42:31,716] {logging_mixin.py:104} INFO - [2021-02-18 07:42:31,716] {dag.py:1818} INFO - Sync 1 DAGs
[2021-02-18 07:42:31,727] {logging_mixin.py:104} INFO - [2021-02-18 07:42:31,727] {dag.py:2273} INFO - Setting next_dagrun for example_task_group to 2021-02-16 00:00:00+00:00
[2021-02-18 07:42:31,734] {scheduler_job.py:190} INFO - Processing /home/airflow/.local/lib/python3.6/site-packages/airflow/example_dags/example_task_group.py took 0.058 seconds
[2021-02-18 07:43:01,901] {scheduler_job.py:182} INFO - Started process (PID=311) to work on /home/airflow/.local/lib/python3.6/site-packages/airflow/example_dags/example_task_group.py
[2021-02-18 07:43:01,903] {scheduler_job.py:629} INFO - Processing file /home/airflow/.local/lib/python3.6/site-packages/airflow/example_dags/example_task_group.py for tasks to queue
[2021-02-18 07:43:01,903] {logging_mixin.py:104} INFO - [2021-02-18 07:43:01,903] {dagbag.py:448} INFO - Filling up the DagBag from /home/airflow/.local/lib/python3.6/site-packages/airflow/example_dags/example_task_group.py
[2021-02-18 07:43:01,914] {scheduler_job.py:639} INFO - DAG(s) dict_keys(['example_task_group']) retrieved from /home/airflow/.local/lib/python3.6/site-packages/airflow/example_dags/example_task_group.py
[2021-02-18 07:43:01,933] {logging_mixin.py:104} INFO - [2021-02-18 07:43:01,933] {dag.py:1818} INFO - Sync 1 DAGs
[2021-02-18 07:43:01,945] {logging_mixin.py:104} INFO - [2021-02-18 07:43:01,945] {dag.py:2273} INFO - Setting next_dagrun for example_task_group to 2021-02-16 00:00:00+00:00
[2021-02-18 07:43:01,952] {scheduler_job.py:190} INFO - Processing /home/airflow/.local/lib/python3.6/site-packages/airflow/example_dags/example_task_group.py took 0.054 seconds
[2021-02-18 07:43:32,128] {scheduler_job.py:182} INFO - Started process (PID=336) to work on /home/airflow/.local/lib/python3.6/site-packages/airflow/example_dags/example_task_group.py
[2021-02-18 07:43:32,129] {scheduler_job.py:629} INFO - Processing file /home/airflow/.local/lib/python3.6/site-packages/airflow/example_dags/example_task_group.py for tasks to queue
[2021-02-18 07:43:32,130] {logging_mixin.py:104} INFO - [2021-02-18 07:43:32,130] {dagbag.py:448} INFO - Filling up the DagBag from /home/airflow/.local/lib/python3.6/site-packages/airflow/example_dags/example_task_group.py
[2021-02-18 07:43:32,143] {scheduler_job.py:639} INFO - DAG(s) dict_keys(['example_task_group']) retrieved from /home/airflow/.local/lib/python3.6/site-packages/airflow/example_dags/example_task_group.py
[2021-02-18 07:43:32,169] {logging_mixin.py:104} INFO - [2021-02-18 07:43:32,169] {dag.py:1818} INFO - Sync 1 DAGs
[2021-02-18 07:43:32,184] {logging_mixin.py:104} INFO - [2021-02-18 07:43:32,184] {dag.py:2273} INFO - Setting next_dagrun for example_task_group to 2021-02-16 00:00:00+00:00
[2021-02-18 07:43:32,192] {scheduler_job.py:190} INFO - Processing /home/airflow/.local/lib/python3.6/site-packages/airflow/example_dags/example_task_group.py took 0.068 seconds
[2021-02-18 07:44:02,248] {scheduler_job.py:182} INFO - Started process (PID=362) to work on /home/airflow/.local/lib/python3.6/site-packages/airflow/example_dags/example_task_group.py
[2021-02-18 07:44:02,250] {scheduler_job.py:629} INFO - Processing file /home/airflow/.local/lib/python3.6/site-packages/airflow/example_dags/example_task_group.py for tasks to queue
[2021-02-18 07:44:02,251] {logging_mixin.py:104} INFO - [2021-02-18 07:44:02,251] {dagbag.py:448} INFO - Filling up the DagBag from /home/airflow/.local/lib/python3.6/site-packages/airflow/example_dags/example_task_group.py
[2021-02-18 07:44:02,261] {scheduler_job.py:639} INFO - DAG(s) dict_keys(['example_task_group']) retrieved from /home/airflow/.local/lib/python3.6/site-packages/airflow/example_dags/example_task_group.py
[2021-02-18 07:44:02,279] {logging_mixin.py:104} INFO - [2021-02-18 07:44:02,279] {dag.py:1818} INFO - Sync 1 DAGs
[2021-02-18 07:44:02,291] {logging_mixin.py:104} INFO - [2021-02-18 07:44:02,291] {dag.py:2273} INFO - Setting next_dagrun for example_task_group to 2021-02-16 00:00:00+00:00
[2021-02-18 07:44:02,300] {scheduler_job.py:190} INFO - Processing /home/airflow/.local/lib/python3.6/site-packages/airflow/example_dags/example_task_group.py took 0.056 seconds
[2021-02-18 07:44:32,519] {scheduler_job.py:182} INFO - Started process (PID=388) to work on /home/airflow/.local/lib/python3.6/site-packages/airflow/example_dags/example_task_group.py
[2021-02-18 07:44:32,520] {scheduler_job.py:629} INFO - Processing file /home/airflow/.local/lib/python3.6/site-packages/airflow/example_dags/example_task_group.py for tasks to queue
[2021-02-18 07:44:32,521] {logging_mixin.py:104} INFO - [2021-02-18 07:44:32,521] {dagbag.py:448} INFO - Filling up the DagBag from /home/airflow/.local/lib/python3.6/site-packages/airflow/example_dags/example_task_group.py
[2021-02-18 07:44:32,532] {scheduler_job.py:639} INFO - DAG(s) dict_keys(['example_task_group']) retrieved from /home/airflow/.local/lib/python3.6/site-packages/airflow/example_dags/example_task_group.py
[2021-02-18 07:44:32,557] {logging_mixin.py:104} INFO - [2021-02-18 07:44:32,557] {dag.py:1818} INFO - Sync 1 DAGs
[2021-02-18 07:44:32,570] {logging_mixin.py:104} INFO - [2021-02-18 07:44:32,570] {dag.py:2273} INFO - Setting next_dagrun for example_task_group to 2021-02-16 00:00:00+00:00
[2021-02-18 07:44:32,580] {scheduler_job.py:190} INFO - Processing /home/airflow/.local/lib/python3.6/site-packages/airflow/example_dags/example_task_group.py took 0.064 seconds
[2021-02-18 07:45:02,688] {scheduler_job.py:182} INFO - Started process (PID=414) to work on /home/airflow/.local/lib/python3.6/site-packages/airflow/example_dags/example_task_group.py
[2021-02-18 07:45:02,691] {scheduler_job.py:629} INFO - Processing file /home/airflow/.local/lib/python3.6/site-packages/airflow/example_dags/example_task_group.py for tasks to queue
[2021-02-18 07:45:02,691] {logging_mixin.py:104} INFO - [2021-02-18 07:45:02,691] {dagbag.py:448} INFO - Filling up the DagBag from /home/airflow/.local/lib/python3.6/site-packages/airflow/example_dags/example_task_group.py
[2021-02-18 07:45:02,701] {scheduler_job.py:639} INFO - DAG(s) dict_keys(['example_task_group']) retrieved from /home/airflow/.local/lib/python3.6/site-packages/airflow/example_dags/example_task_group.py
[2021-02-18 07:45:02,720] {logging_mixin.py:104} INFO - [2021-02-18 07:45:02,720] {dag.py:1818} INFO - Sync 1 DAGs
[2021-02-18 07:45:02,734] {logging_mixin.py:104} INFO - [2021-02-18 07:45:02,734] {dag.py:2273} INFO - Setting next_dagrun for example_task_group to 2021-02-16 00:00:00+00:00
[2021-02-18 07:45:02,742] {scheduler_job.py:190} INFO - Processing /home/airflow/.local/lib/python3.6/site-packages/airflow/example_dags/example_task_group.py took 0.057 seconds
[2021-02-18 07:45:32,835] {scheduler_job.py:182} INFO - Started process (PID=439) to work on /home/airflow/.local/lib/python3.6/site-packages/airflow/example_dags/example_task_group.py
[2021-02-18 07:45:32,836] {scheduler_job.py:629} INFO - Processing file /home/airflow/.local/lib/python3.6/site-packages/airflow/example_dags/example_task_group.py for tasks to queue
[2021-02-18 07:45:32,837] {logging_mixin.py:104} INFO - [2021-02-18 07:45:32,837] {dagbag.py:448} INFO - Filling up the DagBag from /home/airflow/.local/lib/python3.6/site-packages/airflow/example_dags/example_task_group.py
[2021-02-18 07:45:32,845] {scheduler_job.py:639} INFO - DAG(s) dict_keys(['example_task_group']) retrieved from /home/airflow/.local/lib/python3.6/site-packages/airflow/example_dags/example_task_group.py
[2021-02-18 07:45:32,864] {logging_mixin.py:104} INFO - [2021-02-18 07:45:32,863] {dag.py:1818} INFO - Sync 1 DAGs
[2021-02-18 07:45:32,879] {logging_mixin.py:104} INFO - [2021-02-18 07:45:32,878] {dag.py:2273} INFO - Setting next_dagrun for example_task_group to 2021-02-16 00:00:00+00:00
[2021-02-18 07:45:32,886] {scheduler_job.py:190} INFO - Processing /home/airflow/.local/lib/python3.6/site-packages/airflow/example_dags/example_task_group.py took 0.054 seconds
[2021-02-18 07:46:02,924] {scheduler_job.py:182} INFO - Started process (PID=461) to work on /home/airflow/.local/lib/python3.6/site-packages/airflow/example_dags/example_task_group.py
[2021-02-18 07:46:02,925] {scheduler_job.py:629} INFO - Processing file /home/airflow/.local/lib/python3.6/site-packages/airflow/example_dags/example_task_group.py for tasks to queue
[2021-02-18 07:46:02,926] {logging_mixin.py:104} INFO - [2021-02-18 07:46:02,926] {dagbag.py:448} INFO - Filling up the DagBag from /home/airflow/.local/lib/python3.6/site-packages/airflow/example_dags/example_task_group.py
[2021-02-18 07:46:02,936] {scheduler_job.py:639} INFO - DAG(s) dict_keys(['example_task_group']) retrieved from /home/airflow/.local/lib/python3.6/site-packages/airflow/example_dags/example_task_group.py
[2021-02-18 07:46:02,958] {logging_mixin.py:104} INFO - [2021-02-18 07:46:02,958] {dag.py:1818} INFO - Sync 1 DAGs
[2021-02-18 07:46:02,973] {logging_mixin.py:104} INFO - [2021-02-18 07:46:02,972] {dag.py:2273} INFO - Setting next_dagrun for example_task_group to 2021-02-16 00:00:00+00:00
[2021-02-18 07:46:02,980] {scheduler_job.py:190} INFO - Processing /home/airflow/.local/lib/python3.6/site-packages/airflow/example_dags/example_task_group.py took 0.058 seconds
[2021-02-18 07:46:33,005] {scheduler_job.py:182} INFO - Started process (PID=486) to work on /home/airflow/.local/lib/python3.6/site-packages/airflow/example_dags/example_task_group.py
[2021-02-18 07:46:33,007] {scheduler_job.py:629} INFO - Processing file /home/airflow/.local/lib/python3.6/site-packages/airflow/example_dags/example_task_group.py for tasks to queue
[2021-02-18 07:46:33,007] {logging_mixin.py:104} INFO - [2021-02-18 07:46:33,007] {dagbag.py:448} INFO - Filling up the DagBag from /home/airflow/.local/lib/python3.6/site-packages/airflow/example_dags/example_task_group.py
[2021-02-18 07:46:33,017] {scheduler_job.py:639} INFO - DAG(s) dict_keys(['example_task_group']) retrieved from /home/airflow/.local/lib/python3.6/site-packages/airflow/example_dags/example_task_group.py
[2021-02-18 07:46:33,038] {logging_mixin.py:104} INFO - [2021-02-18 07:46:33,037] {dag.py:1818} INFO - Sync 1 DAGs
[2021-02-18 07:46:33,055] {logging_mixin.py:104} INFO - [2021-02-18 07:46:33,054] {dag.py:2273} INFO - Setting next_dagrun for example_task_group to 2021-02-16 00:00:00+00:00
[2021-02-18 07:46:33,065] {scheduler_job.py:190} INFO - Processing /home/airflow/.local/lib/python3.6/site-packages/airflow/example_dags/example_task_group.py took 0.062 seconds
[2021-02-18 07:47:03,127] {scheduler_job.py:182} INFO - Started process (PID=511) to work on /home/airflow/.local/lib/python3.6/site-packages/airflow/example_dags/example_task_group.py
[2021-02-18 07:47:03,128] {scheduler_job.py:629} INFO - Processing file /home/airflow/.local/lib/python3.6/site-packages/airflow/example_dags/example_task_group.py for tasks to queue
[2021-02-18 07:47:03,130] {logging_mixin.py:104} INFO - [2021-02-18 07:47:03,129] {dagbag.py:448} INFO - Filling up the DagBag from /home/airflow/.local/lib/python3.6/site-packages/airflow/example_dags/example_task_group.py
[2021-02-18 07:47:03,142] {scheduler_job.py:639} INFO - DAG(s) dict_keys(['example_task_group']) retrieved from /home/airflow/.local/lib/python3.6/site-packages/airflow/example_dags/example_task_group.py
[2021-02-18 07:47:03,162] {logging_mixin.py:104} INFO - [2021-02-18 07:47:03,162] {dag.py:1818} INFO - Sync 1 DAGs
[2021-02-18 07:47:03,175] {logging_mixin.py:104} INFO - [2021-02-18 07:47:03,174] {dag.py:2273} INFO - Setting next_dagrun for example_task_group to 2021-02-16 00:00:00+00:00
[2021-02-18 07:47:03,180] {scheduler_job.py:190} INFO - Processing /home/airflow/.local/lib/python3.6/site-packages/airflow/example_dags/example_task_group.py took 0.056 seconds
[2021-02-18 07:47:33,333] {scheduler_job.py:182} INFO - Started process (PID=538) to work on /home/airflow/.local/lib/python3.6/site-packages/airflow/example_dags/example_task_group.py
[2021-02-18 07:47:33,335] {scheduler_job.py:629} INFO - Processing file /home/airflow/.local/lib/python3.6/site-packages/airflow/example_dags/example_task_group.py for tasks to queue
[2021-02-18 07:47:33,335] {logging_mixin.py:104} INFO - [2021-02-18 07:47:33,335] {dagbag.py:448} INFO - Filling up the DagBag from /home/airflow/.local/lib/python3.6/site-packages/airflow/example_dags/example_task_group.py
[2021-02-18 07:47:33,344] {scheduler_job.py:639} INFO - DAG(s) dict_keys(['example_task_group']) retrieved from /home/airflow/.local/lib/python3.6/site-packages/airflow/example_dags/example_task_group.py
[2021-02-18 07:47:33,364] {logging_mixin.py:104} INFO - [2021-02-18 07:47:33,364] {dag.py:1818} INFO - Sync 1 DAGs
[2021-02-18 07:47:33,378] {logging_mixin.py:104} INFO - [2021-02-18 07:47:33,378] {dag.py:2273} INFO - Setting next_dagrun for example_task_group to 2021-02-16 00:00:00+00:00
[2021-02-18 07:47:33,389] {scheduler_job.py:190} INFO - Processing /home/airflow/.local/lib/python3.6/site-packages/airflow/example_dags/example_task_group.py took 0.062 seconds
[2021-02-18 07:48:03,457] {scheduler_job.py:182} INFO - Started process (PID=564) to work on /home/airflow/.local/lib/python3.6/site-packages/airflow/example_dags/example_task_group.py
[2021-02-18 07:48:03,459] {scheduler_job.py:629} INFO - Processing file /home/airflow/.local/lib/python3.6/site-packages/airflow/example_dags/example_task_group.py for tasks to queue
[2021-02-18 07:48:03,459] {logging_mixin.py:104} INFO - [2021-02-18 07:48:03,459] {dagbag.py:448} INFO - Filling up the DagBag from /home/airflow/.local/lib/python3.6/site-packages/airflow/example_dags/example_task_group.py
[2021-02-18 07:48:03,471] {scheduler_job.py:639} INFO - DAG(s) dict_keys(['example_task_group']) retrieved from /home/airflow/.local/lib/python3.6/site-packages/airflow/example_dags/example_task_group.py
[2021-02-18 07:48:03,494] {logging_mixin.py:104} INFO - [2021-02-18 07:48:03,494] {dag.py:1818} INFO - Sync 1 DAGs
[2021-02-18 07:48:03,505] {logging_mixin.py:104} INFO - [2021-02-18 07:48:03,505] {dag.py:2273} INFO - Setting next_dagrun for example_task_group to 2021-02-16 00:00:00+00:00
[2021-02-18 07:48:03,513] {scheduler_job.py:190} INFO - Processing /home/airflow/.local/lib/python3.6/site-packages/airflow/example_dags/example_task_group.py took 0.060 seconds
[2021-02-18 07:48:33,575] {scheduler_job.py:182} INFO - Started process (PID=590) to work on /home/airflow/.local/lib/python3.6/site-packages/airflow/example_dags/example_task_group.py
[2021-02-18 07:48:33,576] {scheduler_job.py:629} INFO - Processing file /home/airflow/.local/lib/python3.6/site-packages/airflow/example_dags/example_task_group.py for tasks to queue
[2021-02-18 07:48:33,577] {logging_mixin.py:104} INFO - [2021-02-18 07:48:33,577] {dagbag.py:448} INFO - Filling up the DagBag from /home/airflow/.local/lib/python3.6/site-packages/airflow/example_dags/example_task_group.py
[2021-02-18 07:48:33,588] {scheduler_job.py:639} INFO - DAG(s) dict_keys(['example_task_group']) retrieved from /home/airflow/.local/lib/python3.6/site-packages/airflow/example_dags/example_task_group.py
[2021-02-18 07:48:33,615] {logging_mixin.py:104} INFO - [2021-02-18 07:48:33,615] {dag.py:1818} INFO - Sync 1 DAGs
[2021-02-18 07:48:33,630] {logging_mixin.py:104} INFO - [2021-02-18 07:48:33,630] {dag.py:2273} INFO - Setting next_dagrun for example_task_group to 2021-02-16 00:00:00+00:00
[2021-02-18 07:48:33,636] {scheduler_job.py:190} INFO - Processing /home/airflow/.local/lib/python3.6/site-packages/airflow/example_dags/example_task_group.py took 0.065 seconds
[2021-02-18 07:49:03,711] {scheduler_job.py:182} INFO - Started process (PID=616) to work on /home/airflow/.local/lib/python3.6/site-packages/airflow/example_dags/example_task_group.py
[2021-02-18 07:49:03,712] {scheduler_job.py:629} INFO - Processing file /home/airflow/.local/lib/python3.6/site-packages/airflow/example_dags/example_task_group.py for tasks to queue
[2021-02-18 07:49:03,713] {logging_mixin.py:104} INFO - [2021-02-18 07:49:03,713] {dagbag.py:448} INFO - Filling up the DagBag from /home/airflow/.local/lib/python3.6/site-packages/airflow/example_dags/example_task_group.py
[2021-02-18 07:49:03,725] {scheduler_job.py:639} INFO - DAG(s) dict_keys(['example_task_group']) retrieved from /home/airflow/.local/lib/python3.6/site-packages/airflow/example_dags/example_task_group.py
[2021-02-18 07:49:03,749] {logging_mixin.py:104} INFO - [2021-02-18 07:49:03,749] {dag.py:1818} INFO - Sync 1 DAGs
[2021-02-18 07:49:03,760] {logging_mixin.py:104} INFO - [2021-02-18 07:49:03,760] {dag.py:2273} INFO - Setting next_dagrun for example_task_group to 2021-02-16 00:00:00+00:00
[2021-02-18 07:49:03,767] {scheduler_job.py:190} INFO - Processing /home/airflow/.local/lib/python3.6/site-packages/airflow/example_dags/example_task_group.py took 0.059 seconds
[2021-02-18 07:49:33,791] {scheduler_job.py:182} INFO - Started process (PID=642) to work on /home/airflow/.local/lib/python3.6/site-packages/airflow/example_dags/example_task_group.py
[2021-02-18 07:49:33,792] {scheduler_job.py:629} INFO - Processing file /home/airflow/.local/lib/python3.6/site-packages/airflow/example_dags/example_task_group.py for tasks to queue
[2021-02-18 07:49:33,792] {logging_mixin.py:104} INFO - [2021-02-18 07:49:33,792] {dagbag.py:448} INFO - Filling up the DagBag from /home/airflow/.local/lib/python3.6/site-packages/airflow/example_dags/example_task_group.py
[2021-02-18 07:49:33,800] {scheduler_job.py:639} INFO - DAG(s) dict_keys(['example_task_group']) retrieved from /home/airflow/.local/lib/python3.6/site-packages/airflow/example_dags/example_task_group.py
[2021-02-18 07:49:33,820] {logging_mixin.py:104} INFO - [2021-02-18 07:49:33,820] {dag.py:1818} INFO - Sync 1 DAGs
[2021-02-18 07:49:33,832] {logging_mixin.py:104} INFO - [2021-02-18 07:49:33,832] {dag.py:2273} INFO - Setting next_dagrun for example_task_group to 2021-02-16 00:00:00+00:00
[2021-02-18 07:49:33,840] {scheduler_job.py:190} INFO - Processing /home/airflow/.local/lib/python3.6/site-packages/airflow/example_dags/example_task_group.py took 0.051 seconds
[2021-02-18 07:50:03,941] {scheduler_job.py:182} INFO - Started process (PID=668) to work on /home/airflow/.local/lib/python3.6/site-packages/airflow/example_dags/example_task_group.py
[2021-02-18 07:50:03,943] {scheduler_job.py:629} INFO - Processing file /home/airflow/.local/lib/python3.6/site-packages/airflow/example_dags/example_task_group.py for tasks to queue
[2021-02-18 07:50:03,944] {logging_mixin.py:104} INFO - [2021-02-18 07:50:03,944] {dagbag.py:448} INFO - Filling up the DagBag from /home/airflow/.local/lib/python3.6/site-packages/airflow/example_dags/example_task_group.py
[2021-02-18 07:50:03,955] {scheduler_job.py:639} INFO - DAG(s) dict_keys(['example_task_group']) retrieved from /home/airflow/.local/lib/python3.6/site-packages/airflow/example_dags/example_task_group.py
[2021-02-18 07:50:03,977] {logging_mixin.py:104} INFO - [2021-02-18 07:50:03,977] {dag.py:1818} INFO - Sync 1 DAGs
[2021-02-18 07:50:03,989] {logging_mixin.py:104} INFO - [2021-02-18 07:50:03,989] {dag.py:2273} INFO - Setting next_dagrun for example_task_group to 2021-02-16 00:00:00+00:00
[2021-02-18 07:50:03,996] {scheduler_job.py:190} INFO - Processing /home/airflow/.local/lib/python3.6/site-packages/airflow/example_dags/example_task_group.py took 0.058 seconds
[2021-02-18 07:50:34,030] {scheduler_job.py:182} INFO - Started process (PID=693) to work on /home/airflow/.local/lib/python3.6/site-packages/airflow/example_dags/example_task_group.py
[2021-02-18 07:50:34,032] {scheduler_job.py:629} INFO - Processing file /home/airflow/.local/lib/python3.6/site-packages/airflow/example_dags/example_task_group.py for tasks to queue
[2021-02-18 07:50:34,032] {logging_mixin.py:104} INFO - [2021-02-18 07:50:34,032] {dagbag.py:448} INFO - Filling up the DagBag from /home/airflow/.local/lib/python3.6/site-packages/airflow/example_dags/example_task_group.py
[2021-02-18 07:50:34,043] {scheduler_job.py:639} INFO - DAG(s) dict_keys(['example_task_group']) retrieved from /home/airflow/.local/lib/python3.6/site-packages/airflow/example_dags/example_task_group.py
[2021-02-18 07:50:34,064] {logging_mixin.py:104} INFO - [2021-02-18 07:50:34,063] {dag.py:1818} INFO - Sync 1 DAGs
[2021-02-18 07:50:34,076] {logging_mixin.py:104} INFO - [2021-02-18 07:50:34,076] {dag.py:2273} INFO - Setting next_dagrun for example_task_group to 2021-02-16 00:00:00+00:00
[2021-02-18 07:50:34,084] {scheduler_job.py:190} INFO - Processing /home/airflow/.local/lib/python3.6/site-packages/airflow/example_dags/example_task_group.py took 0.057 seconds
[2021-02-18 07:51:04,259] {scheduler_job.py:182} INFO - Started process (PID=719) to work on /home/airflow/.local/lib/python3.6/site-packages/airflow/example_dags/example_task_group.py
[2021-02-18 07:51:04,260] {scheduler_job.py:629} INFO - Processing file /home/airflow/.local/lib/python3.6/site-packages/airflow/example_dags/example_task_group.py for tasks to queue
[2021-02-18 07:51:04,261] {logging_mixin.py:104} INFO - [2021-02-18 07:51:04,261] {dagbag.py:448} INFO - Filling up the DagBag from /home/airflow/.local/lib/python3.6/site-packages/airflow/example_dags/example_task_group.py
[2021-02-18 07:51:04,273] {scheduler_job.py:639} INFO - DAG(s) dict_keys(['example_task_group']) retrieved from /home/airflow/.local/lib/python3.6/site-packages/airflow/example_dags/example_task_group.py
[2021-02-18 07:51:04,294] {logging_mixin.py:104} INFO - [2021-02-18 07:51:04,294] {dag.py:1818} INFO - Sync 1 DAGs
[2021-02-18 07:51:04,306] {logging_mixin.py:104} INFO - [2021-02-18 07:51:04,306] {dag.py:2273} INFO - Setting next_dagrun for example_task_group to 2021-02-16 00:00:00+00:00
[2021-02-18 07:51:04,314] {scheduler_job.py:190} INFO - Processing /home/airflow/.local/lib/python3.6/site-packages/airflow/example_dags/example_task_group.py took 0.059 seconds
[2021-02-18 07:51:34,342] {scheduler_job.py:182} INFO - Started process (PID=745) to work on /home/airflow/.local/lib/python3.6/site-packages/airflow/example_dags/example_task_group.py
[2021-02-18 07:51:34,343] {scheduler_job.py:629} INFO - Processing file /home/airflow/.local/lib/python3.6/site-packages/airflow/example_dags/example_task_group.py for tasks to queue
[2021-02-18 07:51:34,343] {logging_mixin.py:104} INFO - [2021-02-18 07:51:34,343] {dagbag.py:448} INFO - Filling up the DagBag from /home/airflow/.local/lib/python3.6/site-packages/airflow/example_dags/example_task_group.py
[2021-02-18 07:51:34,355] {scheduler_job.py:639} INFO - DAG(s) dict_keys(['example_task_group']) retrieved from /home/airflow/.local/lib/python3.6/site-packages/airflow/example_dags/example_task_group.py
[2021-02-18 07:51:34,375] {logging_mixin.py:104} INFO - [2021-02-18 07:51:34,375] {dag.py:1818} INFO - Sync 1 DAGs
[2021-02-18 07:51:34,388] {logging_mixin.py:104} INFO - [2021-02-18 07:51:34,388] {dag.py:2273} INFO - Setting next_dagrun for example_task_group to 2021-02-16 00:00:00+00:00
[2021-02-18 07:51:34,395] {scheduler_job.py:190} INFO - Processing /home/airflow/.local/lib/python3.6/site-packages/airflow/example_dags/example_task_group.py took 0.056 seconds
[2021-02-18 07:52:04,527] {scheduler_job.py:182} INFO - Started process (PID=770) to work on /home/airflow/.local/lib/python3.6/site-packages/airflow/example_dags/example_task_group.py
[2021-02-18 07:52:04,528] {scheduler_job.py:629} INFO - Processing file /home/airflow/.local/lib/python3.6/site-packages/airflow/example_dags/example_task_group.py for tasks to queue
[2021-02-18 07:52:04,528] {logging_mixin.py:104} INFO - [2021-02-18 07:52:04,528] {dagbag.py:448} INFO - Filling up the DagBag from /home/airflow/.local/lib/python3.6/site-packages/airflow/example_dags/example_task_group.py
[2021-02-18 07:52:04,540] {scheduler_job.py:639} INFO - DAG(s) dict_keys(['example_task_group']) retrieved from /home/airflow/.local/lib/python3.6/site-packages/airflow/example_dags/example_task_group.py
[2021-02-18 07:52:04,560] {logging_mixin.py:104} INFO - [2021-02-18 07:52:04,560] {dag.py:1818} INFO - Sync 1 DAGs
[2021-02-18 07:52:04,573] {logging_mixin.py:104} INFO - [2021-02-18 07:52:04,573] {dag.py:2273} INFO - Setting next_dagrun for example_task_group to 2021-02-16 00:00:00+00:00
[2021-02-18 07:52:04,581] {scheduler_job.py:190} INFO - Processing /home/airflow/.local/lib/python3.6/site-packages/airflow/example_dags/example_task_group.py took 0.058 seconds
[2021-02-18 07:52:34,697] {scheduler_job.py:182} INFO - Started process (PID=797) to work on /home/airflow/.local/lib/python3.6/site-packages/airflow/example_dags/example_task_group.py
[2021-02-18 07:52:34,698] {scheduler_job.py:629} INFO - Processing file /home/airflow/.local/lib/python3.6/site-packages/airflow/example_dags/example_task_group.py for tasks to queue
[2021-02-18 07:52:34,699] {logging_mixin.py:104} INFO - [2021-02-18 07:52:34,699] {dagbag.py:448} INFO - Filling up the DagBag from /home/airflow/.local/lib/python3.6/site-packages/airflow/example_dags/example_task_group.py
[2021-02-18 07:52:34,713] {scheduler_job.py:639} INFO - DAG(s) dict_keys(['example_task_group']) retrieved from /home/airflow/.local/lib/python3.6/site-packages/airflow/example_dags/example_task_group.py
[2021-02-18 07:52:34,729] {logging_mixin.py:104} INFO - [2021-02-18 07:52:34,729] {dag.py:1818} INFO - Sync 1 DAGs
[2021-02-18 07:52:34,742] {logging_mixin.py:104} INFO - [2021-02-18 07:52:34,742] {dag.py:2273} INFO - Setting next_dagrun for example_task_group to 2021-02-16 00:00:00+00:00
[2021-02-18 07:52:34,748] {scheduler_job.py:190} INFO - Processing /home/airflow/.local/lib/python3.6/site-packages/airflow/example_dags/example_task_group.py took 0.054 seconds
[2021-02-18 07:53:04,833] {scheduler_job.py:182} INFO - Started process (PID=823) to work on /home/airflow/.local/lib/python3.6/site-packages/airflow/example_dags/example_task_group.py
[2021-02-18 07:53:04,834] {scheduler_job.py:629} INFO - Processing file /home/airflow/.local/lib/python3.6/site-packages/airflow/example_dags/example_task_group.py for tasks to queue
[2021-02-18 07:53:04,835] {logging_mixin.py:104} INFO - [2021-02-18 07:53:04,835] {dagbag.py:448} INFO - Filling up the DagBag from /home/airflow/.local/lib/python3.6/site-packages/airflow/example_dags/example_task_group.py
[2021-02-18 07:53:04,845] {scheduler_job.py:639} INFO - DAG(s) dict_keys(['example_task_group']) retrieved from /home/airflow/.local/lib/python3.6/site-packages/airflow/example_dags/example_task_group.py
[2021-02-18 07:53:04,863] {logging_mixin.py:104} INFO - [2021-02-18 07:53:04,863] {dag.py:1818} INFO - Sync 1 DAGs
[2021-02-18 07:53:04,877] {logging_mixin.py:104} INFO - [2021-02-18 07:53:04,877] {dag.py:2273} INFO - Setting next_dagrun for example_task_group to 2021-02-16 00:00:00+00:00
[2021-02-18 07:53:04,885] {scheduler_job.py:190} INFO - Processing /home/airflow/.local/lib/python3.6/site-packages/airflow/example_dags/example_task_group.py took 0.056 seconds
[2021-02-18 07:53:35,199] {scheduler_job.py:182} INFO - Started process (PID=852) to work on /home/airflow/.local/lib/python3.6/site-packages/airflow/example_dags/example_task_group.py
[2021-02-18 07:53:35,201] {scheduler_job.py:629} INFO - Processing file /home/airflow/.local/lib/python3.6/site-packages/airflow/example_dags/example_task_group.py for tasks to queue
[2021-02-18 07:53:35,202] {logging_mixin.py:104} INFO - [2021-02-18 07:53:35,202] {dagbag.py:448} INFO - Filling up the DagBag from /home/airflow/.local/lib/python3.6/site-packages/airflow/example_dags/example_task_group.py
[2021-02-18 07:53:35,211] {scheduler_job.py:639} INFO - DAG(s) dict_keys(['example_task_group']) retrieved from /home/airflow/.local/lib/python3.6/site-packages/airflow/example_dags/example_task_group.py
[2021-02-18 07:53:35,234] {logging_mixin.py:104} INFO - [2021-02-18 07:53:35,234] {dag.py:1818} INFO - Sync 1 DAGs
[2021-02-18 07:53:35,247] {logging_mixin.py:104} INFO - [2021-02-18 07:53:35,246] {dag.py:2273} INFO - Setting next_dagrun for example_task_group to 2021-02-16 00:00:00+00:00
[2021-02-18 07:53:35,254] {scheduler_job.py:190} INFO - Processing /home/airflow/.local/lib/python3.6/site-packages/airflow/example_dags/example_task_group.py took 0.059 seconds
[2021-02-18 07:54:05,330] {scheduler_job.py:182} INFO - Started process (PID=878) to work on /home/airflow/.local/lib/python3.6/site-packages/airflow/example_dags/example_task_group.py
[2021-02-18 07:54:05,331] {scheduler_job.py:629} INFO - Processing file /home/airflow/.local/lib/python3.6/site-packages/airflow/example_dags/example_task_group.py for tasks to queue
[2021-02-18 07:54:05,332] {logging_mixin.py:104} INFO - [2021-02-18 07:54:05,331] {dagbag.py:448} INFO - Filling up the DagBag from /home/airflow/.local/lib/python3.6/site-packages/airflow/example_dags/example_task_group.py
[2021-02-18 07:54:05,340] {scheduler_job.py:639} INFO - DAG(s) dict_keys(['example_task_group']) retrieved from /home/airflow/.local/lib/python3.6/site-packages/airflow/example_dags/example_task_group.py
[2021-02-18 07:54:05,361] {logging_mixin.py:104} INFO - [2021-02-18 07:54:05,361] {dag.py:1818} INFO - Sync 1 DAGs
[2021-02-18 07:54:05,374] {logging_mixin.py:104} INFO - [2021-02-18 07:54:05,374] {dag.py:2273} INFO - Setting next_dagrun for example_task_group to 2021-02-16 00:00:00+00:00
[2021-02-18 07:54:05,380] {scheduler_job.py:190} INFO - Processing /home/airflow/.local/lib/python3.6/site-packages/airflow/example_dags/example_task_group.py took 0.055 seconds
[2021-02-18 07:55:58,484] {scheduler_job.py:182} INFO - Started process (PID=39) to work on /home/airflow/.local/lib/python3.6/site-packages/airflow/example_dags/example_task_group.py
[2021-02-18 07:55:58,486] {scheduler_job.py:629} INFO - Processing file /home/airflow/.local/lib/python3.6/site-packages/airflow/example_dags/example_task_group.py for tasks to queue
[2021-02-18 07:55:58,486] {logging_mixin.py:104} INFO - [2021-02-18 07:55:58,486] {dagbag.py:448} INFO - Filling up the DagBag from /home/airflow/.local/lib/python3.6/site-packages/airflow/example_dags/example_task_group.py
[2021-02-18 07:55:58,498] {scheduler_job.py:639} INFO - DAG(s) dict_keys(['example_task_group']) retrieved from /home/airflow/.local/lib/python3.6/site-packages/airflow/example_dags/example_task_group.py
[2021-02-18 07:55:58,524] {logging_mixin.py:104} INFO - [2021-02-18 07:55:58,524] {dag.py:1818} INFO - Sync 1 DAGs
[2021-02-18 07:55:58,535] {logging_mixin.py:104} INFO - [2021-02-18 07:55:58,535] {dag.py:1837} INFO - Creating ORM DAG for example_task_group
[2021-02-18 07:55:58,544] {logging_mixin.py:104} INFO - [2021-02-18 07:55:58,544] {dag.py:2273} INFO - Setting next_dagrun for example_task_group to 2021-02-16 00:00:00+00:00
[2021-02-18 07:55:58,555] {scheduler_job.py:190} INFO - Processing /home/airflow/.local/lib/python3.6/site-packages/airflow/example_dags/example_task_group.py took 0.074 seconds
[2021-02-18 07:56:28,785] {scheduler_job.py:182} INFO - Started process (PID=66) to work on /home/airflow/.local/lib/python3.6/site-packages/airflow/example_dags/example_task_group.py
[2021-02-18 07:56:28,786] {scheduler_job.py:629} INFO - Processing file /home/airflow/.local/lib/python3.6/site-packages/airflow/example_dags/example_task_group.py for tasks to queue
[2021-02-18 07:56:28,786] {logging_mixin.py:104} INFO - [2021-02-18 07:56:28,786] {dagbag.py:448} INFO - Filling up the DagBag from /home/airflow/.local/lib/python3.6/site-packages/airflow/example_dags/example_task_group.py
[2021-02-18 07:56:28,796] {scheduler_job.py:639} INFO - DAG(s) dict_keys(['example_task_group']) retrieved from /home/airflow/.local/lib/python3.6/site-packages/airflow/example_dags/example_task_group.py
[2021-02-18 07:56:28,816] {logging_mixin.py:104} INFO - [2021-02-18 07:56:28,816] {dag.py:1818} INFO - Sync 1 DAGs
[2021-02-18 07:56:28,836] {logging_mixin.py:104} INFO - [2021-02-18 07:56:28,836] {dag.py:2273} INFO - Setting next_dagrun for example_task_group to 2021-02-16 00:00:00+00:00
[2021-02-18 07:56:28,843] {scheduler_job.py:190} INFO - Processing /home/airflow/.local/lib/python3.6/site-packages/airflow/example_dags/example_task_group.py took 0.060 seconds
[2021-02-18 07:56:56,194] {scheduler_job.py:182} INFO - Started process (PID=44) to work on /home/airflow/.local/lib/python3.6/site-packages/airflow/example_dags/example_task_group.py
[2021-02-18 07:56:56,195] {scheduler_job.py:629} INFO - Processing file /home/airflow/.local/lib/python3.6/site-packages/airflow/example_dags/example_task_group.py for tasks to queue
[2021-02-18 07:56:56,196] {logging_mixin.py:104} INFO - [2021-02-18 07:56:56,196] {dagbag.py:448} INFO - Filling up the DagBag from /home/airflow/.local/lib/python3.6/site-packages/airflow/example_dags/example_task_group.py
[2021-02-18 07:56:56,205] {scheduler_job.py:639} INFO - DAG(s) dict_keys(['example_task_group']) retrieved from /home/airflow/.local/lib/python3.6/site-packages/airflow/example_dags/example_task_group.py
[2021-02-18 07:56:56,224] {logging_mixin.py:104} INFO - [2021-02-18 07:56:56,224] {dag.py:1818} INFO - Sync 1 DAGs
[2021-02-18 07:56:56,239] {logging_mixin.py:104} INFO - [2021-02-18 07:56:56,239] {dag.py:2273} INFO - Setting next_dagrun for example_task_group to 2021-02-16 00:00:00+00:00
[2021-02-18 07:56:56,248] {scheduler_job.py:190} INFO - Processing /home/airflow/.local/lib/python3.6/site-packages/airflow/example_dags/example_task_group.py took 0.057 seconds
[2021-02-18 07:57:26,411] {scheduler_job.py:182} INFO - Started process (PID=70) to work on /home/airflow/.local/lib/python3.6/site-packages/airflow/example_dags/example_task_group.py
[2021-02-18 07:57:26,412] {scheduler_job.py:629} INFO - Processing file /home/airflow/.local/lib/python3.6/site-packages/airflow/example_dags/example_task_group.py for tasks to queue
[2021-02-18 07:57:26,413] {logging_mixin.py:104} INFO - [2021-02-18 07:57:26,412] {dagbag.py:448} INFO - Filling up the DagBag from /home/airflow/.local/lib/python3.6/site-packages/airflow/example_dags/example_task_group.py
[2021-02-18 07:57:26,423] {scheduler_job.py:639} INFO - DAG(s) dict_keys(['example_task_group']) retrieved from /home/airflow/.local/lib/python3.6/site-packages/airflow/example_dags/example_task_group.py
[2021-02-18 07:57:26,445] {logging_mixin.py:104} INFO - [2021-02-18 07:57:26,445] {dag.py:1818} INFO - Sync 1 DAGs
[2021-02-18 07:57:26,457] {logging_mixin.py:104} INFO - [2021-02-18 07:57:26,457] {dag.py:2273} INFO - Setting next_dagrun for example_task_group to 2021-02-16 00:00:00+00:00
[2021-02-18 07:57:26,464] {scheduler_job.py:190} INFO - Processing /home/airflow/.local/lib/python3.6/site-packages/airflow/example_dags/example_task_group.py took 0.056 seconds
[2021-02-18 07:57:56,622] {scheduler_job.py:182} INFO - Started process (PID=96) to work on /home/airflow/.local/lib/python3.6/site-packages/airflow/example_dags/example_task_group.py
[2021-02-18 07:57:56,622] {scheduler_job.py:629} INFO - Processing file /home/airflow/.local/lib/python3.6/site-packages/airflow/example_dags/example_task_group.py for tasks to queue
[2021-02-18 07:57:56,623] {logging_mixin.py:104} INFO - [2021-02-18 07:57:56,623] {dagbag.py:448} INFO - Filling up the DagBag from /home/airflow/.local/lib/python3.6/site-packages/airflow/example_dags/example_task_group.py
[2021-02-18 07:57:56,634] {scheduler_job.py:639} INFO - DAG(s) dict_keys(['example_task_group']) retrieved from /home/airflow/.local/lib/python3.6/site-packages/airflow/example_dags/example_task_group.py
[2021-02-18 07:57:56,657] {logging_mixin.py:104} INFO - [2021-02-18 07:57:56,657] {dag.py:1818} INFO - Sync 1 DAGs
[2021-02-18 07:57:56,671] {logging_mixin.py:104} INFO - [2021-02-18 07:57:56,671] {dag.py:2273} INFO - Setting next_dagrun for example_task_group to 2021-02-16 00:00:00+00:00
[2021-02-18 07:57:56,679] {scheduler_job.py:190} INFO - Processing /home/airflow/.local/lib/python3.6/site-packages/airflow/example_dags/example_task_group.py took 0.060 seconds
[2021-02-18 07:58:26,693] {scheduler_job.py:182} INFO - Started process (PID=122) to work on /home/airflow/.local/lib/python3.6/site-packages/airflow/example_dags/example_task_group.py
[2021-02-18 07:58:26,694] {scheduler_job.py:629} INFO - Processing file /home/airflow/.local/lib/python3.6/site-packages/airflow/example_dags/example_task_group.py for tasks to queue
[2021-02-18 07:58:26,695] {logging_mixin.py:104} INFO - [2021-02-18 07:58:26,694] {dagbag.py:448} INFO - Filling up the DagBag from /home/airflow/.local/lib/python3.6/site-packages/airflow/example_dags/example_task_group.py
[2021-02-18 07:58:26,705] {scheduler_job.py:639} INFO - DAG(s) dict_keys(['example_task_group']) retrieved from /home/airflow/.local/lib/python3.6/site-packages/airflow/example_dags/example_task_group.py
[2021-02-18 07:58:26,726] {logging_mixin.py:104} INFO - [2021-02-18 07:58:26,726] {dag.py:1818} INFO - Sync 1 DAGs
[2021-02-18 07:58:26,739] {logging_mixin.py:104} INFO - [2021-02-18 07:58:26,739] {dag.py:2273} INFO - Setting next_dagrun for example_task_group to 2021-02-16 00:00:00+00:00
[2021-02-18 07:58:26,746] {scheduler_job.py:190} INFO - Processing /home/airflow/.local/lib/python3.6/site-packages/airflow/example_dags/example_task_group.py took 0.056 seconds
[2021-02-18 07:58:56,802] {scheduler_job.py:182} INFO - Started process (PID=146) to work on /home/airflow/.local/lib/python3.6/site-packages/airflow/example_dags/example_task_group.py
[2021-02-18 07:58:56,803] {scheduler_job.py:629} INFO - Processing file /home/airflow/.local/lib/python3.6/site-packages/airflow/example_dags/example_task_group.py for tasks to queue
[2021-02-18 07:58:56,804] {logging_mixin.py:104} INFO - [2021-02-18 07:58:56,803] {dagbag.py:448} INFO - Filling up the DagBag from /home/airflow/.local/lib/python3.6/site-packages/airflow/example_dags/example_task_group.py
[2021-02-18 07:58:56,813] {scheduler_job.py:639} INFO - DAG(s) dict_keys(['example_task_group']) retrieved from /home/airflow/.local/lib/python3.6/site-packages/airflow/example_dags/example_task_group.py
[2021-02-18 07:58:56,833] {logging_mixin.py:104} INFO - [2021-02-18 07:58:56,833] {dag.py:1818} INFO - Sync 1 DAGs
[2021-02-18 07:58:56,846] {logging_mixin.py:104} INFO - [2021-02-18 07:58:56,845] {dag.py:2273} INFO - Setting next_dagrun for example_task_group to 2021-02-16 00:00:00+00:00
[2021-02-18 07:58:56,853] {scheduler_job.py:190} INFO - Processing /home/airflow/.local/lib/python3.6/site-packages/airflow/example_dags/example_task_group.py took 0.053 seconds
[2021-02-18 07:59:27,064] {scheduler_job.py:182} INFO - Started process (PID=170) to work on /home/airflow/.local/lib/python3.6/site-packages/airflow/example_dags/example_task_group.py
[2021-02-18 07:59:27,066] {scheduler_job.py:629} INFO - Processing file /home/airflow/.local/lib/python3.6/site-packages/airflow/example_dags/example_task_group.py for tasks to queue
[2021-02-18 07:59:27,067] {logging_mixin.py:104} INFO - [2021-02-18 07:59:27,067] {dagbag.py:448} INFO - Filling up the DagBag from /home/airflow/.local/lib/python3.6/site-packages/airflow/example_dags/example_task_group.py
[2021-02-18 07:59:27,074] {scheduler_job.py:639} INFO - DAG(s) dict_keys(['example_task_group']) retrieved from /home/airflow/.local/lib/python3.6/site-packages/airflow/example_dags/example_task_group.py
[2021-02-18 07:59:27,097] {logging_mixin.py:104} INFO - [2021-02-18 07:59:27,097] {dag.py:1818} INFO - Sync 1 DAGs
[2021-02-18 07:59:27,109] {logging_mixin.py:104} INFO - [2021-02-18 07:59:27,109] {dag.py:2273} INFO - Setting next_dagrun for example_task_group to 2021-02-16 00:00:00+00:00
[2021-02-18 07:59:27,115] {scheduler_job.py:190} INFO - Processing /home/airflow/.local/lib/python3.6/site-packages/airflow/example_dags/example_task_group.py took 0.055 seconds
[2021-02-18 07:59:57,159] {scheduler_job.py:182} INFO - Started process (PID=196) to work on /home/airflow/.local/lib/python3.6/site-packages/airflow/example_dags/example_task_group.py
[2021-02-18 07:59:57,160] {scheduler_job.py:629} INFO - Processing file /home/airflow/.local/lib/python3.6/site-packages/airflow/example_dags/example_task_group.py for tasks to queue
[2021-02-18 07:59:57,161] {logging_mixin.py:104} INFO - [2021-02-18 07:59:57,161] {dagbag.py:448} INFO - Filling up the DagBag from /home/airflow/.local/lib/python3.6/site-packages/airflow/example_dags/example_task_group.py
[2021-02-18 07:59:57,172] {scheduler_job.py:639} INFO - DAG(s) dict_keys(['example_task_group']) retrieved from /home/airflow/.local/lib/python3.6/site-packages/airflow/example_dags/example_task_group.py
[2021-02-18 07:59:57,193] {logging_mixin.py:104} INFO - [2021-02-18 07:59:57,192] {dag.py:1818} INFO - Sync 1 DAGs
[2021-02-18 07:59:57,206] {logging_mixin.py:104} INFO - [2021-02-18 07:59:57,206] {dag.py:2273} INFO - Setting next_dagrun for example_task_group to 2021-02-16 00:00:00+00:00
[2021-02-18 07:59:57,214] {scheduler_job.py:190} INFO - Processing /home/airflow/.local/lib/python3.6/site-packages/airflow/example_dags/example_task_group.py took 0.058 seconds
