[2021-02-18 07:37:59,460] {scheduler_job.py:182} INFO - Started process (PID=55) to work on /home/airflow/.local/lib/python3.6/site-packages/airflow/example_dags/example_kubernetes_executor_config.py
[2021-02-18 07:37:59,462] {scheduler_job.py:629} INFO - Processing file /home/airflow/.local/lib/python3.6/site-packages/airflow/example_dags/example_kubernetes_executor_config.py for tasks to queue
[2021-02-18 07:37:59,463] {logging_mixin.py:104} INFO - [2021-02-18 07:37:59,462] {dagbag.py:448} INFO - Filling up the DagBag from /home/airflow/.local/lib/python3.6/site-packages/airflow/example_dags/example_kubernetes_executor_config.py
[2021-02-18 07:37:59,476] {scheduler_job.py:639} INFO - DAG(s) dict_keys(['example_kubernetes_executor_config']) retrieved from /home/airflow/.local/lib/python3.6/site-packages/airflow/example_dags/example_kubernetes_executor_config.py
[2021-02-18 07:37:59,500] {logging_mixin.py:104} INFO - [2021-02-18 07:37:59,500] {dag.py:1818} INFO - Sync 1 DAGs
[2021-02-18 07:37:59,508] {logging_mixin.py:104} INFO - [2021-02-18 07:37:59,508] {dag.py:1837} INFO - Creating ORM DAG for example_kubernetes_executor_config
[2021-02-18 07:37:59,514] {logging_mixin.py:104} INFO - [2021-02-18 07:37:59,514] {dag.py:2273} INFO - Setting next_dagrun for example_kubernetes_executor_config to None
[2021-02-18 07:37:59,529] {scheduler_job.py:190} INFO - Processing /home/airflow/.local/lib/python3.6/site-packages/airflow/example_dags/example_kubernetes_executor_config.py took 0.074 seconds
[2021-02-18 07:38:29,672] {scheduler_job.py:182} INFO - Started process (PID=81) to work on /home/airflow/.local/lib/python3.6/site-packages/airflow/example_dags/example_kubernetes_executor_config.py
[2021-02-18 07:38:29,674] {scheduler_job.py:629} INFO - Processing file /home/airflow/.local/lib/python3.6/site-packages/airflow/example_dags/example_kubernetes_executor_config.py for tasks to queue
[2021-02-18 07:38:29,675] {logging_mixin.py:104} INFO - [2021-02-18 07:38:29,674] {dagbag.py:448} INFO - Filling up the DagBag from /home/airflow/.local/lib/python3.6/site-packages/airflow/example_dags/example_kubernetes_executor_config.py
[2021-02-18 07:38:29,686] {scheduler_job.py:639} INFO - DAG(s) dict_keys(['example_kubernetes_executor_config']) retrieved from /home/airflow/.local/lib/python3.6/site-packages/airflow/example_dags/example_kubernetes_executor_config.py
[2021-02-18 07:38:29,706] {logging_mixin.py:104} INFO - [2021-02-18 07:38:29,706] {dag.py:1818} INFO - Sync 1 DAGs
[2021-02-18 07:38:29,719] {logging_mixin.py:104} INFO - [2021-02-18 07:38:29,719] {dag.py:2273} INFO - Setting next_dagrun for example_kubernetes_executor_config to None
[2021-02-18 07:38:29,726] {scheduler_job.py:190} INFO - Processing /home/airflow/.local/lib/python3.6/site-packages/airflow/example_dags/example_kubernetes_executor_config.py took 0.058 seconds
[2021-02-18 07:38:59,784] {scheduler_job.py:182} INFO - Started process (PID=107) to work on /home/airflow/.local/lib/python3.6/site-packages/airflow/example_dags/example_kubernetes_executor_config.py
[2021-02-18 07:38:59,785] {scheduler_job.py:629} INFO - Processing file /home/airflow/.local/lib/python3.6/site-packages/airflow/example_dags/example_kubernetes_executor_config.py for tasks to queue
[2021-02-18 07:38:59,785] {logging_mixin.py:104} INFO - [2021-02-18 07:38:59,785] {dagbag.py:448} INFO - Filling up the DagBag from /home/airflow/.local/lib/python3.6/site-packages/airflow/example_dags/example_kubernetes_executor_config.py
[2021-02-18 07:38:59,795] {scheduler_job.py:639} INFO - DAG(s) dict_keys(['example_kubernetes_executor_config']) retrieved from /home/airflow/.local/lib/python3.6/site-packages/airflow/example_dags/example_kubernetes_executor_config.py
[2021-02-18 07:38:59,815] {logging_mixin.py:104} INFO - [2021-02-18 07:38:59,815] {dag.py:1818} INFO - Sync 1 DAGs
[2021-02-18 07:38:59,827] {logging_mixin.py:104} INFO - [2021-02-18 07:38:59,827] {dag.py:2273} INFO - Setting next_dagrun for example_kubernetes_executor_config to None
[2021-02-18 07:38:59,834] {scheduler_job.py:190} INFO - Processing /home/airflow/.local/lib/python3.6/site-packages/airflow/example_dags/example_kubernetes_executor_config.py took 0.052 seconds
[2021-02-18 07:39:29,989] {scheduler_job.py:182} INFO - Started process (PID=133) to work on /home/airflow/.local/lib/python3.6/site-packages/airflow/example_dags/example_kubernetes_executor_config.py
[2021-02-18 07:39:29,990] {scheduler_job.py:629} INFO - Processing file /home/airflow/.local/lib/python3.6/site-packages/airflow/example_dags/example_kubernetes_executor_config.py for tasks to queue
[2021-02-18 07:39:29,991] {logging_mixin.py:104} INFO - [2021-02-18 07:39:29,990] {dagbag.py:448} INFO - Filling up the DagBag from /home/airflow/.local/lib/python3.6/site-packages/airflow/example_dags/example_kubernetes_executor_config.py
[2021-02-18 07:39:30,003] {scheduler_job.py:639} INFO - DAG(s) dict_keys(['example_kubernetes_executor_config']) retrieved from /home/airflow/.local/lib/python3.6/site-packages/airflow/example_dags/example_kubernetes_executor_config.py
[2021-02-18 07:39:30,028] {logging_mixin.py:104} INFO - [2021-02-18 07:39:30,028] {dag.py:1818} INFO - Sync 1 DAGs
[2021-02-18 07:39:30,042] {logging_mixin.py:104} INFO - [2021-02-18 07:39:30,042] {dag.py:2273} INFO - Setting next_dagrun for example_kubernetes_executor_config to None
[2021-02-18 07:39:30,052] {scheduler_job.py:190} INFO - Processing /home/airflow/.local/lib/python3.6/site-packages/airflow/example_dags/example_kubernetes_executor_config.py took 0.066 seconds
[2021-02-18 07:40:00,317] {scheduler_job.py:182} INFO - Started process (PID=159) to work on /home/airflow/.local/lib/python3.6/site-packages/airflow/example_dags/example_kubernetes_executor_config.py
[2021-02-18 07:40:00,319] {scheduler_job.py:629} INFO - Processing file /home/airflow/.local/lib/python3.6/site-packages/airflow/example_dags/example_kubernetes_executor_config.py for tasks to queue
[2021-02-18 07:40:00,320] {logging_mixin.py:104} INFO - [2021-02-18 07:40:00,320] {dagbag.py:448} INFO - Filling up the DagBag from /home/airflow/.local/lib/python3.6/site-packages/airflow/example_dags/example_kubernetes_executor_config.py
[2021-02-18 07:40:00,334] {scheduler_job.py:639} INFO - DAG(s) dict_keys(['example_kubernetes_executor_config']) retrieved from /home/airflow/.local/lib/python3.6/site-packages/airflow/example_dags/example_kubernetes_executor_config.py
[2021-02-18 07:40:00,363] {logging_mixin.py:104} INFO - [2021-02-18 07:40:00,363] {dag.py:1818} INFO - Sync 1 DAGs
[2021-02-18 07:40:00,376] {logging_mixin.py:104} INFO - [2021-02-18 07:40:00,376] {dag.py:2273} INFO - Setting next_dagrun for example_kubernetes_executor_config to None
[2021-02-18 07:40:00,382] {scheduler_job.py:190} INFO - Processing /home/airflow/.local/lib/python3.6/site-packages/airflow/example_dags/example_kubernetes_executor_config.py took 0.068 seconds
[2021-02-18 07:40:30,422] {scheduler_job.py:182} INFO - Started process (PID=183) to work on /home/airflow/.local/lib/python3.6/site-packages/airflow/example_dags/example_kubernetes_executor_config.py
[2021-02-18 07:40:30,423] {scheduler_job.py:629} INFO - Processing file /home/airflow/.local/lib/python3.6/site-packages/airflow/example_dags/example_kubernetes_executor_config.py for tasks to queue
[2021-02-18 07:40:30,424] {logging_mixin.py:104} INFO - [2021-02-18 07:40:30,424] {dagbag.py:448} INFO - Filling up the DagBag from /home/airflow/.local/lib/python3.6/site-packages/airflow/example_dags/example_kubernetes_executor_config.py
[2021-02-18 07:40:30,436] {scheduler_job.py:639} INFO - DAG(s) dict_keys(['example_kubernetes_executor_config']) retrieved from /home/airflow/.local/lib/python3.6/site-packages/airflow/example_dags/example_kubernetes_executor_config.py
[2021-02-18 07:40:30,462] {logging_mixin.py:104} INFO - [2021-02-18 07:40:30,462] {dag.py:1818} INFO - Sync 1 DAGs
[2021-02-18 07:40:30,474] {logging_mixin.py:104} INFO - [2021-02-18 07:40:30,474] {dag.py:2273} INFO - Setting next_dagrun for example_kubernetes_executor_config to None
[2021-02-18 07:40:30,481] {scheduler_job.py:190} INFO - Processing /home/airflow/.local/lib/python3.6/site-packages/airflow/example_dags/example_kubernetes_executor_config.py took 0.062 seconds
[2021-02-18 07:41:00,511] {scheduler_job.py:182} INFO - Started process (PID=208) to work on /home/airflow/.local/lib/python3.6/site-packages/airflow/example_dags/example_kubernetes_executor_config.py
[2021-02-18 07:41:00,512] {scheduler_job.py:629} INFO - Processing file /home/airflow/.local/lib/python3.6/site-packages/airflow/example_dags/example_kubernetes_executor_config.py for tasks to queue
[2021-02-18 07:41:00,512] {logging_mixin.py:104} INFO - [2021-02-18 07:41:00,512] {dagbag.py:448} INFO - Filling up the DagBag from /home/airflow/.local/lib/python3.6/site-packages/airflow/example_dags/example_kubernetes_executor_config.py
[2021-02-18 07:41:00,529] {scheduler_job.py:639} INFO - DAG(s) dict_keys(['example_kubernetes_executor_config']) retrieved from /home/airflow/.local/lib/python3.6/site-packages/airflow/example_dags/example_kubernetes_executor_config.py
[2021-02-18 07:41:00,549] {logging_mixin.py:104} INFO - [2021-02-18 07:41:00,548] {dag.py:1818} INFO - Sync 1 DAGs
[2021-02-18 07:41:00,560] {logging_mixin.py:104} INFO - [2021-02-18 07:41:00,560] {dag.py:2273} INFO - Setting next_dagrun for example_kubernetes_executor_config to None
[2021-02-18 07:41:00,566] {scheduler_job.py:190} INFO - Processing /home/airflow/.local/lib/python3.6/site-packages/airflow/example_dags/example_kubernetes_executor_config.py took 0.057 seconds
[2021-02-18 07:41:30,596] {scheduler_job.py:182} INFO - Started process (PID=234) to work on /home/airflow/.local/lib/python3.6/site-packages/airflow/example_dags/example_kubernetes_executor_config.py
[2021-02-18 07:41:30,597] {scheduler_job.py:629} INFO - Processing file /home/airflow/.local/lib/python3.6/site-packages/airflow/example_dags/example_kubernetes_executor_config.py for tasks to queue
[2021-02-18 07:41:30,598] {logging_mixin.py:104} INFO - [2021-02-18 07:41:30,597] {dagbag.py:448} INFO - Filling up the DagBag from /home/airflow/.local/lib/python3.6/site-packages/airflow/example_dags/example_kubernetes_executor_config.py
[2021-02-18 07:41:30,609] {scheduler_job.py:639} INFO - DAG(s) dict_keys(['example_kubernetes_executor_config']) retrieved from /home/airflow/.local/lib/python3.6/site-packages/airflow/example_dags/example_kubernetes_executor_config.py
[2021-02-18 07:41:30,628] {logging_mixin.py:104} INFO - [2021-02-18 07:41:30,628] {dag.py:1818} INFO - Sync 1 DAGs
[2021-02-18 07:41:30,642] {logging_mixin.py:104} INFO - [2021-02-18 07:41:30,642] {dag.py:2273} INFO - Setting next_dagrun for example_kubernetes_executor_config to None
[2021-02-18 07:41:30,650] {scheduler_job.py:190} INFO - Processing /home/airflow/.local/lib/python3.6/site-packages/airflow/example_dags/example_kubernetes_executor_config.py took 0.057 seconds
[2021-02-18 07:42:01,650] {scheduler_job.py:182} INFO - Started process (PID=260) to work on /home/airflow/.local/lib/python3.6/site-packages/airflow/example_dags/example_kubernetes_executor_config.py
[2021-02-18 07:42:01,652] {scheduler_job.py:629} INFO - Processing file /home/airflow/.local/lib/python3.6/site-packages/airflow/example_dags/example_kubernetes_executor_config.py for tasks to queue
[2021-02-18 07:42:01,653] {logging_mixin.py:104} INFO - [2021-02-18 07:42:01,653] {dagbag.py:448} INFO - Filling up the DagBag from /home/airflow/.local/lib/python3.6/site-packages/airflow/example_dags/example_kubernetes_executor_config.py
[2021-02-18 07:42:01,664] {scheduler_job.py:639} INFO - DAG(s) dict_keys(['example_kubernetes_executor_config']) retrieved from /home/airflow/.local/lib/python3.6/site-packages/airflow/example_dags/example_kubernetes_executor_config.py
[2021-02-18 07:42:01,689] {logging_mixin.py:104} INFO - [2021-02-18 07:42:01,689] {dag.py:1818} INFO - Sync 1 DAGs
[2021-02-18 07:42:01,703] {logging_mixin.py:104} INFO - [2021-02-18 07:42:01,703] {dag.py:2273} INFO - Setting next_dagrun for example_kubernetes_executor_config to None
[2021-02-18 07:42:01,710] {scheduler_job.py:190} INFO - Processing /home/airflow/.local/lib/python3.6/site-packages/airflow/example_dags/example_kubernetes_executor_config.py took 0.064 seconds
[2021-02-18 07:42:31,748] {scheduler_job.py:182} INFO - Started process (PID=286) to work on /home/airflow/.local/lib/python3.6/site-packages/airflow/example_dags/example_kubernetes_executor_config.py
[2021-02-18 07:42:31,749] {scheduler_job.py:629} INFO - Processing file /home/airflow/.local/lib/python3.6/site-packages/airflow/example_dags/example_kubernetes_executor_config.py for tasks to queue
[2021-02-18 07:42:31,750] {logging_mixin.py:104} INFO - [2021-02-18 07:42:31,750] {dagbag.py:448} INFO - Filling up the DagBag from /home/airflow/.local/lib/python3.6/site-packages/airflow/example_dags/example_kubernetes_executor_config.py
[2021-02-18 07:42:31,760] {scheduler_job.py:639} INFO - DAG(s) dict_keys(['example_kubernetes_executor_config']) retrieved from /home/airflow/.local/lib/python3.6/site-packages/airflow/example_dags/example_kubernetes_executor_config.py
[2021-02-18 07:42:31,782] {logging_mixin.py:104} INFO - [2021-02-18 07:42:31,782] {dag.py:1818} INFO - Sync 1 DAGs
[2021-02-18 07:42:31,795] {logging_mixin.py:104} INFO - [2021-02-18 07:42:31,795] {dag.py:2273} INFO - Setting next_dagrun for example_kubernetes_executor_config to None
[2021-02-18 07:42:31,802] {scheduler_job.py:190} INFO - Processing /home/airflow/.local/lib/python3.6/site-packages/airflow/example_dags/example_kubernetes_executor_config.py took 0.056 seconds
[2021-02-18 07:43:01,962] {scheduler_job.py:182} INFO - Started process (PID=312) to work on /home/airflow/.local/lib/python3.6/site-packages/airflow/example_dags/example_kubernetes_executor_config.py
[2021-02-18 07:43:01,963] {scheduler_job.py:629} INFO - Processing file /home/airflow/.local/lib/python3.6/site-packages/airflow/example_dags/example_kubernetes_executor_config.py for tasks to queue
[2021-02-18 07:43:01,964] {logging_mixin.py:104} INFO - [2021-02-18 07:43:01,964] {dagbag.py:448} INFO - Filling up the DagBag from /home/airflow/.local/lib/python3.6/site-packages/airflow/example_dags/example_kubernetes_executor_config.py
[2021-02-18 07:43:01,977] {scheduler_job.py:639} INFO - DAG(s) dict_keys(['example_kubernetes_executor_config']) retrieved from /home/airflow/.local/lib/python3.6/site-packages/airflow/example_dags/example_kubernetes_executor_config.py
[2021-02-18 07:43:02,002] {logging_mixin.py:104} INFO - [2021-02-18 07:43:02,002] {dag.py:1818} INFO - Sync 1 DAGs
[2021-02-18 07:43:02,018] {logging_mixin.py:104} INFO - [2021-02-18 07:43:02,018] {dag.py:2273} INFO - Setting next_dagrun for example_kubernetes_executor_config to None
[2021-02-18 07:43:02,026] {scheduler_job.py:190} INFO - Processing /home/airflow/.local/lib/python3.6/site-packages/airflow/example_dags/example_kubernetes_executor_config.py took 0.068 seconds
[2021-02-18 07:43:32,214] {scheduler_job.py:182} INFO - Started process (PID=338) to work on /home/airflow/.local/lib/python3.6/site-packages/airflow/example_dags/example_kubernetes_executor_config.py
[2021-02-18 07:43:32,215] {scheduler_job.py:629} INFO - Processing file /home/airflow/.local/lib/python3.6/site-packages/airflow/example_dags/example_kubernetes_executor_config.py for tasks to queue
[2021-02-18 07:43:32,215] {logging_mixin.py:104} INFO - [2021-02-18 07:43:32,215] {dagbag.py:448} INFO - Filling up the DagBag from /home/airflow/.local/lib/python3.6/site-packages/airflow/example_dags/example_kubernetes_executor_config.py
[2021-02-18 07:43:32,228] {scheduler_job.py:639} INFO - DAG(s) dict_keys(['example_kubernetes_executor_config']) retrieved from /home/airflow/.local/lib/python3.6/site-packages/airflow/example_dags/example_kubernetes_executor_config.py
[2021-02-18 07:43:32,253] {logging_mixin.py:104} INFO - [2021-02-18 07:43:32,253] {dag.py:1818} INFO - Sync 1 DAGs
[2021-02-18 07:43:32,269] {logging_mixin.py:104} INFO - [2021-02-18 07:43:32,269] {dag.py:2273} INFO - Setting next_dagrun for example_kubernetes_executor_config to None
[2021-02-18 07:43:32,276] {scheduler_job.py:190} INFO - Processing /home/airflow/.local/lib/python3.6/site-packages/airflow/example_dags/example_kubernetes_executor_config.py took 0.065 seconds
[2021-02-18 07:44:02,317] {scheduler_job.py:182} INFO - Started process (PID=363) to work on /home/airflow/.local/lib/python3.6/site-packages/airflow/example_dags/example_kubernetes_executor_config.py
[2021-02-18 07:44:02,319] {scheduler_job.py:629} INFO - Processing file /home/airflow/.local/lib/python3.6/site-packages/airflow/example_dags/example_kubernetes_executor_config.py for tasks to queue
[2021-02-18 07:44:02,319] {logging_mixin.py:104} INFO - [2021-02-18 07:44:02,319] {dagbag.py:448} INFO - Filling up the DagBag from /home/airflow/.local/lib/python3.6/site-packages/airflow/example_dags/example_kubernetes_executor_config.py
[2021-02-18 07:44:02,329] {scheduler_job.py:639} INFO - DAG(s) dict_keys(['example_kubernetes_executor_config']) retrieved from /home/airflow/.local/lib/python3.6/site-packages/airflow/example_dags/example_kubernetes_executor_config.py
[2021-02-18 07:44:02,348] {logging_mixin.py:104} INFO - [2021-02-18 07:44:02,347] {dag.py:1818} INFO - Sync 1 DAGs
[2021-02-18 07:44:02,361] {logging_mixin.py:104} INFO - [2021-02-18 07:44:02,361] {dag.py:2273} INFO - Setting next_dagrun for example_kubernetes_executor_config to None
[2021-02-18 07:44:02,368] {scheduler_job.py:190} INFO - Processing /home/airflow/.local/lib/python3.6/site-packages/airflow/example_dags/example_kubernetes_executor_config.py took 0.054 seconds
[2021-02-18 07:44:32,598] {scheduler_job.py:182} INFO - Started process (PID=390) to work on /home/airflow/.local/lib/python3.6/site-packages/airflow/example_dags/example_kubernetes_executor_config.py
[2021-02-18 07:44:32,599] {scheduler_job.py:629} INFO - Processing file /home/airflow/.local/lib/python3.6/site-packages/airflow/example_dags/example_kubernetes_executor_config.py for tasks to queue
[2021-02-18 07:44:32,599] {logging_mixin.py:104} INFO - [2021-02-18 07:44:32,599] {dagbag.py:448} INFO - Filling up the DagBag from /home/airflow/.local/lib/python3.6/site-packages/airflow/example_dags/example_kubernetes_executor_config.py
[2021-02-18 07:44:32,610] {scheduler_job.py:639} INFO - DAG(s) dict_keys(['example_kubernetes_executor_config']) retrieved from /home/airflow/.local/lib/python3.6/site-packages/airflow/example_dags/example_kubernetes_executor_config.py
[2021-02-18 07:44:32,628] {logging_mixin.py:104} INFO - [2021-02-18 07:44:32,628] {dag.py:1818} INFO - Sync 1 DAGs
[2021-02-18 07:44:32,642] {logging_mixin.py:104} INFO - [2021-02-18 07:44:32,642] {dag.py:2273} INFO - Setting next_dagrun for example_kubernetes_executor_config to None
[2021-02-18 07:44:32,648] {scheduler_job.py:190} INFO - Processing /home/airflow/.local/lib/python3.6/site-packages/airflow/example_dags/example_kubernetes_executor_config.py took 0.053 seconds
[2021-02-18 07:45:02,730] {scheduler_job.py:182} INFO - Started process (PID=415) to work on /home/airflow/.local/lib/python3.6/site-packages/airflow/example_dags/example_kubernetes_executor_config.py
[2021-02-18 07:45:02,733] {scheduler_job.py:629} INFO - Processing file /home/airflow/.local/lib/python3.6/site-packages/airflow/example_dags/example_kubernetes_executor_config.py for tasks to queue
[2021-02-18 07:45:02,734] {logging_mixin.py:104} INFO - [2021-02-18 07:45:02,734] {dagbag.py:448} INFO - Filling up the DagBag from /home/airflow/.local/lib/python3.6/site-packages/airflow/example_dags/example_kubernetes_executor_config.py
[2021-02-18 07:45:02,744] {scheduler_job.py:639} INFO - DAG(s) dict_keys(['example_kubernetes_executor_config']) retrieved from /home/airflow/.local/lib/python3.6/site-packages/airflow/example_dags/example_kubernetes_executor_config.py
[2021-02-18 07:45:02,762] {logging_mixin.py:104} INFO - [2021-02-18 07:45:02,762] {dag.py:1818} INFO - Sync 1 DAGs
[2021-02-18 07:45:02,778] {logging_mixin.py:104} INFO - [2021-02-18 07:45:02,778] {dag.py:2273} INFO - Setting next_dagrun for example_kubernetes_executor_config to None
[2021-02-18 07:45:02,786] {scheduler_job.py:190} INFO - Processing /home/airflow/.local/lib/python3.6/site-packages/airflow/example_dags/example_kubernetes_executor_config.py took 0.059 seconds
[2021-02-18 07:45:32,903] {scheduler_job.py:182} INFO - Started process (PID=441) to work on /home/airflow/.local/lib/python3.6/site-packages/airflow/example_dags/example_kubernetes_executor_config.py
[2021-02-18 07:45:32,904] {scheduler_job.py:629} INFO - Processing file /home/airflow/.local/lib/python3.6/site-packages/airflow/example_dags/example_kubernetes_executor_config.py for tasks to queue
[2021-02-18 07:45:32,904] {logging_mixin.py:104} INFO - [2021-02-18 07:45:32,904] {dagbag.py:448} INFO - Filling up the DagBag from /home/airflow/.local/lib/python3.6/site-packages/airflow/example_dags/example_kubernetes_executor_config.py
[2021-02-18 07:45:32,916] {scheduler_job.py:639} INFO - DAG(s) dict_keys(['example_kubernetes_executor_config']) retrieved from /home/airflow/.local/lib/python3.6/site-packages/airflow/example_dags/example_kubernetes_executor_config.py
[2021-02-18 07:45:32,937] {logging_mixin.py:104} INFO - [2021-02-18 07:45:32,937] {dag.py:1818} INFO - Sync 1 DAGs
[2021-02-18 07:45:32,951] {logging_mixin.py:104} INFO - [2021-02-18 07:45:32,951] {dag.py:2273} INFO - Setting next_dagrun for example_kubernetes_executor_config to None
[2021-02-18 07:45:32,957] {scheduler_job.py:190} INFO - Processing /home/airflow/.local/lib/python3.6/site-packages/airflow/example_dags/example_kubernetes_executor_config.py took 0.058 seconds
[2021-02-18 07:46:03,108] {scheduler_job.py:182} INFO - Started process (PID=466) to work on /home/airflow/.local/lib/python3.6/site-packages/airflow/example_dags/example_kubernetes_executor_config.py
[2021-02-18 07:46:03,109] {scheduler_job.py:629} INFO - Processing file /home/airflow/.local/lib/python3.6/site-packages/airflow/example_dags/example_kubernetes_executor_config.py for tasks to queue
[2021-02-18 07:46:03,109] {logging_mixin.py:104} INFO - [2021-02-18 07:46:03,109] {dagbag.py:448} INFO - Filling up the DagBag from /home/airflow/.local/lib/python3.6/site-packages/airflow/example_dags/example_kubernetes_executor_config.py
[2021-02-18 07:46:03,123] {scheduler_job.py:639} INFO - DAG(s) dict_keys(['example_kubernetes_executor_config']) retrieved from /home/airflow/.local/lib/python3.6/site-packages/airflow/example_dags/example_kubernetes_executor_config.py
[2021-02-18 07:46:03,152] {logging_mixin.py:104} INFO - [2021-02-18 07:46:03,152] {dag.py:1818} INFO - Sync 1 DAGs
[2021-02-18 07:46:03,168] {logging_mixin.py:104} INFO - [2021-02-18 07:46:03,168] {dag.py:2273} INFO - Setting next_dagrun for example_kubernetes_executor_config to None
[2021-02-18 07:46:03,177] {scheduler_job.py:190} INFO - Processing /home/airflow/.local/lib/python3.6/site-packages/airflow/example_dags/example_kubernetes_executor_config.py took 0.073 seconds
[2021-02-18 07:46:33,201] {scheduler_job.py:182} INFO - Started process (PID=492) to work on /home/airflow/.local/lib/python3.6/site-packages/airflow/example_dags/example_kubernetes_executor_config.py
[2021-02-18 07:46:33,202] {scheduler_job.py:629} INFO - Processing file /home/airflow/.local/lib/python3.6/site-packages/airflow/example_dags/example_kubernetes_executor_config.py for tasks to queue
[2021-02-18 07:46:33,203] {logging_mixin.py:104} INFO - [2021-02-18 07:46:33,203] {dagbag.py:448} INFO - Filling up the DagBag from /home/airflow/.local/lib/python3.6/site-packages/airflow/example_dags/example_kubernetes_executor_config.py
[2021-02-18 07:46:33,215] {scheduler_job.py:639} INFO - DAG(s) dict_keys(['example_kubernetes_executor_config']) retrieved from /home/airflow/.local/lib/python3.6/site-packages/airflow/example_dags/example_kubernetes_executor_config.py
[2021-02-18 07:46:33,235] {logging_mixin.py:104} INFO - [2021-02-18 07:46:33,235] {dag.py:1818} INFO - Sync 1 DAGs
[2021-02-18 07:46:33,246] {logging_mixin.py:104} INFO - [2021-02-18 07:46:33,246] {dag.py:2273} INFO - Setting next_dagrun for example_kubernetes_executor_config to None
[2021-02-18 07:46:33,253] {scheduler_job.py:190} INFO - Processing /home/airflow/.local/lib/python3.6/site-packages/airflow/example_dags/example_kubernetes_executor_config.py took 0.055 seconds
[2021-02-18 07:47:03,309] {scheduler_job.py:182} INFO - Started process (PID=517) to work on /home/airflow/.local/lib/python3.6/site-packages/airflow/example_dags/example_kubernetes_executor_config.py
[2021-02-18 07:47:03,310] {scheduler_job.py:629} INFO - Processing file /home/airflow/.local/lib/python3.6/site-packages/airflow/example_dags/example_kubernetes_executor_config.py for tasks to queue
[2021-02-18 07:47:03,311] {logging_mixin.py:104} INFO - [2021-02-18 07:47:03,311] {dagbag.py:448} INFO - Filling up the DagBag from /home/airflow/.local/lib/python3.6/site-packages/airflow/example_dags/example_kubernetes_executor_config.py
[2021-02-18 07:47:03,323] {scheduler_job.py:639} INFO - DAG(s) dict_keys(['example_kubernetes_executor_config']) retrieved from /home/airflow/.local/lib/python3.6/site-packages/airflow/example_dags/example_kubernetes_executor_config.py
[2021-02-18 07:47:03,344] {logging_mixin.py:104} INFO - [2021-02-18 07:47:03,344] {dag.py:1818} INFO - Sync 1 DAGs
[2021-02-18 07:47:03,357] {logging_mixin.py:104} INFO - [2021-02-18 07:47:03,357] {dag.py:2273} INFO - Setting next_dagrun for example_kubernetes_executor_config to None
[2021-02-18 07:47:03,366] {scheduler_job.py:190} INFO - Processing /home/airflow/.local/lib/python3.6/site-packages/airflow/example_dags/example_kubernetes_executor_config.py took 0.059 seconds
[2021-02-18 07:47:33,494] {scheduler_job.py:182} INFO - Started process (PID=542) to work on /home/airflow/.local/lib/python3.6/site-packages/airflow/example_dags/example_kubernetes_executor_config.py
[2021-02-18 07:47:33,495] {scheduler_job.py:629} INFO - Processing file /home/airflow/.local/lib/python3.6/site-packages/airflow/example_dags/example_kubernetes_executor_config.py for tasks to queue
[2021-02-18 07:47:33,495] {logging_mixin.py:104} INFO - [2021-02-18 07:47:33,495] {dagbag.py:448} INFO - Filling up the DagBag from /home/airflow/.local/lib/python3.6/site-packages/airflow/example_dags/example_kubernetes_executor_config.py
[2021-02-18 07:47:33,506] {scheduler_job.py:639} INFO - DAG(s) dict_keys(['example_kubernetes_executor_config']) retrieved from /home/airflow/.local/lib/python3.6/site-packages/airflow/example_dags/example_kubernetes_executor_config.py
[2021-02-18 07:47:33,526] {logging_mixin.py:104} INFO - [2021-02-18 07:47:33,526] {dag.py:1818} INFO - Sync 1 DAGs
[2021-02-18 07:47:33,539] {logging_mixin.py:104} INFO - [2021-02-18 07:47:33,538] {dag.py:2273} INFO - Setting next_dagrun for example_kubernetes_executor_config to None
[2021-02-18 07:47:33,546] {scheduler_job.py:190} INFO - Processing /home/airflow/.local/lib/python3.6/site-packages/airflow/example_dags/example_kubernetes_executor_config.py took 0.057 seconds
[2021-02-18 07:48:03,612] {scheduler_job.py:182} INFO - Started process (PID=568) to work on /home/airflow/.local/lib/python3.6/site-packages/airflow/example_dags/example_kubernetes_executor_config.py
[2021-02-18 07:48:03,612] {scheduler_job.py:629} INFO - Processing file /home/airflow/.local/lib/python3.6/site-packages/airflow/example_dags/example_kubernetes_executor_config.py for tasks to queue
[2021-02-18 07:48:03,613] {logging_mixin.py:104} INFO - [2021-02-18 07:48:03,613] {dagbag.py:448} INFO - Filling up the DagBag from /home/airflow/.local/lib/python3.6/site-packages/airflow/example_dags/example_kubernetes_executor_config.py
[2021-02-18 07:48:03,624] {scheduler_job.py:639} INFO - DAG(s) dict_keys(['example_kubernetes_executor_config']) retrieved from /home/airflow/.local/lib/python3.6/site-packages/airflow/example_dags/example_kubernetes_executor_config.py
[2021-02-18 07:48:03,646] {logging_mixin.py:104} INFO - [2021-02-18 07:48:03,646] {dag.py:1818} INFO - Sync 1 DAGs
[2021-02-18 07:48:03,658] {logging_mixin.py:104} INFO - [2021-02-18 07:48:03,658] {dag.py:2273} INFO - Setting next_dagrun for example_kubernetes_executor_config to None
[2021-02-18 07:48:03,666] {scheduler_job.py:190} INFO - Processing /home/airflow/.local/lib/python3.6/site-packages/airflow/example_dags/example_kubernetes_executor_config.py took 0.058 seconds
[2021-02-18 07:48:33,709] {scheduler_job.py:182} INFO - Started process (PID=594) to work on /home/airflow/.local/lib/python3.6/site-packages/airflow/example_dags/example_kubernetes_executor_config.py
[2021-02-18 07:48:33,711] {scheduler_job.py:629} INFO - Processing file /home/airflow/.local/lib/python3.6/site-packages/airflow/example_dags/example_kubernetes_executor_config.py for tasks to queue
[2021-02-18 07:48:33,712] {logging_mixin.py:104} INFO - [2021-02-18 07:48:33,712] {dagbag.py:448} INFO - Filling up the DagBag from /home/airflow/.local/lib/python3.6/site-packages/airflow/example_dags/example_kubernetes_executor_config.py
[2021-02-18 07:48:33,724] {scheduler_job.py:639} INFO - DAG(s) dict_keys(['example_kubernetes_executor_config']) retrieved from /home/airflow/.local/lib/python3.6/site-packages/airflow/example_dags/example_kubernetes_executor_config.py
[2021-02-18 07:48:33,754] {logging_mixin.py:104} INFO - [2021-02-18 07:48:33,754] {dag.py:1818} INFO - Sync 1 DAGs
[2021-02-18 07:48:33,765] {logging_mixin.py:104} INFO - [2021-02-18 07:48:33,765] {dag.py:2273} INFO - Setting next_dagrun for example_kubernetes_executor_config to None
[2021-02-18 07:48:33,770] {scheduler_job.py:190} INFO - Processing /home/airflow/.local/lib/python3.6/site-packages/airflow/example_dags/example_kubernetes_executor_config.py took 0.065 seconds
[2021-02-18 07:49:03,838] {scheduler_job.py:182} INFO - Started process (PID=620) to work on /home/airflow/.local/lib/python3.6/site-packages/airflow/example_dags/example_kubernetes_executor_config.py
[2021-02-18 07:49:03,839] {scheduler_job.py:629} INFO - Processing file /home/airflow/.local/lib/python3.6/site-packages/airflow/example_dags/example_kubernetes_executor_config.py for tasks to queue
[2021-02-18 07:49:03,840] {logging_mixin.py:104} INFO - [2021-02-18 07:49:03,840] {dagbag.py:448} INFO - Filling up the DagBag from /home/airflow/.local/lib/python3.6/site-packages/airflow/example_dags/example_kubernetes_executor_config.py
[2021-02-18 07:49:03,852] {scheduler_job.py:639} INFO - DAG(s) dict_keys(['example_kubernetes_executor_config']) retrieved from /home/airflow/.local/lib/python3.6/site-packages/airflow/example_dags/example_kubernetes_executor_config.py
[2021-02-18 07:49:03,871] {logging_mixin.py:104} INFO - [2021-02-18 07:49:03,870] {dag.py:1818} INFO - Sync 1 DAGs
[2021-02-18 07:49:03,884] {logging_mixin.py:104} INFO - [2021-02-18 07:49:03,884] {dag.py:2273} INFO - Setting next_dagrun for example_kubernetes_executor_config to None
[2021-02-18 07:49:03,892] {scheduler_job.py:190} INFO - Processing /home/airflow/.local/lib/python3.6/site-packages/airflow/example_dags/example_kubernetes_executor_config.py took 0.059 seconds
[2021-02-18 07:49:33,965] {scheduler_job.py:182} INFO - Started process (PID=646) to work on /home/airflow/.local/lib/python3.6/site-packages/airflow/example_dags/example_kubernetes_executor_config.py
[2021-02-18 07:49:33,965] {scheduler_job.py:629} INFO - Processing file /home/airflow/.local/lib/python3.6/site-packages/airflow/example_dags/example_kubernetes_executor_config.py for tasks to queue
[2021-02-18 07:49:33,966] {logging_mixin.py:104} INFO - [2021-02-18 07:49:33,966] {dagbag.py:448} INFO - Filling up the DagBag from /home/airflow/.local/lib/python3.6/site-packages/airflow/example_dags/example_kubernetes_executor_config.py
[2021-02-18 07:49:33,981] {scheduler_job.py:639} INFO - DAG(s) dict_keys(['example_kubernetes_executor_config']) retrieved from /home/airflow/.local/lib/python3.6/site-packages/airflow/example_dags/example_kubernetes_executor_config.py
[2021-02-18 07:49:34,004] {logging_mixin.py:104} INFO - [2021-02-18 07:49:34,004] {dag.py:1818} INFO - Sync 1 DAGs
[2021-02-18 07:49:34,016] {logging_mixin.py:104} INFO - [2021-02-18 07:49:34,016] {dag.py:2273} INFO - Setting next_dagrun for example_kubernetes_executor_config to None
[2021-02-18 07:49:34,024] {scheduler_job.py:190} INFO - Processing /home/airflow/.local/lib/python3.6/site-packages/airflow/example_dags/example_kubernetes_executor_config.py took 0.063 seconds
[2021-02-18 07:50:04,110] {scheduler_job.py:182} INFO - Started process (PID=672) to work on /home/airflow/.local/lib/python3.6/site-packages/airflow/example_dags/example_kubernetes_executor_config.py
[2021-02-18 07:50:04,111] {scheduler_job.py:629} INFO - Processing file /home/airflow/.local/lib/python3.6/site-packages/airflow/example_dags/example_kubernetes_executor_config.py for tasks to queue
[2021-02-18 07:50:04,112] {logging_mixin.py:104} INFO - [2021-02-18 07:50:04,112] {dagbag.py:448} INFO - Filling up the DagBag from /home/airflow/.local/lib/python3.6/site-packages/airflow/example_dags/example_kubernetes_executor_config.py
[2021-02-18 07:50:04,124] {scheduler_job.py:639} INFO - DAG(s) dict_keys(['example_kubernetes_executor_config']) retrieved from /home/airflow/.local/lib/python3.6/site-packages/airflow/example_dags/example_kubernetes_executor_config.py
[2021-02-18 07:50:04,145] {logging_mixin.py:104} INFO - [2021-02-18 07:50:04,145] {dag.py:1818} INFO - Sync 1 DAGs
[2021-02-18 07:50:04,158] {logging_mixin.py:104} INFO - [2021-02-18 07:50:04,158] {dag.py:2273} INFO - Setting next_dagrun for example_kubernetes_executor_config to None
[2021-02-18 07:50:04,165] {scheduler_job.py:190} INFO - Processing /home/airflow/.local/lib/python3.6/site-packages/airflow/example_dags/example_kubernetes_executor_config.py took 0.060 seconds
[2021-02-18 07:50:34,188] {scheduler_job.py:182} INFO - Started process (PID=698) to work on /home/airflow/.local/lib/python3.6/site-packages/airflow/example_dags/example_kubernetes_executor_config.py
[2021-02-18 07:50:34,190] {scheduler_job.py:629} INFO - Processing file /home/airflow/.local/lib/python3.6/site-packages/airflow/example_dags/example_kubernetes_executor_config.py for tasks to queue
[2021-02-18 07:50:34,191] {logging_mixin.py:104} INFO - [2021-02-18 07:50:34,191] {dagbag.py:448} INFO - Filling up the DagBag from /home/airflow/.local/lib/python3.6/site-packages/airflow/example_dags/example_kubernetes_executor_config.py
[2021-02-18 07:50:34,202] {scheduler_job.py:639} INFO - DAG(s) dict_keys(['example_kubernetes_executor_config']) retrieved from /home/airflow/.local/lib/python3.6/site-packages/airflow/example_dags/example_kubernetes_executor_config.py
[2021-02-18 07:50:34,222] {logging_mixin.py:104} INFO - [2021-02-18 07:50:34,222] {dag.py:1818} INFO - Sync 1 DAGs
[2021-02-18 07:50:34,234] {logging_mixin.py:104} INFO - [2021-02-18 07:50:34,234] {dag.py:2273} INFO - Setting next_dagrun for example_kubernetes_executor_config to None
[2021-02-18 07:50:34,241] {scheduler_job.py:190} INFO - Processing /home/airflow/.local/lib/python3.6/site-packages/airflow/example_dags/example_kubernetes_executor_config.py took 0.059 seconds
[2021-02-18 07:51:04,330] {scheduler_job.py:182} INFO - Started process (PID=720) to work on /home/airflow/.local/lib/python3.6/site-packages/airflow/example_dags/example_kubernetes_executor_config.py
[2021-02-18 07:51:04,332] {scheduler_job.py:629} INFO - Processing file /home/airflow/.local/lib/python3.6/site-packages/airflow/example_dags/example_kubernetes_executor_config.py for tasks to queue
[2021-02-18 07:51:04,333] {logging_mixin.py:104} INFO - [2021-02-18 07:51:04,333] {dagbag.py:448} INFO - Filling up the DagBag from /home/airflow/.local/lib/python3.6/site-packages/airflow/example_dags/example_kubernetes_executor_config.py
[2021-02-18 07:51:04,344] {scheduler_job.py:639} INFO - DAG(s) dict_keys(['example_kubernetes_executor_config']) retrieved from /home/airflow/.local/lib/python3.6/site-packages/airflow/example_dags/example_kubernetes_executor_config.py
[2021-02-18 07:51:04,362] {logging_mixin.py:104} INFO - [2021-02-18 07:51:04,362] {dag.py:1818} INFO - Sync 1 DAGs
[2021-02-18 07:51:04,374] {logging_mixin.py:104} INFO - [2021-02-18 07:51:04,374] {dag.py:2273} INFO - Setting next_dagrun for example_kubernetes_executor_config to None
[2021-02-18 07:51:04,382] {scheduler_job.py:190} INFO - Processing /home/airflow/.local/lib/python3.6/site-packages/airflow/example_dags/example_kubernetes_executor_config.py took 0.055 seconds
[2021-02-18 07:51:34,413] {scheduler_job.py:182} INFO - Started process (PID=746) to work on /home/airflow/.local/lib/python3.6/site-packages/airflow/example_dags/example_kubernetes_executor_config.py
[2021-02-18 07:51:34,413] {scheduler_job.py:629} INFO - Processing file /home/airflow/.local/lib/python3.6/site-packages/airflow/example_dags/example_kubernetes_executor_config.py for tasks to queue
[2021-02-18 07:51:34,414] {logging_mixin.py:104} INFO - [2021-02-18 07:51:34,414] {dagbag.py:448} INFO - Filling up the DagBag from /home/airflow/.local/lib/python3.6/site-packages/airflow/example_dags/example_kubernetes_executor_config.py
[2021-02-18 07:51:34,426] {scheduler_job.py:639} INFO - DAG(s) dict_keys(['example_kubernetes_executor_config']) retrieved from /home/airflow/.local/lib/python3.6/site-packages/airflow/example_dags/example_kubernetes_executor_config.py
[2021-02-18 07:51:34,450] {logging_mixin.py:104} INFO - [2021-02-18 07:51:34,450] {dag.py:1818} INFO - Sync 1 DAGs
[2021-02-18 07:51:34,463] {logging_mixin.py:104} INFO - [2021-02-18 07:51:34,462] {dag.py:2273} INFO - Setting next_dagrun for example_kubernetes_executor_config to None
[2021-02-18 07:51:34,471] {scheduler_job.py:190} INFO - Processing /home/airflow/.local/lib/python3.6/site-packages/airflow/example_dags/example_kubernetes_executor_config.py took 0.061 seconds
[2021-02-18 07:52:04,596] {scheduler_job.py:182} INFO - Started process (PID=772) to work on /home/airflow/.local/lib/python3.6/site-packages/airflow/example_dags/example_kubernetes_executor_config.py
[2021-02-18 07:52:04,597] {scheduler_job.py:629} INFO - Processing file /home/airflow/.local/lib/python3.6/site-packages/airflow/example_dags/example_kubernetes_executor_config.py for tasks to queue
[2021-02-18 07:52:04,597] {logging_mixin.py:104} INFO - [2021-02-18 07:52:04,597] {dagbag.py:448} INFO - Filling up the DagBag from /home/airflow/.local/lib/python3.6/site-packages/airflow/example_dags/example_kubernetes_executor_config.py
[2021-02-18 07:52:04,611] {scheduler_job.py:639} INFO - DAG(s) dict_keys(['example_kubernetes_executor_config']) retrieved from /home/airflow/.local/lib/python3.6/site-packages/airflow/example_dags/example_kubernetes_executor_config.py
[2021-02-18 07:52:04,631] {logging_mixin.py:104} INFO - [2021-02-18 07:52:04,631] {dag.py:1818} INFO - Sync 1 DAGs
[2021-02-18 07:52:04,641] {logging_mixin.py:104} INFO - [2021-02-18 07:52:04,641] {dag.py:2273} INFO - Setting next_dagrun for example_kubernetes_executor_config to None
[2021-02-18 07:52:04,646] {scheduler_job.py:190} INFO - Processing /home/airflow/.local/lib/python3.6/site-packages/airflow/example_dags/example_kubernetes_executor_config.py took 0.053 seconds
[2021-02-18 07:52:34,901] {scheduler_job.py:182} INFO - Started process (PID=801) to work on /home/airflow/.local/lib/python3.6/site-packages/airflow/example_dags/example_kubernetes_executor_config.py
[2021-02-18 07:52:34,902] {scheduler_job.py:629} INFO - Processing file /home/airflow/.local/lib/python3.6/site-packages/airflow/example_dags/example_kubernetes_executor_config.py for tasks to queue
[2021-02-18 07:52:34,903] {logging_mixin.py:104} INFO - [2021-02-18 07:52:34,903] {dagbag.py:448} INFO - Filling up the DagBag from /home/airflow/.local/lib/python3.6/site-packages/airflow/example_dags/example_kubernetes_executor_config.py
[2021-02-18 07:52:34,915] {scheduler_job.py:639} INFO - DAG(s) dict_keys(['example_kubernetes_executor_config']) retrieved from /home/airflow/.local/lib/python3.6/site-packages/airflow/example_dags/example_kubernetes_executor_config.py
[2021-02-18 07:52:34,940] {logging_mixin.py:104} INFO - [2021-02-18 07:52:34,940] {dag.py:1818} INFO - Sync 1 DAGs
[2021-02-18 07:52:34,956] {logging_mixin.py:104} INFO - [2021-02-18 07:52:34,956] {dag.py:2273} INFO - Setting next_dagrun for example_kubernetes_executor_config to None
[2021-02-18 07:52:34,965] {scheduler_job.py:190} INFO - Processing /home/airflow/.local/lib/python3.6/site-packages/airflow/example_dags/example_kubernetes_executor_config.py took 0.068 seconds
[2021-02-18 07:53:04,997] {scheduler_job.py:182} INFO - Started process (PID=827) to work on /home/airflow/.local/lib/python3.6/site-packages/airflow/example_dags/example_kubernetes_executor_config.py
[2021-02-18 07:53:04,999] {scheduler_job.py:629} INFO - Processing file /home/airflow/.local/lib/python3.6/site-packages/airflow/example_dags/example_kubernetes_executor_config.py for tasks to queue
[2021-02-18 07:53:05,000] {logging_mixin.py:104} INFO - [2021-02-18 07:53:05,000] {dagbag.py:448} INFO - Filling up the DagBag from /home/airflow/.local/lib/python3.6/site-packages/airflow/example_dags/example_kubernetes_executor_config.py
[2021-02-18 07:53:05,010] {scheduler_job.py:639} INFO - DAG(s) dict_keys(['example_kubernetes_executor_config']) retrieved from /home/airflow/.local/lib/python3.6/site-packages/airflow/example_dags/example_kubernetes_executor_config.py
[2021-02-18 07:53:05,032] {logging_mixin.py:104} INFO - [2021-02-18 07:53:05,032] {dag.py:1818} INFO - Sync 1 DAGs
[2021-02-18 07:53:05,045] {logging_mixin.py:104} INFO - [2021-02-18 07:53:05,045] {dag.py:2273} INFO - Setting next_dagrun for example_kubernetes_executor_config to None
[2021-02-18 07:53:05,053] {scheduler_job.py:190} INFO - Processing /home/airflow/.local/lib/python3.6/site-packages/airflow/example_dags/example_kubernetes_executor_config.py took 0.059 seconds
[2021-02-18 07:53:35,224] {scheduler_job.py:182} INFO - Started process (PID=853) to work on /home/airflow/.local/lib/python3.6/site-packages/airflow/example_dags/example_kubernetes_executor_config.py
[2021-02-18 07:53:35,226] {scheduler_job.py:629} INFO - Processing file /home/airflow/.local/lib/python3.6/site-packages/airflow/example_dags/example_kubernetes_executor_config.py for tasks to queue
[2021-02-18 07:53:35,227] {logging_mixin.py:104} INFO - [2021-02-18 07:53:35,227] {dagbag.py:448} INFO - Filling up the DagBag from /home/airflow/.local/lib/python3.6/site-packages/airflow/example_dags/example_kubernetes_executor_config.py
[2021-02-18 07:53:35,240] {scheduler_job.py:639} INFO - DAG(s) dict_keys(['example_kubernetes_executor_config']) retrieved from /home/airflow/.local/lib/python3.6/site-packages/airflow/example_dags/example_kubernetes_executor_config.py
[2021-02-18 07:53:35,265] {logging_mixin.py:104} INFO - [2021-02-18 07:53:35,265] {dag.py:1818} INFO - Sync 1 DAGs
[2021-02-18 07:53:35,277] {logging_mixin.py:104} INFO - [2021-02-18 07:53:35,277] {dag.py:2273} INFO - Setting next_dagrun for example_kubernetes_executor_config to None
[2021-02-18 07:53:35,285] {scheduler_job.py:190} INFO - Processing /home/airflow/.local/lib/python3.6/site-packages/airflow/example_dags/example_kubernetes_executor_config.py took 0.066 seconds
[2021-02-18 07:54:05,342] {scheduler_job.py:182} INFO - Started process (PID=879) to work on /home/airflow/.local/lib/python3.6/site-packages/airflow/example_dags/example_kubernetes_executor_config.py
[2021-02-18 07:54:05,343] {scheduler_job.py:629} INFO - Processing file /home/airflow/.local/lib/python3.6/site-packages/airflow/example_dags/example_kubernetes_executor_config.py for tasks to queue
[2021-02-18 07:54:05,344] {logging_mixin.py:104} INFO - [2021-02-18 07:54:05,344] {dagbag.py:448} INFO - Filling up the DagBag from /home/airflow/.local/lib/python3.6/site-packages/airflow/example_dags/example_kubernetes_executor_config.py
[2021-02-18 07:54:05,356] {scheduler_job.py:639} INFO - DAG(s) dict_keys(['example_kubernetes_executor_config']) retrieved from /home/airflow/.local/lib/python3.6/site-packages/airflow/example_dags/example_kubernetes_executor_config.py
[2021-02-18 07:54:05,378] {logging_mixin.py:104} INFO - [2021-02-18 07:54:05,377] {dag.py:1818} INFO - Sync 1 DAGs
[2021-02-18 07:54:05,390] {logging_mixin.py:104} INFO - [2021-02-18 07:54:05,390] {dag.py:2273} INFO - Setting next_dagrun for example_kubernetes_executor_config to None
[2021-02-18 07:54:05,399] {scheduler_job.py:190} INFO - Processing /home/airflow/.local/lib/python3.6/site-packages/airflow/example_dags/example_kubernetes_executor_config.py took 0.061 seconds
[2021-02-18 07:55:58,823] {scheduler_job.py:182} INFO - Started process (PID=46) to work on /home/airflow/.local/lib/python3.6/site-packages/airflow/example_dags/example_kubernetes_executor_config.py
[2021-02-18 07:55:58,824] {scheduler_job.py:629} INFO - Processing file /home/airflow/.local/lib/python3.6/site-packages/airflow/example_dags/example_kubernetes_executor_config.py for tasks to queue
[2021-02-18 07:55:58,825] {logging_mixin.py:104} INFO - [2021-02-18 07:55:58,825] {dagbag.py:448} INFO - Filling up the DagBag from /home/airflow/.local/lib/python3.6/site-packages/airflow/example_dags/example_kubernetes_executor_config.py
[2021-02-18 07:55:58,840] {scheduler_job.py:639} INFO - DAG(s) dict_keys(['example_kubernetes_executor_config']) retrieved from /home/airflow/.local/lib/python3.6/site-packages/airflow/example_dags/example_kubernetes_executor_config.py
[2021-02-18 07:55:58,860] {logging_mixin.py:104} INFO - [2021-02-18 07:55:58,859] {dag.py:1818} INFO - Sync 1 DAGs
[2021-02-18 07:55:58,867] {logging_mixin.py:104} INFO - [2021-02-18 07:55:58,867] {dag.py:1837} INFO - Creating ORM DAG for example_kubernetes_executor_config
[2021-02-18 07:55:58,872] {logging_mixin.py:104} INFO - [2021-02-18 07:55:58,872] {dag.py:2273} INFO - Setting next_dagrun for example_kubernetes_executor_config to None
[2021-02-18 07:55:58,888] {scheduler_job.py:190} INFO - Processing /home/airflow/.local/lib/python3.6/site-packages/airflow/example_dags/example_kubernetes_executor_config.py took 0.068 seconds
[2021-02-18 07:56:29,084] {scheduler_job.py:182} INFO - Started process (PID=74) to work on /home/airflow/.local/lib/python3.6/site-packages/airflow/example_dags/example_kubernetes_executor_config.py
[2021-02-18 07:56:29,085] {scheduler_job.py:629} INFO - Processing file /home/airflow/.local/lib/python3.6/site-packages/airflow/example_dags/example_kubernetes_executor_config.py for tasks to queue
[2021-02-18 07:56:29,086] {logging_mixin.py:104} INFO - [2021-02-18 07:56:29,086] {dagbag.py:448} INFO - Filling up the DagBag from /home/airflow/.local/lib/python3.6/site-packages/airflow/example_dags/example_kubernetes_executor_config.py
[2021-02-18 07:56:29,095] {scheduler_job.py:639} INFO - DAG(s) dict_keys(['example_kubernetes_executor_config']) retrieved from /home/airflow/.local/lib/python3.6/site-packages/airflow/example_dags/example_kubernetes_executor_config.py
[2021-02-18 07:56:29,112] {logging_mixin.py:104} INFO - [2021-02-18 07:56:29,112] {dag.py:1818} INFO - Sync 1 DAGs
[2021-02-18 07:56:29,123] {logging_mixin.py:104} INFO - [2021-02-18 07:56:29,123] {dag.py:2273} INFO - Setting next_dagrun for example_kubernetes_executor_config to None
[2021-02-18 07:56:29,129] {scheduler_job.py:190} INFO - Processing /home/airflow/.local/lib/python3.6/site-packages/airflow/example_dags/example_kubernetes_executor_config.py took 0.050 seconds
[2021-02-18 07:56:55,810] {scheduler_job.py:182} INFO - Started process (PID=35) to work on /home/airflow/.local/lib/python3.6/site-packages/airflow/example_dags/example_kubernetes_executor_config.py
[2021-02-18 07:56:55,811] {scheduler_job.py:629} INFO - Processing file /home/airflow/.local/lib/python3.6/site-packages/airflow/example_dags/example_kubernetes_executor_config.py for tasks to queue
[2021-02-18 07:56:55,812] {logging_mixin.py:104} INFO - [2021-02-18 07:56:55,812] {dagbag.py:448} INFO - Filling up the DagBag from /home/airflow/.local/lib/python3.6/site-packages/airflow/example_dags/example_kubernetes_executor_config.py
[2021-02-18 07:56:55,825] {scheduler_job.py:639} INFO - DAG(s) dict_keys(['example_kubernetes_executor_config']) retrieved from /home/airflow/.local/lib/python3.6/site-packages/airflow/example_dags/example_kubernetes_executor_config.py
[2021-02-18 07:56:55,850] {logging_mixin.py:104} INFO - [2021-02-18 07:56:55,850] {dag.py:1818} INFO - Sync 1 DAGs
[2021-02-18 07:56:55,867] {logging_mixin.py:104} INFO - [2021-02-18 07:56:55,867] {dag.py:2273} INFO - Setting next_dagrun for example_kubernetes_executor_config to None
[2021-02-18 07:56:55,879] {scheduler_job.py:190} INFO - Processing /home/airflow/.local/lib/python3.6/site-packages/airflow/example_dags/example_kubernetes_executor_config.py took 0.073 seconds
[2021-02-18 07:57:26,040] {scheduler_job.py:182} INFO - Started process (PID=61) to work on /home/airflow/.local/lib/python3.6/site-packages/airflow/example_dags/example_kubernetes_executor_config.py
[2021-02-18 07:57:26,041] {scheduler_job.py:629} INFO - Processing file /home/airflow/.local/lib/python3.6/site-packages/airflow/example_dags/example_kubernetes_executor_config.py for tasks to queue
[2021-02-18 07:57:26,042] {logging_mixin.py:104} INFO - [2021-02-18 07:57:26,041] {dagbag.py:448} INFO - Filling up the DagBag from /home/airflow/.local/lib/python3.6/site-packages/airflow/example_dags/example_kubernetes_executor_config.py
[2021-02-18 07:57:26,052] {scheduler_job.py:639} INFO - DAG(s) dict_keys(['example_kubernetes_executor_config']) retrieved from /home/airflow/.local/lib/python3.6/site-packages/airflow/example_dags/example_kubernetes_executor_config.py
[2021-02-18 07:57:26,077] {logging_mixin.py:104} INFO - [2021-02-18 07:57:26,076] {dag.py:1818} INFO - Sync 1 DAGs
[2021-02-18 07:57:26,089] {logging_mixin.py:104} INFO - [2021-02-18 07:57:26,088] {dag.py:2273} INFO - Setting next_dagrun for example_kubernetes_executor_config to None
[2021-02-18 07:57:26,095] {scheduler_job.py:190} INFO - Processing /home/airflow/.local/lib/python3.6/site-packages/airflow/example_dags/example_kubernetes_executor_config.py took 0.058 seconds
[2021-02-18 07:57:56,156] {scheduler_job.py:182} INFO - Started process (PID=87) to work on /home/airflow/.local/lib/python3.6/site-packages/airflow/example_dags/example_kubernetes_executor_config.py
[2021-02-18 07:57:56,158] {scheduler_job.py:629} INFO - Processing file /home/airflow/.local/lib/python3.6/site-packages/airflow/example_dags/example_kubernetes_executor_config.py for tasks to queue
[2021-02-18 07:57:56,159] {logging_mixin.py:104} INFO - [2021-02-18 07:57:56,159] {dagbag.py:448} INFO - Filling up the DagBag from /home/airflow/.local/lib/python3.6/site-packages/airflow/example_dags/example_kubernetes_executor_config.py
[2021-02-18 07:57:56,169] {scheduler_job.py:639} INFO - DAG(s) dict_keys(['example_kubernetes_executor_config']) retrieved from /home/airflow/.local/lib/python3.6/site-packages/airflow/example_dags/example_kubernetes_executor_config.py
[2021-02-18 07:57:56,194] {logging_mixin.py:104} INFO - [2021-02-18 07:57:56,194] {dag.py:1818} INFO - Sync 1 DAGs
[2021-02-18 07:57:56,209] {logging_mixin.py:104} INFO - [2021-02-18 07:57:56,209] {dag.py:2273} INFO - Setting next_dagrun for example_kubernetes_executor_config to None
[2021-02-18 07:57:56,218] {scheduler_job.py:190} INFO - Processing /home/airflow/.local/lib/python3.6/site-packages/airflow/example_dags/example_kubernetes_executor_config.py took 0.066 seconds
[2021-02-18 07:58:26,390] {scheduler_job.py:182} INFO - Started process (PID=113) to work on /home/airflow/.local/lib/python3.6/site-packages/airflow/example_dags/example_kubernetes_executor_config.py
[2021-02-18 07:58:26,391] {scheduler_job.py:629} INFO - Processing file /home/airflow/.local/lib/python3.6/site-packages/airflow/example_dags/example_kubernetes_executor_config.py for tasks to queue
[2021-02-18 07:58:26,391] {logging_mixin.py:104} INFO - [2021-02-18 07:58:26,391] {dagbag.py:448} INFO - Filling up the DagBag from /home/airflow/.local/lib/python3.6/site-packages/airflow/example_dags/example_kubernetes_executor_config.py
[2021-02-18 07:58:26,407] {scheduler_job.py:639} INFO - DAG(s) dict_keys(['example_kubernetes_executor_config']) retrieved from /home/airflow/.local/lib/python3.6/site-packages/airflow/example_dags/example_kubernetes_executor_config.py
[2021-02-18 07:58:26,428] {logging_mixin.py:104} INFO - [2021-02-18 07:58:26,427] {dag.py:1818} INFO - Sync 1 DAGs
[2021-02-18 07:58:26,440] {logging_mixin.py:104} INFO - [2021-02-18 07:58:26,439] {dag.py:2273} INFO - Setting next_dagrun for example_kubernetes_executor_config to None
[2021-02-18 07:58:26,446] {scheduler_job.py:190} INFO - Processing /home/airflow/.local/lib/python3.6/site-packages/airflow/example_dags/example_kubernetes_executor_config.py took 0.059 seconds
[2021-02-18 07:58:56,491] {scheduler_job.py:182} INFO - Started process (PID=139) to work on /home/airflow/.local/lib/python3.6/site-packages/airflow/example_dags/example_kubernetes_executor_config.py
[2021-02-18 07:58:56,492] {scheduler_job.py:629} INFO - Processing file /home/airflow/.local/lib/python3.6/site-packages/airflow/example_dags/example_kubernetes_executor_config.py for tasks to queue
[2021-02-18 07:58:56,493] {logging_mixin.py:104} INFO - [2021-02-18 07:58:56,493] {dagbag.py:448} INFO - Filling up the DagBag from /home/airflow/.local/lib/python3.6/site-packages/airflow/example_dags/example_kubernetes_executor_config.py
[2021-02-18 07:58:56,504] {scheduler_job.py:639} INFO - DAG(s) dict_keys(['example_kubernetes_executor_config']) retrieved from /home/airflow/.local/lib/python3.6/site-packages/airflow/example_dags/example_kubernetes_executor_config.py
[2021-02-18 07:58:56,527] {logging_mixin.py:104} INFO - [2021-02-18 07:58:56,527] {dag.py:1818} INFO - Sync 1 DAGs
[2021-02-18 07:58:56,539] {logging_mixin.py:104} INFO - [2021-02-18 07:58:56,539] {dag.py:2273} INFO - Setting next_dagrun for example_kubernetes_executor_config to None
[2021-02-18 07:58:56,546] {scheduler_job.py:190} INFO - Processing /home/airflow/.local/lib/python3.6/site-packages/airflow/example_dags/example_kubernetes_executor_config.py took 0.058 seconds
[2021-02-18 07:59:26,750] {scheduler_job.py:182} INFO - Started process (PID=165) to work on /home/airflow/.local/lib/python3.6/site-packages/airflow/example_dags/example_kubernetes_executor_config.py
[2021-02-18 07:59:26,751] {scheduler_job.py:629} INFO - Processing file /home/airflow/.local/lib/python3.6/site-packages/airflow/example_dags/example_kubernetes_executor_config.py for tasks to queue
[2021-02-18 07:59:26,751] {logging_mixin.py:104} INFO - [2021-02-18 07:59:26,751] {dagbag.py:448} INFO - Filling up the DagBag from /home/airflow/.local/lib/python3.6/site-packages/airflow/example_dags/example_kubernetes_executor_config.py
[2021-02-18 07:59:26,762] {scheduler_job.py:639} INFO - DAG(s) dict_keys(['example_kubernetes_executor_config']) retrieved from /home/airflow/.local/lib/python3.6/site-packages/airflow/example_dags/example_kubernetes_executor_config.py
[2021-02-18 07:59:26,782] {logging_mixin.py:104} INFO - [2021-02-18 07:59:26,782] {dag.py:1818} INFO - Sync 1 DAGs
[2021-02-18 07:59:26,793] {logging_mixin.py:104} INFO - [2021-02-18 07:59:26,793] {dag.py:2273} INFO - Setting next_dagrun for example_kubernetes_executor_config to None
[2021-02-18 07:59:26,800] {scheduler_job.py:190} INFO - Processing /home/airflow/.local/lib/python3.6/site-packages/airflow/example_dags/example_kubernetes_executor_config.py took 0.051 seconds
[2021-02-18 07:59:56,998] {scheduler_job.py:182} INFO - Started process (PID=191) to work on /home/airflow/.local/lib/python3.6/site-packages/airflow/example_dags/example_kubernetes_executor_config.py
[2021-02-18 07:59:56,999] {scheduler_job.py:629} INFO - Processing file /home/airflow/.local/lib/python3.6/site-packages/airflow/example_dags/example_kubernetes_executor_config.py for tasks to queue
[2021-02-18 07:59:56,999] {logging_mixin.py:104} INFO - [2021-02-18 07:59:56,999] {dagbag.py:448} INFO - Filling up the DagBag from /home/airflow/.local/lib/python3.6/site-packages/airflow/example_dags/example_kubernetes_executor_config.py
[2021-02-18 07:59:57,011] {scheduler_job.py:639} INFO - DAG(s) dict_keys(['example_kubernetes_executor_config']) retrieved from /home/airflow/.local/lib/python3.6/site-packages/airflow/example_dags/example_kubernetes_executor_config.py
[2021-02-18 07:59:57,034] {logging_mixin.py:104} INFO - [2021-02-18 07:59:57,034] {dag.py:1818} INFO - Sync 1 DAGs
[2021-02-18 07:59:57,045] {logging_mixin.py:104} INFO - [2021-02-18 07:59:57,045] {dag.py:2273} INFO - Setting next_dagrun for example_kubernetes_executor_config to None
[2021-02-18 07:59:57,052] {scheduler_job.py:190} INFO - Processing /home/airflow/.local/lib/python3.6/site-packages/airflow/example_dags/example_kubernetes_executor_config.py took 0.056 seconds
