[2021-02-18 07:37:59,546] {scheduler_job.py:182} INFO - Started process (PID=57) to work on /home/airflow/.local/lib/python3.6/site-packages/airflow/example_dags/example_xcomargs.py
[2021-02-18 07:37:59,547] {scheduler_job.py:629} INFO - Processing file /home/airflow/.local/lib/python3.6/site-packages/airflow/example_dags/example_xcomargs.py for tasks to queue
[2021-02-18 07:37:59,547] {logging_mixin.py:104} INFO - [2021-02-18 07:37:59,547] {dagbag.py:448} INFO - Filling up the DagBag from /home/airflow/.local/lib/python3.6/site-packages/airflow/example_dags/example_xcomargs.py
[2021-02-18 07:37:59,561] {scheduler_job.py:639} INFO - DAG(s) dict_keys(['example_xcom_args', 'example_xcom_args_with_operators']) retrieved from /home/airflow/.local/lib/python3.6/site-packages/airflow/example_dags/example_xcomargs.py
[2021-02-18 07:37:59,589] {logging_mixin.py:104} INFO - [2021-02-18 07:37:59,589] {dag.py:1818} INFO - Sync 2 DAGs
[2021-02-18 07:37:59,598] {logging_mixin.py:104} INFO - [2021-02-18 07:37:59,598] {dag.py:1837} INFO - Creating ORM DAG for example_xcom_args_with_operators
[2021-02-18 07:37:59,598] {logging_mixin.py:104} INFO - [2021-02-18 07:37:59,598] {dag.py:1837} INFO - Creating ORM DAG for example_xcom_args
[2021-02-18 07:37:59,603] {logging_mixin.py:104} INFO - [2021-02-18 07:37:59,603] {dag.py:2273} INFO - Setting next_dagrun for example_xcom_args to None
[2021-02-18 07:37:59,604] {logging_mixin.py:104} INFO - [2021-02-18 07:37:59,604] {dag.py:2273} INFO - Setting next_dagrun for example_xcom_args_with_operators to None
[2021-02-18 07:37:59,618] {scheduler_job.py:190} INFO - Processing /home/airflow/.local/lib/python3.6/site-packages/airflow/example_dags/example_xcomargs.py took 0.075 seconds
[2021-02-18 07:38:29,676] {scheduler_job.py:182} INFO - Started process (PID=82) to work on /home/airflow/.local/lib/python3.6/site-packages/airflow/example_dags/example_xcomargs.py
[2021-02-18 07:38:29,677] {scheduler_job.py:629} INFO - Processing file /home/airflow/.local/lib/python3.6/site-packages/airflow/example_dags/example_xcomargs.py for tasks to queue
[2021-02-18 07:38:29,677] {logging_mixin.py:104} INFO - [2021-02-18 07:38:29,677] {dagbag.py:448} INFO - Filling up the DagBag from /home/airflow/.local/lib/python3.6/site-packages/airflow/example_dags/example_xcomargs.py
[2021-02-18 07:38:29,691] {scheduler_job.py:639} INFO - DAG(s) dict_keys(['example_xcom_args', 'example_xcom_args_with_operators']) retrieved from /home/airflow/.local/lib/python3.6/site-packages/airflow/example_dags/example_xcomargs.py
[2021-02-18 07:38:29,719] {logging_mixin.py:104} INFO - [2021-02-18 07:38:29,719] {dag.py:1818} INFO - Sync 2 DAGs
[2021-02-18 07:38:29,737] {logging_mixin.py:104} INFO - [2021-02-18 07:38:29,737] {dag.py:2273} INFO - Setting next_dagrun for example_xcom_args to None
[2021-02-18 07:38:29,738] {logging_mixin.py:104} INFO - [2021-02-18 07:38:29,738] {dag.py:2273} INFO - Setting next_dagrun for example_xcom_args_with_operators to None
[2021-02-18 07:38:29,747] {scheduler_job.py:190} INFO - Processing /home/airflow/.local/lib/python3.6/site-packages/airflow/example_dags/example_xcomargs.py took 0.073 seconds
[2021-02-18 07:38:59,846] {scheduler_job.py:182} INFO - Started process (PID=108) to work on /home/airflow/.local/lib/python3.6/site-packages/airflow/example_dags/example_xcomargs.py
[2021-02-18 07:38:59,847] {scheduler_job.py:629} INFO - Processing file /home/airflow/.local/lib/python3.6/site-packages/airflow/example_dags/example_xcomargs.py for tasks to queue
[2021-02-18 07:38:59,847] {logging_mixin.py:104} INFO - [2021-02-18 07:38:59,847] {dagbag.py:448} INFO - Filling up the DagBag from /home/airflow/.local/lib/python3.6/site-packages/airflow/example_dags/example_xcomargs.py
[2021-02-18 07:38:59,858] {scheduler_job.py:639} INFO - DAG(s) dict_keys(['example_xcom_args', 'example_xcom_args_with_operators']) retrieved from /home/airflow/.local/lib/python3.6/site-packages/airflow/example_dags/example_xcomargs.py
[2021-02-18 07:38:59,884] {logging_mixin.py:104} INFO - [2021-02-18 07:38:59,884] {dag.py:1818} INFO - Sync 2 DAGs
[2021-02-18 07:38:59,895] {logging_mixin.py:104} INFO - [2021-02-18 07:38:59,895] {dag.py:2273} INFO - Setting next_dagrun for example_xcom_args to None
[2021-02-18 07:38:59,896] {logging_mixin.py:104} INFO - [2021-02-18 07:38:59,896] {dag.py:2273} INFO - Setting next_dagrun for example_xcom_args_with_operators to None
[2021-02-18 07:38:59,904] {scheduler_job.py:190} INFO - Processing /home/airflow/.local/lib/python3.6/site-packages/airflow/example_dags/example_xcomargs.py took 0.060 seconds
[2021-02-18 07:39:30,181] {scheduler_job.py:182} INFO - Started process (PID=136) to work on /home/airflow/.local/lib/python3.6/site-packages/airflow/example_dags/example_xcomargs.py
[2021-02-18 07:39:30,183] {scheduler_job.py:629} INFO - Processing file /home/airflow/.local/lib/python3.6/site-packages/airflow/example_dags/example_xcomargs.py for tasks to queue
[2021-02-18 07:39:30,183] {logging_mixin.py:104} INFO - [2021-02-18 07:39:30,183] {dagbag.py:448} INFO - Filling up the DagBag from /home/airflow/.local/lib/python3.6/site-packages/airflow/example_dags/example_xcomargs.py
[2021-02-18 07:39:30,197] {scheduler_job.py:639} INFO - DAG(s) dict_keys(['example_xcom_args', 'example_xcom_args_with_operators']) retrieved from /home/airflow/.local/lib/python3.6/site-packages/airflow/example_dags/example_xcomargs.py
[2021-02-18 07:39:30,222] {logging_mixin.py:104} INFO - [2021-02-18 07:39:30,222] {dag.py:1818} INFO - Sync 2 DAGs
[2021-02-18 07:39:30,235] {logging_mixin.py:104} INFO - [2021-02-18 07:39:30,235] {dag.py:2273} INFO - Setting next_dagrun for example_xcom_args to None
[2021-02-18 07:39:30,235] {logging_mixin.py:104} INFO - [2021-02-18 07:39:30,235] {dag.py:2273} INFO - Setting next_dagrun for example_xcom_args_with_operators to None
[2021-02-18 07:39:30,245] {scheduler_job.py:190} INFO - Processing /home/airflow/.local/lib/python3.6/site-packages/airflow/example_dags/example_xcomargs.py took 0.067 seconds
[2021-02-18 07:40:00,395] {scheduler_job.py:182} INFO - Started process (PID=161) to work on /home/airflow/.local/lib/python3.6/site-packages/airflow/example_dags/example_xcomargs.py
[2021-02-18 07:40:00,396] {scheduler_job.py:629} INFO - Processing file /home/airflow/.local/lib/python3.6/site-packages/airflow/example_dags/example_xcomargs.py for tasks to queue
[2021-02-18 07:40:00,396] {logging_mixin.py:104} INFO - [2021-02-18 07:40:00,396] {dagbag.py:448} INFO - Filling up the DagBag from /home/airflow/.local/lib/python3.6/site-packages/airflow/example_dags/example_xcomargs.py
[2021-02-18 07:40:00,408] {scheduler_job.py:639} INFO - DAG(s) dict_keys(['example_xcom_args', 'example_xcom_args_with_operators']) retrieved from /home/airflow/.local/lib/python3.6/site-packages/airflow/example_dags/example_xcomargs.py
[2021-02-18 07:40:00,435] {logging_mixin.py:104} INFO - [2021-02-18 07:40:00,435] {dag.py:1818} INFO - Sync 2 DAGs
[2021-02-18 07:40:00,448] {logging_mixin.py:104} INFO - [2021-02-18 07:40:00,448] {dag.py:2273} INFO - Setting next_dagrun for example_xcom_args to None
[2021-02-18 07:40:00,449] {logging_mixin.py:104} INFO - [2021-02-18 07:40:00,449] {dag.py:2273} INFO - Setting next_dagrun for example_xcom_args_with_operators to None
[2021-02-18 07:40:00,458] {scheduler_job.py:190} INFO - Processing /home/airflow/.local/lib/python3.6/site-packages/airflow/example_dags/example_xcomargs.py took 0.066 seconds
[2021-02-18 07:40:30,590] {scheduler_job.py:182} INFO - Started process (PID=188) to work on /home/airflow/.local/lib/python3.6/site-packages/airflow/example_dags/example_xcomargs.py
[2021-02-18 07:40:30,593] {scheduler_job.py:629} INFO - Processing file /home/airflow/.local/lib/python3.6/site-packages/airflow/example_dags/example_xcomargs.py for tasks to queue
[2021-02-18 07:40:30,594] {logging_mixin.py:104} INFO - [2021-02-18 07:40:30,594] {dagbag.py:448} INFO - Filling up the DagBag from /home/airflow/.local/lib/python3.6/site-packages/airflow/example_dags/example_xcomargs.py
[2021-02-18 07:40:30,605] {scheduler_job.py:639} INFO - DAG(s) dict_keys(['example_xcom_args', 'example_xcom_args_with_operators']) retrieved from /home/airflow/.local/lib/python3.6/site-packages/airflow/example_dags/example_xcomargs.py
[2021-02-18 07:40:30,632] {logging_mixin.py:104} INFO - [2021-02-18 07:40:30,632] {dag.py:1818} INFO - Sync 2 DAGs
[2021-02-18 07:40:30,645] {logging_mixin.py:104} INFO - [2021-02-18 07:40:30,645] {dag.py:2273} INFO - Setting next_dagrun for example_xcom_args to None
[2021-02-18 07:40:30,646] {logging_mixin.py:104} INFO - [2021-02-18 07:40:30,646] {dag.py:2273} INFO - Setting next_dagrun for example_xcom_args_with_operators to None
[2021-02-18 07:40:30,655] {scheduler_job.py:190} INFO - Processing /home/airflow/.local/lib/python3.6/site-packages/airflow/example_dags/example_xcomargs.py took 0.067 seconds
[2021-02-18 07:41:00,748] {scheduler_job.py:182} INFO - Started process (PID=213) to work on /home/airflow/.local/lib/python3.6/site-packages/airflow/example_dags/example_xcomargs.py
[2021-02-18 07:41:00,749] {scheduler_job.py:629} INFO - Processing file /home/airflow/.local/lib/python3.6/site-packages/airflow/example_dags/example_xcomargs.py for tasks to queue
[2021-02-18 07:41:00,750] {logging_mixin.py:104} INFO - [2021-02-18 07:41:00,750] {dagbag.py:448} INFO - Filling up the DagBag from /home/airflow/.local/lib/python3.6/site-packages/airflow/example_dags/example_xcomargs.py
[2021-02-18 07:41:00,762] {scheduler_job.py:639} INFO - DAG(s) dict_keys(['example_xcom_args', 'example_xcom_args_with_operators']) retrieved from /home/airflow/.local/lib/python3.6/site-packages/airflow/example_dags/example_xcomargs.py
[2021-02-18 07:41:00,786] {logging_mixin.py:104} INFO - [2021-02-18 07:41:00,786] {dag.py:1818} INFO - Sync 2 DAGs
[2021-02-18 07:41:00,799] {logging_mixin.py:104} INFO - [2021-02-18 07:41:00,799] {dag.py:2273} INFO - Setting next_dagrun for example_xcom_args to None
[2021-02-18 07:41:00,800] {logging_mixin.py:104} INFO - [2021-02-18 07:41:00,800] {dag.py:2273} INFO - Setting next_dagrun for example_xcom_args_with_operators to None
[2021-02-18 07:41:00,810] {scheduler_job.py:190} INFO - Processing /home/airflow/.local/lib/python3.6/site-packages/airflow/example_dags/example_xcomargs.py took 0.064 seconds
[2021-02-18 07:41:31,852] {scheduler_job.py:182} INFO - Started process (PID=241) to work on /home/airflow/.local/lib/python3.6/site-packages/airflow/example_dags/example_xcomargs.py
[2021-02-18 07:41:31,853] {scheduler_job.py:629} INFO - Processing file /home/airflow/.local/lib/python3.6/site-packages/airflow/example_dags/example_xcomargs.py for tasks to queue
[2021-02-18 07:41:31,854] {logging_mixin.py:104} INFO - [2021-02-18 07:41:31,853] {dagbag.py:448} INFO - Filling up the DagBag from /home/airflow/.local/lib/python3.6/site-packages/airflow/example_dags/example_xcomargs.py
[2021-02-18 07:41:31,867] {scheduler_job.py:639} INFO - DAG(s) dict_keys(['example_xcom_args', 'example_xcom_args_with_operators']) retrieved from /home/airflow/.local/lib/python3.6/site-packages/airflow/example_dags/example_xcomargs.py
[2021-02-18 07:41:31,893] {logging_mixin.py:104} INFO - [2021-02-18 07:41:31,892] {dag.py:1818} INFO - Sync 2 DAGs
[2021-02-18 07:41:31,905] {logging_mixin.py:104} INFO - [2021-02-18 07:41:31,905] {dag.py:2273} INFO - Setting next_dagrun for example_xcom_args to None
[2021-02-18 07:41:31,906] {logging_mixin.py:104} INFO - [2021-02-18 07:41:31,906] {dag.py:2273} INFO - Setting next_dagrun for example_xcom_args_with_operators to None
[2021-02-18 07:41:31,915] {scheduler_job.py:190} INFO - Processing /home/airflow/.local/lib/python3.6/site-packages/airflow/example_dags/example_xcomargs.py took 0.067 seconds
[2021-02-18 07:42:01,958] {scheduler_job.py:182} INFO - Started process (PID=268) to work on /home/airflow/.local/lib/python3.6/site-packages/airflow/example_dags/example_xcomargs.py
[2021-02-18 07:42:01,959] {scheduler_job.py:629} INFO - Processing file /home/airflow/.local/lib/python3.6/site-packages/airflow/example_dags/example_xcomargs.py for tasks to queue
[2021-02-18 07:42:01,960] {logging_mixin.py:104} INFO - [2021-02-18 07:42:01,960] {dagbag.py:448} INFO - Filling up the DagBag from /home/airflow/.local/lib/python3.6/site-packages/airflow/example_dags/example_xcomargs.py
[2021-02-18 07:42:01,971] {scheduler_job.py:639} INFO - DAG(s) dict_keys(['example_xcom_args', 'example_xcom_args_with_operators']) retrieved from /home/airflow/.local/lib/python3.6/site-packages/airflow/example_dags/example_xcomargs.py
[2021-02-18 07:42:02,001] {logging_mixin.py:104} INFO - [2021-02-18 07:42:02,001] {dag.py:1818} INFO - Sync 2 DAGs
[2021-02-18 07:42:02,016] {logging_mixin.py:104} INFO - [2021-02-18 07:42:02,016] {dag.py:2273} INFO - Setting next_dagrun for example_xcom_args to None
[2021-02-18 07:42:02,017] {logging_mixin.py:104} INFO - [2021-02-18 07:42:02,017] {dag.py:2273} INFO - Setting next_dagrun for example_xcom_args_with_operators to None
[2021-02-18 07:42:02,029] {scheduler_job.py:190} INFO - Processing /home/airflow/.local/lib/python3.6/site-packages/airflow/example_dags/example_xcomargs.py took 0.075 seconds
[2021-02-18 07:42:32,112] {scheduler_job.py:182} INFO - Started process (PID=294) to work on /home/airflow/.local/lib/python3.6/site-packages/airflow/example_dags/example_xcomargs.py
[2021-02-18 07:42:32,113] {scheduler_job.py:629} INFO - Processing file /home/airflow/.local/lib/python3.6/site-packages/airflow/example_dags/example_xcomargs.py for tasks to queue
[2021-02-18 07:42:32,113] {logging_mixin.py:104} INFO - [2021-02-18 07:42:32,113] {dagbag.py:448} INFO - Filling up the DagBag from /home/airflow/.local/lib/python3.6/site-packages/airflow/example_dags/example_xcomargs.py
[2021-02-18 07:42:32,127] {scheduler_job.py:639} INFO - DAG(s) dict_keys(['example_xcom_args', 'example_xcom_args_with_operators']) retrieved from /home/airflow/.local/lib/python3.6/site-packages/airflow/example_dags/example_xcomargs.py
[2021-02-18 07:42:32,157] {logging_mixin.py:104} INFO - [2021-02-18 07:42:32,157] {dag.py:1818} INFO - Sync 2 DAGs
[2021-02-18 07:42:32,171] {logging_mixin.py:104} INFO - [2021-02-18 07:42:32,171] {dag.py:2273} INFO - Setting next_dagrun for example_xcom_args to None
[2021-02-18 07:42:32,172] {logging_mixin.py:104} INFO - [2021-02-18 07:42:32,172] {dag.py:2273} INFO - Setting next_dagrun for example_xcom_args_with_operators to None
[2021-02-18 07:42:32,183] {scheduler_job.py:190} INFO - Processing /home/airflow/.local/lib/python3.6/site-packages/airflow/example_dags/example_xcomargs.py took 0.076 seconds
[2021-02-18 07:43:02,291] {scheduler_job.py:182} INFO - Started process (PID=318) to work on /home/airflow/.local/lib/python3.6/site-packages/airflow/example_dags/example_xcomargs.py
[2021-02-18 07:43:02,292] {scheduler_job.py:629} INFO - Processing file /home/airflow/.local/lib/python3.6/site-packages/airflow/example_dags/example_xcomargs.py for tasks to queue
[2021-02-18 07:43:02,294] {logging_mixin.py:104} INFO - [2021-02-18 07:43:02,293] {dagbag.py:448} INFO - Filling up the DagBag from /home/airflow/.local/lib/python3.6/site-packages/airflow/example_dags/example_xcomargs.py
[2021-02-18 07:43:02,304] {scheduler_job.py:639} INFO - DAG(s) dict_keys(['example_xcom_args', 'example_xcom_args_with_operators']) retrieved from /home/airflow/.local/lib/python3.6/site-packages/airflow/example_dags/example_xcomargs.py
[2021-02-18 07:43:02,329] {logging_mixin.py:104} INFO - [2021-02-18 07:43:02,329] {dag.py:1818} INFO - Sync 2 DAGs
[2021-02-18 07:43:02,347] {logging_mixin.py:104} INFO - [2021-02-18 07:43:02,347] {dag.py:2273} INFO - Setting next_dagrun for example_xcom_args to None
[2021-02-18 07:43:02,348] {logging_mixin.py:104} INFO - [2021-02-18 07:43:02,348] {dag.py:2273} INFO - Setting next_dagrun for example_xcom_args_with_operators to None
[2021-02-18 07:43:02,357] {scheduler_job.py:190} INFO - Processing /home/airflow/.local/lib/python3.6/site-packages/airflow/example_dags/example_xcomargs.py took 0.070 seconds
[2021-02-18 07:43:32,504] {scheduler_job.py:182} INFO - Started process (PID=345) to work on /home/airflow/.local/lib/python3.6/site-packages/airflow/example_dags/example_xcomargs.py
[2021-02-18 07:43:32,505] {scheduler_job.py:629} INFO - Processing file /home/airflow/.local/lib/python3.6/site-packages/airflow/example_dags/example_xcomargs.py for tasks to queue
[2021-02-18 07:43:32,505] {logging_mixin.py:104} INFO - [2021-02-18 07:43:32,505] {dagbag.py:448} INFO - Filling up the DagBag from /home/airflow/.local/lib/python3.6/site-packages/airflow/example_dags/example_xcomargs.py
[2021-02-18 07:43:32,520] {scheduler_job.py:639} INFO - DAG(s) dict_keys(['example_xcom_args', 'example_xcom_args_with_operators']) retrieved from /home/airflow/.local/lib/python3.6/site-packages/airflow/example_dags/example_xcomargs.py
[2021-02-18 07:43:32,550] {logging_mixin.py:104} INFO - [2021-02-18 07:43:32,550] {dag.py:1818} INFO - Sync 2 DAGs
[2021-02-18 07:43:32,566] {logging_mixin.py:104} INFO - [2021-02-18 07:43:32,566] {dag.py:2273} INFO - Setting next_dagrun for example_xcom_args to None
[2021-02-18 07:43:32,567] {logging_mixin.py:104} INFO - [2021-02-18 07:43:32,567] {dag.py:2273} INFO - Setting next_dagrun for example_xcom_args_with_operators to None
[2021-02-18 07:43:32,575] {scheduler_job.py:190} INFO - Processing /home/airflow/.local/lib/python3.6/site-packages/airflow/example_dags/example_xcomargs.py took 0.074 seconds
[2021-02-18 07:44:02,629] {scheduler_job.py:182} INFO - Started process (PID=371) to work on /home/airflow/.local/lib/python3.6/site-packages/airflow/example_dags/example_xcomargs.py
[2021-02-18 07:44:02,630] {scheduler_job.py:629} INFO - Processing file /home/airflow/.local/lib/python3.6/site-packages/airflow/example_dags/example_xcomargs.py for tasks to queue
[2021-02-18 07:44:02,630] {logging_mixin.py:104} INFO - [2021-02-18 07:44:02,630] {dagbag.py:448} INFO - Filling up the DagBag from /home/airflow/.local/lib/python3.6/site-packages/airflow/example_dags/example_xcomargs.py
[2021-02-18 07:44:02,643] {scheduler_job.py:639} INFO - DAG(s) dict_keys(['example_xcom_args', 'example_xcom_args_with_operators']) retrieved from /home/airflow/.local/lib/python3.6/site-packages/airflow/example_dags/example_xcomargs.py
[2021-02-18 07:44:02,668] {logging_mixin.py:104} INFO - [2021-02-18 07:44:02,668] {dag.py:1818} INFO - Sync 2 DAGs
[2021-02-18 07:44:02,682] {logging_mixin.py:104} INFO - [2021-02-18 07:44:02,682] {dag.py:2273} INFO - Setting next_dagrun for example_xcom_args to None
[2021-02-18 07:44:02,682] {logging_mixin.py:104} INFO - [2021-02-18 07:44:02,682] {dag.py:2273} INFO - Setting next_dagrun for example_xcom_args_with_operators to None
[2021-02-18 07:44:02,692] {scheduler_job.py:190} INFO - Processing /home/airflow/.local/lib/python3.6/site-packages/airflow/example_dags/example_xcomargs.py took 0.067 seconds
[2021-02-18 07:44:32,876] {scheduler_job.py:182} INFO - Started process (PID=396) to work on /home/airflow/.local/lib/python3.6/site-packages/airflow/example_dags/example_xcomargs.py
[2021-02-18 07:44:32,877] {scheduler_job.py:629} INFO - Processing file /home/airflow/.local/lib/python3.6/site-packages/airflow/example_dags/example_xcomargs.py for tasks to queue
[2021-02-18 07:44:32,877] {logging_mixin.py:104} INFO - [2021-02-18 07:44:32,877] {dagbag.py:448} INFO - Filling up the DagBag from /home/airflow/.local/lib/python3.6/site-packages/airflow/example_dags/example_xcomargs.py
[2021-02-18 07:44:32,890] {scheduler_job.py:639} INFO - DAG(s) dict_keys(['example_xcom_args', 'example_xcom_args_with_operators']) retrieved from /home/airflow/.local/lib/python3.6/site-packages/airflow/example_dags/example_xcomargs.py
[2021-02-18 07:44:32,915] {logging_mixin.py:104} INFO - [2021-02-18 07:44:32,915] {dag.py:1818} INFO - Sync 2 DAGs
[2021-02-18 07:44:32,930] {logging_mixin.py:104} INFO - [2021-02-18 07:44:32,930] {dag.py:2273} INFO - Setting next_dagrun for example_xcom_args to None
[2021-02-18 07:44:32,931] {logging_mixin.py:104} INFO - [2021-02-18 07:44:32,931] {dag.py:2273} INFO - Setting next_dagrun for example_xcom_args_with_operators to None
[2021-02-18 07:44:32,941] {scheduler_job.py:190} INFO - Processing /home/airflow/.local/lib/python3.6/site-packages/airflow/example_dags/example_xcomargs.py took 0.068 seconds
[2021-02-18 07:45:03,077] {scheduler_job.py:182} INFO - Started process (PID=423) to work on /home/airflow/.local/lib/python3.6/site-packages/airflow/example_dags/example_xcomargs.py
[2021-02-18 07:45:03,078] {scheduler_job.py:629} INFO - Processing file /home/airflow/.local/lib/python3.6/site-packages/airflow/example_dags/example_xcomargs.py for tasks to queue
[2021-02-18 07:45:03,079] {logging_mixin.py:104} INFO - [2021-02-18 07:45:03,079] {dagbag.py:448} INFO - Filling up the DagBag from /home/airflow/.local/lib/python3.6/site-packages/airflow/example_dags/example_xcomargs.py
[2021-02-18 07:45:03,090] {scheduler_job.py:639} INFO - DAG(s) dict_keys(['example_xcom_args', 'example_xcom_args_with_operators']) retrieved from /home/airflow/.local/lib/python3.6/site-packages/airflow/example_dags/example_xcomargs.py
[2021-02-18 07:45:03,118] {logging_mixin.py:104} INFO - [2021-02-18 07:45:03,118] {dag.py:1818} INFO - Sync 2 DAGs
[2021-02-18 07:45:03,131] {logging_mixin.py:104} INFO - [2021-02-18 07:45:03,131] {dag.py:2273} INFO - Setting next_dagrun for example_xcom_args to None
[2021-02-18 07:45:03,131] {logging_mixin.py:104} INFO - [2021-02-18 07:45:03,131] {dag.py:2273} INFO - Setting next_dagrun for example_xcom_args_with_operators to None
[2021-02-18 07:45:03,139] {scheduler_job.py:190} INFO - Processing /home/airflow/.local/lib/python3.6/site-packages/airflow/example_dags/example_xcomargs.py took 0.065 seconds
[2021-02-18 07:45:33,266] {scheduler_job.py:182} INFO - Started process (PID=449) to work on /home/airflow/.local/lib/python3.6/site-packages/airflow/example_dags/example_xcomargs.py
[2021-02-18 07:45:33,268] {scheduler_job.py:629} INFO - Processing file /home/airflow/.local/lib/python3.6/site-packages/airflow/example_dags/example_xcomargs.py for tasks to queue
[2021-02-18 07:45:33,269] {logging_mixin.py:104} INFO - [2021-02-18 07:45:33,269] {dagbag.py:448} INFO - Filling up the DagBag from /home/airflow/.local/lib/python3.6/site-packages/airflow/example_dags/example_xcomargs.py
[2021-02-18 07:45:33,282] {scheduler_job.py:639} INFO - DAG(s) dict_keys(['example_xcom_args', 'example_xcom_args_with_operators']) retrieved from /home/airflow/.local/lib/python3.6/site-packages/airflow/example_dags/example_xcomargs.py
[2021-02-18 07:45:33,307] {logging_mixin.py:104} INFO - [2021-02-18 07:45:33,307] {dag.py:1818} INFO - Sync 2 DAGs
[2021-02-18 07:45:33,322] {logging_mixin.py:104} INFO - [2021-02-18 07:45:33,322] {dag.py:2273} INFO - Setting next_dagrun for example_xcom_args to None
[2021-02-18 07:45:33,323] {logging_mixin.py:104} INFO - [2021-02-18 07:45:33,323] {dag.py:2273} INFO - Setting next_dagrun for example_xcom_args_with_operators to None
[2021-02-18 07:45:33,334] {scheduler_job.py:190} INFO - Processing /home/airflow/.local/lib/python3.6/site-packages/airflow/example_dags/example_xcomargs.py took 0.072 seconds
[2021-02-18 07:46:03,512] {scheduler_job.py:182} INFO - Started process (PID=474) to work on /home/airflow/.local/lib/python3.6/site-packages/airflow/example_dags/example_xcomargs.py
[2021-02-18 07:46:03,513] {scheduler_job.py:629} INFO - Processing file /home/airflow/.local/lib/python3.6/site-packages/airflow/example_dags/example_xcomargs.py for tasks to queue
[2021-02-18 07:46:03,514] {logging_mixin.py:104} INFO - [2021-02-18 07:46:03,514] {dagbag.py:448} INFO - Filling up the DagBag from /home/airflow/.local/lib/python3.6/site-packages/airflow/example_dags/example_xcomargs.py
[2021-02-18 07:46:03,525] {scheduler_job.py:639} INFO - DAG(s) dict_keys(['example_xcom_args', 'example_xcom_args_with_operators']) retrieved from /home/airflow/.local/lib/python3.6/site-packages/airflow/example_dags/example_xcomargs.py
[2021-02-18 07:46:03,553] {logging_mixin.py:104} INFO - [2021-02-18 07:46:03,553] {dag.py:1818} INFO - Sync 2 DAGs
[2021-02-18 07:46:03,567] {logging_mixin.py:104} INFO - [2021-02-18 07:46:03,567] {dag.py:2273} INFO - Setting next_dagrun for example_xcom_args to None
[2021-02-18 07:46:03,568] {logging_mixin.py:104} INFO - [2021-02-18 07:46:03,567] {dag.py:2273} INFO - Setting next_dagrun for example_xcom_args_with_operators to None
[2021-02-18 07:46:03,577] {scheduler_job.py:190} INFO - Processing /home/airflow/.local/lib/python3.6/site-packages/airflow/example_dags/example_xcomargs.py took 0.067 seconds
[2021-02-18 07:46:33,672] {scheduler_job.py:182} INFO - Started process (PID=501) to work on /home/airflow/.local/lib/python3.6/site-packages/airflow/example_dags/example_xcomargs.py
[2021-02-18 07:46:33,673] {scheduler_job.py:629} INFO - Processing file /home/airflow/.local/lib/python3.6/site-packages/airflow/example_dags/example_xcomargs.py for tasks to queue
[2021-02-18 07:46:33,674] {logging_mixin.py:104} INFO - [2021-02-18 07:46:33,674] {dagbag.py:448} INFO - Filling up the DagBag from /home/airflow/.local/lib/python3.6/site-packages/airflow/example_dags/example_xcomargs.py
[2021-02-18 07:46:33,686] {scheduler_job.py:639} INFO - DAG(s) dict_keys(['example_xcom_args', 'example_xcom_args_with_operators']) retrieved from /home/airflow/.local/lib/python3.6/site-packages/airflow/example_dags/example_xcomargs.py
[2021-02-18 07:46:33,716] {logging_mixin.py:104} INFO - [2021-02-18 07:46:33,716] {dag.py:1818} INFO - Sync 2 DAGs
[2021-02-18 07:46:33,727] {logging_mixin.py:104} INFO - [2021-02-18 07:46:33,727] {dag.py:2273} INFO - Setting next_dagrun for example_xcom_args to None
[2021-02-18 07:46:33,728] {logging_mixin.py:104} INFO - [2021-02-18 07:46:33,728] {dag.py:2273} INFO - Setting next_dagrun for example_xcom_args_with_operators to None
[2021-02-18 07:46:33,735] {scheduler_job.py:190} INFO - Processing /home/airflow/.local/lib/python3.6/site-packages/airflow/example_dags/example_xcomargs.py took 0.066 seconds
[2021-02-18 07:47:03,790] {scheduler_job.py:182} INFO - Started process (PID=527) to work on /home/airflow/.local/lib/python3.6/site-packages/airflow/example_dags/example_xcomargs.py
[2021-02-18 07:47:03,791] {scheduler_job.py:629} INFO - Processing file /home/airflow/.local/lib/python3.6/site-packages/airflow/example_dags/example_xcomargs.py for tasks to queue
[2021-02-18 07:47:03,792] {logging_mixin.py:104} INFO - [2021-02-18 07:47:03,792] {dagbag.py:448} INFO - Filling up the DagBag from /home/airflow/.local/lib/python3.6/site-packages/airflow/example_dags/example_xcomargs.py
[2021-02-18 07:47:03,805] {scheduler_job.py:639} INFO - DAG(s) dict_keys(['example_xcom_args', 'example_xcom_args_with_operators']) retrieved from /home/airflow/.local/lib/python3.6/site-packages/airflow/example_dags/example_xcomargs.py
[2021-02-18 07:47:03,830] {logging_mixin.py:104} INFO - [2021-02-18 07:47:03,830] {dag.py:1818} INFO - Sync 2 DAGs
[2021-02-18 07:47:03,843] {logging_mixin.py:104} INFO - [2021-02-18 07:47:03,843] {dag.py:2273} INFO - Setting next_dagrun for example_xcom_args to None
[2021-02-18 07:47:03,844] {logging_mixin.py:104} INFO - [2021-02-18 07:47:03,844] {dag.py:2273} INFO - Setting next_dagrun for example_xcom_args_with_operators to None
[2021-02-18 07:47:03,854] {scheduler_job.py:190} INFO - Processing /home/airflow/.local/lib/python3.6/site-packages/airflow/example_dags/example_xcomargs.py took 0.068 seconds
[2021-02-18 07:47:33,887] {scheduler_job.py:182} INFO - Started process (PID=553) to work on /home/airflow/.local/lib/python3.6/site-packages/airflow/example_dags/example_xcomargs.py
[2021-02-18 07:47:33,889] {scheduler_job.py:629} INFO - Processing file /home/airflow/.local/lib/python3.6/site-packages/airflow/example_dags/example_xcomargs.py for tasks to queue
[2021-02-18 07:47:33,890] {logging_mixin.py:104} INFO - [2021-02-18 07:47:33,890] {dagbag.py:448} INFO - Filling up the DagBag from /home/airflow/.local/lib/python3.6/site-packages/airflow/example_dags/example_xcomargs.py
[2021-02-18 07:47:33,904] {scheduler_job.py:639} INFO - DAG(s) dict_keys(['example_xcom_args', 'example_xcom_args_with_operators']) retrieved from /home/airflow/.local/lib/python3.6/site-packages/airflow/example_dags/example_xcomargs.py
[2021-02-18 07:47:33,934] {logging_mixin.py:104} INFO - [2021-02-18 07:47:33,934] {dag.py:1818} INFO - Sync 2 DAGs
[2021-02-18 07:47:33,950] {logging_mixin.py:104} INFO - [2021-02-18 07:47:33,950] {dag.py:2273} INFO - Setting next_dagrun for example_xcom_args to None
[2021-02-18 07:47:33,951] {logging_mixin.py:104} INFO - [2021-02-18 07:47:33,951] {dag.py:2273} INFO - Setting next_dagrun for example_xcom_args_with_operators to None
[2021-02-18 07:47:33,961] {scheduler_job.py:190} INFO - Processing /home/airflow/.local/lib/python3.6/site-packages/airflow/example_dags/example_xcomargs.py took 0.077 seconds
[2021-02-18 07:48:03,999] {scheduler_job.py:182} INFO - Started process (PID=579) to work on /home/airflow/.local/lib/python3.6/site-packages/airflow/example_dags/example_xcomargs.py
[2021-02-18 07:48:04,000] {scheduler_job.py:629} INFO - Processing file /home/airflow/.local/lib/python3.6/site-packages/airflow/example_dags/example_xcomargs.py for tasks to queue
[2021-02-18 07:48:04,000] {logging_mixin.py:104} INFO - [2021-02-18 07:48:04,000] {dagbag.py:448} INFO - Filling up the DagBag from /home/airflow/.local/lib/python3.6/site-packages/airflow/example_dags/example_xcomargs.py
[2021-02-18 07:48:04,015] {scheduler_job.py:639} INFO - DAG(s) dict_keys(['example_xcom_args', 'example_xcom_args_with_operators']) retrieved from /home/airflow/.local/lib/python3.6/site-packages/airflow/example_dags/example_xcomargs.py
[2021-02-18 07:48:04,043] {logging_mixin.py:104} INFO - [2021-02-18 07:48:04,043] {dag.py:1818} INFO - Sync 2 DAGs
[2021-02-18 07:48:04,055] {logging_mixin.py:104} INFO - [2021-02-18 07:48:04,055] {dag.py:2273} INFO - Setting next_dagrun for example_xcom_args to None
[2021-02-18 07:48:04,056] {logging_mixin.py:104} INFO - [2021-02-18 07:48:04,056] {dag.py:2273} INFO - Setting next_dagrun for example_xcom_args_with_operators to None
[2021-02-18 07:48:04,065] {scheduler_job.py:190} INFO - Processing /home/airflow/.local/lib/python3.6/site-packages/airflow/example_dags/example_xcomargs.py took 0.069 seconds
[2021-02-18 07:48:34,109] {scheduler_job.py:182} INFO - Started process (PID=605) to work on /home/airflow/.local/lib/python3.6/site-packages/airflow/example_dags/example_xcomargs.py
[2021-02-18 07:48:34,110] {scheduler_job.py:629} INFO - Processing file /home/airflow/.local/lib/python3.6/site-packages/airflow/example_dags/example_xcomargs.py for tasks to queue
[2021-02-18 07:48:34,110] {logging_mixin.py:104} INFO - [2021-02-18 07:48:34,110] {dagbag.py:448} INFO - Filling up the DagBag from /home/airflow/.local/lib/python3.6/site-packages/airflow/example_dags/example_xcomargs.py
[2021-02-18 07:48:34,126] {scheduler_job.py:639} INFO - DAG(s) dict_keys(['example_xcom_args', 'example_xcom_args_with_operators']) retrieved from /home/airflow/.local/lib/python3.6/site-packages/airflow/example_dags/example_xcomargs.py
[2021-02-18 07:48:34,156] {logging_mixin.py:104} INFO - [2021-02-18 07:48:34,156] {dag.py:1818} INFO - Sync 2 DAGs
[2021-02-18 07:48:34,170] {logging_mixin.py:104} INFO - [2021-02-18 07:48:34,170] {dag.py:2273} INFO - Setting next_dagrun for example_xcom_args to None
[2021-02-18 07:48:34,171] {logging_mixin.py:104} INFO - [2021-02-18 07:48:34,171] {dag.py:2273} INFO - Setting next_dagrun for example_xcom_args_with_operators to None
[2021-02-18 07:48:34,179] {scheduler_job.py:190} INFO - Processing /home/airflow/.local/lib/python3.6/site-packages/airflow/example_dags/example_xcomargs.py took 0.073 seconds
[2021-02-18 07:49:04,234] {scheduler_job.py:182} INFO - Started process (PID=631) to work on /home/airflow/.local/lib/python3.6/site-packages/airflow/example_dags/example_xcomargs.py
[2021-02-18 07:49:04,235] {scheduler_job.py:629} INFO - Processing file /home/airflow/.local/lib/python3.6/site-packages/airflow/example_dags/example_xcomargs.py for tasks to queue
[2021-02-18 07:49:04,236] {logging_mixin.py:104} INFO - [2021-02-18 07:49:04,236] {dagbag.py:448} INFO - Filling up the DagBag from /home/airflow/.local/lib/python3.6/site-packages/airflow/example_dags/example_xcomargs.py
[2021-02-18 07:49:04,250] {scheduler_job.py:639} INFO - DAG(s) dict_keys(['example_xcom_args', 'example_xcom_args_with_operators']) retrieved from /home/airflow/.local/lib/python3.6/site-packages/airflow/example_dags/example_xcomargs.py
[2021-02-18 07:49:04,273] {logging_mixin.py:104} INFO - [2021-02-18 07:49:04,273] {dag.py:1818} INFO - Sync 2 DAGs
[2021-02-18 07:49:04,286] {logging_mixin.py:104} INFO - [2021-02-18 07:49:04,286] {dag.py:2273} INFO - Setting next_dagrun for example_xcom_args to None
[2021-02-18 07:49:04,286] {logging_mixin.py:104} INFO - [2021-02-18 07:49:04,286] {dag.py:2273} INFO - Setting next_dagrun for example_xcom_args_with_operators to None
[2021-02-18 07:49:04,296] {scheduler_job.py:190} INFO - Processing /home/airflow/.local/lib/python3.6/site-packages/airflow/example_dags/example_xcomargs.py took 0.065 seconds
[2021-02-18 07:49:34,429] {scheduler_job.py:182} INFO - Started process (PID=656) to work on /home/airflow/.local/lib/python3.6/site-packages/airflow/example_dags/example_xcomargs.py
[2021-02-18 07:49:34,430] {scheduler_job.py:629} INFO - Processing file /home/airflow/.local/lib/python3.6/site-packages/airflow/example_dags/example_xcomargs.py for tasks to queue
[2021-02-18 07:49:34,430] {logging_mixin.py:104} INFO - [2021-02-18 07:49:34,430] {dagbag.py:448} INFO - Filling up the DagBag from /home/airflow/.local/lib/python3.6/site-packages/airflow/example_dags/example_xcomargs.py
[2021-02-18 07:49:34,444] {scheduler_job.py:639} INFO - DAG(s) dict_keys(['example_xcom_args', 'example_xcom_args_with_operators']) retrieved from /home/airflow/.local/lib/python3.6/site-packages/airflow/example_dags/example_xcomargs.py
[2021-02-18 07:49:34,469] {logging_mixin.py:104} INFO - [2021-02-18 07:49:34,468] {dag.py:1818} INFO - Sync 2 DAGs
[2021-02-18 07:49:34,480] {logging_mixin.py:104} INFO - [2021-02-18 07:49:34,480] {dag.py:2273} INFO - Setting next_dagrun for example_xcom_args to None
[2021-02-18 07:49:34,481] {logging_mixin.py:104} INFO - [2021-02-18 07:49:34,481] {dag.py:2273} INFO - Setting next_dagrun for example_xcom_args_with_operators to None
[2021-02-18 07:49:34,490] {scheduler_job.py:190} INFO - Processing /home/airflow/.local/lib/python3.6/site-packages/airflow/example_dags/example_xcomargs.py took 0.064 seconds
[2021-02-18 07:50:04,524] {scheduler_job.py:182} INFO - Started process (PID=682) to work on /home/airflow/.local/lib/python3.6/site-packages/airflow/example_dags/example_xcomargs.py
[2021-02-18 07:50:04,527] {scheduler_job.py:629} INFO - Processing file /home/airflow/.local/lib/python3.6/site-packages/airflow/example_dags/example_xcomargs.py for tasks to queue
[2021-02-18 07:50:04,527] {logging_mixin.py:104} INFO - [2021-02-18 07:50:04,527] {dagbag.py:448} INFO - Filling up the DagBag from /home/airflow/.local/lib/python3.6/site-packages/airflow/example_dags/example_xcomargs.py
[2021-02-18 07:50:04,540] {scheduler_job.py:639} INFO - DAG(s) dict_keys(['example_xcom_args', 'example_xcom_args_with_operators']) retrieved from /home/airflow/.local/lib/python3.6/site-packages/airflow/example_dags/example_xcomargs.py
[2021-02-18 07:50:04,565] {logging_mixin.py:104} INFO - [2021-02-18 07:50:04,565] {dag.py:1818} INFO - Sync 2 DAGs
[2021-02-18 07:50:04,577] {logging_mixin.py:104} INFO - [2021-02-18 07:50:04,577] {dag.py:2273} INFO - Setting next_dagrun for example_xcom_args to None
[2021-02-18 07:50:04,578] {logging_mixin.py:104} INFO - [2021-02-18 07:50:04,578] {dag.py:2273} INFO - Setting next_dagrun for example_xcom_args_with_operators to None
[2021-02-18 07:50:04,585] {scheduler_job.py:190} INFO - Processing /home/airflow/.local/lib/python3.6/site-packages/airflow/example_dags/example_xcomargs.py took 0.065 seconds
[2021-02-18 07:50:34,655] {scheduler_job.py:182} INFO - Started process (PID=708) to work on /home/airflow/.local/lib/python3.6/site-packages/airflow/example_dags/example_xcomargs.py
[2021-02-18 07:50:34,656] {scheduler_job.py:629} INFO - Processing file /home/airflow/.local/lib/python3.6/site-packages/airflow/example_dags/example_xcomargs.py for tasks to queue
[2021-02-18 07:50:34,656] {logging_mixin.py:104} INFO - [2021-02-18 07:50:34,656] {dagbag.py:448} INFO - Filling up the DagBag from /home/airflow/.local/lib/python3.6/site-packages/airflow/example_dags/example_xcomargs.py
[2021-02-18 07:50:34,668] {scheduler_job.py:639} INFO - DAG(s) dict_keys(['example_xcom_args', 'example_xcom_args_with_operators']) retrieved from /home/airflow/.local/lib/python3.6/site-packages/airflow/example_dags/example_xcomargs.py
[2021-02-18 07:50:34,690] {logging_mixin.py:104} INFO - [2021-02-18 07:50:34,690] {dag.py:1818} INFO - Sync 2 DAGs
[2021-02-18 07:50:34,707] {logging_mixin.py:104} INFO - [2021-02-18 07:50:34,707] {dag.py:2273} INFO - Setting next_dagrun for example_xcom_args to None
[2021-02-18 07:50:34,708] {logging_mixin.py:104} INFO - [2021-02-18 07:50:34,708] {dag.py:2273} INFO - Setting next_dagrun for example_xcom_args_with_operators to None
[2021-02-18 07:50:34,718] {scheduler_job.py:190} INFO - Processing /home/airflow/.local/lib/python3.6/site-packages/airflow/example_dags/example_xcomargs.py took 0.067 seconds
[2021-02-18 07:51:04,771] {scheduler_job.py:182} INFO - Started process (PID=733) to work on /home/airflow/.local/lib/python3.6/site-packages/airflow/example_dags/example_xcomargs.py
[2021-02-18 07:51:04,772] {scheduler_job.py:629} INFO - Processing file /home/airflow/.local/lib/python3.6/site-packages/airflow/example_dags/example_xcomargs.py for tasks to queue
[2021-02-18 07:51:04,772] {logging_mixin.py:104} INFO - [2021-02-18 07:51:04,772] {dagbag.py:448} INFO - Filling up the DagBag from /home/airflow/.local/lib/python3.6/site-packages/airflow/example_dags/example_xcomargs.py
[2021-02-18 07:51:04,788] {scheduler_job.py:639} INFO - DAG(s) dict_keys(['example_xcom_args', 'example_xcom_args_with_operators']) retrieved from /home/airflow/.local/lib/python3.6/site-packages/airflow/example_dags/example_xcomargs.py
[2021-02-18 07:51:04,811] {logging_mixin.py:104} INFO - [2021-02-18 07:51:04,810] {dag.py:1818} INFO - Sync 2 DAGs
[2021-02-18 07:51:04,822] {logging_mixin.py:104} INFO - [2021-02-18 07:51:04,821] {dag.py:2273} INFO - Setting next_dagrun for example_xcom_args to None
[2021-02-18 07:51:04,822] {logging_mixin.py:104} INFO - [2021-02-18 07:51:04,822] {dag.py:2273} INFO - Setting next_dagrun for example_xcom_args_with_operators to None
[2021-02-18 07:51:04,832] {scheduler_job.py:190} INFO - Processing /home/airflow/.local/lib/python3.6/site-packages/airflow/example_dags/example_xcomargs.py took 0.064 seconds
[2021-02-18 07:51:34,954] {scheduler_job.py:182} INFO - Started process (PID=759) to work on /home/airflow/.local/lib/python3.6/site-packages/airflow/example_dags/example_xcomargs.py
[2021-02-18 07:51:34,955] {scheduler_job.py:629} INFO - Processing file /home/airflow/.local/lib/python3.6/site-packages/airflow/example_dags/example_xcomargs.py for tasks to queue
[2021-02-18 07:51:34,956] {logging_mixin.py:104} INFO - [2021-02-18 07:51:34,956] {dagbag.py:448} INFO - Filling up the DagBag from /home/airflow/.local/lib/python3.6/site-packages/airflow/example_dags/example_xcomargs.py
[2021-02-18 07:51:34,967] {scheduler_job.py:639} INFO - DAG(s) dict_keys(['example_xcom_args', 'example_xcom_args_with_operators']) retrieved from /home/airflow/.local/lib/python3.6/site-packages/airflow/example_dags/example_xcomargs.py
[2021-02-18 07:51:34,989] {logging_mixin.py:104} INFO - [2021-02-18 07:51:34,989] {dag.py:1818} INFO - Sync 2 DAGs
[2021-02-18 07:51:35,002] {logging_mixin.py:104} INFO - [2021-02-18 07:51:35,002] {dag.py:2273} INFO - Setting next_dagrun for example_xcom_args to None
[2021-02-18 07:51:35,002] {logging_mixin.py:104} INFO - [2021-02-18 07:51:35,002] {dag.py:2273} INFO - Setting next_dagrun for example_xcom_args_with_operators to None
[2021-02-18 07:51:35,018] {scheduler_job.py:190} INFO - Processing /home/airflow/.local/lib/python3.6/site-packages/airflow/example_dags/example_xcomargs.py took 0.068 seconds
[2021-02-18 07:52:05,095] {scheduler_job.py:182} INFO - Started process (PID=784) to work on /home/airflow/.local/lib/python3.6/site-packages/airflow/example_dags/example_xcomargs.py
[2021-02-18 07:52:05,097] {scheduler_job.py:629} INFO - Processing file /home/airflow/.local/lib/python3.6/site-packages/airflow/example_dags/example_xcomargs.py for tasks to queue
[2021-02-18 07:52:05,098] {logging_mixin.py:104} INFO - [2021-02-18 07:52:05,098] {dagbag.py:448} INFO - Filling up the DagBag from /home/airflow/.local/lib/python3.6/site-packages/airflow/example_dags/example_xcomargs.py
[2021-02-18 07:52:05,110] {scheduler_job.py:639} INFO - DAG(s) dict_keys(['example_xcom_args', 'example_xcom_args_with_operators']) retrieved from /home/airflow/.local/lib/python3.6/site-packages/airflow/example_dags/example_xcomargs.py
[2021-02-18 07:52:05,137] {logging_mixin.py:104} INFO - [2021-02-18 07:52:05,137] {dag.py:1818} INFO - Sync 2 DAGs
[2021-02-18 07:52:05,152] {logging_mixin.py:104} INFO - [2021-02-18 07:52:05,152] {dag.py:2273} INFO - Setting next_dagrun for example_xcom_args to None
[2021-02-18 07:52:05,153] {logging_mixin.py:104} INFO - [2021-02-18 07:52:05,153] {dag.py:2273} INFO - Setting next_dagrun for example_xcom_args_with_operators to None
[2021-02-18 07:52:05,162] {scheduler_job.py:190} INFO - Processing /home/airflow/.local/lib/python3.6/site-packages/airflow/example_dags/example_xcomargs.py took 0.071 seconds
[2021-02-18 07:52:35,217] {scheduler_job.py:182} INFO - Started process (PID=810) to work on /home/airflow/.local/lib/python3.6/site-packages/airflow/example_dags/example_xcomargs.py
[2021-02-18 07:52:35,219] {scheduler_job.py:629} INFO - Processing file /home/airflow/.local/lib/python3.6/site-packages/airflow/example_dags/example_xcomargs.py for tasks to queue
[2021-02-18 07:52:35,219] {logging_mixin.py:104} INFO - [2021-02-18 07:52:35,219] {dagbag.py:448} INFO - Filling up the DagBag from /home/airflow/.local/lib/python3.6/site-packages/airflow/example_dags/example_xcomargs.py
[2021-02-18 07:52:35,232] {scheduler_job.py:639} INFO - DAG(s) dict_keys(['example_xcom_args', 'example_xcom_args_with_operators']) retrieved from /home/airflow/.local/lib/python3.6/site-packages/airflow/example_dags/example_xcomargs.py
[2021-02-18 07:52:35,258] {logging_mixin.py:104} INFO - [2021-02-18 07:52:35,257] {dag.py:1818} INFO - Sync 2 DAGs
[2021-02-18 07:52:35,270] {logging_mixin.py:104} INFO - [2021-02-18 07:52:35,270] {dag.py:2273} INFO - Setting next_dagrun for example_xcom_args to None
[2021-02-18 07:52:35,271] {logging_mixin.py:104} INFO - [2021-02-18 07:52:35,271] {dag.py:2273} INFO - Setting next_dagrun for example_xcom_args_with_operators to None
[2021-02-18 07:52:35,279] {scheduler_job.py:190} INFO - Processing /home/airflow/.local/lib/python3.6/site-packages/airflow/example_dags/example_xcomargs.py took 0.067 seconds
[2021-02-18 07:53:05,416] {scheduler_job.py:182} INFO - Started process (PID=836) to work on /home/airflow/.local/lib/python3.6/site-packages/airflow/example_dags/example_xcomargs.py
[2021-02-18 07:53:05,417] {scheduler_job.py:629} INFO - Processing file /home/airflow/.local/lib/python3.6/site-packages/airflow/example_dags/example_xcomargs.py for tasks to queue
[2021-02-18 07:53:05,418] {logging_mixin.py:104} INFO - [2021-02-18 07:53:05,417] {dagbag.py:448} INFO - Filling up the DagBag from /home/airflow/.local/lib/python3.6/site-packages/airflow/example_dags/example_xcomargs.py
[2021-02-18 07:53:05,429] {scheduler_job.py:639} INFO - DAG(s) dict_keys(['example_xcom_args', 'example_xcom_args_with_operators']) retrieved from /home/airflow/.local/lib/python3.6/site-packages/airflow/example_dags/example_xcomargs.py
[2021-02-18 07:53:05,454] {logging_mixin.py:104} INFO - [2021-02-18 07:53:05,454] {dag.py:1818} INFO - Sync 2 DAGs
[2021-02-18 07:53:05,466] {logging_mixin.py:104} INFO - [2021-02-18 07:53:05,466] {dag.py:2273} INFO - Setting next_dagrun for example_xcom_args to None
[2021-02-18 07:53:05,467] {logging_mixin.py:104} INFO - [2021-02-18 07:53:05,467] {dag.py:2273} INFO - Setting next_dagrun for example_xcom_args_with_operators to None
[2021-02-18 07:53:05,476] {scheduler_job.py:190} INFO - Processing /home/airflow/.local/lib/python3.6/site-packages/airflow/example_dags/example_xcomargs.py took 0.063 seconds
[2021-02-18 07:53:35,557] {scheduler_job.py:182} INFO - Started process (PID=862) to work on /home/airflow/.local/lib/python3.6/site-packages/airflow/example_dags/example_xcomargs.py
[2021-02-18 07:53:35,558] {scheduler_job.py:629} INFO - Processing file /home/airflow/.local/lib/python3.6/site-packages/airflow/example_dags/example_xcomargs.py for tasks to queue
[2021-02-18 07:53:35,559] {logging_mixin.py:104} INFO - [2021-02-18 07:53:35,559] {dagbag.py:448} INFO - Filling up the DagBag from /home/airflow/.local/lib/python3.6/site-packages/airflow/example_dags/example_xcomargs.py
[2021-02-18 07:53:35,570] {scheduler_job.py:639} INFO - DAG(s) dict_keys(['example_xcom_args', 'example_xcom_args_with_operators']) retrieved from /home/airflow/.local/lib/python3.6/site-packages/airflow/example_dags/example_xcomargs.py
[2021-02-18 07:53:35,594] {logging_mixin.py:104} INFO - [2021-02-18 07:53:35,594] {dag.py:1818} INFO - Sync 2 DAGs
[2021-02-18 07:53:35,607] {logging_mixin.py:104} INFO - [2021-02-18 07:53:35,607] {dag.py:2273} INFO - Setting next_dagrun for example_xcom_args to None
[2021-02-18 07:53:35,608] {logging_mixin.py:104} INFO - [2021-02-18 07:53:35,608] {dag.py:2273} INFO - Setting next_dagrun for example_xcom_args_with_operators to None
[2021-02-18 07:53:35,618] {scheduler_job.py:190} INFO - Processing /home/airflow/.local/lib/python3.6/site-packages/airflow/example_dags/example_xcomargs.py took 0.063 seconds
[2021-02-18 07:54:05,701] {scheduler_job.py:182} INFO - Started process (PID=889) to work on /home/airflow/.local/lib/python3.6/site-packages/airflow/example_dags/example_xcomargs.py
[2021-02-18 07:54:05,702] {scheduler_job.py:629} INFO - Processing file /home/airflow/.local/lib/python3.6/site-packages/airflow/example_dags/example_xcomargs.py for tasks to queue
[2021-02-18 07:54:05,703] {logging_mixin.py:104} INFO - [2021-02-18 07:54:05,703] {dagbag.py:448} INFO - Filling up the DagBag from /home/airflow/.local/lib/python3.6/site-packages/airflow/example_dags/example_xcomargs.py
[2021-02-18 07:54:05,715] {scheduler_job.py:639} INFO - DAG(s) dict_keys(['example_xcom_args', 'example_xcom_args_with_operators']) retrieved from /home/airflow/.local/lib/python3.6/site-packages/airflow/example_dags/example_xcomargs.py
[2021-02-18 07:54:05,742] {logging_mixin.py:104} INFO - [2021-02-18 07:54:05,741] {dag.py:1818} INFO - Sync 2 DAGs
[2021-02-18 07:54:05,755] {logging_mixin.py:104} INFO - [2021-02-18 07:54:05,755] {dag.py:2273} INFO - Setting next_dagrun for example_xcom_args to None
[2021-02-18 07:54:05,755] {logging_mixin.py:104} INFO - [2021-02-18 07:54:05,755] {dag.py:2273} INFO - Setting next_dagrun for example_xcom_args_with_operators to None
[2021-02-18 07:54:05,765] {scheduler_job.py:190} INFO - Processing /home/airflow/.local/lib/python3.6/site-packages/airflow/example_dags/example_xcomargs.py took 0.066 seconds
[2021-02-18 07:55:58,668] {scheduler_job.py:182} INFO - Started process (PID=43) to work on /home/airflow/.local/lib/python3.6/site-packages/airflow/example_dags/example_xcomargs.py
[2021-02-18 07:55:58,670] {scheduler_job.py:629} INFO - Processing file /home/airflow/.local/lib/python3.6/site-packages/airflow/example_dags/example_xcomargs.py for tasks to queue
[2021-02-18 07:55:58,671] {logging_mixin.py:104} INFO - [2021-02-18 07:55:58,671] {dagbag.py:448} INFO - Filling up the DagBag from /home/airflow/.local/lib/python3.6/site-packages/airflow/example_dags/example_xcomargs.py
[2021-02-18 07:55:58,684] {scheduler_job.py:639} INFO - DAG(s) dict_keys(['example_xcom_args', 'example_xcom_args_with_operators']) retrieved from /home/airflow/.local/lib/python3.6/site-packages/airflow/example_dags/example_xcomargs.py
[2021-02-18 07:55:58,710] {logging_mixin.py:104} INFO - [2021-02-18 07:55:58,710] {dag.py:1818} INFO - Sync 2 DAGs
[2021-02-18 07:55:58,721] {logging_mixin.py:104} INFO - [2021-02-18 07:55:58,721] {dag.py:1837} INFO - Creating ORM DAG for example_xcom_args_with_operators
[2021-02-18 07:55:58,722] {logging_mixin.py:104} INFO - [2021-02-18 07:55:58,722] {dag.py:1837} INFO - Creating ORM DAG for example_xcom_args
[2021-02-18 07:55:58,727] {logging_mixin.py:104} INFO - [2021-02-18 07:55:58,727] {dag.py:2273} INFO - Setting next_dagrun for example_xcom_args to None
[2021-02-18 07:55:58,728] {logging_mixin.py:104} INFO - [2021-02-18 07:55:58,728] {dag.py:2273} INFO - Setting next_dagrun for example_xcom_args_with_operators to None
[2021-02-18 07:55:58,743] {scheduler_job.py:190} INFO - Processing /home/airflow/.local/lib/python3.6/site-packages/airflow/example_dags/example_xcomargs.py took 0.077 seconds
[2021-02-18 07:56:28,894] {scheduler_job.py:182} INFO - Started process (PID=69) to work on /home/airflow/.local/lib/python3.6/site-packages/airflow/example_dags/example_xcomargs.py
[2021-02-18 07:56:28,895] {scheduler_job.py:629} INFO - Processing file /home/airflow/.local/lib/python3.6/site-packages/airflow/example_dags/example_xcomargs.py for tasks to queue
[2021-02-18 07:56:28,895] {logging_mixin.py:104} INFO - [2021-02-18 07:56:28,895] {dagbag.py:448} INFO - Filling up the DagBag from /home/airflow/.local/lib/python3.6/site-packages/airflow/example_dags/example_xcomargs.py
[2021-02-18 07:56:28,906] {scheduler_job.py:639} INFO - DAG(s) dict_keys(['example_xcom_args', 'example_xcom_args_with_operators']) retrieved from /home/airflow/.local/lib/python3.6/site-packages/airflow/example_dags/example_xcomargs.py
[2021-02-18 07:56:28,932] {logging_mixin.py:104} INFO - [2021-02-18 07:56:28,932] {dag.py:1818} INFO - Sync 2 DAGs
[2021-02-18 07:56:28,946] {logging_mixin.py:104} INFO - [2021-02-18 07:56:28,946] {dag.py:2273} INFO - Setting next_dagrun for example_xcom_args to None
[2021-02-18 07:56:28,947] {logging_mixin.py:104} INFO - [2021-02-18 07:56:28,947] {dag.py:2273} INFO - Setting next_dagrun for example_xcom_args_with_operators to None
[2021-02-18 07:56:28,954] {scheduler_job.py:190} INFO - Processing /home/airflow/.local/lib/python3.6/site-packages/airflow/example_dags/example_xcomargs.py took 0.064 seconds
[2021-02-18 07:56:55,999] {scheduler_job.py:182} INFO - Started process (PID=39) to work on /home/airflow/.local/lib/python3.6/site-packages/airflow/example_dags/example_xcomargs.py
[2021-02-18 07:56:56,001] {scheduler_job.py:629} INFO - Processing file /home/airflow/.local/lib/python3.6/site-packages/airflow/example_dags/example_xcomargs.py for tasks to queue
[2021-02-18 07:56:56,001] {logging_mixin.py:104} INFO - [2021-02-18 07:56:56,001] {dagbag.py:448} INFO - Filling up the DagBag from /home/airflow/.local/lib/python3.6/site-packages/airflow/example_dags/example_xcomargs.py
[2021-02-18 07:56:56,016] {scheduler_job.py:639} INFO - DAG(s) dict_keys(['example_xcom_args', 'example_xcom_args_with_operators']) retrieved from /home/airflow/.local/lib/python3.6/site-packages/airflow/example_dags/example_xcomargs.py
[2021-02-18 07:56:56,038] {logging_mixin.py:104} INFO - [2021-02-18 07:56:56,038] {dag.py:1818} INFO - Sync 2 DAGs
[2021-02-18 07:56:56,055] {logging_mixin.py:104} INFO - [2021-02-18 07:56:56,055] {dag.py:2273} INFO - Setting next_dagrun for example_xcom_args to None
[2021-02-18 07:56:56,056] {logging_mixin.py:104} INFO - [2021-02-18 07:56:56,056] {dag.py:2273} INFO - Setting next_dagrun for example_xcom_args_with_operators to None
[2021-02-18 07:56:56,063] {scheduler_job.py:190} INFO - Processing /home/airflow/.local/lib/python3.6/site-packages/airflow/example_dags/example_xcomargs.py took 0.069 seconds
[2021-02-18 07:57:26,261] {scheduler_job.py:182} INFO - Started process (PID=65) to work on /home/airflow/.local/lib/python3.6/site-packages/airflow/example_dags/example_xcomargs.py
[2021-02-18 07:57:26,262] {scheduler_job.py:629} INFO - Processing file /home/airflow/.local/lib/python3.6/site-packages/airflow/example_dags/example_xcomargs.py for tasks to queue
[2021-02-18 07:57:26,262] {logging_mixin.py:104} INFO - [2021-02-18 07:57:26,262] {dagbag.py:448} INFO - Filling up the DagBag from /home/airflow/.local/lib/python3.6/site-packages/airflow/example_dags/example_xcomargs.py
[2021-02-18 07:57:26,274] {scheduler_job.py:639} INFO - DAG(s) dict_keys(['example_xcom_args', 'example_xcom_args_with_operators']) retrieved from /home/airflow/.local/lib/python3.6/site-packages/airflow/example_dags/example_xcomargs.py
[2021-02-18 07:57:26,297] {logging_mixin.py:104} INFO - [2021-02-18 07:57:26,297] {dag.py:1818} INFO - Sync 2 DAGs
[2021-02-18 07:57:26,313] {logging_mixin.py:104} INFO - [2021-02-18 07:57:26,313] {dag.py:2273} INFO - Setting next_dagrun for example_xcom_args to None
[2021-02-18 07:57:26,314] {logging_mixin.py:104} INFO - [2021-02-18 07:57:26,314] {dag.py:2273} INFO - Setting next_dagrun for example_xcom_args_with_operators to None
[2021-02-18 07:57:26,321] {scheduler_job.py:190} INFO - Processing /home/airflow/.local/lib/python3.6/site-packages/airflow/example_dags/example_xcomargs.py took 0.063 seconds
[2021-02-18 07:57:56,387] {scheduler_job.py:182} INFO - Started process (PID=91) to work on /home/airflow/.local/lib/python3.6/site-packages/airflow/example_dags/example_xcomargs.py
[2021-02-18 07:57:56,387] {scheduler_job.py:629} INFO - Processing file /home/airflow/.local/lib/python3.6/site-packages/airflow/example_dags/example_xcomargs.py for tasks to queue
[2021-02-18 07:57:56,388] {logging_mixin.py:104} INFO - [2021-02-18 07:57:56,388] {dagbag.py:448} INFO - Filling up the DagBag from /home/airflow/.local/lib/python3.6/site-packages/airflow/example_dags/example_xcomargs.py
[2021-02-18 07:57:56,400] {scheduler_job.py:639} INFO - DAG(s) dict_keys(['example_xcom_args', 'example_xcom_args_with_operators']) retrieved from /home/airflow/.local/lib/python3.6/site-packages/airflow/example_dags/example_xcomargs.py
[2021-02-18 07:57:56,422] {logging_mixin.py:104} INFO - [2021-02-18 07:57:56,422] {dag.py:1818} INFO - Sync 2 DAGs
[2021-02-18 07:57:56,436] {logging_mixin.py:104} INFO - [2021-02-18 07:57:56,436] {dag.py:2273} INFO - Setting next_dagrun for example_xcom_args to None
[2021-02-18 07:57:56,437] {logging_mixin.py:104} INFO - [2021-02-18 07:57:56,437] {dag.py:2273} INFO - Setting next_dagrun for example_xcom_args_with_operators to None
[2021-02-18 07:57:56,447] {scheduler_job.py:190} INFO - Processing /home/airflow/.local/lib/python3.6/site-packages/airflow/example_dags/example_xcomargs.py took 0.064 seconds
[2021-02-18 07:58:26,463] {scheduler_job.py:182} INFO - Started process (PID=115) to work on /home/airflow/.local/lib/python3.6/site-packages/airflow/example_dags/example_xcomargs.py
[2021-02-18 07:58:26,464] {scheduler_job.py:629} INFO - Processing file /home/airflow/.local/lib/python3.6/site-packages/airflow/example_dags/example_xcomargs.py for tasks to queue
[2021-02-18 07:58:26,464] {logging_mixin.py:104} INFO - [2021-02-18 07:58:26,464] {dagbag.py:448} INFO - Filling up the DagBag from /home/airflow/.local/lib/python3.6/site-packages/airflow/example_dags/example_xcomargs.py
[2021-02-18 07:58:26,477] {scheduler_job.py:639} INFO - DAG(s) dict_keys(['example_xcom_args', 'example_xcom_args_with_operators']) retrieved from /home/airflow/.local/lib/python3.6/site-packages/airflow/example_dags/example_xcomargs.py
[2021-02-18 07:58:26,497] {logging_mixin.py:104} INFO - [2021-02-18 07:58:26,497] {dag.py:1818} INFO - Sync 2 DAGs
[2021-02-18 07:58:26,510] {logging_mixin.py:104} INFO - [2021-02-18 07:58:26,510] {dag.py:2273} INFO - Setting next_dagrun for example_xcom_args to None
[2021-02-18 07:58:26,510] {logging_mixin.py:104} INFO - [2021-02-18 07:58:26,510] {dag.py:2273} INFO - Setting next_dagrun for example_xcom_args_with_operators to None
[2021-02-18 07:58:26,517] {scheduler_job.py:190} INFO - Processing /home/airflow/.local/lib/python3.6/site-packages/airflow/example_dags/example_xcomargs.py took 0.058 seconds
[2021-02-18 07:58:56,630] {scheduler_job.py:182} INFO - Started process (PID=141) to work on /home/airflow/.local/lib/python3.6/site-packages/airflow/example_dags/example_xcomargs.py
[2021-02-18 07:58:56,631] {scheduler_job.py:629} INFO - Processing file /home/airflow/.local/lib/python3.6/site-packages/airflow/example_dags/example_xcomargs.py for tasks to queue
[2021-02-18 07:58:56,631] {logging_mixin.py:104} INFO - [2021-02-18 07:58:56,631] {dagbag.py:448} INFO - Filling up the DagBag from /home/airflow/.local/lib/python3.6/site-packages/airflow/example_dags/example_xcomargs.py
[2021-02-18 07:58:56,644] {scheduler_job.py:639} INFO - DAG(s) dict_keys(['example_xcom_args', 'example_xcom_args_with_operators']) retrieved from /home/airflow/.local/lib/python3.6/site-packages/airflow/example_dags/example_xcomargs.py
[2021-02-18 07:58:56,670] {logging_mixin.py:104} INFO - [2021-02-18 07:58:56,670] {dag.py:1818} INFO - Sync 2 DAGs
[2021-02-18 07:58:56,681] {logging_mixin.py:104} INFO - [2021-02-18 07:58:56,681] {dag.py:2273} INFO - Setting next_dagrun for example_xcom_args to None
[2021-02-18 07:58:56,682] {logging_mixin.py:104} INFO - [2021-02-18 07:58:56,682] {dag.py:2273} INFO - Setting next_dagrun for example_xcom_args_with_operators to None
[2021-02-18 07:58:56,690] {scheduler_job.py:190} INFO - Processing /home/airflow/.local/lib/python3.6/site-packages/airflow/example_dags/example_xcomargs.py took 0.063 seconds
[2021-02-18 07:59:26,993] {scheduler_job.py:182} INFO - Started process (PID=169) to work on /home/airflow/.local/lib/python3.6/site-packages/airflow/example_dags/example_xcomargs.py
[2021-02-18 07:59:26,995] {scheduler_job.py:629} INFO - Processing file /home/airflow/.local/lib/python3.6/site-packages/airflow/example_dags/example_xcomargs.py for tasks to queue
[2021-02-18 07:59:26,996] {logging_mixin.py:104} INFO - [2021-02-18 07:59:26,996] {dagbag.py:448} INFO - Filling up the DagBag from /home/airflow/.local/lib/python3.6/site-packages/airflow/example_dags/example_xcomargs.py
[2021-02-18 07:59:27,006] {scheduler_job.py:639} INFO - DAG(s) dict_keys(['example_xcom_args', 'example_xcom_args_with_operators']) retrieved from /home/airflow/.local/lib/python3.6/site-packages/airflow/example_dags/example_xcomargs.py
[2021-02-18 07:59:27,028] {logging_mixin.py:104} INFO - [2021-02-18 07:59:27,028] {dag.py:1818} INFO - Sync 2 DAGs
[2021-02-18 07:59:27,039] {logging_mixin.py:104} INFO - [2021-02-18 07:59:27,039] {dag.py:2273} INFO - Setting next_dagrun for example_xcom_args to None
[2021-02-18 07:59:27,040] {logging_mixin.py:104} INFO - [2021-02-18 07:59:27,040] {dag.py:2273} INFO - Setting next_dagrun for example_xcom_args_with_operators to None
[2021-02-18 07:59:27,048] {scheduler_job.py:190} INFO - Processing /home/airflow/.local/lib/python3.6/site-packages/airflow/example_dags/example_xcomargs.py took 0.059 seconds
[2021-02-18 07:59:57,066] {scheduler_job.py:182} INFO - Started process (PID=193) to work on /home/airflow/.local/lib/python3.6/site-packages/airflow/example_dags/example_xcomargs.py
[2021-02-18 07:59:57,067] {scheduler_job.py:629} INFO - Processing file /home/airflow/.local/lib/python3.6/site-packages/airflow/example_dags/example_xcomargs.py for tasks to queue
[2021-02-18 07:59:57,067] {logging_mixin.py:104} INFO - [2021-02-18 07:59:57,067] {dagbag.py:448} INFO - Filling up the DagBag from /home/airflow/.local/lib/python3.6/site-packages/airflow/example_dags/example_xcomargs.py
[2021-02-18 07:59:57,080] {scheduler_job.py:639} INFO - DAG(s) dict_keys(['example_xcom_args', 'example_xcom_args_with_operators']) retrieved from /home/airflow/.local/lib/python3.6/site-packages/airflow/example_dags/example_xcomargs.py
[2021-02-18 07:59:57,105] {logging_mixin.py:104} INFO - [2021-02-18 07:59:57,105] {dag.py:1818} INFO - Sync 2 DAGs
[2021-02-18 07:59:57,116] {logging_mixin.py:104} INFO - [2021-02-18 07:59:57,116] {dag.py:2273} INFO - Setting next_dagrun for example_xcom_args to None
[2021-02-18 07:59:57,117] {logging_mixin.py:104} INFO - [2021-02-18 07:59:57,117] {dag.py:2273} INFO - Setting next_dagrun for example_xcom_args_with_operators to None
[2021-02-18 07:59:57,125] {scheduler_job.py:190} INFO - Processing /home/airflow/.local/lib/python3.6/site-packages/airflow/example_dags/example_xcomargs.py took 0.061 seconds
