[2021-02-18 07:37:59,161] {scheduler_job.py:182} INFO - Started process (PID=49) to work on /home/airflow/.local/lib/python3.6/site-packages/airflow/example_dags/example_skip_dag.py
[2021-02-18 07:37:59,162] {scheduler_job.py:629} INFO - Processing file /home/airflow/.local/lib/python3.6/site-packages/airflow/example_dags/example_skip_dag.py for tasks to queue
[2021-02-18 07:37:59,162] {logging_mixin.py:104} INFO - [2021-02-18 07:37:59,162] {dagbag.py:448} INFO - Filling up the DagBag from /home/airflow/.local/lib/python3.6/site-packages/airflow/example_dags/example_skip_dag.py
[2021-02-18 07:37:59,171] {scheduler_job.py:639} INFO - DAG(s) dict_keys(['example_skip_dag']) retrieved from /home/airflow/.local/lib/python3.6/site-packages/airflow/example_dags/example_skip_dag.py
[2021-02-18 07:37:59,195] {logging_mixin.py:104} INFO - [2021-02-18 07:37:59,194] {dag.py:1818} INFO - Sync 1 DAGs
[2021-02-18 07:37:59,206] {logging_mixin.py:104} INFO - [2021-02-18 07:37:59,206] {dag.py:1837} INFO - Creating ORM DAG for example_skip_dag
[2021-02-18 07:37:59,212] {logging_mixin.py:104} INFO - [2021-02-18 07:37:59,212] {dag.py:2273} INFO - Setting next_dagrun for example_skip_dag to 2021-02-16 00:00:00+00:00
[2021-02-18 07:37:59,227] {scheduler_job.py:190} INFO - Processing /home/airflow/.local/lib/python3.6/site-packages/airflow/example_dags/example_skip_dag.py took 0.069 seconds
[2021-02-18 07:38:29,376] {scheduler_job.py:182} INFO - Started process (PID=75) to work on /home/airflow/.local/lib/python3.6/site-packages/airflow/example_dags/example_skip_dag.py
[2021-02-18 07:38:29,377] {scheduler_job.py:629} INFO - Processing file /home/airflow/.local/lib/python3.6/site-packages/airflow/example_dags/example_skip_dag.py for tasks to queue
[2021-02-18 07:38:29,378] {logging_mixin.py:104} INFO - [2021-02-18 07:38:29,378] {dagbag.py:448} INFO - Filling up the DagBag from /home/airflow/.local/lib/python3.6/site-packages/airflow/example_dags/example_skip_dag.py
[2021-02-18 07:38:29,387] {scheduler_job.py:639} INFO - DAG(s) dict_keys(['example_skip_dag']) retrieved from /home/airflow/.local/lib/python3.6/site-packages/airflow/example_dags/example_skip_dag.py
[2021-02-18 07:38:29,409] {logging_mixin.py:104} INFO - [2021-02-18 07:38:29,409] {dag.py:1818} INFO - Sync 1 DAGs
[2021-02-18 07:38:29,423] {logging_mixin.py:104} INFO - [2021-02-18 07:38:29,423] {dag.py:2273} INFO - Setting next_dagrun for example_skip_dag to 2021-02-16 00:00:00+00:00
[2021-02-18 07:38:29,430] {scheduler_job.py:190} INFO - Processing /home/airflow/.local/lib/python3.6/site-packages/airflow/example_dags/example_skip_dag.py took 0.056 seconds
[2021-02-18 07:38:59,486] {scheduler_job.py:182} INFO - Started process (PID=101) to work on /home/airflow/.local/lib/python3.6/site-packages/airflow/example_dags/example_skip_dag.py
[2021-02-18 07:38:59,487] {scheduler_job.py:629} INFO - Processing file /home/airflow/.local/lib/python3.6/site-packages/airflow/example_dags/example_skip_dag.py for tasks to queue
[2021-02-18 07:38:59,488] {logging_mixin.py:104} INFO - [2021-02-18 07:38:59,488] {dagbag.py:448} INFO - Filling up the DagBag from /home/airflow/.local/lib/python3.6/site-packages/airflow/example_dags/example_skip_dag.py
[2021-02-18 07:38:59,496] {scheduler_job.py:639} INFO - DAG(s) dict_keys(['example_skip_dag']) retrieved from /home/airflow/.local/lib/python3.6/site-packages/airflow/example_dags/example_skip_dag.py
[2021-02-18 07:38:59,515] {logging_mixin.py:104} INFO - [2021-02-18 07:38:59,515] {dag.py:1818} INFO - Sync 1 DAGs
[2021-02-18 07:38:59,528] {logging_mixin.py:104} INFO - [2021-02-18 07:38:59,528] {dag.py:2273} INFO - Setting next_dagrun for example_skip_dag to 2021-02-16 00:00:00+00:00
[2021-02-18 07:38:59,536] {scheduler_job.py:190} INFO - Processing /home/airflow/.local/lib/python3.6/site-packages/airflow/example_dags/example_skip_dag.py took 0.052 seconds
[2021-02-18 07:39:29,667] {scheduler_job.py:182} INFO - Started process (PID=127) to work on /home/airflow/.local/lib/python3.6/site-packages/airflow/example_dags/example_skip_dag.py
[2021-02-18 07:39:29,667] {scheduler_job.py:629} INFO - Processing file /home/airflow/.local/lib/python3.6/site-packages/airflow/example_dags/example_skip_dag.py for tasks to queue
[2021-02-18 07:39:29,668] {logging_mixin.py:104} INFO - [2021-02-18 07:39:29,668] {dagbag.py:448} INFO - Filling up the DagBag from /home/airflow/.local/lib/python3.6/site-packages/airflow/example_dags/example_skip_dag.py
[2021-02-18 07:39:29,678] {scheduler_job.py:639} INFO - DAG(s) dict_keys(['example_skip_dag']) retrieved from /home/airflow/.local/lib/python3.6/site-packages/airflow/example_dags/example_skip_dag.py
[2021-02-18 07:39:29,702] {logging_mixin.py:104} INFO - [2021-02-18 07:39:29,702] {dag.py:1818} INFO - Sync 1 DAGs
[2021-02-18 07:39:29,714] {logging_mixin.py:104} INFO - [2021-02-18 07:39:29,714] {dag.py:2273} INFO - Setting next_dagrun for example_skip_dag to 2021-02-16 00:00:00+00:00
[2021-02-18 07:39:29,721] {scheduler_job.py:190} INFO - Processing /home/airflow/.local/lib/python3.6/site-packages/airflow/example_dags/example_skip_dag.py took 0.057 seconds
[2021-02-18 07:39:59,818] {scheduler_job.py:182} INFO - Started process (PID=150) to work on /home/airflow/.local/lib/python3.6/site-packages/airflow/example_dags/example_skip_dag.py
[2021-02-18 07:39:59,819] {scheduler_job.py:629} INFO - Processing file /home/airflow/.local/lib/python3.6/site-packages/airflow/example_dags/example_skip_dag.py for tasks to queue
[2021-02-18 07:39:59,820] {logging_mixin.py:104} INFO - [2021-02-18 07:39:59,820] {dagbag.py:448} INFO - Filling up the DagBag from /home/airflow/.local/lib/python3.6/site-packages/airflow/example_dags/example_skip_dag.py
[2021-02-18 07:39:59,830] {scheduler_job.py:639} INFO - DAG(s) dict_keys(['example_skip_dag']) retrieved from /home/airflow/.local/lib/python3.6/site-packages/airflow/example_dags/example_skip_dag.py
[2021-02-18 07:39:59,851] {logging_mixin.py:104} INFO - [2021-02-18 07:39:59,851] {dag.py:1818} INFO - Sync 1 DAGs
[2021-02-18 07:39:59,864] {logging_mixin.py:104} INFO - [2021-02-18 07:39:59,864] {dag.py:2273} INFO - Setting next_dagrun for example_skip_dag to 2021-02-16 00:00:00+00:00
[2021-02-18 07:39:59,874] {scheduler_job.py:190} INFO - Processing /home/airflow/.local/lib/python3.6/site-packages/airflow/example_dags/example_skip_dag.py took 0.059 seconds
[2021-02-18 07:40:29,978] {scheduler_job.py:182} INFO - Started process (PID=172) to work on /home/airflow/.local/lib/python3.6/site-packages/airflow/example_dags/example_skip_dag.py
[2021-02-18 07:40:29,979] {scheduler_job.py:629} INFO - Processing file /home/airflow/.local/lib/python3.6/site-packages/airflow/example_dags/example_skip_dag.py for tasks to queue
[2021-02-18 07:40:29,980] {logging_mixin.py:104} INFO - [2021-02-18 07:40:29,980] {dagbag.py:448} INFO - Filling up the DagBag from /home/airflow/.local/lib/python3.6/site-packages/airflow/example_dags/example_skip_dag.py
[2021-02-18 07:40:29,990] {scheduler_job.py:639} INFO - DAG(s) dict_keys(['example_skip_dag']) retrieved from /home/airflow/.local/lib/python3.6/site-packages/airflow/example_dags/example_skip_dag.py
[2021-02-18 07:40:30,009] {logging_mixin.py:104} INFO - [2021-02-18 07:40:30,009] {dag.py:1818} INFO - Sync 1 DAGs
[2021-02-18 07:40:30,021] {logging_mixin.py:104} INFO - [2021-02-18 07:40:30,021] {dag.py:2273} INFO - Setting next_dagrun for example_skip_dag to 2021-02-16 00:00:00+00:00
[2021-02-18 07:40:30,028] {scheduler_job.py:190} INFO - Processing /home/airflow/.local/lib/python3.6/site-packages/airflow/example_dags/example_skip_dag.py took 0.054 seconds
[2021-02-18 07:41:00,220] {scheduler_job.py:182} INFO - Started process (PID=200) to work on /home/airflow/.local/lib/python3.6/site-packages/airflow/example_dags/example_skip_dag.py
[2021-02-18 07:41:00,222] {scheduler_job.py:629} INFO - Processing file /home/airflow/.local/lib/python3.6/site-packages/airflow/example_dags/example_skip_dag.py for tasks to queue
[2021-02-18 07:41:00,223] {logging_mixin.py:104} INFO - [2021-02-18 07:41:00,222] {dagbag.py:448} INFO - Filling up the DagBag from /home/airflow/.local/lib/python3.6/site-packages/airflow/example_dags/example_skip_dag.py
[2021-02-18 07:41:00,231] {scheduler_job.py:639} INFO - DAG(s) dict_keys(['example_skip_dag']) retrieved from /home/airflow/.local/lib/python3.6/site-packages/airflow/example_dags/example_skip_dag.py
[2021-02-18 07:41:00,250] {logging_mixin.py:104} INFO - [2021-02-18 07:41:00,250] {dag.py:1818} INFO - Sync 1 DAGs
[2021-02-18 07:41:00,262] {logging_mixin.py:104} INFO - [2021-02-18 07:41:00,262] {dag.py:2273} INFO - Setting next_dagrun for example_skip_dag to 2021-02-16 00:00:00+00:00
[2021-02-18 07:41:00,268] {scheduler_job.py:190} INFO - Processing /home/airflow/.local/lib/python3.6/site-packages/airflow/example_dags/example_skip_dag.py took 0.052 seconds
[2021-02-18 07:41:30,291] {scheduler_job.py:182} INFO - Started process (PID=226) to work on /home/airflow/.local/lib/python3.6/site-packages/airflow/example_dags/example_skip_dag.py
[2021-02-18 07:41:30,292] {scheduler_job.py:629} INFO - Processing file /home/airflow/.local/lib/python3.6/site-packages/airflow/example_dags/example_skip_dag.py for tasks to queue
[2021-02-18 07:41:30,292] {logging_mixin.py:104} INFO - [2021-02-18 07:41:30,292] {dagbag.py:448} INFO - Filling up the DagBag from /home/airflow/.local/lib/python3.6/site-packages/airflow/example_dags/example_skip_dag.py
[2021-02-18 07:41:30,304] {scheduler_job.py:639} INFO - DAG(s) dict_keys(['example_skip_dag']) retrieved from /home/airflow/.local/lib/python3.6/site-packages/airflow/example_dags/example_skip_dag.py
[2021-02-18 07:41:30,323] {logging_mixin.py:104} INFO - [2021-02-18 07:41:30,322] {dag.py:1818} INFO - Sync 1 DAGs
[2021-02-18 07:41:30,339] {logging_mixin.py:104} INFO - [2021-02-18 07:41:30,339] {dag.py:2273} INFO - Setting next_dagrun for example_skip_dag to 2021-02-16 00:00:00+00:00
[2021-02-18 07:41:30,347] {scheduler_job.py:190} INFO - Processing /home/airflow/.local/lib/python3.6/site-packages/airflow/example_dags/example_skip_dag.py took 0.059 seconds
[2021-02-18 07:42:01,497] {scheduler_job.py:182} INFO - Started process (PID=256) to work on /home/airflow/.local/lib/python3.6/site-packages/airflow/example_dags/example_skip_dag.py
[2021-02-18 07:42:01,499] {scheduler_job.py:629} INFO - Processing file /home/airflow/.local/lib/python3.6/site-packages/airflow/example_dags/example_skip_dag.py for tasks to queue
[2021-02-18 07:42:01,500] {logging_mixin.py:104} INFO - [2021-02-18 07:42:01,499] {dagbag.py:448} INFO - Filling up the DagBag from /home/airflow/.local/lib/python3.6/site-packages/airflow/example_dags/example_skip_dag.py
[2021-02-18 07:42:01,509] {scheduler_job.py:639} INFO - DAG(s) dict_keys(['example_skip_dag']) retrieved from /home/airflow/.local/lib/python3.6/site-packages/airflow/example_dags/example_skip_dag.py
[2021-02-18 07:42:01,530] {logging_mixin.py:104} INFO - [2021-02-18 07:42:01,529] {dag.py:1818} INFO - Sync 1 DAGs
[2021-02-18 07:42:01,542] {logging_mixin.py:104} INFO - [2021-02-18 07:42:01,542] {dag.py:2273} INFO - Setting next_dagrun for example_skip_dag to 2021-02-16 00:00:00+00:00
[2021-02-18 07:42:01,550] {scheduler_job.py:190} INFO - Processing /home/airflow/.local/lib/python3.6/site-packages/airflow/example_dags/example_skip_dag.py took 0.058 seconds
[2021-02-18 07:42:31,592] {scheduler_job.py:182} INFO - Started process (PID=282) to work on /home/airflow/.local/lib/python3.6/site-packages/airflow/example_dags/example_skip_dag.py
[2021-02-18 07:42:31,593] {scheduler_job.py:629} INFO - Processing file /home/airflow/.local/lib/python3.6/site-packages/airflow/example_dags/example_skip_dag.py for tasks to queue
[2021-02-18 07:42:31,594] {logging_mixin.py:104} INFO - [2021-02-18 07:42:31,594] {dagbag.py:448} INFO - Filling up the DagBag from /home/airflow/.local/lib/python3.6/site-packages/airflow/example_dags/example_skip_dag.py
[2021-02-18 07:42:31,603] {scheduler_job.py:639} INFO - DAG(s) dict_keys(['example_skip_dag']) retrieved from /home/airflow/.local/lib/python3.6/site-packages/airflow/example_dags/example_skip_dag.py
[2021-02-18 07:42:31,623] {logging_mixin.py:104} INFO - [2021-02-18 07:42:31,623] {dag.py:1818} INFO - Sync 1 DAGs
[2021-02-18 07:42:31,637] {logging_mixin.py:104} INFO - [2021-02-18 07:42:31,637] {dag.py:2273} INFO - Setting next_dagrun for example_skip_dag to 2021-02-16 00:00:00+00:00
[2021-02-18 07:42:31,646] {scheduler_job.py:190} INFO - Processing /home/airflow/.local/lib/python3.6/site-packages/airflow/example_dags/example_skip_dag.py took 0.056 seconds
[2021-02-18 07:43:01,828] {scheduler_job.py:182} INFO - Started process (PID=309) to work on /home/airflow/.local/lib/python3.6/site-packages/airflow/example_dags/example_skip_dag.py
[2021-02-18 07:43:01,828] {scheduler_job.py:629} INFO - Processing file /home/airflow/.local/lib/python3.6/site-packages/airflow/example_dags/example_skip_dag.py for tasks to queue
[2021-02-18 07:43:01,829] {logging_mixin.py:104} INFO - [2021-02-18 07:43:01,829] {dagbag.py:448} INFO - Filling up the DagBag from /home/airflow/.local/lib/python3.6/site-packages/airflow/example_dags/example_skip_dag.py
[2021-02-18 07:43:01,839] {scheduler_job.py:639} INFO - DAG(s) dict_keys(['example_skip_dag']) retrieved from /home/airflow/.local/lib/python3.6/site-packages/airflow/example_dags/example_skip_dag.py
[2021-02-18 07:43:01,857] {logging_mixin.py:104} INFO - [2021-02-18 07:43:01,857] {dag.py:1818} INFO - Sync 1 DAGs
[2021-02-18 07:43:01,869] {logging_mixin.py:104} INFO - [2021-02-18 07:43:01,869] {dag.py:2273} INFO - Setting next_dagrun for example_skip_dag to 2021-02-16 00:00:00+00:00
[2021-02-18 07:43:01,875] {scheduler_job.py:190} INFO - Processing /home/airflow/.local/lib/python3.6/site-packages/airflow/example_dags/example_skip_dag.py took 0.050 seconds
[2021-02-18 07:43:31,973] {scheduler_job.py:182} INFO - Started process (PID=332) to work on /home/airflow/.local/lib/python3.6/site-packages/airflow/example_dags/example_skip_dag.py
[2021-02-18 07:43:31,975] {scheduler_job.py:629} INFO - Processing file /home/airflow/.local/lib/python3.6/site-packages/airflow/example_dags/example_skip_dag.py for tasks to queue
[2021-02-18 07:43:31,976] {logging_mixin.py:104} INFO - [2021-02-18 07:43:31,976] {dagbag.py:448} INFO - Filling up the DagBag from /home/airflow/.local/lib/python3.6/site-packages/airflow/example_dags/example_skip_dag.py
[2021-02-18 07:43:31,986] {scheduler_job.py:639} INFO - DAG(s) dict_keys(['example_skip_dag']) retrieved from /home/airflow/.local/lib/python3.6/site-packages/airflow/example_dags/example_skip_dag.py
[2021-02-18 07:43:32,006] {logging_mixin.py:104} INFO - [2021-02-18 07:43:32,006] {dag.py:1818} INFO - Sync 1 DAGs
[2021-02-18 07:43:32,017] {logging_mixin.py:104} INFO - [2021-02-18 07:43:32,017] {dag.py:2273} INFO - Setting next_dagrun for example_skip_dag to 2021-02-16 00:00:00+00:00
[2021-02-18 07:43:32,024] {scheduler_job.py:190} INFO - Processing /home/airflow/.local/lib/python3.6/site-packages/airflow/example_dags/example_skip_dag.py took 0.054 seconds
[2021-02-18 07:44:02,100] {scheduler_job.py:182} INFO - Started process (PID=358) to work on /home/airflow/.local/lib/python3.6/site-packages/airflow/example_dags/example_skip_dag.py
[2021-02-18 07:44:02,100] {scheduler_job.py:629} INFO - Processing file /home/airflow/.local/lib/python3.6/site-packages/airflow/example_dags/example_skip_dag.py for tasks to queue
[2021-02-18 07:44:02,101] {logging_mixin.py:104} INFO - [2021-02-18 07:44:02,101] {dagbag.py:448} INFO - Filling up the DagBag from /home/airflow/.local/lib/python3.6/site-packages/airflow/example_dags/example_skip_dag.py
[2021-02-18 07:44:02,109] {scheduler_job.py:639} INFO - DAG(s) dict_keys(['example_skip_dag']) retrieved from /home/airflow/.local/lib/python3.6/site-packages/airflow/example_dags/example_skip_dag.py
[2021-02-18 07:44:02,129] {logging_mixin.py:104} INFO - [2021-02-18 07:44:02,129] {dag.py:1818} INFO - Sync 1 DAGs
[2021-02-18 07:44:02,141] {logging_mixin.py:104} INFO - [2021-02-18 07:44:02,141] {dag.py:2273} INFO - Setting next_dagrun for example_skip_dag to 2021-02-16 00:00:00+00:00
[2021-02-18 07:44:02,149] {scheduler_job.py:190} INFO - Processing /home/airflow/.local/lib/python3.6/site-packages/airflow/example_dags/example_skip_dag.py took 0.054 seconds
[2021-02-18 07:44:32,348] {scheduler_job.py:182} INFO - Started process (PID=383) to work on /home/airflow/.local/lib/python3.6/site-packages/airflow/example_dags/example_skip_dag.py
[2021-02-18 07:44:32,348] {scheduler_job.py:629} INFO - Processing file /home/airflow/.local/lib/python3.6/site-packages/airflow/example_dags/example_skip_dag.py for tasks to queue
[2021-02-18 07:44:32,349] {logging_mixin.py:104} INFO - [2021-02-18 07:44:32,349] {dagbag.py:448} INFO - Filling up the DagBag from /home/airflow/.local/lib/python3.6/site-packages/airflow/example_dags/example_skip_dag.py
[2021-02-18 07:44:32,358] {scheduler_job.py:639} INFO - DAG(s) dict_keys(['example_skip_dag']) retrieved from /home/airflow/.local/lib/python3.6/site-packages/airflow/example_dags/example_skip_dag.py
[2021-02-18 07:44:32,381] {logging_mixin.py:104} INFO - [2021-02-18 07:44:32,381] {dag.py:1818} INFO - Sync 1 DAGs
[2021-02-18 07:44:32,393] {logging_mixin.py:104} INFO - [2021-02-18 07:44:32,393] {dag.py:2273} INFO - Setting next_dagrun for example_skip_dag to 2021-02-16 00:00:00+00:00
[2021-02-18 07:44:32,402] {scheduler_job.py:190} INFO - Processing /home/airflow/.local/lib/python3.6/site-packages/airflow/example_dags/example_skip_dag.py took 0.059 seconds
[2021-02-18 07:45:02,496] {scheduler_job.py:182} INFO - Started process (PID=408) to work on /home/airflow/.local/lib/python3.6/site-packages/airflow/example_dags/example_skip_dag.py
[2021-02-18 07:45:02,499] {scheduler_job.py:629} INFO - Processing file /home/airflow/.local/lib/python3.6/site-packages/airflow/example_dags/example_skip_dag.py for tasks to queue
[2021-02-18 07:45:02,500] {logging_mixin.py:104} INFO - [2021-02-18 07:45:02,500] {dagbag.py:448} INFO - Filling up the DagBag from /home/airflow/.local/lib/python3.6/site-packages/airflow/example_dags/example_skip_dag.py
[2021-02-18 07:45:02,508] {scheduler_job.py:639} INFO - DAG(s) dict_keys(['example_skip_dag']) retrieved from /home/airflow/.local/lib/python3.6/site-packages/airflow/example_dags/example_skip_dag.py
[2021-02-18 07:45:02,532] {logging_mixin.py:104} INFO - [2021-02-18 07:45:02,531] {dag.py:1818} INFO - Sync 1 DAGs
[2021-02-18 07:45:02,545] {logging_mixin.py:104} INFO - [2021-02-18 07:45:02,545] {dag.py:2273} INFO - Setting next_dagrun for example_skip_dag to 2021-02-16 00:00:00+00:00
[2021-02-18 07:45:02,555] {scheduler_job.py:190} INFO - Processing /home/airflow/.local/lib/python3.6/site-packages/airflow/example_dags/example_skip_dag.py took 0.063 seconds
[2021-02-18 07:45:32,625] {scheduler_job.py:182} INFO - Started process (PID=434) to work on /home/airflow/.local/lib/python3.6/site-packages/airflow/example_dags/example_skip_dag.py
[2021-02-18 07:45:32,626] {scheduler_job.py:629} INFO - Processing file /home/airflow/.local/lib/python3.6/site-packages/airflow/example_dags/example_skip_dag.py for tasks to queue
[2021-02-18 07:45:32,627] {logging_mixin.py:104} INFO - [2021-02-18 07:45:32,627] {dagbag.py:448} INFO - Filling up the DagBag from /home/airflow/.local/lib/python3.6/site-packages/airflow/example_dags/example_skip_dag.py
[2021-02-18 07:45:32,637] {scheduler_job.py:639} INFO - DAG(s) dict_keys(['example_skip_dag']) retrieved from /home/airflow/.local/lib/python3.6/site-packages/airflow/example_dags/example_skip_dag.py
[2021-02-18 07:45:32,654] {logging_mixin.py:104} INFO - [2021-02-18 07:45:32,653] {dag.py:1818} INFO - Sync 1 DAGs
[2021-02-18 07:45:32,669] {logging_mixin.py:104} INFO - [2021-02-18 07:45:32,669] {dag.py:2273} INFO - Setting next_dagrun for example_skip_dag to 2021-02-16 00:00:00+00:00
[2021-02-18 07:45:32,679] {scheduler_job.py:190} INFO - Processing /home/airflow/.local/lib/python3.6/site-packages/airflow/example_dags/example_skip_dag.py took 0.056 seconds
[2021-02-18 07:46:02,773] {scheduler_job.py:182} INFO - Started process (PID=459) to work on /home/airflow/.local/lib/python3.6/site-packages/airflow/example_dags/example_skip_dag.py
[2021-02-18 07:46:02,774] {scheduler_job.py:629} INFO - Processing file /home/airflow/.local/lib/python3.6/site-packages/airflow/example_dags/example_skip_dag.py for tasks to queue
[2021-02-18 07:46:02,775] {logging_mixin.py:104} INFO - [2021-02-18 07:46:02,774] {dagbag.py:448} INFO - Filling up the DagBag from /home/airflow/.local/lib/python3.6/site-packages/airflow/example_dags/example_skip_dag.py
[2021-02-18 07:46:02,784] {scheduler_job.py:639} INFO - DAG(s) dict_keys(['example_skip_dag']) retrieved from /home/airflow/.local/lib/python3.6/site-packages/airflow/example_dags/example_skip_dag.py
[2021-02-18 07:46:02,805] {logging_mixin.py:104} INFO - [2021-02-18 07:46:02,805] {dag.py:1818} INFO - Sync 1 DAGs
[2021-02-18 07:46:02,822] {logging_mixin.py:104} INFO - [2021-02-18 07:46:02,822] {dag.py:2273} INFO - Setting next_dagrun for example_skip_dag to 2021-02-16 00:00:00+00:00
[2021-02-18 07:46:02,830] {scheduler_job.py:190} INFO - Processing /home/airflow/.local/lib/python3.6/site-packages/airflow/example_dags/example_skip_dag.py took 0.060 seconds
[2021-02-18 07:46:32,930] {scheduler_job.py:182} INFO - Started process (PID=484) to work on /home/airflow/.local/lib/python3.6/site-packages/airflow/example_dags/example_skip_dag.py
[2021-02-18 07:46:32,931] {scheduler_job.py:629} INFO - Processing file /home/airflow/.local/lib/python3.6/site-packages/airflow/example_dags/example_skip_dag.py for tasks to queue
[2021-02-18 07:46:32,931] {logging_mixin.py:104} INFO - [2021-02-18 07:46:32,931] {dagbag.py:448} INFO - Filling up the DagBag from /home/airflow/.local/lib/python3.6/site-packages/airflow/example_dags/example_skip_dag.py
[2021-02-18 07:46:32,941] {scheduler_job.py:639} INFO - DAG(s) dict_keys(['example_skip_dag']) retrieved from /home/airflow/.local/lib/python3.6/site-packages/airflow/example_dags/example_skip_dag.py
[2021-02-18 07:46:32,960] {logging_mixin.py:104} INFO - [2021-02-18 07:46:32,960] {dag.py:1818} INFO - Sync 1 DAGs
[2021-02-18 07:46:32,975] {logging_mixin.py:104} INFO - [2021-02-18 07:46:32,975] {dag.py:2273} INFO - Setting next_dagrun for example_skip_dag to 2021-02-16 00:00:00+00:00
[2021-02-18 07:46:32,984] {scheduler_job.py:190} INFO - Processing /home/airflow/.local/lib/python3.6/site-packages/airflow/example_dags/example_skip_dag.py took 0.056 seconds
[2021-02-18 07:47:03,096] {scheduler_job.py:182} INFO - Started process (PID=510) to work on /home/airflow/.local/lib/python3.6/site-packages/airflow/example_dags/example_skip_dag.py
[2021-02-18 07:47:03,096] {scheduler_job.py:629} INFO - Processing file /home/airflow/.local/lib/python3.6/site-packages/airflow/example_dags/example_skip_dag.py for tasks to queue
[2021-02-18 07:47:03,097] {logging_mixin.py:104} INFO - [2021-02-18 07:47:03,097] {dagbag.py:448} INFO - Filling up the DagBag from /home/airflow/.local/lib/python3.6/site-packages/airflow/example_dags/example_skip_dag.py
[2021-02-18 07:47:03,106] {scheduler_job.py:639} INFO - DAG(s) dict_keys(['example_skip_dag']) retrieved from /home/airflow/.local/lib/python3.6/site-packages/airflow/example_dags/example_skip_dag.py
[2021-02-18 07:47:03,124] {logging_mixin.py:104} INFO - [2021-02-18 07:47:03,124] {dag.py:1818} INFO - Sync 1 DAGs
[2021-02-18 07:47:03,139] {logging_mixin.py:104} INFO - [2021-02-18 07:47:03,138] {dag.py:2273} INFO - Setting next_dagrun for example_skip_dag to 2021-02-16 00:00:00+00:00
[2021-02-18 07:47:03,146] {scheduler_job.py:190} INFO - Processing /home/airflow/.local/lib/python3.6/site-packages/airflow/example_dags/example_skip_dag.py took 0.054 seconds
[2021-02-18 07:47:33,259] {scheduler_job.py:182} INFO - Started process (PID=536) to work on /home/airflow/.local/lib/python3.6/site-packages/airflow/example_dags/example_skip_dag.py
[2021-02-18 07:47:33,260] {scheduler_job.py:629} INFO - Processing file /home/airflow/.local/lib/python3.6/site-packages/airflow/example_dags/example_skip_dag.py for tasks to queue
[2021-02-18 07:47:33,261] {logging_mixin.py:104} INFO - [2021-02-18 07:47:33,261] {dagbag.py:448} INFO - Filling up the DagBag from /home/airflow/.local/lib/python3.6/site-packages/airflow/example_dags/example_skip_dag.py
[2021-02-18 07:47:33,269] {scheduler_job.py:639} INFO - DAG(s) dict_keys(['example_skip_dag']) retrieved from /home/airflow/.local/lib/python3.6/site-packages/airflow/example_dags/example_skip_dag.py
[2021-02-18 07:47:33,290] {logging_mixin.py:104} INFO - [2021-02-18 07:47:33,290] {dag.py:1818} INFO - Sync 1 DAGs
[2021-02-18 07:47:33,303] {logging_mixin.py:104} INFO - [2021-02-18 07:47:33,303] {dag.py:2273} INFO - Setting next_dagrun for example_skip_dag to 2021-02-16 00:00:00+00:00
[2021-02-18 07:47:33,310] {scheduler_job.py:190} INFO - Processing /home/airflow/.local/lib/python3.6/site-packages/airflow/example_dags/example_skip_dag.py took 0.055 seconds
[2021-02-18 07:48:03,384] {scheduler_job.py:182} INFO - Started process (PID=562) to work on /home/airflow/.local/lib/python3.6/site-packages/airflow/example_dags/example_skip_dag.py
[2021-02-18 07:48:03,385] {scheduler_job.py:629} INFO - Processing file /home/airflow/.local/lib/python3.6/site-packages/airflow/example_dags/example_skip_dag.py for tasks to queue
[2021-02-18 07:48:03,386] {logging_mixin.py:104} INFO - [2021-02-18 07:48:03,386] {dagbag.py:448} INFO - Filling up the DagBag from /home/airflow/.local/lib/python3.6/site-packages/airflow/example_dags/example_skip_dag.py
[2021-02-18 07:48:03,393] {scheduler_job.py:639} INFO - DAG(s) dict_keys(['example_skip_dag']) retrieved from /home/airflow/.local/lib/python3.6/site-packages/airflow/example_dags/example_skip_dag.py
[2021-02-18 07:48:03,412] {logging_mixin.py:104} INFO - [2021-02-18 07:48:03,412] {dag.py:1818} INFO - Sync 1 DAGs
[2021-02-18 07:48:03,424] {logging_mixin.py:104} INFO - [2021-02-18 07:48:03,424] {dag.py:2273} INFO - Setting next_dagrun for example_skip_dag to 2021-02-16 00:00:00+00:00
[2021-02-18 07:48:03,434] {scheduler_job.py:190} INFO - Processing /home/airflow/.local/lib/python3.6/site-packages/airflow/example_dags/example_skip_dag.py took 0.054 seconds
[2021-02-18 07:48:33,502] {scheduler_job.py:182} INFO - Started process (PID=588) to work on /home/airflow/.local/lib/python3.6/site-packages/airflow/example_dags/example_skip_dag.py
[2021-02-18 07:48:33,503] {scheduler_job.py:629} INFO - Processing file /home/airflow/.local/lib/python3.6/site-packages/airflow/example_dags/example_skip_dag.py for tasks to queue
[2021-02-18 07:48:33,504] {logging_mixin.py:104} INFO - [2021-02-18 07:48:33,503] {dagbag.py:448} INFO - Filling up the DagBag from /home/airflow/.local/lib/python3.6/site-packages/airflow/example_dags/example_skip_dag.py
[2021-02-18 07:48:33,514] {scheduler_job.py:639} INFO - DAG(s) dict_keys(['example_skip_dag']) retrieved from /home/airflow/.local/lib/python3.6/site-packages/airflow/example_dags/example_skip_dag.py
[2021-02-18 07:48:33,538] {logging_mixin.py:104} INFO - [2021-02-18 07:48:33,538] {dag.py:1818} INFO - Sync 1 DAGs
[2021-02-18 07:48:33,552] {logging_mixin.py:104} INFO - [2021-02-18 07:48:33,552] {dag.py:2273} INFO - Setting next_dagrun for example_skip_dag to 2021-02-16 00:00:00+00:00
[2021-02-18 07:48:33,559] {scheduler_job.py:190} INFO - Processing /home/airflow/.local/lib/python3.6/site-packages/airflow/example_dags/example_skip_dag.py took 0.059 seconds
[2021-02-18 07:49:03,595] {scheduler_job.py:182} INFO - Started process (PID=613) to work on /home/airflow/.local/lib/python3.6/site-packages/airflow/example_dags/example_skip_dag.py
[2021-02-18 07:49:03,595] {scheduler_job.py:629} INFO - Processing file /home/airflow/.local/lib/python3.6/site-packages/airflow/example_dags/example_skip_dag.py for tasks to queue
[2021-02-18 07:49:03,596] {logging_mixin.py:104} INFO - [2021-02-18 07:49:03,596] {dagbag.py:448} INFO - Filling up the DagBag from /home/airflow/.local/lib/python3.6/site-packages/airflow/example_dags/example_skip_dag.py
[2021-02-18 07:49:03,604] {scheduler_job.py:639} INFO - DAG(s) dict_keys(['example_skip_dag']) retrieved from /home/airflow/.local/lib/python3.6/site-packages/airflow/example_dags/example_skip_dag.py
[2021-02-18 07:49:03,629] {logging_mixin.py:104} INFO - [2021-02-18 07:49:03,629] {dag.py:1818} INFO - Sync 1 DAGs
[2021-02-18 07:49:03,643] {logging_mixin.py:104} INFO - [2021-02-18 07:49:03,643] {dag.py:2273} INFO - Setting next_dagrun for example_skip_dag to 2021-02-16 00:00:00+00:00
[2021-02-18 07:49:03,649] {scheduler_job.py:190} INFO - Processing /home/airflow/.local/lib/python3.6/site-packages/airflow/example_dags/example_skip_dag.py took 0.056 seconds
[2021-02-18 07:49:33,700] {scheduler_job.py:182} INFO - Started process (PID=639) to work on /home/airflow/.local/lib/python3.6/site-packages/airflow/example_dags/example_skip_dag.py
[2021-02-18 07:49:33,701] {scheduler_job.py:629} INFO - Processing file /home/airflow/.local/lib/python3.6/site-packages/airflow/example_dags/example_skip_dag.py for tasks to queue
[2021-02-18 07:49:33,702] {logging_mixin.py:104} INFO - [2021-02-18 07:49:33,701] {dagbag.py:448} INFO - Filling up the DagBag from /home/airflow/.local/lib/python3.6/site-packages/airflow/example_dags/example_skip_dag.py
[2021-02-18 07:49:33,711] {scheduler_job.py:639} INFO - DAG(s) dict_keys(['example_skip_dag']) retrieved from /home/airflow/.local/lib/python3.6/site-packages/airflow/example_dags/example_skip_dag.py
[2021-02-18 07:49:33,733] {logging_mixin.py:104} INFO - [2021-02-18 07:49:33,733] {dag.py:1818} INFO - Sync 1 DAGs
[2021-02-18 07:49:33,746] {logging_mixin.py:104} INFO - [2021-02-18 07:49:33,746] {dag.py:2273} INFO - Setting next_dagrun for example_skip_dag to 2021-02-16 00:00:00+00:00
[2021-02-18 07:49:33,753] {scheduler_job.py:190} INFO - Processing /home/airflow/.local/lib/python3.6/site-packages/airflow/example_dags/example_skip_dag.py took 0.055 seconds
[2021-02-18 07:50:03,865] {scheduler_job.py:182} INFO - Started process (PID=665) to work on /home/airflow/.local/lib/python3.6/site-packages/airflow/example_dags/example_skip_dag.py
[2021-02-18 07:50:03,867] {scheduler_job.py:629} INFO - Processing file /home/airflow/.local/lib/python3.6/site-packages/airflow/example_dags/example_skip_dag.py for tasks to queue
[2021-02-18 07:50:03,867] {logging_mixin.py:104} INFO - [2021-02-18 07:50:03,867] {dagbag.py:448} INFO - Filling up the DagBag from /home/airflow/.local/lib/python3.6/site-packages/airflow/example_dags/example_skip_dag.py
[2021-02-18 07:50:03,877] {scheduler_job.py:639} INFO - DAG(s) dict_keys(['example_skip_dag']) retrieved from /home/airflow/.local/lib/python3.6/site-packages/airflow/example_dags/example_skip_dag.py
[2021-02-18 07:50:03,898] {logging_mixin.py:104} INFO - [2021-02-18 07:50:03,898] {dag.py:1818} INFO - Sync 1 DAGs
[2021-02-18 07:50:03,912] {logging_mixin.py:104} INFO - [2021-02-18 07:50:03,912] {dag.py:2273} INFO - Setting next_dagrun for example_skip_dag to 2021-02-16 00:00:00+00:00
[2021-02-18 07:50:03,921] {scheduler_job.py:190} INFO - Processing /home/airflow/.local/lib/python3.6/site-packages/airflow/example_dags/example_skip_dag.py took 0.058 seconds
[2021-02-18 07:50:33,969] {scheduler_job.py:182} INFO - Started process (PID=692) to work on /home/airflow/.local/lib/python3.6/site-packages/airflow/example_dags/example_skip_dag.py
[2021-02-18 07:50:33,970] {scheduler_job.py:629} INFO - Processing file /home/airflow/.local/lib/python3.6/site-packages/airflow/example_dags/example_skip_dag.py for tasks to queue
[2021-02-18 07:50:33,971] {logging_mixin.py:104} INFO - [2021-02-18 07:50:33,971] {dagbag.py:448} INFO - Filling up the DagBag from /home/airflow/.local/lib/python3.6/site-packages/airflow/example_dags/example_skip_dag.py
[2021-02-18 07:50:33,983] {scheduler_job.py:639} INFO - DAG(s) dict_keys(['example_skip_dag']) retrieved from /home/airflow/.local/lib/python3.6/site-packages/airflow/example_dags/example_skip_dag.py
[2021-02-18 07:50:34,002] {logging_mixin.py:104} INFO - [2021-02-18 07:50:34,002] {dag.py:1818} INFO - Sync 1 DAGs
[2021-02-18 07:50:34,019] {logging_mixin.py:104} INFO - [2021-02-18 07:50:34,018] {dag.py:2273} INFO - Setting next_dagrun for example_skip_dag to 2021-02-16 00:00:00+00:00
[2021-02-18 07:50:34,029] {scheduler_job.py:190} INFO - Processing /home/airflow/.local/lib/python3.6/site-packages/airflow/example_dags/example_skip_dag.py took 0.062 seconds
[2021-02-18 07:51:04,184] {scheduler_job.py:182} INFO - Started process (PID=718) to work on /home/airflow/.local/lib/python3.6/site-packages/airflow/example_dags/example_skip_dag.py
[2021-02-18 07:51:04,186] {scheduler_job.py:629} INFO - Processing file /home/airflow/.local/lib/python3.6/site-packages/airflow/example_dags/example_skip_dag.py for tasks to queue
[2021-02-18 07:51:04,187] {logging_mixin.py:104} INFO - [2021-02-18 07:51:04,187] {dagbag.py:448} INFO - Filling up the DagBag from /home/airflow/.local/lib/python3.6/site-packages/airflow/example_dags/example_skip_dag.py
[2021-02-18 07:51:04,198] {scheduler_job.py:639} INFO - DAG(s) dict_keys(['example_skip_dag']) retrieved from /home/airflow/.local/lib/python3.6/site-packages/airflow/example_dags/example_skip_dag.py
[2021-02-18 07:51:04,222] {logging_mixin.py:104} INFO - [2021-02-18 07:51:04,221] {dag.py:1818} INFO - Sync 1 DAGs
[2021-02-18 07:51:04,235] {logging_mixin.py:104} INFO - [2021-02-18 07:51:04,234] {dag.py:2273} INFO - Setting next_dagrun for example_skip_dag to 2021-02-16 00:00:00+00:00
[2021-02-18 07:51:04,242] {scheduler_job.py:190} INFO - Processing /home/airflow/.local/lib/python3.6/site-packages/airflow/example_dags/example_skip_dag.py took 0.060 seconds
[2021-02-18 07:51:34,323] {scheduler_job.py:182} INFO - Started process (PID=744) to work on /home/airflow/.local/lib/python3.6/site-packages/airflow/example_dags/example_skip_dag.py
[2021-02-18 07:51:34,324] {scheduler_job.py:629} INFO - Processing file /home/airflow/.local/lib/python3.6/site-packages/airflow/example_dags/example_skip_dag.py for tasks to queue
[2021-02-18 07:51:34,325] {logging_mixin.py:104} INFO - [2021-02-18 07:51:34,325] {dagbag.py:448} INFO - Filling up the DagBag from /home/airflow/.local/lib/python3.6/site-packages/airflow/example_dags/example_skip_dag.py
[2021-02-18 07:51:34,336] {scheduler_job.py:639} INFO - DAG(s) dict_keys(['example_skip_dag']) retrieved from /home/airflow/.local/lib/python3.6/site-packages/airflow/example_dags/example_skip_dag.py
[2021-02-18 07:51:34,358] {logging_mixin.py:104} INFO - [2021-02-18 07:51:34,358] {dag.py:1818} INFO - Sync 1 DAGs
[2021-02-18 07:51:34,371] {logging_mixin.py:104} INFO - [2021-02-18 07:51:34,370] {dag.py:2273} INFO - Setting next_dagrun for example_skip_dag to 2021-02-16 00:00:00+00:00
[2021-02-18 07:51:34,377] {scheduler_job.py:190} INFO - Processing /home/airflow/.local/lib/python3.6/site-packages/airflow/example_dags/example_skip_dag.py took 0.059 seconds
[2021-02-18 07:52:04,532] {scheduler_job.py:182} INFO - Started process (PID=771) to work on /home/airflow/.local/lib/python3.6/site-packages/airflow/example_dags/example_skip_dag.py
[2021-02-18 07:52:04,532] {scheduler_job.py:629} INFO - Processing file /home/airflow/.local/lib/python3.6/site-packages/airflow/example_dags/example_skip_dag.py for tasks to queue
[2021-02-18 07:52:04,533] {logging_mixin.py:104} INFO - [2021-02-18 07:52:04,533] {dagbag.py:448} INFO - Filling up the DagBag from /home/airflow/.local/lib/python3.6/site-packages/airflow/example_dags/example_skip_dag.py
[2021-02-18 07:52:04,545] {scheduler_job.py:639} INFO - DAG(s) dict_keys(['example_skip_dag']) retrieved from /home/airflow/.local/lib/python3.6/site-packages/airflow/example_dags/example_skip_dag.py
[2021-02-18 07:52:04,565] {logging_mixin.py:104} INFO - [2021-02-18 07:52:04,565] {dag.py:1818} INFO - Sync 1 DAGs
[2021-02-18 07:52:04,580] {logging_mixin.py:104} INFO - [2021-02-18 07:52:04,580] {dag.py:2273} INFO - Setting next_dagrun for example_skip_dag to 2021-02-16 00:00:00+00:00
[2021-02-18 07:52:04,588] {scheduler_job.py:190} INFO - Processing /home/airflow/.local/lib/python3.6/site-packages/airflow/example_dags/example_skip_dag.py took 0.059 seconds
[2021-02-18 07:52:34,692] {scheduler_job.py:182} INFO - Started process (PID=796) to work on /home/airflow/.local/lib/python3.6/site-packages/airflow/example_dags/example_skip_dag.py
[2021-02-18 07:52:34,693] {scheduler_job.py:629} INFO - Processing file /home/airflow/.local/lib/python3.6/site-packages/airflow/example_dags/example_skip_dag.py for tasks to queue
[2021-02-18 07:52:34,694] {logging_mixin.py:104} INFO - [2021-02-18 07:52:34,694] {dagbag.py:448} INFO - Filling up the DagBag from /home/airflow/.local/lib/python3.6/site-packages/airflow/example_dags/example_skip_dag.py
[2021-02-18 07:52:34,707] {scheduler_job.py:639} INFO - DAG(s) dict_keys(['example_skip_dag']) retrieved from /home/airflow/.local/lib/python3.6/site-packages/airflow/example_dags/example_skip_dag.py
[2021-02-18 07:52:34,727] {logging_mixin.py:104} INFO - [2021-02-18 07:52:34,727] {dag.py:1818} INFO - Sync 1 DAGs
[2021-02-18 07:52:34,741] {logging_mixin.py:104} INFO - [2021-02-18 07:52:34,740] {dag.py:2273} INFO - Setting next_dagrun for example_skip_dag to 2021-02-16 00:00:00+00:00
[2021-02-18 07:52:34,749] {scheduler_job.py:190} INFO - Processing /home/airflow/.local/lib/python3.6/site-packages/airflow/example_dags/example_skip_dag.py took 0.062 seconds
[2021-02-18 07:53:04,783] {scheduler_job.py:182} INFO - Started process (PID=822) to work on /home/airflow/.local/lib/python3.6/site-packages/airflow/example_dags/example_skip_dag.py
[2021-02-18 07:53:04,784] {scheduler_job.py:629} INFO - Processing file /home/airflow/.local/lib/python3.6/site-packages/airflow/example_dags/example_skip_dag.py for tasks to queue
[2021-02-18 07:53:04,785] {logging_mixin.py:104} INFO - [2021-02-18 07:53:04,785] {dagbag.py:448} INFO - Filling up the DagBag from /home/airflow/.local/lib/python3.6/site-packages/airflow/example_dags/example_skip_dag.py
[2021-02-18 07:53:04,796] {scheduler_job.py:639} INFO - DAG(s) dict_keys(['example_skip_dag']) retrieved from /home/airflow/.local/lib/python3.6/site-packages/airflow/example_dags/example_skip_dag.py
[2021-02-18 07:53:04,816] {logging_mixin.py:104} INFO - [2021-02-18 07:53:04,816] {dag.py:1818} INFO - Sync 1 DAGs
[2021-02-18 07:53:04,830] {logging_mixin.py:104} INFO - [2021-02-18 07:53:04,830] {dag.py:2273} INFO - Setting next_dagrun for example_skip_dag to 2021-02-16 00:00:00+00:00
[2021-02-18 07:53:04,838] {scheduler_job.py:190} INFO - Processing /home/airflow/.local/lib/python3.6/site-packages/airflow/example_dags/example_skip_dag.py took 0.057 seconds
[2021-02-18 07:53:34,987] {scheduler_job.py:182} INFO - Started process (PID=847) to work on /home/airflow/.local/lib/python3.6/site-packages/airflow/example_dags/example_skip_dag.py
[2021-02-18 07:53:34,988] {scheduler_job.py:629} INFO - Processing file /home/airflow/.local/lib/python3.6/site-packages/airflow/example_dags/example_skip_dag.py for tasks to queue
[2021-02-18 07:53:34,988] {logging_mixin.py:104} INFO - [2021-02-18 07:53:34,988] {dagbag.py:448} INFO - Filling up the DagBag from /home/airflow/.local/lib/python3.6/site-packages/airflow/example_dags/example_skip_dag.py
[2021-02-18 07:53:34,997] {scheduler_job.py:639} INFO - DAG(s) dict_keys(['example_skip_dag']) retrieved from /home/airflow/.local/lib/python3.6/site-packages/airflow/example_dags/example_skip_dag.py
[2021-02-18 07:53:35,018] {logging_mixin.py:104} INFO - [2021-02-18 07:53:35,018] {dag.py:1818} INFO - Sync 1 DAGs
[2021-02-18 07:53:35,032] {logging_mixin.py:104} INFO - [2021-02-18 07:53:35,032] {dag.py:2273} INFO - Setting next_dagrun for example_skip_dag to 2021-02-16 00:00:00+00:00
[2021-02-18 07:53:35,039] {scheduler_job.py:190} INFO - Processing /home/airflow/.local/lib/python3.6/site-packages/airflow/example_dags/example_skip_dag.py took 0.057 seconds
[2021-02-18 07:54:05,066] {scheduler_job.py:182} INFO - Started process (PID=872) to work on /home/airflow/.local/lib/python3.6/site-packages/airflow/example_dags/example_skip_dag.py
[2021-02-18 07:54:05,067] {scheduler_job.py:629} INFO - Processing file /home/airflow/.local/lib/python3.6/site-packages/airflow/example_dags/example_skip_dag.py for tasks to queue
[2021-02-18 07:54:05,068] {logging_mixin.py:104} INFO - [2021-02-18 07:54:05,068] {dagbag.py:448} INFO - Filling up the DagBag from /home/airflow/.local/lib/python3.6/site-packages/airflow/example_dags/example_skip_dag.py
[2021-02-18 07:54:05,077] {scheduler_job.py:639} INFO - DAG(s) dict_keys(['example_skip_dag']) retrieved from /home/airflow/.local/lib/python3.6/site-packages/airflow/example_dags/example_skip_dag.py
[2021-02-18 07:54:05,094] {logging_mixin.py:104} INFO - [2021-02-18 07:54:05,094] {dag.py:1818} INFO - Sync 1 DAGs
[2021-02-18 07:54:05,107] {logging_mixin.py:104} INFO - [2021-02-18 07:54:05,107] {dag.py:2273} INFO - Setting next_dagrun for example_skip_dag to 2021-02-16 00:00:00+00:00
[2021-02-18 07:54:05,114] {scheduler_job.py:190} INFO - Processing /home/airflow/.local/lib/python3.6/site-packages/airflow/example_dags/example_skip_dag.py took 0.051 seconds
[2021-02-18 07:55:58,757] {scheduler_job.py:182} INFO - Started process (PID=45) to work on /home/airflow/.local/lib/python3.6/site-packages/airflow/example_dags/example_skip_dag.py
[2021-02-18 07:55:58,758] {scheduler_job.py:629} INFO - Processing file /home/airflow/.local/lib/python3.6/site-packages/airflow/example_dags/example_skip_dag.py for tasks to queue
[2021-02-18 07:55:58,759] {logging_mixin.py:104} INFO - [2021-02-18 07:55:58,759] {dagbag.py:448} INFO - Filling up the DagBag from /home/airflow/.local/lib/python3.6/site-packages/airflow/example_dags/example_skip_dag.py
[2021-02-18 07:55:58,769] {scheduler_job.py:639} INFO - DAG(s) dict_keys(['example_skip_dag']) retrieved from /home/airflow/.local/lib/python3.6/site-packages/airflow/example_dags/example_skip_dag.py
[2021-02-18 07:55:58,790] {logging_mixin.py:104} INFO - [2021-02-18 07:55:58,790] {dag.py:1818} INFO - Sync 1 DAGs
[2021-02-18 07:55:58,800] {logging_mixin.py:104} INFO - [2021-02-18 07:55:58,800] {dag.py:1837} INFO - Creating ORM DAG for example_skip_dag
[2021-02-18 07:55:58,806] {logging_mixin.py:104} INFO - [2021-02-18 07:55:58,806] {dag.py:2273} INFO - Setting next_dagrun for example_skip_dag to 2021-02-16 00:00:00+00:00
[2021-02-18 07:55:58,821] {scheduler_job.py:190} INFO - Processing /home/airflow/.local/lib/python3.6/site-packages/airflow/example_dags/example_skip_dag.py took 0.067 seconds
[2021-02-18 07:56:28,966] {scheduler_job.py:182} INFO - Started process (PID=71) to work on /home/airflow/.local/lib/python3.6/site-packages/airflow/example_dags/example_skip_dag.py
[2021-02-18 07:56:28,967] {scheduler_job.py:629} INFO - Processing file /home/airflow/.local/lib/python3.6/site-packages/airflow/example_dags/example_skip_dag.py for tasks to queue
[2021-02-18 07:56:28,967] {logging_mixin.py:104} INFO - [2021-02-18 07:56:28,967] {dagbag.py:448} INFO - Filling up the DagBag from /home/airflow/.local/lib/python3.6/site-packages/airflow/example_dags/example_skip_dag.py
[2021-02-18 07:56:28,977] {scheduler_job.py:639} INFO - DAG(s) dict_keys(['example_skip_dag']) retrieved from /home/airflow/.local/lib/python3.6/site-packages/airflow/example_dags/example_skip_dag.py
[2021-02-18 07:56:28,996] {logging_mixin.py:104} INFO - [2021-02-18 07:56:28,996] {dag.py:1818} INFO - Sync 1 DAGs
[2021-02-18 07:56:29,008] {logging_mixin.py:104} INFO - [2021-02-18 07:56:29,008] {dag.py:2273} INFO - Setting next_dagrun for example_skip_dag to 2021-02-16 00:00:00+00:00
[2021-02-18 07:56:29,015] {scheduler_job.py:190} INFO - Processing /home/airflow/.local/lib/python3.6/site-packages/airflow/example_dags/example_skip_dag.py took 0.050 seconds
[2021-02-18 07:56:56,060] {scheduler_job.py:182} INFO - Started process (PID=40) to work on /home/airflow/.local/lib/python3.6/site-packages/airflow/example_dags/example_skip_dag.py
[2021-02-18 07:56:56,061] {scheduler_job.py:629} INFO - Processing file /home/airflow/.local/lib/python3.6/site-packages/airflow/example_dags/example_skip_dag.py for tasks to queue
[2021-02-18 07:56:56,062] {logging_mixin.py:104} INFO - [2021-02-18 07:56:56,062] {dagbag.py:448} INFO - Filling up the DagBag from /home/airflow/.local/lib/python3.6/site-packages/airflow/example_dags/example_skip_dag.py
[2021-02-18 07:56:56,071] {scheduler_job.py:639} INFO - DAG(s) dict_keys(['example_skip_dag']) retrieved from /home/airflow/.local/lib/python3.6/site-packages/airflow/example_dags/example_skip_dag.py
[2021-02-18 07:56:56,088] {logging_mixin.py:104} INFO - [2021-02-18 07:56:56,088] {dag.py:1818} INFO - Sync 1 DAGs
[2021-02-18 07:56:56,101] {logging_mixin.py:104} INFO - [2021-02-18 07:56:56,101] {dag.py:2273} INFO - Setting next_dagrun for example_skip_dag to 2021-02-16 00:00:00+00:00
[2021-02-18 07:56:56,108] {scheduler_job.py:190} INFO - Processing /home/airflow/.local/lib/python3.6/site-packages/airflow/example_dags/example_skip_dag.py took 0.052 seconds
[2021-02-18 07:57:26,339] {scheduler_job.py:182} INFO - Started process (PID=67) to work on /home/airflow/.local/lib/python3.6/site-packages/airflow/example_dags/example_skip_dag.py
[2021-02-18 07:57:26,340] {scheduler_job.py:629} INFO - Processing file /home/airflow/.local/lib/python3.6/site-packages/airflow/example_dags/example_skip_dag.py for tasks to queue
[2021-02-18 07:57:26,340] {logging_mixin.py:104} INFO - [2021-02-18 07:57:26,340] {dagbag.py:448} INFO - Filling up the DagBag from /home/airflow/.local/lib/python3.6/site-packages/airflow/example_dags/example_skip_dag.py
[2021-02-18 07:57:26,348] {scheduler_job.py:639} INFO - DAG(s) dict_keys(['example_skip_dag']) retrieved from /home/airflow/.local/lib/python3.6/site-packages/airflow/example_dags/example_skip_dag.py
[2021-02-18 07:57:26,370] {logging_mixin.py:104} INFO - [2021-02-18 07:57:26,370] {dag.py:1818} INFO - Sync 1 DAGs
[2021-02-18 07:57:26,382] {logging_mixin.py:104} INFO - [2021-02-18 07:57:26,382] {dag.py:2273} INFO - Setting next_dagrun for example_skip_dag to 2021-02-16 00:00:00+00:00
[2021-02-18 07:57:26,389] {scheduler_job.py:190} INFO - Processing /home/airflow/.local/lib/python3.6/site-packages/airflow/example_dags/example_skip_dag.py took 0.054 seconds
[2021-02-18 07:57:56,545] {scheduler_job.py:182} INFO - Started process (PID=94) to work on /home/airflow/.local/lib/python3.6/site-packages/airflow/example_dags/example_skip_dag.py
[2021-02-18 07:57:56,546] {scheduler_job.py:629} INFO - Processing file /home/airflow/.local/lib/python3.6/site-packages/airflow/example_dags/example_skip_dag.py for tasks to queue
[2021-02-18 07:57:56,547] {logging_mixin.py:104} INFO - [2021-02-18 07:57:56,547] {dagbag.py:448} INFO - Filling up the DagBag from /home/airflow/.local/lib/python3.6/site-packages/airflow/example_dags/example_skip_dag.py
[2021-02-18 07:57:56,557] {scheduler_job.py:639} INFO - DAG(s) dict_keys(['example_skip_dag']) retrieved from /home/airflow/.local/lib/python3.6/site-packages/airflow/example_dags/example_skip_dag.py
[2021-02-18 07:57:56,579] {logging_mixin.py:104} INFO - [2021-02-18 07:57:56,579] {dag.py:1818} INFO - Sync 1 DAGs
[2021-02-18 07:57:56,593] {logging_mixin.py:104} INFO - [2021-02-18 07:57:56,593] {dag.py:2273} INFO - Setting next_dagrun for example_skip_dag to 2021-02-16 00:00:00+00:00
[2021-02-18 07:57:56,607] {scheduler_job.py:190} INFO - Processing /home/airflow/.local/lib/python3.6/site-packages/airflow/example_dags/example_skip_dag.py took 0.066 seconds
[2021-02-18 07:58:26,628] {scheduler_job.py:182} INFO - Started process (PID=120) to work on /home/airflow/.local/lib/python3.6/site-packages/airflow/example_dags/example_skip_dag.py
[2021-02-18 07:58:26,629] {scheduler_job.py:629} INFO - Processing file /home/airflow/.local/lib/python3.6/site-packages/airflow/example_dags/example_skip_dag.py for tasks to queue
[2021-02-18 07:58:26,629] {logging_mixin.py:104} INFO - [2021-02-18 07:58:26,629] {dagbag.py:448} INFO - Filling up the DagBag from /home/airflow/.local/lib/python3.6/site-packages/airflow/example_dags/example_skip_dag.py
[2021-02-18 07:58:26,638] {scheduler_job.py:639} INFO - DAG(s) dict_keys(['example_skip_dag']) retrieved from /home/airflow/.local/lib/python3.6/site-packages/airflow/example_dags/example_skip_dag.py
[2021-02-18 07:58:26,660] {logging_mixin.py:104} INFO - [2021-02-18 07:58:26,660] {dag.py:1818} INFO - Sync 1 DAGs
[2021-02-18 07:58:26,672] {logging_mixin.py:104} INFO - [2021-02-18 07:58:26,672] {dag.py:2273} INFO - Setting next_dagrun for example_skip_dag to 2021-02-16 00:00:00+00:00
[2021-02-18 07:58:26,679] {scheduler_job.py:190} INFO - Processing /home/airflow/.local/lib/python3.6/site-packages/airflow/example_dags/example_skip_dag.py took 0.054 seconds
[2021-02-18 07:58:56,867] {scheduler_job.py:182} INFO - Started process (PID=148) to work on /home/airflow/.local/lib/python3.6/site-packages/airflow/example_dags/example_skip_dag.py
[2021-02-18 07:58:56,868] {scheduler_job.py:629} INFO - Processing file /home/airflow/.local/lib/python3.6/site-packages/airflow/example_dags/example_skip_dag.py for tasks to queue
[2021-02-18 07:58:56,868] {logging_mixin.py:104} INFO - [2021-02-18 07:58:56,868] {dagbag.py:448} INFO - Filling up the DagBag from /home/airflow/.local/lib/python3.6/site-packages/airflow/example_dags/example_skip_dag.py
[2021-02-18 07:58:56,877] {scheduler_job.py:639} INFO - DAG(s) dict_keys(['example_skip_dag']) retrieved from /home/airflow/.local/lib/python3.6/site-packages/airflow/example_dags/example_skip_dag.py
[2021-02-18 07:58:56,897] {logging_mixin.py:104} INFO - [2021-02-18 07:58:56,896] {dag.py:1818} INFO - Sync 1 DAGs
[2021-02-18 07:58:56,909] {logging_mixin.py:104} INFO - [2021-02-18 07:58:56,909] {dag.py:2273} INFO - Setting next_dagrun for example_skip_dag to 2021-02-16 00:00:00+00:00
[2021-02-18 07:58:56,917] {scheduler_job.py:190} INFO - Processing /home/airflow/.local/lib/python3.6/site-packages/airflow/example_dags/example_skip_dag.py took 0.052 seconds
[2021-02-18 07:59:27,328] {scheduler_job.py:182} INFO - Started process (PID=177) to work on /home/airflow/.local/lib/python3.6/site-packages/airflow/example_dags/example_skip_dag.py
[2021-02-18 07:59:27,330] {scheduler_job.py:629} INFO - Processing file /home/airflow/.local/lib/python3.6/site-packages/airflow/example_dags/example_skip_dag.py for tasks to queue
[2021-02-18 07:59:27,331] {logging_mixin.py:104} INFO - [2021-02-18 07:59:27,330] {dagbag.py:448} INFO - Filling up the DagBag from /home/airflow/.local/lib/python3.6/site-packages/airflow/example_dags/example_skip_dag.py
[2021-02-18 07:59:27,340] {scheduler_job.py:639} INFO - DAG(s) dict_keys(['example_skip_dag']) retrieved from /home/airflow/.local/lib/python3.6/site-packages/airflow/example_dags/example_skip_dag.py
[2021-02-18 07:59:27,365] {logging_mixin.py:104} INFO - [2021-02-18 07:59:27,365] {dag.py:1818} INFO - Sync 1 DAGs
[2021-02-18 07:59:27,378] {logging_mixin.py:104} INFO - [2021-02-18 07:59:27,378] {dag.py:2273} INFO - Setting next_dagrun for example_skip_dag to 2021-02-16 00:00:00+00:00
[2021-02-18 07:59:27,385] {scheduler_job.py:190} INFO - Processing /home/airflow/.local/lib/python3.6/site-packages/airflow/example_dags/example_skip_dag.py took 0.059 seconds
[2021-02-18 07:59:57,516] {scheduler_job.py:182} INFO - Started process (PID=205) to work on /home/airflow/.local/lib/python3.6/site-packages/airflow/example_dags/example_skip_dag.py
[2021-02-18 07:59:57,518] {scheduler_job.py:629} INFO - Processing file /home/airflow/.local/lib/python3.6/site-packages/airflow/example_dags/example_skip_dag.py for tasks to queue
[2021-02-18 07:59:57,519] {logging_mixin.py:104} INFO - [2021-02-18 07:59:57,519] {dagbag.py:448} INFO - Filling up the DagBag from /home/airflow/.local/lib/python3.6/site-packages/airflow/example_dags/example_skip_dag.py
[2021-02-18 07:59:57,527] {scheduler_job.py:639} INFO - DAG(s) dict_keys(['example_skip_dag']) retrieved from /home/airflow/.local/lib/python3.6/site-packages/airflow/example_dags/example_skip_dag.py
[2021-02-18 07:59:57,545] {logging_mixin.py:104} INFO - [2021-02-18 07:59:57,545] {dag.py:1818} INFO - Sync 1 DAGs
[2021-02-18 07:59:57,558] {logging_mixin.py:104} INFO - [2021-02-18 07:59:57,558] {dag.py:2273} INFO - Setting next_dagrun for example_skip_dag to 2021-02-16 00:00:00+00:00
[2021-02-18 07:59:57,565] {scheduler_job.py:190} INFO - Processing /home/airflow/.local/lib/python3.6/site-packages/airflow/example_dags/example_skip_dag.py took 0.053 seconds
