[2021-02-18 07:37:58,667] {scheduler_job.py:182} INFO - Started process (PID=38) to work on /home/airflow/.local/lib/python3.6/site-packages/airflow/example_dags/example_bash_operator.py
[2021-02-18 07:37:58,668] {scheduler_job.py:629} INFO - Processing file /home/airflow/.local/lib/python3.6/site-packages/airflow/example_dags/example_bash_operator.py for tasks to queue
[2021-02-18 07:37:58,668] {logging_mixin.py:104} INFO - [2021-02-18 07:37:58,668] {dagbag.py:448} INFO - Filling up the DagBag from /home/airflow/.local/lib/python3.6/site-packages/airflow/example_dags/example_bash_operator.py
[2021-02-18 07:37:58,680] {scheduler_job.py:639} INFO - DAG(s) dict_keys(['example_bash_operator']) retrieved from /home/airflow/.local/lib/python3.6/site-packages/airflow/example_dags/example_bash_operator.py
[2021-02-18 07:37:58,699] {logging_mixin.py:104} INFO - [2021-02-18 07:37:58,699] {dag.py:1818} INFO - Sync 1 DAGs
[2021-02-18 07:37:58,707] {logging_mixin.py:104} INFO - [2021-02-18 07:37:58,707] {dag.py:1837} INFO - Creating ORM DAG for example_bash_operator
[2021-02-18 07:37:58,717] {logging_mixin.py:104} INFO - [2021-02-18 07:37:58,717] {dag.py:2273} INFO - Setting next_dagrun for example_bash_operator to 2021-02-16 00:00:00+00:00
[2021-02-18 07:37:58,728] {scheduler_job.py:190} INFO - Processing /home/airflow/.local/lib/python3.6/site-packages/airflow/example_dags/example_bash_operator.py took 0.064 seconds
[2021-02-18 07:38:28,803] {scheduler_job.py:182} INFO - Started process (PID=62) to work on /home/airflow/.local/lib/python3.6/site-packages/airflow/example_dags/example_bash_operator.py
[2021-02-18 07:38:28,804] {scheduler_job.py:629} INFO - Processing file /home/airflow/.local/lib/python3.6/site-packages/airflow/example_dags/example_bash_operator.py for tasks to queue
[2021-02-18 07:38:28,805] {logging_mixin.py:104} INFO - [2021-02-18 07:38:28,805] {dagbag.py:448} INFO - Filling up the DagBag from /home/airflow/.local/lib/python3.6/site-packages/airflow/example_dags/example_bash_operator.py
[2021-02-18 07:38:28,814] {scheduler_job.py:639} INFO - DAG(s) dict_keys(['example_bash_operator']) retrieved from /home/airflow/.local/lib/python3.6/site-packages/airflow/example_dags/example_bash_operator.py
[2021-02-18 07:38:28,841] {logging_mixin.py:104} INFO - [2021-02-18 07:38:28,841] {dag.py:1818} INFO - Sync 1 DAGs
[2021-02-18 07:38:28,858] {logging_mixin.py:104} INFO - [2021-02-18 07:38:28,858] {dag.py:2273} INFO - Setting next_dagrun for example_bash_operator to 2021-02-16 00:00:00+00:00
[2021-02-18 07:38:28,867] {scheduler_job.py:190} INFO - Processing /home/airflow/.local/lib/python3.6/site-packages/airflow/example_dags/example_bash_operator.py took 0.069 seconds
[2021-02-18 07:38:58,986] {scheduler_job.py:182} INFO - Started process (PID=88) to work on /home/airflow/.local/lib/python3.6/site-packages/airflow/example_dags/example_bash_operator.py
[2021-02-18 07:38:58,987] {scheduler_job.py:629} INFO - Processing file /home/airflow/.local/lib/python3.6/site-packages/airflow/example_dags/example_bash_operator.py for tasks to queue
[2021-02-18 07:38:58,987] {logging_mixin.py:104} INFO - [2021-02-18 07:38:58,987] {dagbag.py:448} INFO - Filling up the DagBag from /home/airflow/.local/lib/python3.6/site-packages/airflow/example_dags/example_bash_operator.py
[2021-02-18 07:38:58,996] {scheduler_job.py:639} INFO - DAG(s) dict_keys(['example_bash_operator']) retrieved from /home/airflow/.local/lib/python3.6/site-packages/airflow/example_dags/example_bash_operator.py
[2021-02-18 07:38:59,018] {logging_mixin.py:104} INFO - [2021-02-18 07:38:59,018] {dag.py:1818} INFO - Sync 1 DAGs
[2021-02-18 07:38:59,043] {logging_mixin.py:104} INFO - [2021-02-18 07:38:59,042] {dag.py:2273} INFO - Setting next_dagrun for example_bash_operator to 2021-02-16 00:00:00+00:00
[2021-02-18 07:38:59,052] {scheduler_job.py:190} INFO - Processing /home/airflow/.local/lib/python3.6/site-packages/airflow/example_dags/example_bash_operator.py took 0.071 seconds
[2021-02-18 07:39:29,159] {scheduler_job.py:182} INFO - Started process (PID=114) to work on /home/airflow/.local/lib/python3.6/site-packages/airflow/example_dags/example_bash_operator.py
[2021-02-18 07:39:29,160] {scheduler_job.py:629} INFO - Processing file /home/airflow/.local/lib/python3.6/site-packages/airflow/example_dags/example_bash_operator.py for tasks to queue
[2021-02-18 07:39:29,161] {logging_mixin.py:104} INFO - [2021-02-18 07:39:29,161] {dagbag.py:448} INFO - Filling up the DagBag from /home/airflow/.local/lib/python3.6/site-packages/airflow/example_dags/example_bash_operator.py
[2021-02-18 07:39:29,170] {scheduler_job.py:639} INFO - DAG(s) dict_keys(['example_bash_operator']) retrieved from /home/airflow/.local/lib/python3.6/site-packages/airflow/example_dags/example_bash_operator.py
[2021-02-18 07:39:29,188] {logging_mixin.py:104} INFO - [2021-02-18 07:39:29,188] {dag.py:1818} INFO - Sync 1 DAGs
[2021-02-18 07:39:29,209] {logging_mixin.py:104} INFO - [2021-02-18 07:39:29,209] {dag.py:2273} INFO - Setting next_dagrun for example_bash_operator to 2021-02-16 00:00:00+00:00
[2021-02-18 07:39:29,216] {scheduler_job.py:190} INFO - Processing /home/airflow/.local/lib/python3.6/site-packages/airflow/example_dags/example_bash_operator.py took 0.061 seconds
[2021-02-18 07:39:59,422] {scheduler_job.py:182} INFO - Started process (PID=140) to work on /home/airflow/.local/lib/python3.6/site-packages/airflow/example_dags/example_bash_operator.py
[2021-02-18 07:39:59,423] {scheduler_job.py:629} INFO - Processing file /home/airflow/.local/lib/python3.6/site-packages/airflow/example_dags/example_bash_operator.py for tasks to queue
[2021-02-18 07:39:59,424] {logging_mixin.py:104} INFO - [2021-02-18 07:39:59,424] {dagbag.py:448} INFO - Filling up the DagBag from /home/airflow/.local/lib/python3.6/site-packages/airflow/example_dags/example_bash_operator.py
[2021-02-18 07:39:59,433] {scheduler_job.py:639} INFO - DAG(s) dict_keys(['example_bash_operator']) retrieved from /home/airflow/.local/lib/python3.6/site-packages/airflow/example_dags/example_bash_operator.py
[2021-02-18 07:39:59,453] {logging_mixin.py:104} INFO - [2021-02-18 07:39:59,453] {dag.py:1818} INFO - Sync 1 DAGs
[2021-02-18 07:39:59,477] {logging_mixin.py:104} INFO - [2021-02-18 07:39:59,477] {dag.py:2273} INFO - Setting next_dagrun for example_bash_operator to 2021-02-16 00:00:00+00:00
[2021-02-18 07:39:59,488] {scheduler_job.py:190} INFO - Processing /home/airflow/.local/lib/python3.6/site-packages/airflow/example_dags/example_bash_operator.py took 0.070 seconds
[2021-02-18 07:40:29,843] {scheduler_job.py:182} INFO - Started process (PID=169) to work on /home/airflow/.local/lib/python3.6/site-packages/airflow/example_dags/example_bash_operator.py
[2021-02-18 07:40:29,846] {scheduler_job.py:629} INFO - Processing file /home/airflow/.local/lib/python3.6/site-packages/airflow/example_dags/example_bash_operator.py for tasks to queue
[2021-02-18 07:40:29,847] {logging_mixin.py:104} INFO - [2021-02-18 07:40:29,846] {dagbag.py:448} INFO - Filling up the DagBag from /home/airflow/.local/lib/python3.6/site-packages/airflow/example_dags/example_bash_operator.py
[2021-02-18 07:40:29,856] {scheduler_job.py:639} INFO - DAG(s) dict_keys(['example_bash_operator']) retrieved from /home/airflow/.local/lib/python3.6/site-packages/airflow/example_dags/example_bash_operator.py
[2021-02-18 07:40:29,880] {logging_mixin.py:104} INFO - [2021-02-18 07:40:29,880] {dag.py:1818} INFO - Sync 1 DAGs
[2021-02-18 07:40:29,902] {logging_mixin.py:104} INFO - [2021-02-18 07:40:29,902] {dag.py:2273} INFO - Setting next_dagrun for example_bash_operator to 2021-02-16 00:00:00+00:00
[2021-02-18 07:40:29,910] {scheduler_job.py:190} INFO - Processing /home/airflow/.local/lib/python3.6/site-packages/airflow/example_dags/example_bash_operator.py took 0.072 seconds
[2021-02-18 07:40:59,944] {scheduler_job.py:182} INFO - Started process (PID=194) to work on /home/airflow/.local/lib/python3.6/site-packages/airflow/example_dags/example_bash_operator.py
[2021-02-18 07:40:59,945] {scheduler_job.py:629} INFO - Processing file /home/airflow/.local/lib/python3.6/site-packages/airflow/example_dags/example_bash_operator.py for tasks to queue
[2021-02-18 07:40:59,945] {logging_mixin.py:104} INFO - [2021-02-18 07:40:59,945] {dagbag.py:448} INFO - Filling up the DagBag from /home/airflow/.local/lib/python3.6/site-packages/airflow/example_dags/example_bash_operator.py
[2021-02-18 07:40:59,956] {scheduler_job.py:639} INFO - DAG(s) dict_keys(['example_bash_operator']) retrieved from /home/airflow/.local/lib/python3.6/site-packages/airflow/example_dags/example_bash_operator.py
[2021-02-18 07:40:59,980] {logging_mixin.py:104} INFO - [2021-02-18 07:40:59,979] {dag.py:1818} INFO - Sync 1 DAGs
[2021-02-18 07:41:00,000] {logging_mixin.py:104} INFO - [2021-02-18 07:40:59,999] {dag.py:2273} INFO - Setting next_dagrun for example_bash_operator to 2021-02-16 00:00:00+00:00
[2021-02-18 07:41:00,007] {scheduler_job.py:190} INFO - Processing /home/airflow/.local/lib/python3.6/site-packages/airflow/example_dags/example_bash_operator.py took 0.066 seconds
[2021-02-18 07:41:30,075] {scheduler_job.py:182} INFO - Started process (PID=220) to work on /home/airflow/.local/lib/python3.6/site-packages/airflow/example_dags/example_bash_operator.py
[2021-02-18 07:41:30,076] {scheduler_job.py:629} INFO - Processing file /home/airflow/.local/lib/python3.6/site-packages/airflow/example_dags/example_bash_operator.py for tasks to queue
[2021-02-18 07:41:30,076] {logging_mixin.py:104} INFO - [2021-02-18 07:41:30,076] {dagbag.py:448} INFO - Filling up the DagBag from /home/airflow/.local/lib/python3.6/site-packages/airflow/example_dags/example_bash_operator.py
[2021-02-18 07:41:30,088] {scheduler_job.py:639} INFO - DAG(s) dict_keys(['example_bash_operator']) retrieved from /home/airflow/.local/lib/python3.6/site-packages/airflow/example_dags/example_bash_operator.py
[2021-02-18 07:41:30,108] {logging_mixin.py:104} INFO - [2021-02-18 07:41:30,108] {dag.py:1818} INFO - Sync 1 DAGs
[2021-02-18 07:41:30,128] {logging_mixin.py:104} INFO - [2021-02-18 07:41:30,128] {dag.py:2273} INFO - Setting next_dagrun for example_bash_operator to 2021-02-16 00:00:00+00:00
[2021-02-18 07:41:30,135] {scheduler_job.py:190} INFO - Processing /home/airflow/.local/lib/python3.6/site-packages/airflow/example_dags/example_bash_operator.py took 0.065 seconds
[2021-02-18 07:42:01,110] {scheduler_job.py:182} INFO - Started process (PID=246) to work on /home/airflow/.local/lib/python3.6/site-packages/airflow/example_dags/example_bash_operator.py
[2021-02-18 07:42:01,111] {scheduler_job.py:629} INFO - Processing file /home/airflow/.local/lib/python3.6/site-packages/airflow/example_dags/example_bash_operator.py for tasks to queue
[2021-02-18 07:42:01,112] {logging_mixin.py:104} INFO - [2021-02-18 07:42:01,112] {dagbag.py:448} INFO - Filling up the DagBag from /home/airflow/.local/lib/python3.6/site-packages/airflow/example_dags/example_bash_operator.py
[2021-02-18 07:42:01,123] {scheduler_job.py:639} INFO - DAG(s) dict_keys(['example_bash_operator']) retrieved from /home/airflow/.local/lib/python3.6/site-packages/airflow/example_dags/example_bash_operator.py
[2021-02-18 07:42:01,146] {logging_mixin.py:104} INFO - [2021-02-18 07:42:01,146] {dag.py:1818} INFO - Sync 1 DAGs
[2021-02-18 07:42:01,170] {logging_mixin.py:104} INFO - [2021-02-18 07:42:01,170] {dag.py:2273} INFO - Setting next_dagrun for example_bash_operator to 2021-02-16 00:00:00+00:00
[2021-02-18 07:42:01,179] {scheduler_job.py:190} INFO - Processing /home/airflow/.local/lib/python3.6/site-packages/airflow/example_dags/example_bash_operator.py took 0.072 seconds
[2021-02-18 07:42:31,198] {scheduler_job.py:182} INFO - Started process (PID=272) to work on /home/airflow/.local/lib/python3.6/site-packages/airflow/example_dags/example_bash_operator.py
[2021-02-18 07:42:31,200] {scheduler_job.py:629} INFO - Processing file /home/airflow/.local/lib/python3.6/site-packages/airflow/example_dags/example_bash_operator.py for tasks to queue
[2021-02-18 07:42:31,201] {logging_mixin.py:104} INFO - [2021-02-18 07:42:31,201] {dagbag.py:448} INFO - Filling up the DagBag from /home/airflow/.local/lib/python3.6/site-packages/airflow/example_dags/example_bash_operator.py
[2021-02-18 07:42:31,211] {scheduler_job.py:639} INFO - DAG(s) dict_keys(['example_bash_operator']) retrieved from /home/airflow/.local/lib/python3.6/site-packages/airflow/example_dags/example_bash_operator.py
[2021-02-18 07:42:31,235] {logging_mixin.py:104} INFO - [2021-02-18 07:42:31,235] {dag.py:1818} INFO - Sync 1 DAGs
[2021-02-18 07:42:31,258] {logging_mixin.py:104} INFO - [2021-02-18 07:42:31,258] {dag.py:2273} INFO - Setting next_dagrun for example_bash_operator to 2021-02-16 00:00:00+00:00
[2021-02-18 07:42:31,268] {scheduler_job.py:190} INFO - Processing /home/airflow/.local/lib/python3.6/site-packages/airflow/example_dags/example_bash_operator.py took 0.074 seconds
[2021-02-18 07:43:01,424] {scheduler_job.py:182} INFO - Started process (PID=299) to work on /home/airflow/.local/lib/python3.6/site-packages/airflow/example_dags/example_bash_operator.py
[2021-02-18 07:43:01,426] {scheduler_job.py:629} INFO - Processing file /home/airflow/.local/lib/python3.6/site-packages/airflow/example_dags/example_bash_operator.py for tasks to queue
[2021-02-18 07:43:01,427] {logging_mixin.py:104} INFO - [2021-02-18 07:43:01,427] {dagbag.py:448} INFO - Filling up the DagBag from /home/airflow/.local/lib/python3.6/site-packages/airflow/example_dags/example_bash_operator.py
[2021-02-18 07:43:01,440] {scheduler_job.py:639} INFO - DAG(s) dict_keys(['example_bash_operator']) retrieved from /home/airflow/.local/lib/python3.6/site-packages/airflow/example_dags/example_bash_operator.py
[2021-02-18 07:43:01,464] {logging_mixin.py:104} INFO - [2021-02-18 07:43:01,464] {dag.py:1818} INFO - Sync 1 DAGs
[2021-02-18 07:43:01,487] {logging_mixin.py:104} INFO - [2021-02-18 07:43:01,487] {dag.py:2273} INFO - Setting next_dagrun for example_bash_operator to 2021-02-16 00:00:00+00:00
[2021-02-18 07:43:01,495] {scheduler_job.py:190} INFO - Processing /home/airflow/.local/lib/python3.6/site-packages/airflow/example_dags/example_bash_operator.py took 0.075 seconds
[2021-02-18 07:43:31,681] {scheduler_job.py:182} INFO - Started process (PID=324) to work on /home/airflow/.local/lib/python3.6/site-packages/airflow/example_dags/example_bash_operator.py
[2021-02-18 07:43:31,682] {scheduler_job.py:629} INFO - Processing file /home/airflow/.local/lib/python3.6/site-packages/airflow/example_dags/example_bash_operator.py for tasks to queue
[2021-02-18 07:43:31,682] {logging_mixin.py:104} INFO - [2021-02-18 07:43:31,682] {dagbag.py:448} INFO - Filling up the DagBag from /home/airflow/.local/lib/python3.6/site-packages/airflow/example_dags/example_bash_operator.py
[2021-02-18 07:43:31,696] {scheduler_job.py:639} INFO - DAG(s) dict_keys(['example_bash_operator']) retrieved from /home/airflow/.local/lib/python3.6/site-packages/airflow/example_dags/example_bash_operator.py
[2021-02-18 07:43:31,717] {logging_mixin.py:104} INFO - [2021-02-18 07:43:31,717] {dag.py:1818} INFO - Sync 1 DAGs
[2021-02-18 07:43:31,738] {logging_mixin.py:104} INFO - [2021-02-18 07:43:31,737] {dag.py:2273} INFO - Setting next_dagrun for example_bash_operator to 2021-02-16 00:00:00+00:00
[2021-02-18 07:43:31,747] {scheduler_job.py:190} INFO - Processing /home/airflow/.local/lib/python3.6/site-packages/airflow/example_dags/example_bash_operator.py took 0.067 seconds
[2021-02-18 07:44:01,769] {scheduler_job.py:182} INFO - Started process (PID=350) to work on /home/airflow/.local/lib/python3.6/site-packages/airflow/example_dags/example_bash_operator.py
[2021-02-18 07:44:01,770] {scheduler_job.py:629} INFO - Processing file /home/airflow/.local/lib/python3.6/site-packages/airflow/example_dags/example_bash_operator.py for tasks to queue
[2021-02-18 07:44:01,770] {logging_mixin.py:104} INFO - [2021-02-18 07:44:01,770] {dagbag.py:448} INFO - Filling up the DagBag from /home/airflow/.local/lib/python3.6/site-packages/airflow/example_dags/example_bash_operator.py
[2021-02-18 07:44:01,780] {scheduler_job.py:639} INFO - DAG(s) dict_keys(['example_bash_operator']) retrieved from /home/airflow/.local/lib/python3.6/site-packages/airflow/example_dags/example_bash_operator.py
[2021-02-18 07:44:01,801] {logging_mixin.py:104} INFO - [2021-02-18 07:44:01,801] {dag.py:1818} INFO - Sync 1 DAGs
[2021-02-18 07:44:01,825] {logging_mixin.py:104} INFO - [2021-02-18 07:44:01,825] {dag.py:2273} INFO - Setting next_dagrun for example_bash_operator to 2021-02-16 00:00:00+00:00
[2021-02-18 07:44:01,835] {scheduler_job.py:190} INFO - Processing /home/airflow/.local/lib/python3.6/site-packages/airflow/example_dags/example_bash_operator.py took 0.068 seconds
[2021-02-18 07:44:31,956] {scheduler_job.py:182} INFO - Started process (PID=376) to work on /home/airflow/.local/lib/python3.6/site-packages/airflow/example_dags/example_bash_operator.py
[2021-02-18 07:44:31,958] {scheduler_job.py:629} INFO - Processing file /home/airflow/.local/lib/python3.6/site-packages/airflow/example_dags/example_bash_operator.py for tasks to queue
[2021-02-18 07:44:31,959] {logging_mixin.py:104} INFO - [2021-02-18 07:44:31,958] {dagbag.py:448} INFO - Filling up the DagBag from /home/airflow/.local/lib/python3.6/site-packages/airflow/example_dags/example_bash_operator.py
[2021-02-18 07:44:31,967] {scheduler_job.py:639} INFO - DAG(s) dict_keys(['example_bash_operator']) retrieved from /home/airflow/.local/lib/python3.6/site-packages/airflow/example_dags/example_bash_operator.py
[2021-02-18 07:44:31,989] {logging_mixin.py:104} INFO - [2021-02-18 07:44:31,989] {dag.py:1818} INFO - Sync 1 DAGs
[2021-02-18 07:44:32,008] {logging_mixin.py:104} INFO - [2021-02-18 07:44:32,008] {dag.py:2273} INFO - Setting next_dagrun for example_bash_operator to 2021-02-16 00:00:00+00:00
[2021-02-18 07:44:32,017] {scheduler_job.py:190} INFO - Processing /home/airflow/.local/lib/python3.6/site-packages/airflow/example_dags/example_bash_operator.py took 0.065 seconds
[2021-02-18 07:45:02,060] {scheduler_job.py:182} INFO - Started process (PID=400) to work on /home/airflow/.local/lib/python3.6/site-packages/airflow/example_dags/example_bash_operator.py
[2021-02-18 07:45:02,061] {scheduler_job.py:629} INFO - Processing file /home/airflow/.local/lib/python3.6/site-packages/airflow/example_dags/example_bash_operator.py for tasks to queue
[2021-02-18 07:45:02,062] {logging_mixin.py:104} INFO - [2021-02-18 07:45:02,062] {dagbag.py:448} INFO - Filling up the DagBag from /home/airflow/.local/lib/python3.6/site-packages/airflow/example_dags/example_bash_operator.py
[2021-02-18 07:45:02,073] {scheduler_job.py:639} INFO - DAG(s) dict_keys(['example_bash_operator']) retrieved from /home/airflow/.local/lib/python3.6/site-packages/airflow/example_dags/example_bash_operator.py
[2021-02-18 07:45:02,092] {logging_mixin.py:104} INFO - [2021-02-18 07:45:02,092] {dag.py:1818} INFO - Sync 1 DAGs
[2021-02-18 07:45:02,111] {logging_mixin.py:104} INFO - [2021-02-18 07:45:02,111] {dag.py:2273} INFO - Setting next_dagrun for example_bash_operator to 2021-02-16 00:00:00+00:00
[2021-02-18 07:45:02,118] {scheduler_job.py:190} INFO - Processing /home/airflow/.local/lib/python3.6/site-packages/airflow/example_dags/example_bash_operator.py took 0.062 seconds
[2021-02-18 07:45:32,261] {scheduler_job.py:182} INFO - Started process (PID=426) to work on /home/airflow/.local/lib/python3.6/site-packages/airflow/example_dags/example_bash_operator.py
[2021-02-18 07:45:32,262] {scheduler_job.py:629} INFO - Processing file /home/airflow/.local/lib/python3.6/site-packages/airflow/example_dags/example_bash_operator.py for tasks to queue
[2021-02-18 07:45:32,263] {logging_mixin.py:104} INFO - [2021-02-18 07:45:32,263] {dagbag.py:448} INFO - Filling up the DagBag from /home/airflow/.local/lib/python3.6/site-packages/airflow/example_dags/example_bash_operator.py
[2021-02-18 07:45:32,273] {scheduler_job.py:639} INFO - DAG(s) dict_keys(['example_bash_operator']) retrieved from /home/airflow/.local/lib/python3.6/site-packages/airflow/example_dags/example_bash_operator.py
[2021-02-18 07:45:32,293] {logging_mixin.py:104} INFO - [2021-02-18 07:45:32,292] {dag.py:1818} INFO - Sync 1 DAGs
[2021-02-18 07:45:32,311] {logging_mixin.py:104} INFO - [2021-02-18 07:45:32,311] {dag.py:2273} INFO - Setting next_dagrun for example_bash_operator to 2021-02-16 00:00:00+00:00
[2021-02-18 07:45:32,317] {scheduler_job.py:190} INFO - Processing /home/airflow/.local/lib/python3.6/site-packages/airflow/example_dags/example_bash_operator.py took 0.059 seconds
[2021-02-18 07:46:02,455] {scheduler_job.py:182} INFO - Started process (PID=452) to work on /home/airflow/.local/lib/python3.6/site-packages/airflow/example_dags/example_bash_operator.py
[2021-02-18 07:46:02,456] {scheduler_job.py:629} INFO - Processing file /home/airflow/.local/lib/python3.6/site-packages/airflow/example_dags/example_bash_operator.py for tasks to queue
[2021-02-18 07:46:02,457] {logging_mixin.py:104} INFO - [2021-02-18 07:46:02,457] {dagbag.py:448} INFO - Filling up the DagBag from /home/airflow/.local/lib/python3.6/site-packages/airflow/example_dags/example_bash_operator.py
[2021-02-18 07:46:02,470] {scheduler_job.py:639} INFO - DAG(s) dict_keys(['example_bash_operator']) retrieved from /home/airflow/.local/lib/python3.6/site-packages/airflow/example_dags/example_bash_operator.py
[2021-02-18 07:46:02,490] {logging_mixin.py:104} INFO - [2021-02-18 07:46:02,490] {dag.py:1818} INFO - Sync 1 DAGs
[2021-02-18 07:46:02,515] {logging_mixin.py:104} INFO - [2021-02-18 07:46:02,515] {dag.py:2273} INFO - Setting next_dagrun for example_bash_operator to 2021-02-16 00:00:00+00:00
[2021-02-18 07:46:02,523] {scheduler_job.py:190} INFO - Processing /home/airflow/.local/lib/python3.6/site-packages/airflow/example_dags/example_bash_operator.py took 0.070 seconds
[2021-02-18 07:46:32,832] {scheduler_job.py:182} INFO - Started process (PID=481) to work on /home/airflow/.local/lib/python3.6/site-packages/airflow/example_dags/example_bash_operator.py
[2021-02-18 07:46:32,833] {scheduler_job.py:629} INFO - Processing file /home/airflow/.local/lib/python3.6/site-packages/airflow/example_dags/example_bash_operator.py for tasks to queue
[2021-02-18 07:46:32,834] {logging_mixin.py:104} INFO - [2021-02-18 07:46:32,834] {dagbag.py:448} INFO - Filling up the DagBag from /home/airflow/.local/lib/python3.6/site-packages/airflow/example_dags/example_bash_operator.py
[2021-02-18 07:46:32,845] {scheduler_job.py:639} INFO - DAG(s) dict_keys(['example_bash_operator']) retrieved from /home/airflow/.local/lib/python3.6/site-packages/airflow/example_dags/example_bash_operator.py
[2021-02-18 07:46:32,861] {logging_mixin.py:104} INFO - [2021-02-18 07:46:32,861] {dag.py:1818} INFO - Sync 1 DAGs
[2021-02-18 07:46:32,885] {logging_mixin.py:104} INFO - [2021-02-18 07:46:32,885] {dag.py:2273} INFO - Setting next_dagrun for example_bash_operator to 2021-02-16 00:00:00+00:00
[2021-02-18 07:46:32,892] {scheduler_job.py:190} INFO - Processing /home/airflow/.local/lib/python3.6/site-packages/airflow/example_dags/example_bash_operator.py took 0.064 seconds
[2021-02-18 07:47:02,927] {scheduler_job.py:182} INFO - Started process (PID=506) to work on /home/airflow/.local/lib/python3.6/site-packages/airflow/example_dags/example_bash_operator.py
[2021-02-18 07:47:02,929] {scheduler_job.py:629} INFO - Processing file /home/airflow/.local/lib/python3.6/site-packages/airflow/example_dags/example_bash_operator.py for tasks to queue
[2021-02-18 07:47:02,930] {logging_mixin.py:104} INFO - [2021-02-18 07:47:02,930] {dagbag.py:448} INFO - Filling up the DagBag from /home/airflow/.local/lib/python3.6/site-packages/airflow/example_dags/example_bash_operator.py
[2021-02-18 07:47:02,939] {scheduler_job.py:639} INFO - DAG(s) dict_keys(['example_bash_operator']) retrieved from /home/airflow/.local/lib/python3.6/site-packages/airflow/example_dags/example_bash_operator.py
[2021-02-18 07:47:02,960] {logging_mixin.py:104} INFO - [2021-02-18 07:47:02,960] {dag.py:1818} INFO - Sync 1 DAGs
[2021-02-18 07:47:02,983] {logging_mixin.py:104} INFO - [2021-02-18 07:47:02,983] {dag.py:2273} INFO - Setting next_dagrun for example_bash_operator to 2021-02-16 00:00:00+00:00
[2021-02-18 07:47:02,991] {scheduler_job.py:190} INFO - Processing /home/airflow/.local/lib/python3.6/site-packages/airflow/example_dags/example_bash_operator.py took 0.068 seconds
[2021-02-18 07:47:33,040] {scheduler_job.py:182} INFO - Started process (PID=532) to work on /home/airflow/.local/lib/python3.6/site-packages/airflow/example_dags/example_bash_operator.py
[2021-02-18 07:47:33,041] {scheduler_job.py:629} INFO - Processing file /home/airflow/.local/lib/python3.6/site-packages/airflow/example_dags/example_bash_operator.py for tasks to queue
[2021-02-18 07:47:33,041] {logging_mixin.py:104} INFO - [2021-02-18 07:47:33,041] {dagbag.py:448} INFO - Filling up the DagBag from /home/airflow/.local/lib/python3.6/site-packages/airflow/example_dags/example_bash_operator.py
[2021-02-18 07:47:33,053] {scheduler_job.py:639} INFO - DAG(s) dict_keys(['example_bash_operator']) retrieved from /home/airflow/.local/lib/python3.6/site-packages/airflow/example_dags/example_bash_operator.py
[2021-02-18 07:47:33,073] {logging_mixin.py:104} INFO - [2021-02-18 07:47:33,073] {dag.py:1818} INFO - Sync 1 DAGs
[2021-02-18 07:47:33,096] {logging_mixin.py:104} INFO - [2021-02-18 07:47:33,096] {dag.py:2273} INFO - Setting next_dagrun for example_bash_operator to 2021-02-16 00:00:00+00:00
[2021-02-18 07:47:33,107] {scheduler_job.py:190} INFO - Processing /home/airflow/.local/lib/python3.6/site-packages/airflow/example_dags/example_bash_operator.py took 0.068 seconds
[2021-02-18 07:48:03,171] {scheduler_job.py:182} INFO - Started process (PID=558) to work on /home/airflow/.local/lib/python3.6/site-packages/airflow/example_dags/example_bash_operator.py
[2021-02-18 07:48:03,172] {scheduler_job.py:629} INFO - Processing file /home/airflow/.local/lib/python3.6/site-packages/airflow/example_dags/example_bash_operator.py for tasks to queue
[2021-02-18 07:48:03,172] {logging_mixin.py:104} INFO - [2021-02-18 07:48:03,172] {dagbag.py:448} INFO - Filling up the DagBag from /home/airflow/.local/lib/python3.6/site-packages/airflow/example_dags/example_bash_operator.py
[2021-02-18 07:48:03,184] {scheduler_job.py:639} INFO - DAG(s) dict_keys(['example_bash_operator']) retrieved from /home/airflow/.local/lib/python3.6/site-packages/airflow/example_dags/example_bash_operator.py
[2021-02-18 07:48:03,205] {logging_mixin.py:104} INFO - [2021-02-18 07:48:03,205] {dag.py:1818} INFO - Sync 1 DAGs
[2021-02-18 07:48:03,223] {logging_mixin.py:104} INFO - [2021-02-18 07:48:03,223] {dag.py:2273} INFO - Setting next_dagrun for example_bash_operator to 2021-02-16 00:00:00+00:00
[2021-02-18 07:48:03,231] {scheduler_job.py:190} INFO - Processing /home/airflow/.local/lib/python3.6/site-packages/airflow/example_dags/example_bash_operator.py took 0.064 seconds
[2021-02-18 07:48:33,331] {scheduler_job.py:182} INFO - Started process (PID=584) to work on /home/airflow/.local/lib/python3.6/site-packages/airflow/example_dags/example_bash_operator.py
[2021-02-18 07:48:33,333] {scheduler_job.py:629} INFO - Processing file /home/airflow/.local/lib/python3.6/site-packages/airflow/example_dags/example_bash_operator.py for tasks to queue
[2021-02-18 07:48:33,333] {logging_mixin.py:104} INFO - [2021-02-18 07:48:33,333] {dagbag.py:448} INFO - Filling up the DagBag from /home/airflow/.local/lib/python3.6/site-packages/airflow/example_dags/example_bash_operator.py
[2021-02-18 07:48:33,345] {scheduler_job.py:639} INFO - DAG(s) dict_keys(['example_bash_operator']) retrieved from /home/airflow/.local/lib/python3.6/site-packages/airflow/example_dags/example_bash_operator.py
[2021-02-18 07:48:33,366] {logging_mixin.py:104} INFO - [2021-02-18 07:48:33,366] {dag.py:1818} INFO - Sync 1 DAGs
[2021-02-18 07:48:33,384] {logging_mixin.py:104} INFO - [2021-02-18 07:48:33,384] {dag.py:2273} INFO - Setting next_dagrun for example_bash_operator to 2021-02-16 00:00:00+00:00
[2021-02-18 07:48:33,391] {scheduler_job.py:190} INFO - Processing /home/airflow/.local/lib/python3.6/site-packages/airflow/example_dags/example_bash_operator.py took 0.062 seconds
[2021-02-18 07:49:03,448] {scheduler_job.py:182} INFO - Started process (PID=610) to work on /home/airflow/.local/lib/python3.6/site-packages/airflow/example_dags/example_bash_operator.py
[2021-02-18 07:49:03,450] {scheduler_job.py:629} INFO - Processing file /home/airflow/.local/lib/python3.6/site-packages/airflow/example_dags/example_bash_operator.py for tasks to queue
[2021-02-18 07:49:03,451] {logging_mixin.py:104} INFO - [2021-02-18 07:49:03,450] {dagbag.py:448} INFO - Filling up the DagBag from /home/airflow/.local/lib/python3.6/site-packages/airflow/example_dags/example_bash_operator.py
[2021-02-18 07:49:03,460] {scheduler_job.py:639} INFO - DAG(s) dict_keys(['example_bash_operator']) retrieved from /home/airflow/.local/lib/python3.6/site-packages/airflow/example_dags/example_bash_operator.py
[2021-02-18 07:49:03,482] {logging_mixin.py:104} INFO - [2021-02-18 07:49:03,482] {dag.py:1818} INFO - Sync 1 DAGs
[2021-02-18 07:49:03,500] {logging_mixin.py:104} INFO - [2021-02-18 07:49:03,500] {dag.py:2273} INFO - Setting next_dagrun for example_bash_operator to 2021-02-16 00:00:00+00:00
[2021-02-18 07:49:03,507] {scheduler_job.py:190} INFO - Processing /home/airflow/.local/lib/python3.6/site-packages/airflow/example_dags/example_bash_operator.py took 0.064 seconds
[2021-02-18 07:49:33,548] {scheduler_job.py:182} INFO - Started process (PID=636) to work on /home/airflow/.local/lib/python3.6/site-packages/airflow/example_dags/example_bash_operator.py
[2021-02-18 07:49:33,549] {scheduler_job.py:629} INFO - Processing file /home/airflow/.local/lib/python3.6/site-packages/airflow/example_dags/example_bash_operator.py for tasks to queue
[2021-02-18 07:49:33,549] {logging_mixin.py:104} INFO - [2021-02-18 07:49:33,549] {dagbag.py:448} INFO - Filling up the DagBag from /home/airflow/.local/lib/python3.6/site-packages/airflow/example_dags/example_bash_operator.py
[2021-02-18 07:49:33,560] {scheduler_job.py:639} INFO - DAG(s) dict_keys(['example_bash_operator']) retrieved from /home/airflow/.local/lib/python3.6/site-packages/airflow/example_dags/example_bash_operator.py
[2021-02-18 07:49:33,587] {logging_mixin.py:104} INFO - [2021-02-18 07:49:33,587] {dag.py:1818} INFO - Sync 1 DAGs
[2021-02-18 07:49:33,608] {logging_mixin.py:104} INFO - [2021-02-18 07:49:33,608] {dag.py:2273} INFO - Setting next_dagrun for example_bash_operator to 2021-02-16 00:00:00+00:00
[2021-02-18 07:49:33,616] {scheduler_job.py:190} INFO - Processing /home/airflow/.local/lib/python3.6/site-packages/airflow/example_dags/example_bash_operator.py took 0.071 seconds
[2021-02-18 07:50:03,712] {scheduler_job.py:182} INFO - Started process (PID=662) to work on /home/airflow/.local/lib/python3.6/site-packages/airflow/example_dags/example_bash_operator.py
[2021-02-18 07:50:03,713] {scheduler_job.py:629} INFO - Processing file /home/airflow/.local/lib/python3.6/site-packages/airflow/example_dags/example_bash_operator.py for tasks to queue
[2021-02-18 07:50:03,714] {logging_mixin.py:104} INFO - [2021-02-18 07:50:03,714] {dagbag.py:448} INFO - Filling up the DagBag from /home/airflow/.local/lib/python3.6/site-packages/airflow/example_dags/example_bash_operator.py
[2021-02-18 07:50:03,729] {scheduler_job.py:639} INFO - DAG(s) dict_keys(['example_bash_operator']) retrieved from /home/airflow/.local/lib/python3.6/site-packages/airflow/example_dags/example_bash_operator.py
[2021-02-18 07:50:03,754] {logging_mixin.py:104} INFO - [2021-02-18 07:50:03,753] {dag.py:1818} INFO - Sync 1 DAGs
[2021-02-18 07:50:03,775] {logging_mixin.py:104} INFO - [2021-02-18 07:50:03,775] {dag.py:2273} INFO - Setting next_dagrun for example_bash_operator to 2021-02-16 00:00:00+00:00
[2021-02-18 07:50:03,786] {scheduler_job.py:190} INFO - Processing /home/airflow/.local/lib/python3.6/site-packages/airflow/example_dags/example_bash_operator.py took 0.076 seconds
[2021-02-18 07:50:33,806] {scheduler_job.py:182} INFO - Started process (PID=688) to work on /home/airflow/.local/lib/python3.6/site-packages/airflow/example_dags/example_bash_operator.py
[2021-02-18 07:50:33,807] {scheduler_job.py:629} INFO - Processing file /home/airflow/.local/lib/python3.6/site-packages/airflow/example_dags/example_bash_operator.py for tasks to queue
[2021-02-18 07:50:33,807] {logging_mixin.py:104} INFO - [2021-02-18 07:50:33,807] {dagbag.py:448} INFO - Filling up the DagBag from /home/airflow/.local/lib/python3.6/site-packages/airflow/example_dags/example_bash_operator.py
[2021-02-18 07:50:33,817] {scheduler_job.py:639} INFO - DAG(s) dict_keys(['example_bash_operator']) retrieved from /home/airflow/.local/lib/python3.6/site-packages/airflow/example_dags/example_bash_operator.py
[2021-02-18 07:50:33,838] {logging_mixin.py:104} INFO - [2021-02-18 07:50:33,838] {dag.py:1818} INFO - Sync 1 DAGs
[2021-02-18 07:50:33,859] {logging_mixin.py:104} INFO - [2021-02-18 07:50:33,859] {dag.py:2273} INFO - Setting next_dagrun for example_bash_operator to 2021-02-16 00:00:00+00:00
[2021-02-18 07:50:33,867] {scheduler_job.py:190} INFO - Processing /home/airflow/.local/lib/python3.6/site-packages/airflow/example_dags/example_bash_operator.py took 0.063 seconds
[2021-02-18 07:51:04,109] {scheduler_job.py:182} INFO - Started process (PID=716) to work on /home/airflow/.local/lib/python3.6/site-packages/airflow/example_dags/example_bash_operator.py
[2021-02-18 07:51:04,110] {scheduler_job.py:629} INFO - Processing file /home/airflow/.local/lib/python3.6/site-packages/airflow/example_dags/example_bash_operator.py for tasks to queue
[2021-02-18 07:51:04,111] {logging_mixin.py:104} INFO - [2021-02-18 07:51:04,111] {dagbag.py:448} INFO - Filling up the DagBag from /home/airflow/.local/lib/python3.6/site-packages/airflow/example_dags/example_bash_operator.py
[2021-02-18 07:51:04,125] {scheduler_job.py:639} INFO - DAG(s) dict_keys(['example_bash_operator']) retrieved from /home/airflow/.local/lib/python3.6/site-packages/airflow/example_dags/example_bash_operator.py
[2021-02-18 07:51:04,144] {logging_mixin.py:104} INFO - [2021-02-18 07:51:04,144] {dag.py:1818} INFO - Sync 1 DAGs
[2021-02-18 07:51:04,163] {logging_mixin.py:104} INFO - [2021-02-18 07:51:04,163] {dag.py:2273} INFO - Setting next_dagrun for example_bash_operator to 2021-02-16 00:00:00+00:00
[2021-02-18 07:51:04,170] {scheduler_job.py:190} INFO - Processing /home/airflow/.local/lib/python3.6/site-packages/airflow/example_dags/example_bash_operator.py took 0.065 seconds
[2021-02-18 07:51:34,268] {scheduler_job.py:182} INFO - Started process (PID=743) to work on /home/airflow/.local/lib/python3.6/site-packages/airflow/example_dags/example_bash_operator.py
[2021-02-18 07:51:34,270] {scheduler_job.py:629} INFO - Processing file /home/airflow/.local/lib/python3.6/site-packages/airflow/example_dags/example_bash_operator.py for tasks to queue
[2021-02-18 07:51:34,271] {logging_mixin.py:104} INFO - [2021-02-18 07:51:34,270] {dagbag.py:448} INFO - Filling up the DagBag from /home/airflow/.local/lib/python3.6/site-packages/airflow/example_dags/example_bash_operator.py
[2021-02-18 07:51:34,280] {scheduler_job.py:639} INFO - DAG(s) dict_keys(['example_bash_operator']) retrieved from /home/airflow/.local/lib/python3.6/site-packages/airflow/example_dags/example_bash_operator.py
[2021-02-18 07:51:34,299] {logging_mixin.py:104} INFO - [2021-02-18 07:51:34,299] {dag.py:1818} INFO - Sync 1 DAGs
[2021-02-18 07:51:34,318] {logging_mixin.py:104} INFO - [2021-02-18 07:51:34,318] {dag.py:2273} INFO - Setting next_dagrun for example_bash_operator to 2021-02-16 00:00:00+00:00
[2021-02-18 07:51:34,327] {scheduler_job.py:190} INFO - Processing /home/airflow/.local/lib/python3.6/site-packages/airflow/example_dags/example_bash_operator.py took 0.064 seconds
[2021-02-18 07:52:04,444] {scheduler_job.py:182} INFO - Started process (PID=768) to work on /home/airflow/.local/lib/python3.6/site-packages/airflow/example_dags/example_bash_operator.py
[2021-02-18 07:52:04,446] {scheduler_job.py:629} INFO - Processing file /home/airflow/.local/lib/python3.6/site-packages/airflow/example_dags/example_bash_operator.py for tasks to queue
[2021-02-18 07:52:04,447] {logging_mixin.py:104} INFO - [2021-02-18 07:52:04,447] {dagbag.py:448} INFO - Filling up the DagBag from /home/airflow/.local/lib/python3.6/site-packages/airflow/example_dags/example_bash_operator.py
[2021-02-18 07:52:04,458] {scheduler_job.py:639} INFO - DAG(s) dict_keys(['example_bash_operator']) retrieved from /home/airflow/.local/lib/python3.6/site-packages/airflow/example_dags/example_bash_operator.py
[2021-02-18 07:52:04,481] {logging_mixin.py:104} INFO - [2021-02-18 07:52:04,481] {dag.py:1818} INFO - Sync 1 DAGs
[2021-02-18 07:52:04,502] {logging_mixin.py:104} INFO - [2021-02-18 07:52:04,502] {dag.py:2273} INFO - Setting next_dagrun for example_bash_operator to 2021-02-16 00:00:00+00:00
[2021-02-18 07:52:04,509] {scheduler_job.py:190} INFO - Processing /home/airflow/.local/lib/python3.6/site-packages/airflow/example_dags/example_bash_operator.py took 0.070 seconds
[2021-02-18 07:52:34,610] {scheduler_job.py:182} INFO - Started process (PID=794) to work on /home/airflow/.local/lib/python3.6/site-packages/airflow/example_dags/example_bash_operator.py
[2021-02-18 07:52:34,611] {scheduler_job.py:629} INFO - Processing file /home/airflow/.local/lib/python3.6/site-packages/airflow/example_dags/example_bash_operator.py for tasks to queue
[2021-02-18 07:52:34,611] {logging_mixin.py:104} INFO - [2021-02-18 07:52:34,611] {dagbag.py:448} INFO - Filling up the DagBag from /home/airflow/.local/lib/python3.6/site-packages/airflow/example_dags/example_bash_operator.py
[2021-02-18 07:52:34,624] {scheduler_job.py:639} INFO - DAG(s) dict_keys(['example_bash_operator']) retrieved from /home/airflow/.local/lib/python3.6/site-packages/airflow/example_dags/example_bash_operator.py
[2021-02-18 07:52:34,642] {logging_mixin.py:104} INFO - [2021-02-18 07:52:34,642] {dag.py:1818} INFO - Sync 1 DAGs
[2021-02-18 07:52:34,665] {logging_mixin.py:104} INFO - [2021-02-18 07:52:34,665] {dag.py:2273} INFO - Setting next_dagrun for example_bash_operator to 2021-02-16 00:00:00+00:00
[2021-02-18 07:52:34,674] {scheduler_job.py:190} INFO - Processing /home/airflow/.local/lib/python3.6/site-packages/airflow/example_dags/example_bash_operator.py took 0.067 seconds
[2021-02-18 07:53:04,761] {scheduler_job.py:182} INFO - Started process (PID=821) to work on /home/airflow/.local/lib/python3.6/site-packages/airflow/example_dags/example_bash_operator.py
[2021-02-18 07:53:04,762] {scheduler_job.py:629} INFO - Processing file /home/airflow/.local/lib/python3.6/site-packages/airflow/example_dags/example_bash_operator.py for tasks to queue
[2021-02-18 07:53:04,762] {logging_mixin.py:104} INFO - [2021-02-18 07:53:04,762] {dagbag.py:448} INFO - Filling up the DagBag from /home/airflow/.local/lib/python3.6/site-packages/airflow/example_dags/example_bash_operator.py
[2021-02-18 07:53:04,773] {scheduler_job.py:639} INFO - DAG(s) dict_keys(['example_bash_operator']) retrieved from /home/airflow/.local/lib/python3.6/site-packages/airflow/example_dags/example_bash_operator.py
[2021-02-18 07:53:04,792] {logging_mixin.py:104} INFO - [2021-02-18 07:53:04,792] {dag.py:1818} INFO - Sync 1 DAGs
[2021-02-18 07:53:04,810] {logging_mixin.py:104} INFO - [2021-02-18 07:53:04,810] {dag.py:2273} INFO - Setting next_dagrun for example_bash_operator to 2021-02-16 00:00:00+00:00
[2021-02-18 07:53:04,818] {scheduler_job.py:190} INFO - Processing /home/airflow/.local/lib/python3.6/site-packages/airflow/example_dags/example_bash_operator.py took 0.059 seconds
[2021-02-18 07:53:34,977] {scheduler_job.py:182} INFO - Started process (PID=846) to work on /home/airflow/.local/lib/python3.6/site-packages/airflow/example_dags/example_bash_operator.py
[2021-02-18 07:53:34,979] {scheduler_job.py:629} INFO - Processing file /home/airflow/.local/lib/python3.6/site-packages/airflow/example_dags/example_bash_operator.py for tasks to queue
[2021-02-18 07:53:34,980] {logging_mixin.py:104} INFO - [2021-02-18 07:53:34,980] {dagbag.py:448} INFO - Filling up the DagBag from /home/airflow/.local/lib/python3.6/site-packages/airflow/example_dags/example_bash_operator.py
[2021-02-18 07:53:34,991] {scheduler_job.py:639} INFO - DAG(s) dict_keys(['example_bash_operator']) retrieved from /home/airflow/.local/lib/python3.6/site-packages/airflow/example_dags/example_bash_operator.py
[2021-02-18 07:53:35,014] {logging_mixin.py:104} INFO - [2021-02-18 07:53:35,014] {dag.py:1818} INFO - Sync 1 DAGs
[2021-02-18 07:53:35,037] {logging_mixin.py:104} INFO - [2021-02-18 07:53:35,037] {dag.py:2273} INFO - Setting next_dagrun for example_bash_operator to 2021-02-16 00:00:00+00:00
[2021-02-18 07:53:35,049] {scheduler_job.py:190} INFO - Processing /home/airflow/.local/lib/python3.6/site-packages/airflow/example_dags/example_bash_operator.py took 0.076 seconds
[2021-02-18 07:54:05,074] {scheduler_job.py:182} INFO - Started process (PID=873) to work on /home/airflow/.local/lib/python3.6/site-packages/airflow/example_dags/example_bash_operator.py
[2021-02-18 07:54:05,075] {scheduler_job.py:629} INFO - Processing file /home/airflow/.local/lib/python3.6/site-packages/airflow/example_dags/example_bash_operator.py for tasks to queue
[2021-02-18 07:54:05,076] {logging_mixin.py:104} INFO - [2021-02-18 07:54:05,076] {dagbag.py:448} INFO - Filling up the DagBag from /home/airflow/.local/lib/python3.6/site-packages/airflow/example_dags/example_bash_operator.py
[2021-02-18 07:54:05,087] {scheduler_job.py:639} INFO - DAG(s) dict_keys(['example_bash_operator']) retrieved from /home/airflow/.local/lib/python3.6/site-packages/airflow/example_dags/example_bash_operator.py
[2021-02-18 07:54:05,111] {logging_mixin.py:104} INFO - [2021-02-18 07:54:05,111] {dag.py:1818} INFO - Sync 1 DAGs
[2021-02-18 07:54:05,133] {logging_mixin.py:104} INFO - [2021-02-18 07:54:05,133] {dag.py:2273} INFO - Setting next_dagrun for example_bash_operator to 2021-02-16 00:00:00+00:00
[2021-02-18 07:54:05,141] {scheduler_job.py:190} INFO - Processing /home/airflow/.local/lib/python3.6/site-packages/airflow/example_dags/example_bash_operator.py took 0.071 seconds
[2021-02-18 07:55:59,107] {scheduler_job.py:182} INFO - Started process (PID=52) to work on /home/airflow/.local/lib/python3.6/site-packages/airflow/example_dags/example_bash_operator.py
[2021-02-18 07:55:59,108] {scheduler_job.py:629} INFO - Processing file /home/airflow/.local/lib/python3.6/site-packages/airflow/example_dags/example_bash_operator.py for tasks to queue
[2021-02-18 07:55:59,108] {logging_mixin.py:104} INFO - [2021-02-18 07:55:59,108] {dagbag.py:448} INFO - Filling up the DagBag from /home/airflow/.local/lib/python3.6/site-packages/airflow/example_dags/example_bash_operator.py
[2021-02-18 07:55:59,120] {scheduler_job.py:639} INFO - DAG(s) dict_keys(['example_bash_operator']) retrieved from /home/airflow/.local/lib/python3.6/site-packages/airflow/example_dags/example_bash_operator.py
[2021-02-18 07:55:59,143] {logging_mixin.py:104} INFO - [2021-02-18 07:55:59,143] {dag.py:1818} INFO - Sync 1 DAGs
[2021-02-18 07:55:59,152] {logging_mixin.py:104} INFO - [2021-02-18 07:55:59,152] {dag.py:1837} INFO - Creating ORM DAG for example_bash_operator
[2021-02-18 07:55:59,165] {logging_mixin.py:104} INFO - [2021-02-18 07:55:59,164] {dag.py:2273} INFO - Setting next_dagrun for example_bash_operator to 2021-02-16 00:00:00+00:00
[2021-02-18 07:55:59,190] {scheduler_job.py:190} INFO - Processing /home/airflow/.local/lib/python3.6/site-packages/airflow/example_dags/example_bash_operator.py took 0.086 seconds
[2021-02-18 07:56:29,264] {scheduler_job.py:182} INFO - Started process (PID=78) to work on /home/airflow/.local/lib/python3.6/site-packages/airflow/example_dags/example_bash_operator.py
[2021-02-18 07:56:29,265] {scheduler_job.py:629} INFO - Processing file /home/airflow/.local/lib/python3.6/site-packages/airflow/example_dags/example_bash_operator.py for tasks to queue
[2021-02-18 07:56:29,266] {logging_mixin.py:104} INFO - [2021-02-18 07:56:29,266] {dagbag.py:448} INFO - Filling up the DagBag from /home/airflow/.local/lib/python3.6/site-packages/airflow/example_dags/example_bash_operator.py
[2021-02-18 07:56:29,277] {scheduler_job.py:639} INFO - DAG(s) dict_keys(['example_bash_operator']) retrieved from /home/airflow/.local/lib/python3.6/site-packages/airflow/example_dags/example_bash_operator.py
[2021-02-18 07:56:29,294] {logging_mixin.py:104} INFO - [2021-02-18 07:56:29,294] {dag.py:1818} INFO - Sync 1 DAGs
[2021-02-18 07:56:29,319] {logging_mixin.py:104} INFO - [2021-02-18 07:56:29,319] {dag.py:2273} INFO - Setting next_dagrun for example_bash_operator to 2021-02-16 00:00:00+00:00
[2021-02-18 07:56:29,327] {scheduler_job.py:190} INFO - Processing /home/airflow/.local/lib/python3.6/site-packages/airflow/example_dags/example_bash_operator.py took 0.067 seconds
[2021-02-18 07:56:56,784] {scheduler_job.py:182} INFO - Started process (PID=58) to work on /home/airflow/.local/lib/python3.6/site-packages/airflow/example_dags/example_bash_operator.py
[2021-02-18 07:56:56,785] {scheduler_job.py:629} INFO - Processing file /home/airflow/.local/lib/python3.6/site-packages/airflow/example_dags/example_bash_operator.py for tasks to queue
[2021-02-18 07:56:56,786] {logging_mixin.py:104} INFO - [2021-02-18 07:56:56,786] {dagbag.py:448} INFO - Filling up the DagBag from /home/airflow/.local/lib/python3.6/site-packages/airflow/example_dags/example_bash_operator.py
[2021-02-18 07:56:56,799] {scheduler_job.py:639} INFO - DAG(s) dict_keys(['example_bash_operator']) retrieved from /home/airflow/.local/lib/python3.6/site-packages/airflow/example_dags/example_bash_operator.py
[2021-02-18 07:56:56,819] {logging_mixin.py:104} INFO - [2021-02-18 07:56:56,818] {dag.py:1818} INFO - Sync 1 DAGs
[2021-02-18 07:56:56,843] {logging_mixin.py:104} INFO - [2021-02-18 07:56:56,843] {dag.py:2273} INFO - Setting next_dagrun for example_bash_operator to 2021-02-16 00:00:00+00:00
[2021-02-18 07:56:56,854] {scheduler_job.py:190} INFO - Processing /home/airflow/.local/lib/python3.6/site-packages/airflow/example_dags/example_bash_operator.py took 0.074 seconds
[2021-02-18 07:57:26,922] {scheduler_job.py:182} INFO - Started process (PID=84) to work on /home/airflow/.local/lib/python3.6/site-packages/airflow/example_dags/example_bash_operator.py
[2021-02-18 07:57:26,923] {scheduler_job.py:629} INFO - Processing file /home/airflow/.local/lib/python3.6/site-packages/airflow/example_dags/example_bash_operator.py for tasks to queue
[2021-02-18 07:57:26,924] {logging_mixin.py:104} INFO - [2021-02-18 07:57:26,923] {dagbag.py:448} INFO - Filling up the DagBag from /home/airflow/.local/lib/python3.6/site-packages/airflow/example_dags/example_bash_operator.py
[2021-02-18 07:57:26,936] {scheduler_job.py:639} INFO - DAG(s) dict_keys(['example_bash_operator']) retrieved from /home/airflow/.local/lib/python3.6/site-packages/airflow/example_dags/example_bash_operator.py
[2021-02-18 07:57:26,960] {logging_mixin.py:104} INFO - [2021-02-18 07:57:26,960] {dag.py:1818} INFO - Sync 1 DAGs
[2021-02-18 07:57:26,986] {logging_mixin.py:104} INFO - [2021-02-18 07:57:26,986] {dag.py:2273} INFO - Setting next_dagrun for example_bash_operator to 2021-02-16 00:00:00+00:00
[2021-02-18 07:57:26,998] {scheduler_job.py:190} INFO - Processing /home/airflow/.local/lib/python3.6/site-packages/airflow/example_dags/example_bash_operator.py took 0.080 seconds
[2021-02-18 07:57:57,184] {scheduler_job.py:182} INFO - Started process (PID=110) to work on /home/airflow/.local/lib/python3.6/site-packages/airflow/example_dags/example_bash_operator.py
[2021-02-18 07:57:57,185] {scheduler_job.py:629} INFO - Processing file /home/airflow/.local/lib/python3.6/site-packages/airflow/example_dags/example_bash_operator.py for tasks to queue
[2021-02-18 07:57:57,186] {logging_mixin.py:104} INFO - [2021-02-18 07:57:57,186] {dagbag.py:448} INFO - Filling up the DagBag from /home/airflow/.local/lib/python3.6/site-packages/airflow/example_dags/example_bash_operator.py
[2021-02-18 07:57:57,198] {scheduler_job.py:639} INFO - DAG(s) dict_keys(['example_bash_operator']) retrieved from /home/airflow/.local/lib/python3.6/site-packages/airflow/example_dags/example_bash_operator.py
[2021-02-18 07:57:57,220] {logging_mixin.py:104} INFO - [2021-02-18 07:57:57,220] {dag.py:1818} INFO - Sync 1 DAGs
[2021-02-18 07:57:57,238] {logging_mixin.py:104} INFO - [2021-02-18 07:57:57,238] {dag.py:2273} INFO - Setting next_dagrun for example_bash_operator to 2021-02-16 00:00:00+00:00
[2021-02-18 07:57:57,246] {scheduler_job.py:190} INFO - Processing /home/airflow/.local/lib/python3.6/site-packages/airflow/example_dags/example_bash_operator.py took 0.067 seconds
[2021-02-18 07:58:27,265] {scheduler_job.py:182} INFO - Started process (PID=136) to work on /home/airflow/.local/lib/python3.6/site-packages/airflow/example_dags/example_bash_operator.py
[2021-02-18 07:58:27,266] {scheduler_job.py:629} INFO - Processing file /home/airflow/.local/lib/python3.6/site-packages/airflow/example_dags/example_bash_operator.py for tasks to queue
[2021-02-18 07:58:27,267] {logging_mixin.py:104} INFO - [2021-02-18 07:58:27,266] {dagbag.py:448} INFO - Filling up the DagBag from /home/airflow/.local/lib/python3.6/site-packages/airflow/example_dags/example_bash_operator.py
[2021-02-18 07:58:27,276] {scheduler_job.py:639} INFO - DAG(s) dict_keys(['example_bash_operator']) retrieved from /home/airflow/.local/lib/python3.6/site-packages/airflow/example_dags/example_bash_operator.py
[2021-02-18 07:58:27,294] {logging_mixin.py:104} INFO - [2021-02-18 07:58:27,294] {dag.py:1818} INFO - Sync 1 DAGs
[2021-02-18 07:58:27,312] {logging_mixin.py:104} INFO - [2021-02-18 07:58:27,312] {dag.py:2273} INFO - Setting next_dagrun for example_bash_operator to 2021-02-16 00:00:00+00:00
[2021-02-18 07:58:27,319] {scheduler_job.py:190} INFO - Processing /home/airflow/.local/lib/python3.6/site-packages/airflow/example_dags/example_bash_operator.py took 0.057 seconds
[2021-02-18 07:58:57,437] {scheduler_job.py:182} INFO - Started process (PID=162) to work on /home/airflow/.local/lib/python3.6/site-packages/airflow/example_dags/example_bash_operator.py
[2021-02-18 07:58:57,438] {scheduler_job.py:629} INFO - Processing file /home/airflow/.local/lib/python3.6/site-packages/airflow/example_dags/example_bash_operator.py for tasks to queue
[2021-02-18 07:58:57,439] {logging_mixin.py:104} INFO - [2021-02-18 07:58:57,439] {dagbag.py:448} INFO - Filling up the DagBag from /home/airflow/.local/lib/python3.6/site-packages/airflow/example_dags/example_bash_operator.py
[2021-02-18 07:58:57,451] {scheduler_job.py:639} INFO - DAG(s) dict_keys(['example_bash_operator']) retrieved from /home/airflow/.local/lib/python3.6/site-packages/airflow/example_dags/example_bash_operator.py
[2021-02-18 07:58:57,471] {logging_mixin.py:104} INFO - [2021-02-18 07:58:57,471] {dag.py:1818} INFO - Sync 1 DAGs
[2021-02-18 07:58:57,493] {logging_mixin.py:104} INFO - [2021-02-18 07:58:57,493] {dag.py:2273} INFO - Setting next_dagrun for example_bash_operator to 2021-02-16 00:00:00+00:00
[2021-02-18 07:58:57,501] {scheduler_job.py:190} INFO - Processing /home/airflow/.local/lib/python3.6/site-packages/airflow/example_dags/example_bash_operator.py took 0.066 seconds
[2021-02-18 07:59:27,748] {scheduler_job.py:182} INFO - Started process (PID=187) to work on /home/airflow/.local/lib/python3.6/site-packages/airflow/example_dags/example_bash_operator.py
[2021-02-18 07:59:27,749] {scheduler_job.py:629} INFO - Processing file /home/airflow/.local/lib/python3.6/site-packages/airflow/example_dags/example_bash_operator.py for tasks to queue
[2021-02-18 07:59:27,750] {logging_mixin.py:104} INFO - [2021-02-18 07:59:27,750] {dagbag.py:448} INFO - Filling up the DagBag from /home/airflow/.local/lib/python3.6/site-packages/airflow/example_dags/example_bash_operator.py
[2021-02-18 07:59:27,760] {scheduler_job.py:639} INFO - DAG(s) dict_keys(['example_bash_operator']) retrieved from /home/airflow/.local/lib/python3.6/site-packages/airflow/example_dags/example_bash_operator.py
[2021-02-18 07:59:27,780] {logging_mixin.py:104} INFO - [2021-02-18 07:59:27,780] {dag.py:1818} INFO - Sync 1 DAGs
[2021-02-18 07:59:27,796] {logging_mixin.py:104} INFO - [2021-02-18 07:59:27,796] {dag.py:2273} INFO - Setting next_dagrun for example_bash_operator to 2021-02-16 00:00:00+00:00
[2021-02-18 07:59:27,802] {scheduler_job.py:190} INFO - Processing /home/airflow/.local/lib/python3.6/site-packages/airflow/example_dags/example_bash_operator.py took 0.056 seconds
[2021-02-18 07:59:57,851] {scheduler_job.py:182} INFO - Started process (PID=213) to work on /home/airflow/.local/lib/python3.6/site-packages/airflow/example_dags/example_bash_operator.py
[2021-02-18 07:59:57,852] {scheduler_job.py:629} INFO - Processing file /home/airflow/.local/lib/python3.6/site-packages/airflow/example_dags/example_bash_operator.py for tasks to queue
[2021-02-18 07:59:57,853] {logging_mixin.py:104} INFO - [2021-02-18 07:59:57,852] {dagbag.py:448} INFO - Filling up the DagBag from /home/airflow/.local/lib/python3.6/site-packages/airflow/example_dags/example_bash_operator.py
[2021-02-18 07:59:57,865] {scheduler_job.py:639} INFO - DAG(s) dict_keys(['example_bash_operator']) retrieved from /home/airflow/.local/lib/python3.6/site-packages/airflow/example_dags/example_bash_operator.py
[2021-02-18 07:59:57,885] {logging_mixin.py:104} INFO - [2021-02-18 07:59:57,884] {dag.py:1818} INFO - Sync 1 DAGs
[2021-02-18 07:59:57,904] {logging_mixin.py:104} INFO - [2021-02-18 07:59:57,904] {dag.py:2273} INFO - Setting next_dagrun for example_bash_operator to 2021-02-16 00:00:00+00:00
[2021-02-18 07:59:57,911] {scheduler_job.py:190} INFO - Processing /home/airflow/.local/lib/python3.6/site-packages/airflow/example_dags/example_bash_operator.py took 0.064 seconds
