[2021-02-18 07:37:59,664] {scheduler_job.py:182} INFO - Started process (PID=60) to work on /home/airflow/.local/lib/python3.6/site-packages/airflow/example_dags/example_short_circuit_operator.py
[2021-02-18 07:37:59,665] {scheduler_job.py:629} INFO - Processing file /home/airflow/.local/lib/python3.6/site-packages/airflow/example_dags/example_short_circuit_operator.py for tasks to queue
[2021-02-18 07:37:59,665] {logging_mixin.py:104} INFO - [2021-02-18 07:37:59,665] {dagbag.py:448} INFO - Filling up the DagBag from /home/airflow/.local/lib/python3.6/site-packages/airflow/example_dags/example_short_circuit_operator.py
[2021-02-18 07:37:59,677] {scheduler_job.py:639} INFO - DAG(s) dict_keys(['example_short_circuit_operator']) retrieved from /home/airflow/.local/lib/python3.6/site-packages/airflow/example_dags/example_short_circuit_operator.py
[2021-02-18 07:37:59,696] {logging_mixin.py:104} INFO - [2021-02-18 07:37:59,696] {dag.py:1818} INFO - Sync 1 DAGs
[2021-02-18 07:37:59,707] {logging_mixin.py:104} INFO - [2021-02-18 07:37:59,706] {dag.py:1837} INFO - Creating ORM DAG for example_short_circuit_operator
[2021-02-18 07:37:59,713] {logging_mixin.py:104} INFO - [2021-02-18 07:37:59,713] {dag.py:2273} INFO - Setting next_dagrun for example_short_circuit_operator to 2021-02-16 00:00:00+00:00
[2021-02-18 07:37:59,726] {scheduler_job.py:190} INFO - Processing /home/airflow/.local/lib/python3.6/site-packages/airflow/example_dags/example_short_circuit_operator.py took 0.064 seconds
[2021-02-18 07:38:29,858] {scheduler_job.py:182} INFO - Started process (PID=86) to work on /home/airflow/.local/lib/python3.6/site-packages/airflow/example_dags/example_short_circuit_operator.py
[2021-02-18 07:38:29,860] {scheduler_job.py:629} INFO - Processing file /home/airflow/.local/lib/python3.6/site-packages/airflow/example_dags/example_short_circuit_operator.py for tasks to queue
[2021-02-18 07:38:29,861] {logging_mixin.py:104} INFO - [2021-02-18 07:38:29,861] {dagbag.py:448} INFO - Filling up the DagBag from /home/airflow/.local/lib/python3.6/site-packages/airflow/example_dags/example_short_circuit_operator.py
[2021-02-18 07:38:29,872] {scheduler_job.py:639} INFO - DAG(s) dict_keys(['example_short_circuit_operator']) retrieved from /home/airflow/.local/lib/python3.6/site-packages/airflow/example_dags/example_short_circuit_operator.py
[2021-02-18 07:38:29,892] {logging_mixin.py:104} INFO - [2021-02-18 07:38:29,892] {dag.py:1818} INFO - Sync 1 DAGs
[2021-02-18 07:38:29,909] {logging_mixin.py:104} INFO - [2021-02-18 07:38:29,909] {dag.py:2273} INFO - Setting next_dagrun for example_short_circuit_operator to 2021-02-16 00:00:00+00:00
[2021-02-18 07:38:29,916] {scheduler_job.py:190} INFO - Processing /home/airflow/.local/lib/python3.6/site-packages/airflow/example_dags/example_short_circuit_operator.py took 0.063 seconds
[2021-02-18 07:39:00,057] {scheduler_job.py:182} INFO - Started process (PID=112) to work on /home/airflow/.local/lib/python3.6/site-packages/airflow/example_dags/example_short_circuit_operator.py
[2021-02-18 07:39:00,058] {scheduler_job.py:629} INFO - Processing file /home/airflow/.local/lib/python3.6/site-packages/airflow/example_dags/example_short_circuit_operator.py for tasks to queue
[2021-02-18 07:39:00,059] {logging_mixin.py:104} INFO - [2021-02-18 07:39:00,059] {dagbag.py:448} INFO - Filling up the DagBag from /home/airflow/.local/lib/python3.6/site-packages/airflow/example_dags/example_short_circuit_operator.py
[2021-02-18 07:39:00,069] {scheduler_job.py:639} INFO - DAG(s) dict_keys(['example_short_circuit_operator']) retrieved from /home/airflow/.local/lib/python3.6/site-packages/airflow/example_dags/example_short_circuit_operator.py
[2021-02-18 07:39:00,089] {logging_mixin.py:104} INFO - [2021-02-18 07:39:00,088] {dag.py:1818} INFO - Sync 1 DAGs
[2021-02-18 07:39:00,101] {logging_mixin.py:104} INFO - [2021-02-18 07:39:00,101] {dag.py:2273} INFO - Setting next_dagrun for example_short_circuit_operator to 2021-02-16 00:00:00+00:00
[2021-02-18 07:39:00,108] {scheduler_job.py:190} INFO - Processing /home/airflow/.local/lib/python3.6/site-packages/airflow/example_dags/example_short_circuit_operator.py took 0.052 seconds
[2021-02-18 07:39:30,267] {scheduler_job.py:182} INFO - Started process (PID=138) to work on /home/airflow/.local/lib/python3.6/site-packages/airflow/example_dags/example_short_circuit_operator.py
[2021-02-18 07:39:30,268] {scheduler_job.py:629} INFO - Processing file /home/airflow/.local/lib/python3.6/site-packages/airflow/example_dags/example_short_circuit_operator.py for tasks to queue
[2021-02-18 07:39:30,268] {logging_mixin.py:104} INFO - [2021-02-18 07:39:30,268] {dagbag.py:448} INFO - Filling up the DagBag from /home/airflow/.local/lib/python3.6/site-packages/airflow/example_dags/example_short_circuit_operator.py
[2021-02-18 07:39:30,280] {scheduler_job.py:639} INFO - DAG(s) dict_keys(['example_short_circuit_operator']) retrieved from /home/airflow/.local/lib/python3.6/site-packages/airflow/example_dags/example_short_circuit_operator.py
[2021-02-18 07:39:30,296] {logging_mixin.py:104} INFO - [2021-02-18 07:39:30,296] {dag.py:1818} INFO - Sync 1 DAGs
[2021-02-18 07:39:30,308] {logging_mixin.py:104} INFO - [2021-02-18 07:39:30,308] {dag.py:2273} INFO - Setting next_dagrun for example_short_circuit_operator to 2021-02-16 00:00:00+00:00
[2021-02-18 07:39:30,314] {scheduler_job.py:190} INFO - Processing /home/airflow/.local/lib/python3.6/site-packages/airflow/example_dags/example_short_circuit_operator.py took 0.051 seconds
[2021-02-18 07:40:00,550] {scheduler_job.py:182} INFO - Started process (PID=164) to work on /home/airflow/.local/lib/python3.6/site-packages/airflow/example_dags/example_short_circuit_operator.py
[2021-02-18 07:40:00,551] {scheduler_job.py:629} INFO - Processing file /home/airflow/.local/lib/python3.6/site-packages/airflow/example_dags/example_short_circuit_operator.py for tasks to queue
[2021-02-18 07:40:00,552] {logging_mixin.py:104} INFO - [2021-02-18 07:40:00,552] {dagbag.py:448} INFO - Filling up the DagBag from /home/airflow/.local/lib/python3.6/site-packages/airflow/example_dags/example_short_circuit_operator.py
[2021-02-18 07:40:00,560] {scheduler_job.py:639} INFO - DAG(s) dict_keys(['example_short_circuit_operator']) retrieved from /home/airflow/.local/lib/python3.6/site-packages/airflow/example_dags/example_short_circuit_operator.py
[2021-02-18 07:40:00,579] {logging_mixin.py:104} INFO - [2021-02-18 07:40:00,579] {dag.py:1818} INFO - Sync 1 DAGs
[2021-02-18 07:40:00,593] {logging_mixin.py:104} INFO - [2021-02-18 07:40:00,593] {dag.py:2273} INFO - Setting next_dagrun for example_short_circuit_operator to 2021-02-16 00:00:00+00:00
[2021-02-18 07:40:00,601] {scheduler_job.py:190} INFO - Processing /home/airflow/.local/lib/python3.6/site-packages/airflow/example_dags/example_short_circuit_operator.py took 0.056 seconds
[2021-02-18 07:40:30,671] {scheduler_job.py:182} INFO - Started process (PID=190) to work on /home/airflow/.local/lib/python3.6/site-packages/airflow/example_dags/example_short_circuit_operator.py
[2021-02-18 07:40:30,673] {scheduler_job.py:629} INFO - Processing file /home/airflow/.local/lib/python3.6/site-packages/airflow/example_dags/example_short_circuit_operator.py for tasks to queue
[2021-02-18 07:40:30,673] {logging_mixin.py:104} INFO - [2021-02-18 07:40:30,673] {dagbag.py:448} INFO - Filling up the DagBag from /home/airflow/.local/lib/python3.6/site-packages/airflow/example_dags/example_short_circuit_operator.py
[2021-02-18 07:40:30,685] {scheduler_job.py:639} INFO - DAG(s) dict_keys(['example_short_circuit_operator']) retrieved from /home/airflow/.local/lib/python3.6/site-packages/airflow/example_dags/example_short_circuit_operator.py
[2021-02-18 07:40:30,705] {logging_mixin.py:104} INFO - [2021-02-18 07:40:30,705] {dag.py:1818} INFO - Sync 1 DAGs
[2021-02-18 07:40:30,720] {logging_mixin.py:104} INFO - [2021-02-18 07:40:30,720] {dag.py:2273} INFO - Setting next_dagrun for example_short_circuit_operator to 2021-02-16 00:00:00+00:00
[2021-02-18 07:40:30,728] {scheduler_job.py:190} INFO - Processing /home/airflow/.local/lib/python3.6/site-packages/airflow/example_dags/example_short_circuit_operator.py took 0.061 seconds
[2021-02-18 07:41:00,873] {scheduler_job.py:182} INFO - Started process (PID=216) to work on /home/airflow/.local/lib/python3.6/site-packages/airflow/example_dags/example_short_circuit_operator.py
[2021-02-18 07:41:00,874] {scheduler_job.py:629} INFO - Processing file /home/airflow/.local/lib/python3.6/site-packages/airflow/example_dags/example_short_circuit_operator.py for tasks to queue
[2021-02-18 07:41:00,874] {logging_mixin.py:104} INFO - [2021-02-18 07:41:00,874] {dagbag.py:448} INFO - Filling up the DagBag from /home/airflow/.local/lib/python3.6/site-packages/airflow/example_dags/example_short_circuit_operator.py
[2021-02-18 07:41:00,883] {scheduler_job.py:639} INFO - DAG(s) dict_keys(['example_short_circuit_operator']) retrieved from /home/airflow/.local/lib/python3.6/site-packages/airflow/example_dags/example_short_circuit_operator.py
[2021-02-18 07:41:00,901] {logging_mixin.py:104} INFO - [2021-02-18 07:41:00,901] {dag.py:1818} INFO - Sync 1 DAGs
[2021-02-18 07:41:00,913] {logging_mixin.py:104} INFO - [2021-02-18 07:41:00,913] {dag.py:2273} INFO - Setting next_dagrun for example_short_circuit_operator to 2021-02-16 00:00:00+00:00
[2021-02-18 07:41:00,919] {scheduler_job.py:190} INFO - Processing /home/airflow/.local/lib/python3.6/site-packages/airflow/example_dags/example_short_circuit_operator.py took 0.049 seconds
[2021-02-18 07:41:31,854] {scheduler_job.py:182} INFO - Started process (PID=242) to work on /home/airflow/.local/lib/python3.6/site-packages/airflow/example_dags/example_short_circuit_operator.py
[2021-02-18 07:41:31,855] {scheduler_job.py:629} INFO - Processing file /home/airflow/.local/lib/python3.6/site-packages/airflow/example_dags/example_short_circuit_operator.py for tasks to queue
[2021-02-18 07:41:31,856] {logging_mixin.py:104} INFO - [2021-02-18 07:41:31,856] {dagbag.py:448} INFO - Filling up the DagBag from /home/airflow/.local/lib/python3.6/site-packages/airflow/example_dags/example_short_circuit_operator.py
[2021-02-18 07:41:31,868] {scheduler_job.py:639} INFO - DAG(s) dict_keys(['example_short_circuit_operator']) retrieved from /home/airflow/.local/lib/python3.6/site-packages/airflow/example_dags/example_short_circuit_operator.py
[2021-02-18 07:41:31,887] {logging_mixin.py:104} INFO - [2021-02-18 07:41:31,887] {dag.py:1818} INFO - Sync 1 DAGs
[2021-02-18 07:41:31,900] {logging_mixin.py:104} INFO - [2021-02-18 07:41:31,900] {dag.py:2273} INFO - Setting next_dagrun for example_short_circuit_operator to 2021-02-16 00:00:00+00:00
[2021-02-18 07:41:31,909] {scheduler_job.py:190} INFO - Processing /home/airflow/.local/lib/python3.6/site-packages/airflow/example_dags/example_short_circuit_operator.py took 0.057 seconds
[2021-02-18 07:42:01,950] {scheduler_job.py:182} INFO - Started process (PID=267) to work on /home/airflow/.local/lib/python3.6/site-packages/airflow/example_dags/example_short_circuit_operator.py
[2021-02-18 07:42:01,951] {scheduler_job.py:629} INFO - Processing file /home/airflow/.local/lib/python3.6/site-packages/airflow/example_dags/example_short_circuit_operator.py for tasks to queue
[2021-02-18 07:42:01,952] {logging_mixin.py:104} INFO - [2021-02-18 07:42:01,952] {dagbag.py:448} INFO - Filling up the DagBag from /home/airflow/.local/lib/python3.6/site-packages/airflow/example_dags/example_short_circuit_operator.py
[2021-02-18 07:42:01,962] {scheduler_job.py:639} INFO - DAG(s) dict_keys(['example_short_circuit_operator']) retrieved from /home/airflow/.local/lib/python3.6/site-packages/airflow/example_dags/example_short_circuit_operator.py
[2021-02-18 07:42:01,984] {logging_mixin.py:104} INFO - [2021-02-18 07:42:01,983] {dag.py:1818} INFO - Sync 1 DAGs
[2021-02-18 07:42:01,999] {logging_mixin.py:104} INFO - [2021-02-18 07:42:01,998] {dag.py:2273} INFO - Setting next_dagrun for example_short_circuit_operator to 2021-02-16 00:00:00+00:00
[2021-02-18 07:42:02,005] {scheduler_job.py:190} INFO - Processing /home/airflow/.local/lib/python3.6/site-packages/airflow/example_dags/example_short_circuit_operator.py took 0.061 seconds
[2021-02-18 07:42:32,074] {scheduler_job.py:182} INFO - Started process (PID=293) to work on /home/airflow/.local/lib/python3.6/site-packages/airflow/example_dags/example_short_circuit_operator.py
[2021-02-18 07:42:32,076] {scheduler_job.py:629} INFO - Processing file /home/airflow/.local/lib/python3.6/site-packages/airflow/example_dags/example_short_circuit_operator.py for tasks to queue
[2021-02-18 07:42:32,076] {logging_mixin.py:104} INFO - [2021-02-18 07:42:32,076] {dagbag.py:448} INFO - Filling up the DagBag from /home/airflow/.local/lib/python3.6/site-packages/airflow/example_dags/example_short_circuit_operator.py
[2021-02-18 07:42:32,086] {scheduler_job.py:639} INFO - DAG(s) dict_keys(['example_short_circuit_operator']) retrieved from /home/airflow/.local/lib/python3.6/site-packages/airflow/example_dags/example_short_circuit_operator.py
[2021-02-18 07:42:32,106] {logging_mixin.py:104} INFO - [2021-02-18 07:42:32,106] {dag.py:1818} INFO - Sync 1 DAGs
[2021-02-18 07:42:32,122] {logging_mixin.py:104} INFO - [2021-02-18 07:42:32,122] {dag.py:2273} INFO - Setting next_dagrun for example_short_circuit_operator to 2021-02-16 00:00:00+00:00
[2021-02-18 07:42:32,131] {scheduler_job.py:190} INFO - Processing /home/airflow/.local/lib/python3.6/site-packages/airflow/example_dags/example_short_circuit_operator.py took 0.060 seconds
[2021-02-18 07:43:02,375] {scheduler_job.py:182} INFO - Started process (PID=319) to work on /home/airflow/.local/lib/python3.6/site-packages/airflow/example_dags/example_short_circuit_operator.py
[2021-02-18 07:43:02,377] {scheduler_job.py:629} INFO - Processing file /home/airflow/.local/lib/python3.6/site-packages/airflow/example_dags/example_short_circuit_operator.py for tasks to queue
[2021-02-18 07:43:02,378] {logging_mixin.py:104} INFO - [2021-02-18 07:43:02,378] {dagbag.py:448} INFO - Filling up the DagBag from /home/airflow/.local/lib/python3.6/site-packages/airflow/example_dags/example_short_circuit_operator.py
[2021-02-18 07:43:02,389] {scheduler_job.py:639} INFO - DAG(s) dict_keys(['example_short_circuit_operator']) retrieved from /home/airflow/.local/lib/python3.6/site-packages/airflow/example_dags/example_short_circuit_operator.py
[2021-02-18 07:43:02,406] {logging_mixin.py:104} INFO - [2021-02-18 07:43:02,406] {dag.py:1818} INFO - Sync 1 DAGs
[2021-02-18 07:43:02,419] {logging_mixin.py:104} INFO - [2021-02-18 07:43:02,419] {dag.py:2273} INFO - Setting next_dagrun for example_short_circuit_operator to 2021-02-16 00:00:00+00:00
[2021-02-18 07:43:02,428] {scheduler_job.py:190} INFO - Processing /home/airflow/.local/lib/python3.6/site-packages/airflow/example_dags/example_short_circuit_operator.py took 0.056 seconds
[2021-02-18 07:43:32,495] {scheduler_job.py:182} INFO - Started process (PID=344) to work on /home/airflow/.local/lib/python3.6/site-packages/airflow/example_dags/example_short_circuit_operator.py
[2021-02-18 07:43:32,496] {scheduler_job.py:629} INFO - Processing file /home/airflow/.local/lib/python3.6/site-packages/airflow/example_dags/example_short_circuit_operator.py for tasks to queue
[2021-02-18 07:43:32,496] {logging_mixin.py:104} INFO - [2021-02-18 07:43:32,496] {dagbag.py:448} INFO - Filling up the DagBag from /home/airflow/.local/lib/python3.6/site-packages/airflow/example_dags/example_short_circuit_operator.py
[2021-02-18 07:43:32,507] {scheduler_job.py:639} INFO - DAG(s) dict_keys(['example_short_circuit_operator']) retrieved from /home/airflow/.local/lib/python3.6/site-packages/airflow/example_dags/example_short_circuit_operator.py
[2021-02-18 07:43:32,528] {logging_mixin.py:104} INFO - [2021-02-18 07:43:32,528] {dag.py:1818} INFO - Sync 1 DAGs
[2021-02-18 07:43:32,542] {logging_mixin.py:104} INFO - [2021-02-18 07:43:32,542] {dag.py:2273} INFO - Setting next_dagrun for example_short_circuit_operator to 2021-02-16 00:00:00+00:00
[2021-02-18 07:43:32,552] {scheduler_job.py:190} INFO - Processing /home/airflow/.local/lib/python3.6/site-packages/airflow/example_dags/example_short_circuit_operator.py took 0.061 seconds
[2021-02-18 07:44:02,618] {scheduler_job.py:182} INFO - Started process (PID=370) to work on /home/airflow/.local/lib/python3.6/site-packages/airflow/example_dags/example_short_circuit_operator.py
[2021-02-18 07:44:02,619] {scheduler_job.py:629} INFO - Processing file /home/airflow/.local/lib/python3.6/site-packages/airflow/example_dags/example_short_circuit_operator.py for tasks to queue
[2021-02-18 07:44:02,619] {logging_mixin.py:104} INFO - [2021-02-18 07:44:02,619] {dagbag.py:448} INFO - Filling up the DagBag from /home/airflow/.local/lib/python3.6/site-packages/airflow/example_dags/example_short_circuit_operator.py
[2021-02-18 07:44:02,630] {scheduler_job.py:639} INFO - DAG(s) dict_keys(['example_short_circuit_operator']) retrieved from /home/airflow/.local/lib/python3.6/site-packages/airflow/example_dags/example_short_circuit_operator.py
[2021-02-18 07:44:02,648] {logging_mixin.py:104} INFO - [2021-02-18 07:44:02,648] {dag.py:1818} INFO - Sync 1 DAGs
[2021-02-18 07:44:02,661] {logging_mixin.py:104} INFO - [2021-02-18 07:44:02,661] {dag.py:2273} INFO - Setting next_dagrun for example_short_circuit_operator to 2021-02-16 00:00:00+00:00
[2021-02-18 07:44:02,668] {scheduler_job.py:190} INFO - Processing /home/airflow/.local/lib/python3.6/site-packages/airflow/example_dags/example_short_circuit_operator.py took 0.052 seconds
[2021-02-18 07:44:32,890] {scheduler_job.py:182} INFO - Started process (PID=397) to work on /home/airflow/.local/lib/python3.6/site-packages/airflow/example_dags/example_short_circuit_operator.py
[2021-02-18 07:44:32,891] {scheduler_job.py:629} INFO - Processing file /home/airflow/.local/lib/python3.6/site-packages/airflow/example_dags/example_short_circuit_operator.py for tasks to queue
[2021-02-18 07:44:32,892] {logging_mixin.py:104} INFO - [2021-02-18 07:44:32,892] {dagbag.py:448} INFO - Filling up the DagBag from /home/airflow/.local/lib/python3.6/site-packages/airflow/example_dags/example_short_circuit_operator.py
[2021-02-18 07:44:32,903] {scheduler_job.py:639} INFO - DAG(s) dict_keys(['example_short_circuit_operator']) retrieved from /home/airflow/.local/lib/python3.6/site-packages/airflow/example_dags/example_short_circuit_operator.py
[2021-02-18 07:44:32,921] {logging_mixin.py:104} INFO - [2021-02-18 07:44:32,921] {dag.py:1818} INFO - Sync 1 DAGs
[2021-02-18 07:44:32,937] {logging_mixin.py:104} INFO - [2021-02-18 07:44:32,937] {dag.py:2273} INFO - Setting next_dagrun for example_short_circuit_operator to 2021-02-16 00:00:00+00:00
[2021-02-18 07:44:32,943] {scheduler_job.py:190} INFO - Processing /home/airflow/.local/lib/python3.6/site-packages/airflow/example_dags/example_short_circuit_operator.py took 0.055 seconds
[2021-02-18 07:45:03,056] {scheduler_job.py:182} INFO - Started process (PID=422) to work on /home/airflow/.local/lib/python3.6/site-packages/airflow/example_dags/example_short_circuit_operator.py
[2021-02-18 07:45:03,057] {scheduler_job.py:629} INFO - Processing file /home/airflow/.local/lib/python3.6/site-packages/airflow/example_dags/example_short_circuit_operator.py for tasks to queue
[2021-02-18 07:45:03,058] {logging_mixin.py:104} INFO - [2021-02-18 07:45:03,058] {dagbag.py:448} INFO - Filling up the DagBag from /home/airflow/.local/lib/python3.6/site-packages/airflow/example_dags/example_short_circuit_operator.py
[2021-02-18 07:45:03,069] {scheduler_job.py:639} INFO - DAG(s) dict_keys(['example_short_circuit_operator']) retrieved from /home/airflow/.local/lib/python3.6/site-packages/airflow/example_dags/example_short_circuit_operator.py
[2021-02-18 07:45:03,090] {logging_mixin.py:104} INFO - [2021-02-18 07:45:03,090] {dag.py:1818} INFO - Sync 1 DAGs
[2021-02-18 07:45:03,106] {logging_mixin.py:104} INFO - [2021-02-18 07:45:03,106] {dag.py:2273} INFO - Setting next_dagrun for example_short_circuit_operator to 2021-02-16 00:00:00+00:00
[2021-02-18 07:45:03,113] {scheduler_job.py:190} INFO - Processing /home/airflow/.local/lib/python3.6/site-packages/airflow/example_dags/example_short_circuit_operator.py took 0.061 seconds
[2021-02-18 07:45:33,264] {scheduler_job.py:182} INFO - Started process (PID=448) to work on /home/airflow/.local/lib/python3.6/site-packages/airflow/example_dags/example_short_circuit_operator.py
[2021-02-18 07:45:33,265] {scheduler_job.py:629} INFO - Processing file /home/airflow/.local/lib/python3.6/site-packages/airflow/example_dags/example_short_circuit_operator.py for tasks to queue
[2021-02-18 07:45:33,265] {logging_mixin.py:104} INFO - [2021-02-18 07:45:33,265] {dagbag.py:448} INFO - Filling up the DagBag from /home/airflow/.local/lib/python3.6/site-packages/airflow/example_dags/example_short_circuit_operator.py
[2021-02-18 07:45:33,276] {scheduler_job.py:639} INFO - DAG(s) dict_keys(['example_short_circuit_operator']) retrieved from /home/airflow/.local/lib/python3.6/site-packages/airflow/example_dags/example_short_circuit_operator.py
[2021-02-18 07:45:33,298] {logging_mixin.py:104} INFO - [2021-02-18 07:45:33,298] {dag.py:1818} INFO - Sync 1 DAGs
[2021-02-18 07:45:33,313] {logging_mixin.py:104} INFO - [2021-02-18 07:45:33,313] {dag.py:2273} INFO - Setting next_dagrun for example_short_circuit_operator to 2021-02-16 00:00:00+00:00
[2021-02-18 07:45:33,320] {scheduler_job.py:190} INFO - Processing /home/airflow/.local/lib/python3.6/site-packages/airflow/example_dags/example_short_circuit_operator.py took 0.059 seconds
[2021-02-18 07:46:03,534] {scheduler_job.py:182} INFO - Started process (PID=475) to work on /home/airflow/.local/lib/python3.6/site-packages/airflow/example_dags/example_short_circuit_operator.py
[2021-02-18 07:46:03,535] {scheduler_job.py:629} INFO - Processing file /home/airflow/.local/lib/python3.6/site-packages/airflow/example_dags/example_short_circuit_operator.py for tasks to queue
[2021-02-18 07:46:03,536] {logging_mixin.py:104} INFO - [2021-02-18 07:46:03,536] {dagbag.py:448} INFO - Filling up the DagBag from /home/airflow/.local/lib/python3.6/site-packages/airflow/example_dags/example_short_circuit_operator.py
[2021-02-18 07:46:03,547] {scheduler_job.py:639} INFO - DAG(s) dict_keys(['example_short_circuit_operator']) retrieved from /home/airflow/.local/lib/python3.6/site-packages/airflow/example_dags/example_short_circuit_operator.py
[2021-02-18 07:46:03,566] {logging_mixin.py:104} INFO - [2021-02-18 07:46:03,566] {dag.py:1818} INFO - Sync 1 DAGs
[2021-02-18 07:46:03,579] {logging_mixin.py:104} INFO - [2021-02-18 07:46:03,579] {dag.py:2273} INFO - Setting next_dagrun for example_short_circuit_operator to 2021-02-16 00:00:00+00:00
[2021-02-18 07:46:03,585] {scheduler_job.py:190} INFO - Processing /home/airflow/.local/lib/python3.6/site-packages/airflow/example_dags/example_short_circuit_operator.py took 0.054 seconds
[2021-02-18 07:46:33,654] {scheduler_job.py:182} INFO - Started process (PID=500) to work on /home/airflow/.local/lib/python3.6/site-packages/airflow/example_dags/example_short_circuit_operator.py
[2021-02-18 07:46:33,655] {scheduler_job.py:629} INFO - Processing file /home/airflow/.local/lib/python3.6/site-packages/airflow/example_dags/example_short_circuit_operator.py for tasks to queue
[2021-02-18 07:46:33,655] {logging_mixin.py:104} INFO - [2021-02-18 07:46:33,655] {dagbag.py:448} INFO - Filling up the DagBag from /home/airflow/.local/lib/python3.6/site-packages/airflow/example_dags/example_short_circuit_operator.py
[2021-02-18 07:46:33,664] {scheduler_job.py:639} INFO - DAG(s) dict_keys(['example_short_circuit_operator']) retrieved from /home/airflow/.local/lib/python3.6/site-packages/airflow/example_dags/example_short_circuit_operator.py
[2021-02-18 07:46:33,684] {logging_mixin.py:104} INFO - [2021-02-18 07:46:33,684] {dag.py:1818} INFO - Sync 1 DAGs
[2021-02-18 07:46:33,699] {logging_mixin.py:104} INFO - [2021-02-18 07:46:33,699] {dag.py:2273} INFO - Setting next_dagrun for example_short_circuit_operator to 2021-02-16 00:00:00+00:00
[2021-02-18 07:46:33,707] {scheduler_job.py:190} INFO - Processing /home/airflow/.local/lib/python3.6/site-packages/airflow/example_dags/example_short_circuit_operator.py took 0.057 seconds
[2021-02-18 07:47:03,769] {scheduler_job.py:182} INFO - Started process (PID=526) to work on /home/airflow/.local/lib/python3.6/site-packages/airflow/example_dags/example_short_circuit_operator.py
[2021-02-18 07:47:03,770] {scheduler_job.py:629} INFO - Processing file /home/airflow/.local/lib/python3.6/site-packages/airflow/example_dags/example_short_circuit_operator.py for tasks to queue
[2021-02-18 07:47:03,771] {logging_mixin.py:104} INFO - [2021-02-18 07:47:03,770] {dagbag.py:448} INFO - Filling up the DagBag from /home/airflow/.local/lib/python3.6/site-packages/airflow/example_dags/example_short_circuit_operator.py
[2021-02-18 07:47:03,782] {scheduler_job.py:639} INFO - DAG(s) dict_keys(['example_short_circuit_operator']) retrieved from /home/airflow/.local/lib/python3.6/site-packages/airflow/example_dags/example_short_circuit_operator.py
[2021-02-18 07:47:03,807] {logging_mixin.py:104} INFO - [2021-02-18 07:47:03,807] {dag.py:1818} INFO - Sync 1 DAGs
[2021-02-18 07:47:03,821] {logging_mixin.py:104} INFO - [2021-02-18 07:47:03,821] {dag.py:2273} INFO - Setting next_dagrun for example_short_circuit_operator to 2021-02-16 00:00:00+00:00
[2021-02-18 07:47:03,829] {scheduler_job.py:190} INFO - Processing /home/airflow/.local/lib/python3.6/site-packages/airflow/example_dags/example_short_circuit_operator.py took 0.062 seconds
[2021-02-18 07:47:33,882] {scheduler_job.py:182} INFO - Started process (PID=552) to work on /home/airflow/.local/lib/python3.6/site-packages/airflow/example_dags/example_short_circuit_operator.py
[2021-02-18 07:47:33,883] {scheduler_job.py:629} INFO - Processing file /home/airflow/.local/lib/python3.6/site-packages/airflow/example_dags/example_short_circuit_operator.py for tasks to queue
[2021-02-18 07:47:33,883] {logging_mixin.py:104} INFO - [2021-02-18 07:47:33,883] {dagbag.py:448} INFO - Filling up the DagBag from /home/airflow/.local/lib/python3.6/site-packages/airflow/example_dags/example_short_circuit_operator.py
[2021-02-18 07:47:33,895] {scheduler_job.py:639} INFO - DAG(s) dict_keys(['example_short_circuit_operator']) retrieved from /home/airflow/.local/lib/python3.6/site-packages/airflow/example_dags/example_short_circuit_operator.py
[2021-02-18 07:47:33,916] {logging_mixin.py:104} INFO - [2021-02-18 07:47:33,916] {dag.py:1818} INFO - Sync 1 DAGs
[2021-02-18 07:47:33,929] {logging_mixin.py:104} INFO - [2021-02-18 07:47:33,929] {dag.py:2273} INFO - Setting next_dagrun for example_short_circuit_operator to 2021-02-16 00:00:00+00:00
[2021-02-18 07:47:33,936] {scheduler_job.py:190} INFO - Processing /home/airflow/.local/lib/python3.6/site-packages/airflow/example_dags/example_short_circuit_operator.py took 0.057 seconds
[2021-02-18 07:48:03,984] {scheduler_job.py:182} INFO - Started process (PID=578) to work on /home/airflow/.local/lib/python3.6/site-packages/airflow/example_dags/example_short_circuit_operator.py
[2021-02-18 07:48:03,985] {scheduler_job.py:629} INFO - Processing file /home/airflow/.local/lib/python3.6/site-packages/airflow/example_dags/example_short_circuit_operator.py for tasks to queue
[2021-02-18 07:48:03,986] {logging_mixin.py:104} INFO - [2021-02-18 07:48:03,986] {dagbag.py:448} INFO - Filling up the DagBag from /home/airflow/.local/lib/python3.6/site-packages/airflow/example_dags/example_short_circuit_operator.py
[2021-02-18 07:48:03,997] {scheduler_job.py:639} INFO - DAG(s) dict_keys(['example_short_circuit_operator']) retrieved from /home/airflow/.local/lib/python3.6/site-packages/airflow/example_dags/example_short_circuit_operator.py
[2021-02-18 07:48:04,024] {logging_mixin.py:104} INFO - [2021-02-18 07:48:04,024] {dag.py:1818} INFO - Sync 1 DAGs
[2021-02-18 07:48:04,036] {logging_mixin.py:104} INFO - [2021-02-18 07:48:04,036] {dag.py:2273} INFO - Setting next_dagrun for example_short_circuit_operator to 2021-02-16 00:00:00+00:00
[2021-02-18 07:48:04,043] {scheduler_job.py:190} INFO - Processing /home/airflow/.local/lib/python3.6/site-packages/airflow/example_dags/example_short_circuit_operator.py took 0.061 seconds
[2021-02-18 07:48:34,087] {scheduler_job.py:182} INFO - Started process (PID=604) to work on /home/airflow/.local/lib/python3.6/site-packages/airflow/example_dags/example_short_circuit_operator.py
[2021-02-18 07:48:34,088] {scheduler_job.py:629} INFO - Processing file /home/airflow/.local/lib/python3.6/site-packages/airflow/example_dags/example_short_circuit_operator.py for tasks to queue
[2021-02-18 07:48:34,088] {logging_mixin.py:104} INFO - [2021-02-18 07:48:34,088] {dagbag.py:448} INFO - Filling up the DagBag from /home/airflow/.local/lib/python3.6/site-packages/airflow/example_dags/example_short_circuit_operator.py
[2021-02-18 07:48:34,100] {scheduler_job.py:639} INFO - DAG(s) dict_keys(['example_short_circuit_operator']) retrieved from /home/airflow/.local/lib/python3.6/site-packages/airflow/example_dags/example_short_circuit_operator.py
[2021-02-18 07:48:34,126] {logging_mixin.py:104} INFO - [2021-02-18 07:48:34,126] {dag.py:1818} INFO - Sync 1 DAGs
[2021-02-18 07:48:34,140] {logging_mixin.py:104} INFO - [2021-02-18 07:48:34,140] {dag.py:2273} INFO - Setting next_dagrun for example_short_circuit_operator to 2021-02-16 00:00:00+00:00
[2021-02-18 07:48:34,147] {scheduler_job.py:190} INFO - Processing /home/airflow/.local/lib/python3.6/site-packages/airflow/example_dags/example_short_circuit_operator.py took 0.063 seconds
[2021-02-18 07:49:04,187] {scheduler_job.py:182} INFO - Started process (PID=630) to work on /home/airflow/.local/lib/python3.6/site-packages/airflow/example_dags/example_short_circuit_operator.py
[2021-02-18 07:49:04,188] {scheduler_job.py:629} INFO - Processing file /home/airflow/.local/lib/python3.6/site-packages/airflow/example_dags/example_short_circuit_operator.py for tasks to queue
[2021-02-18 07:49:04,189] {logging_mixin.py:104} INFO - [2021-02-18 07:49:04,189] {dagbag.py:448} INFO - Filling up the DagBag from /home/airflow/.local/lib/python3.6/site-packages/airflow/example_dags/example_short_circuit_operator.py
[2021-02-18 07:49:04,201] {scheduler_job.py:639} INFO - DAG(s) dict_keys(['example_short_circuit_operator']) retrieved from /home/airflow/.local/lib/python3.6/site-packages/airflow/example_dags/example_short_circuit_operator.py
[2021-02-18 07:49:04,220] {logging_mixin.py:104} INFO - [2021-02-18 07:49:04,220] {dag.py:1818} INFO - Sync 1 DAGs
[2021-02-18 07:49:04,233] {logging_mixin.py:104} INFO - [2021-02-18 07:49:04,233] {dag.py:2273} INFO - Setting next_dagrun for example_short_circuit_operator to 2021-02-16 00:00:00+00:00
[2021-02-18 07:49:04,241] {scheduler_job.py:190} INFO - Processing /home/airflow/.local/lib/python3.6/site-packages/airflow/example_dags/example_short_circuit_operator.py took 0.056 seconds
[2021-02-18 07:49:34,508] {scheduler_job.py:182} INFO - Started process (PID=658) to work on /home/airflow/.local/lib/python3.6/site-packages/airflow/example_dags/example_short_circuit_operator.py
[2021-02-18 07:49:34,509] {scheduler_job.py:629} INFO - Processing file /home/airflow/.local/lib/python3.6/site-packages/airflow/example_dags/example_short_circuit_operator.py for tasks to queue
[2021-02-18 07:49:34,510] {logging_mixin.py:104} INFO - [2021-02-18 07:49:34,510] {dagbag.py:448} INFO - Filling up the DagBag from /home/airflow/.local/lib/python3.6/site-packages/airflow/example_dags/example_short_circuit_operator.py
[2021-02-18 07:49:34,524] {scheduler_job.py:639} INFO - DAG(s) dict_keys(['example_short_circuit_operator']) retrieved from /home/airflow/.local/lib/python3.6/site-packages/airflow/example_dags/example_short_circuit_operator.py
[2021-02-18 07:49:34,546] {logging_mixin.py:104} INFO - [2021-02-18 07:49:34,546] {dag.py:1818} INFO - Sync 1 DAGs
[2021-02-18 07:49:34,559] {logging_mixin.py:104} INFO - [2021-02-18 07:49:34,559] {dag.py:2273} INFO - Setting next_dagrun for example_short_circuit_operator to 2021-02-16 00:00:00+00:00
[2021-02-18 07:49:34,566] {scheduler_job.py:190} INFO - Processing /home/airflow/.local/lib/python3.6/site-packages/airflow/example_dags/example_short_circuit_operator.py took 0.061 seconds
[2021-02-18 07:50:04,599] {scheduler_job.py:182} INFO - Started process (PID=684) to work on /home/airflow/.local/lib/python3.6/site-packages/airflow/example_dags/example_short_circuit_operator.py
[2021-02-18 07:50:04,601] {scheduler_job.py:629} INFO - Processing file /home/airflow/.local/lib/python3.6/site-packages/airflow/example_dags/example_short_circuit_operator.py for tasks to queue
[2021-02-18 07:50:04,601] {logging_mixin.py:104} INFO - [2021-02-18 07:50:04,601] {dagbag.py:448} INFO - Filling up the DagBag from /home/airflow/.local/lib/python3.6/site-packages/airflow/example_dags/example_short_circuit_operator.py
[2021-02-18 07:50:04,613] {scheduler_job.py:639} INFO - DAG(s) dict_keys(['example_short_circuit_operator']) retrieved from /home/airflow/.local/lib/python3.6/site-packages/airflow/example_dags/example_short_circuit_operator.py
[2021-02-18 07:50:04,632] {logging_mixin.py:104} INFO - [2021-02-18 07:50:04,632] {dag.py:1818} INFO - Sync 1 DAGs
[2021-02-18 07:50:04,643] {logging_mixin.py:104} INFO - [2021-02-18 07:50:04,643] {dag.py:2273} INFO - Setting next_dagrun for example_short_circuit_operator to 2021-02-16 00:00:00+00:00
[2021-02-18 07:50:04,651] {scheduler_job.py:190} INFO - Processing /home/airflow/.local/lib/python3.6/site-packages/airflow/example_dags/example_short_circuit_operator.py took 0.054 seconds
[2021-02-18 07:50:34,736] {scheduler_job.py:182} INFO - Started process (PID=710) to work on /home/airflow/.local/lib/python3.6/site-packages/airflow/example_dags/example_short_circuit_operator.py
[2021-02-18 07:50:34,738] {scheduler_job.py:629} INFO - Processing file /home/airflow/.local/lib/python3.6/site-packages/airflow/example_dags/example_short_circuit_operator.py for tasks to queue
[2021-02-18 07:50:34,739] {logging_mixin.py:104} INFO - [2021-02-18 07:50:34,739] {dagbag.py:448} INFO - Filling up the DagBag from /home/airflow/.local/lib/python3.6/site-packages/airflow/example_dags/example_short_circuit_operator.py
[2021-02-18 07:50:34,752] {scheduler_job.py:639} INFO - DAG(s) dict_keys(['example_short_circuit_operator']) retrieved from /home/airflow/.local/lib/python3.6/site-packages/airflow/example_dags/example_short_circuit_operator.py
[2021-02-18 07:50:34,772] {logging_mixin.py:104} INFO - [2021-02-18 07:50:34,772] {dag.py:1818} INFO - Sync 1 DAGs
[2021-02-18 07:50:34,787] {logging_mixin.py:104} INFO - [2021-02-18 07:50:34,787] {dag.py:2273} INFO - Setting next_dagrun for example_short_circuit_operator to 2021-02-16 00:00:00+00:00
[2021-02-18 07:50:34,794] {scheduler_job.py:190} INFO - Processing /home/airflow/.local/lib/python3.6/site-packages/airflow/example_dags/example_short_circuit_operator.py took 0.062 seconds
[2021-02-18 07:51:04,849] {scheduler_job.py:182} INFO - Started process (PID=735) to work on /home/airflow/.local/lib/python3.6/site-packages/airflow/example_dags/example_short_circuit_operator.py
[2021-02-18 07:51:04,850] {scheduler_job.py:629} INFO - Processing file /home/airflow/.local/lib/python3.6/site-packages/airflow/example_dags/example_short_circuit_operator.py for tasks to queue
[2021-02-18 07:51:04,851] {logging_mixin.py:104} INFO - [2021-02-18 07:51:04,851] {dagbag.py:448} INFO - Filling up the DagBag from /home/airflow/.local/lib/python3.6/site-packages/airflow/example_dags/example_short_circuit_operator.py
[2021-02-18 07:51:04,864] {scheduler_job.py:639} INFO - DAG(s) dict_keys(['example_short_circuit_operator']) retrieved from /home/airflow/.local/lib/python3.6/site-packages/airflow/example_dags/example_short_circuit_operator.py
[2021-02-18 07:51:04,881] {logging_mixin.py:104} INFO - [2021-02-18 07:51:04,881] {dag.py:1818} INFO - Sync 1 DAGs
[2021-02-18 07:51:04,895] {logging_mixin.py:104} INFO - [2021-02-18 07:51:04,894] {dag.py:2273} INFO - Setting next_dagrun for example_short_circuit_operator to 2021-02-16 00:00:00+00:00
[2021-02-18 07:51:04,903] {scheduler_job.py:190} INFO - Processing /home/airflow/.local/lib/python3.6/site-packages/airflow/example_dags/example_short_circuit_operator.py took 0.057 seconds
[2021-02-18 07:51:35,033] {scheduler_job.py:182} INFO - Started process (PID=761) to work on /home/airflow/.local/lib/python3.6/site-packages/airflow/example_dags/example_short_circuit_operator.py
[2021-02-18 07:51:35,034] {scheduler_job.py:629} INFO - Processing file /home/airflow/.local/lib/python3.6/site-packages/airflow/example_dags/example_short_circuit_operator.py for tasks to queue
[2021-02-18 07:51:35,035] {logging_mixin.py:104} INFO - [2021-02-18 07:51:35,035] {dagbag.py:448} INFO - Filling up the DagBag from /home/airflow/.local/lib/python3.6/site-packages/airflow/example_dags/example_short_circuit_operator.py
[2021-02-18 07:51:35,048] {scheduler_job.py:639} INFO - DAG(s) dict_keys(['example_short_circuit_operator']) retrieved from /home/airflow/.local/lib/python3.6/site-packages/airflow/example_dags/example_short_circuit_operator.py
[2021-02-18 07:51:35,068] {logging_mixin.py:104} INFO - [2021-02-18 07:51:35,068] {dag.py:1818} INFO - Sync 1 DAGs
[2021-02-18 07:51:35,084] {logging_mixin.py:104} INFO - [2021-02-18 07:51:35,083] {dag.py:2273} INFO - Setting next_dagrun for example_short_circuit_operator to 2021-02-16 00:00:00+00:00
[2021-02-18 07:51:35,092] {scheduler_job.py:190} INFO - Processing /home/airflow/.local/lib/python3.6/site-packages/airflow/example_dags/example_short_circuit_operator.py took 0.062 seconds
[2021-02-18 07:52:05,179] {scheduler_job.py:182} INFO - Started process (PID=786) to work on /home/airflow/.local/lib/python3.6/site-packages/airflow/example_dags/example_short_circuit_operator.py
[2021-02-18 07:52:05,181] {scheduler_job.py:629} INFO - Processing file /home/airflow/.local/lib/python3.6/site-packages/airflow/example_dags/example_short_circuit_operator.py for tasks to queue
[2021-02-18 07:52:05,182] {logging_mixin.py:104} INFO - [2021-02-18 07:52:05,182] {dagbag.py:448} INFO - Filling up the DagBag from /home/airflow/.local/lib/python3.6/site-packages/airflow/example_dags/example_short_circuit_operator.py
[2021-02-18 07:52:05,196] {scheduler_job.py:639} INFO - DAG(s) dict_keys(['example_short_circuit_operator']) retrieved from /home/airflow/.local/lib/python3.6/site-packages/airflow/example_dags/example_short_circuit_operator.py
[2021-02-18 07:52:05,218] {logging_mixin.py:104} INFO - [2021-02-18 07:52:05,218] {dag.py:1818} INFO - Sync 1 DAGs
[2021-02-18 07:52:05,233] {logging_mixin.py:104} INFO - [2021-02-18 07:52:05,233] {dag.py:2273} INFO - Setting next_dagrun for example_short_circuit_operator to 2021-02-16 00:00:00+00:00
[2021-02-18 07:52:05,241] {scheduler_job.py:190} INFO - Processing /home/airflow/.local/lib/python3.6/site-packages/airflow/example_dags/example_short_circuit_operator.py took 0.066 seconds
[2021-02-18 07:52:35,276] {scheduler_job.py:182} INFO - Started process (PID=811) to work on /home/airflow/.local/lib/python3.6/site-packages/airflow/example_dags/example_short_circuit_operator.py
[2021-02-18 07:52:35,277] {scheduler_job.py:629} INFO - Processing file /home/airflow/.local/lib/python3.6/site-packages/airflow/example_dags/example_short_circuit_operator.py for tasks to queue
[2021-02-18 07:52:35,278] {logging_mixin.py:104} INFO - [2021-02-18 07:52:35,278] {dagbag.py:448} INFO - Filling up the DagBag from /home/airflow/.local/lib/python3.6/site-packages/airflow/example_dags/example_short_circuit_operator.py
[2021-02-18 07:52:35,292] {scheduler_job.py:639} INFO - DAG(s) dict_keys(['example_short_circuit_operator']) retrieved from /home/airflow/.local/lib/python3.6/site-packages/airflow/example_dags/example_short_circuit_operator.py
[2021-02-18 07:52:35,318] {logging_mixin.py:104} INFO - [2021-02-18 07:52:35,318] {dag.py:1818} INFO - Sync 1 DAGs
[2021-02-18 07:52:35,334] {logging_mixin.py:104} INFO - [2021-02-18 07:52:35,334] {dag.py:2273} INFO - Setting next_dagrun for example_short_circuit_operator to 2021-02-16 00:00:00+00:00
[2021-02-18 07:52:35,344] {scheduler_job.py:190} INFO - Processing /home/airflow/.local/lib/python3.6/site-packages/airflow/example_dags/example_short_circuit_operator.py took 0.070 seconds
[2021-02-18 07:53:05,494] {scheduler_job.py:182} INFO - Started process (PID=837) to work on /home/airflow/.local/lib/python3.6/site-packages/airflow/example_dags/example_short_circuit_operator.py
[2021-02-18 07:53:05,495] {scheduler_job.py:629} INFO - Processing file /home/airflow/.local/lib/python3.6/site-packages/airflow/example_dags/example_short_circuit_operator.py for tasks to queue
[2021-02-18 07:53:05,496] {logging_mixin.py:104} INFO - [2021-02-18 07:53:05,496] {dagbag.py:448} INFO - Filling up the DagBag from /home/airflow/.local/lib/python3.6/site-packages/airflow/example_dags/example_short_circuit_operator.py
[2021-02-18 07:53:05,505] {scheduler_job.py:639} INFO - DAG(s) dict_keys(['example_short_circuit_operator']) retrieved from /home/airflow/.local/lib/python3.6/site-packages/airflow/example_dags/example_short_circuit_operator.py
[2021-02-18 07:53:05,526] {logging_mixin.py:104} INFO - [2021-02-18 07:53:05,526] {dag.py:1818} INFO - Sync 1 DAGs
[2021-02-18 07:53:05,538] {logging_mixin.py:104} INFO - [2021-02-18 07:53:05,538] {dag.py:2273} INFO - Setting next_dagrun for example_short_circuit_operator to 2021-02-16 00:00:00+00:00
[2021-02-18 07:53:05,545] {scheduler_job.py:190} INFO - Processing /home/airflow/.local/lib/python3.6/site-packages/airflow/example_dags/example_short_circuit_operator.py took 0.055 seconds
[2021-02-18 07:53:35,582] {scheduler_job.py:182} INFO - Started process (PID=863) to work on /home/airflow/.local/lib/python3.6/site-packages/airflow/example_dags/example_short_circuit_operator.py
[2021-02-18 07:53:35,583] {scheduler_job.py:629} INFO - Processing file /home/airflow/.local/lib/python3.6/site-packages/airflow/example_dags/example_short_circuit_operator.py for tasks to queue
[2021-02-18 07:53:35,583] {logging_mixin.py:104} INFO - [2021-02-18 07:53:35,583] {dagbag.py:448} INFO - Filling up the DagBag from /home/airflow/.local/lib/python3.6/site-packages/airflow/example_dags/example_short_circuit_operator.py
[2021-02-18 07:53:35,593] {scheduler_job.py:639} INFO - DAG(s) dict_keys(['example_short_circuit_operator']) retrieved from /home/airflow/.local/lib/python3.6/site-packages/airflow/example_dags/example_short_circuit_operator.py
[2021-02-18 07:53:35,616] {logging_mixin.py:104} INFO - [2021-02-18 07:53:35,616] {dag.py:1818} INFO - Sync 1 DAGs
[2021-02-18 07:53:35,628] {logging_mixin.py:104} INFO - [2021-02-18 07:53:35,628] {dag.py:2273} INFO - Setting next_dagrun for example_short_circuit_operator to 2021-02-16 00:00:00+00:00
[2021-02-18 07:53:35,634] {scheduler_job.py:190} INFO - Processing /home/airflow/.local/lib/python3.6/site-packages/airflow/example_dags/example_short_circuit_operator.py took 0.055 seconds
[2021-02-18 07:54:05,651] {scheduler_job.py:182} INFO - Started process (PID=888) to work on /home/airflow/.local/lib/python3.6/site-packages/airflow/example_dags/example_short_circuit_operator.py
[2021-02-18 07:54:05,653] {scheduler_job.py:629} INFO - Processing file /home/airflow/.local/lib/python3.6/site-packages/airflow/example_dags/example_short_circuit_operator.py for tasks to queue
[2021-02-18 07:54:05,654] {logging_mixin.py:104} INFO - [2021-02-18 07:54:05,654] {dagbag.py:448} INFO - Filling up the DagBag from /home/airflow/.local/lib/python3.6/site-packages/airflow/example_dags/example_short_circuit_operator.py
[2021-02-18 07:54:05,665] {scheduler_job.py:639} INFO - DAG(s) dict_keys(['example_short_circuit_operator']) retrieved from /home/airflow/.local/lib/python3.6/site-packages/airflow/example_dags/example_short_circuit_operator.py
[2021-02-18 07:54:05,688] {logging_mixin.py:104} INFO - [2021-02-18 07:54:05,688] {dag.py:1818} INFO - Sync 1 DAGs
[2021-02-18 07:54:05,699] {logging_mixin.py:104} INFO - [2021-02-18 07:54:05,699] {dag.py:2273} INFO - Setting next_dagrun for example_short_circuit_operator to 2021-02-16 00:00:00+00:00
[2021-02-18 07:54:05,706] {scheduler_job.py:190} INFO - Processing /home/airflow/.local/lib/python3.6/site-packages/airflow/example_dags/example_short_circuit_operator.py took 0.059 seconds
[2021-02-18 07:55:59,290] {scheduler_job.py:182} INFO - Started process (PID=55) to work on /home/airflow/.local/lib/python3.6/site-packages/airflow/example_dags/example_short_circuit_operator.py
[2021-02-18 07:55:59,291] {scheduler_job.py:629} INFO - Processing file /home/airflow/.local/lib/python3.6/site-packages/airflow/example_dags/example_short_circuit_operator.py for tasks to queue
[2021-02-18 07:55:59,292] {logging_mixin.py:104} INFO - [2021-02-18 07:55:59,292] {dagbag.py:448} INFO - Filling up the DagBag from /home/airflow/.local/lib/python3.6/site-packages/airflow/example_dags/example_short_circuit_operator.py
[2021-02-18 07:55:59,305] {scheduler_job.py:639} INFO - DAG(s) dict_keys(['example_short_circuit_operator']) retrieved from /home/airflow/.local/lib/python3.6/site-packages/airflow/example_dags/example_short_circuit_operator.py
[2021-02-18 07:55:59,326] {logging_mixin.py:104} INFO - [2021-02-18 07:55:59,326] {dag.py:1818} INFO - Sync 1 DAGs
[2021-02-18 07:55:59,337] {logging_mixin.py:104} INFO - [2021-02-18 07:55:59,337] {dag.py:1837} INFO - Creating ORM DAG for example_short_circuit_operator
[2021-02-18 07:55:59,342] {logging_mixin.py:104} INFO - [2021-02-18 07:55:59,342] {dag.py:2273} INFO - Setting next_dagrun for example_short_circuit_operator to 2021-02-16 00:00:00+00:00
[2021-02-18 07:55:59,353] {scheduler_job.py:190} INFO - Processing /home/airflow/.local/lib/python3.6/site-packages/airflow/example_dags/example_short_circuit_operator.py took 0.065 seconds
[2021-02-18 07:56:29,410] {scheduler_job.py:182} INFO - Started process (PID=81) to work on /home/airflow/.local/lib/python3.6/site-packages/airflow/example_dags/example_short_circuit_operator.py
[2021-02-18 07:56:29,411] {scheduler_job.py:629} INFO - Processing file /home/airflow/.local/lib/python3.6/site-packages/airflow/example_dags/example_short_circuit_operator.py for tasks to queue
[2021-02-18 07:56:29,412] {logging_mixin.py:104} INFO - [2021-02-18 07:56:29,412] {dagbag.py:448} INFO - Filling up the DagBag from /home/airflow/.local/lib/python3.6/site-packages/airflow/example_dags/example_short_circuit_operator.py
[2021-02-18 07:56:29,424] {scheduler_job.py:639} INFO - DAG(s) dict_keys(['example_short_circuit_operator']) retrieved from /home/airflow/.local/lib/python3.6/site-packages/airflow/example_dags/example_short_circuit_operator.py
[2021-02-18 07:56:29,440] {logging_mixin.py:104} INFO - [2021-02-18 07:56:29,440] {dag.py:1818} INFO - Sync 1 DAGs
[2021-02-18 07:56:29,452] {logging_mixin.py:104} INFO - [2021-02-18 07:56:29,451] {dag.py:2273} INFO - Setting next_dagrun for example_short_circuit_operator to 2021-02-16 00:00:00+00:00
[2021-02-18 07:56:29,457] {scheduler_job.py:190} INFO - Processing /home/airflow/.local/lib/python3.6/site-packages/airflow/example_dags/example_short_circuit_operator.py took 0.049 seconds
[2021-02-18 07:56:56,623] {scheduler_job.py:182} INFO - Started process (PID=54) to work on /home/airflow/.local/lib/python3.6/site-packages/airflow/example_dags/example_short_circuit_operator.py
[2021-02-18 07:56:56,625] {scheduler_job.py:629} INFO - Processing file /home/airflow/.local/lib/python3.6/site-packages/airflow/example_dags/example_short_circuit_operator.py for tasks to queue
[2021-02-18 07:56:56,626] {logging_mixin.py:104} INFO - [2021-02-18 07:56:56,625] {dagbag.py:448} INFO - Filling up the DagBag from /home/airflow/.local/lib/python3.6/site-packages/airflow/example_dags/example_short_circuit_operator.py
[2021-02-18 07:56:56,636] {scheduler_job.py:639} INFO - DAG(s) dict_keys(['example_short_circuit_operator']) retrieved from /home/airflow/.local/lib/python3.6/site-packages/airflow/example_dags/example_short_circuit_operator.py
[2021-02-18 07:56:56,659] {logging_mixin.py:104} INFO - [2021-02-18 07:56:56,659] {dag.py:1818} INFO - Sync 1 DAGs
[2021-02-18 07:56:56,674] {logging_mixin.py:104} INFO - [2021-02-18 07:56:56,674] {dag.py:2273} INFO - Setting next_dagrun for example_short_circuit_operator to 2021-02-16 00:00:00+00:00
[2021-02-18 07:56:56,685] {scheduler_job.py:190} INFO - Processing /home/airflow/.local/lib/python3.6/site-packages/airflow/example_dags/example_short_circuit_operator.py took 0.067 seconds
[2021-02-18 07:57:26,765] {scheduler_job.py:182} INFO - Started process (PID=80) to work on /home/airflow/.local/lib/python3.6/site-packages/airflow/example_dags/example_short_circuit_operator.py
[2021-02-18 07:57:26,766] {scheduler_job.py:629} INFO - Processing file /home/airflow/.local/lib/python3.6/site-packages/airflow/example_dags/example_short_circuit_operator.py for tasks to queue
[2021-02-18 07:57:26,766] {logging_mixin.py:104} INFO - [2021-02-18 07:57:26,766] {dagbag.py:448} INFO - Filling up the DagBag from /home/airflow/.local/lib/python3.6/site-packages/airflow/example_dags/example_short_circuit_operator.py
[2021-02-18 07:57:26,777] {scheduler_job.py:639} INFO - DAG(s) dict_keys(['example_short_circuit_operator']) retrieved from /home/airflow/.local/lib/python3.6/site-packages/airflow/example_dags/example_short_circuit_operator.py
[2021-02-18 07:57:26,799] {logging_mixin.py:104} INFO - [2021-02-18 07:57:26,799] {dag.py:1818} INFO - Sync 1 DAGs
[2021-02-18 07:57:26,812] {logging_mixin.py:104} INFO - [2021-02-18 07:57:26,812] {dag.py:2273} INFO - Setting next_dagrun for example_short_circuit_operator to 2021-02-16 00:00:00+00:00
[2021-02-18 07:57:26,820] {scheduler_job.py:190} INFO - Processing /home/airflow/.local/lib/python3.6/site-packages/airflow/example_dags/example_short_circuit_operator.py took 0.058 seconds
[2021-02-18 07:57:57,051] {scheduler_job.py:182} INFO - Started process (PID=106) to work on /home/airflow/.local/lib/python3.6/site-packages/airflow/example_dags/example_short_circuit_operator.py
[2021-02-18 07:57:57,052] {scheduler_job.py:629} INFO - Processing file /home/airflow/.local/lib/python3.6/site-packages/airflow/example_dags/example_short_circuit_operator.py for tasks to queue
[2021-02-18 07:57:57,053] {logging_mixin.py:104} INFO - [2021-02-18 07:57:57,053] {dagbag.py:448} INFO - Filling up the DagBag from /home/airflow/.local/lib/python3.6/site-packages/airflow/example_dags/example_short_circuit_operator.py
[2021-02-18 07:57:57,062] {scheduler_job.py:639} INFO - DAG(s) dict_keys(['example_short_circuit_operator']) retrieved from /home/airflow/.local/lib/python3.6/site-packages/airflow/example_dags/example_short_circuit_operator.py
[2021-02-18 07:57:57,080] {logging_mixin.py:104} INFO - [2021-02-18 07:57:57,080] {dag.py:1818} INFO - Sync 1 DAGs
[2021-02-18 07:57:57,091] {logging_mixin.py:104} INFO - [2021-02-18 07:57:57,091] {dag.py:2273} INFO - Setting next_dagrun for example_short_circuit_operator to 2021-02-16 00:00:00+00:00
[2021-02-18 07:57:57,098] {scheduler_job.py:190} INFO - Processing /home/airflow/.local/lib/python3.6/site-packages/airflow/example_dags/example_short_circuit_operator.py took 0.051 seconds
[2021-02-18 07:58:27,119] {scheduler_job.py:182} INFO - Started process (PID=131) to work on /home/airflow/.local/lib/python3.6/site-packages/airflow/example_dags/example_short_circuit_operator.py
[2021-02-18 07:58:27,121] {scheduler_job.py:629} INFO - Processing file /home/airflow/.local/lib/python3.6/site-packages/airflow/example_dags/example_short_circuit_operator.py for tasks to queue
[2021-02-18 07:58:27,122] {logging_mixin.py:104} INFO - [2021-02-18 07:58:27,122] {dagbag.py:448} INFO - Filling up the DagBag from /home/airflow/.local/lib/python3.6/site-packages/airflow/example_dags/example_short_circuit_operator.py
[2021-02-18 07:58:27,131] {scheduler_job.py:639} INFO - DAG(s) dict_keys(['example_short_circuit_operator']) retrieved from /home/airflow/.local/lib/python3.6/site-packages/airflow/example_dags/example_short_circuit_operator.py
[2021-02-18 07:58:27,150] {logging_mixin.py:104} INFO - [2021-02-18 07:58:27,150] {dag.py:1818} INFO - Sync 1 DAGs
[2021-02-18 07:58:27,161] {logging_mixin.py:104} INFO - [2021-02-18 07:58:27,161] {dag.py:2273} INFO - Setting next_dagrun for example_short_circuit_operator to 2021-02-16 00:00:00+00:00
[2021-02-18 07:58:27,167] {scheduler_job.py:190} INFO - Processing /home/airflow/.local/lib/python3.6/site-packages/airflow/example_dags/example_short_circuit_operator.py took 0.052 seconds
[2021-02-18 07:58:57,282] {scheduler_job.py:182} INFO - Started process (PID=158) to work on /home/airflow/.local/lib/python3.6/site-packages/airflow/example_dags/example_short_circuit_operator.py
[2021-02-18 07:58:57,283] {scheduler_job.py:629} INFO - Processing file /home/airflow/.local/lib/python3.6/site-packages/airflow/example_dags/example_short_circuit_operator.py for tasks to queue
[2021-02-18 07:58:57,284] {logging_mixin.py:104} INFO - [2021-02-18 07:58:57,284] {dagbag.py:448} INFO - Filling up the DagBag from /home/airflow/.local/lib/python3.6/site-packages/airflow/example_dags/example_short_circuit_operator.py
[2021-02-18 07:58:57,295] {scheduler_job.py:639} INFO - DAG(s) dict_keys(['example_short_circuit_operator']) retrieved from /home/airflow/.local/lib/python3.6/site-packages/airflow/example_dags/example_short_circuit_operator.py
[2021-02-18 07:58:57,315] {logging_mixin.py:104} INFO - [2021-02-18 07:58:57,315] {dag.py:1818} INFO - Sync 1 DAGs
[2021-02-18 07:58:57,330] {logging_mixin.py:104} INFO - [2021-02-18 07:58:57,330] {dag.py:2273} INFO - Setting next_dagrun for example_short_circuit_operator to 2021-02-16 00:00:00+00:00
[2021-02-18 07:58:57,337] {scheduler_job.py:190} INFO - Processing /home/airflow/.local/lib/python3.6/site-packages/airflow/example_dags/example_short_circuit_operator.py took 0.057 seconds
[2021-02-18 07:59:27,431] {scheduler_job.py:182} INFO - Started process (PID=181) to work on /home/airflow/.local/lib/python3.6/site-packages/airflow/example_dags/example_short_circuit_operator.py
[2021-02-18 07:59:27,432] {scheduler_job.py:629} INFO - Processing file /home/airflow/.local/lib/python3.6/site-packages/airflow/example_dags/example_short_circuit_operator.py for tasks to queue
[2021-02-18 07:59:27,433] {logging_mixin.py:104} INFO - [2021-02-18 07:59:27,433] {dagbag.py:448} INFO - Filling up the DagBag from /home/airflow/.local/lib/python3.6/site-packages/airflow/example_dags/example_short_circuit_operator.py
[2021-02-18 07:59:27,443] {scheduler_job.py:639} INFO - DAG(s) dict_keys(['example_short_circuit_operator']) retrieved from /home/airflow/.local/lib/python3.6/site-packages/airflow/example_dags/example_short_circuit_operator.py
[2021-02-18 07:59:27,464] {logging_mixin.py:104} INFO - [2021-02-18 07:59:27,463] {dag.py:1818} INFO - Sync 1 DAGs
[2021-02-18 07:59:27,478] {logging_mixin.py:104} INFO - [2021-02-18 07:59:27,478] {dag.py:2273} INFO - Setting next_dagrun for example_short_circuit_operator to 2021-02-16 00:00:00+00:00
[2021-02-18 07:59:27,486] {scheduler_job.py:190} INFO - Processing /home/airflow/.local/lib/python3.6/site-packages/airflow/example_dags/example_short_circuit_operator.py took 0.057 seconds
[2021-02-18 07:59:57,559] {scheduler_job.py:182} INFO - Started process (PID=206) to work on /home/airflow/.local/lib/python3.6/site-packages/airflow/example_dags/example_short_circuit_operator.py
[2021-02-18 07:59:57,560] {scheduler_job.py:629} INFO - Processing file /home/airflow/.local/lib/python3.6/site-packages/airflow/example_dags/example_short_circuit_operator.py for tasks to queue
[2021-02-18 07:59:57,560] {logging_mixin.py:104} INFO - [2021-02-18 07:59:57,560] {dagbag.py:448} INFO - Filling up the DagBag from /home/airflow/.local/lib/python3.6/site-packages/airflow/example_dags/example_short_circuit_operator.py
[2021-02-18 07:59:57,571] {scheduler_job.py:639} INFO - DAG(s) dict_keys(['example_short_circuit_operator']) retrieved from /home/airflow/.local/lib/python3.6/site-packages/airflow/example_dags/example_short_circuit_operator.py
[2021-02-18 07:59:57,592] {logging_mixin.py:104} INFO - [2021-02-18 07:59:57,592] {dag.py:1818} INFO - Sync 1 DAGs
[2021-02-18 07:59:57,607] {logging_mixin.py:104} INFO - [2021-02-18 07:59:57,607] {dag.py:2273} INFO - Setting next_dagrun for example_short_circuit_operator to 2021-02-16 00:00:00+00:00
[2021-02-18 07:59:57,614] {scheduler_job.py:190} INFO - Processing /home/airflow/.local/lib/python3.6/site-packages/airflow/example_dags/example_short_circuit_operator.py took 0.057 seconds
