[2021-02-18 07:37:59,080] {scheduler_job.py:182} INFO - Started process (PID=47) to work on /home/airflow/.local/lib/python3.6/site-packages/airflow/example_dags/example_kubernetes_executor.py
[2021-02-18 07:37:59,081] {scheduler_job.py:629} INFO - Processing file /home/airflow/.local/lib/python3.6/site-packages/airflow/example_dags/example_kubernetes_executor.py for tasks to queue
[2021-02-18 07:37:59,082] {logging_mixin.py:104} INFO - [2021-02-18 07:37:59,082] {dagbag.py:448} INFO - Filling up the DagBag from /home/airflow/.local/lib/python3.6/site-packages/airflow/example_dags/example_kubernetes_executor.py
[2021-02-18 07:37:59,096] {scheduler_job.py:639} INFO - DAG(s) dict_keys(['example_kubernetes_executor']) retrieved from /home/airflow/.local/lib/python3.6/site-packages/airflow/example_dags/example_kubernetes_executor.py
[2021-02-18 07:37:59,117] {logging_mixin.py:104} INFO - [2021-02-18 07:37:59,117] {dag.py:1818} INFO - Sync 1 DAGs
[2021-02-18 07:37:59,127] {logging_mixin.py:104} INFO - [2021-02-18 07:37:59,127] {dag.py:1837} INFO - Creating ORM DAG for example_kubernetes_executor
[2021-02-18 07:37:59,133] {logging_mixin.py:104} INFO - [2021-02-18 07:37:59,133] {dag.py:2273} INFO - Setting next_dagrun for example_kubernetes_executor to None
[2021-02-18 07:37:59,146] {scheduler_job.py:190} INFO - Processing /home/airflow/.local/lib/python3.6/site-packages/airflow/example_dags/example_kubernetes_executor.py took 0.069 seconds
[2021-02-18 07:38:29,212] {scheduler_job.py:182} INFO - Started process (PID=72) to work on /home/airflow/.local/lib/python3.6/site-packages/airflow/example_dags/example_kubernetes_executor.py
[2021-02-18 07:38:29,214] {scheduler_job.py:629} INFO - Processing file /home/airflow/.local/lib/python3.6/site-packages/airflow/example_dags/example_kubernetes_executor.py for tasks to queue
[2021-02-18 07:38:29,214] {logging_mixin.py:104} INFO - [2021-02-18 07:38:29,214] {dagbag.py:448} INFO - Filling up the DagBag from /home/airflow/.local/lib/python3.6/site-packages/airflow/example_dags/example_kubernetes_executor.py
[2021-02-18 07:38:29,225] {scheduler_job.py:639} INFO - DAG(s) dict_keys(['example_kubernetes_executor']) retrieved from /home/airflow/.local/lib/python3.6/site-packages/airflow/example_dags/example_kubernetes_executor.py
[2021-02-18 07:38:29,246] {logging_mixin.py:104} INFO - [2021-02-18 07:38:29,246] {dag.py:1818} INFO - Sync 1 DAGs
[2021-02-18 07:38:29,260] {logging_mixin.py:104} INFO - [2021-02-18 07:38:29,259] {dag.py:2273} INFO - Setting next_dagrun for example_kubernetes_executor to None
[2021-02-18 07:38:29,267] {scheduler_job.py:190} INFO - Processing /home/airflow/.local/lib/python3.6/site-packages/airflow/example_dags/example_kubernetes_executor.py took 0.060 seconds
[2021-02-18 07:38:59,342] {scheduler_job.py:182} INFO - Started process (PID=98) to work on /home/airflow/.local/lib/python3.6/site-packages/airflow/example_dags/example_kubernetes_executor.py
[2021-02-18 07:38:59,343] {scheduler_job.py:629} INFO - Processing file /home/airflow/.local/lib/python3.6/site-packages/airflow/example_dags/example_kubernetes_executor.py for tasks to queue
[2021-02-18 07:38:59,344] {logging_mixin.py:104} INFO - [2021-02-18 07:38:59,344] {dagbag.py:448} INFO - Filling up the DagBag from /home/airflow/.local/lib/python3.6/site-packages/airflow/example_dags/example_kubernetes_executor.py
[2021-02-18 07:38:59,355] {scheduler_job.py:639} INFO - DAG(s) dict_keys(['example_kubernetes_executor']) retrieved from /home/airflow/.local/lib/python3.6/site-packages/airflow/example_dags/example_kubernetes_executor.py
[2021-02-18 07:38:59,398] {logging_mixin.py:104} INFO - [2021-02-18 07:38:59,397] {dag.py:1818} INFO - Sync 1 DAGs
[2021-02-18 07:38:59,415] {logging_mixin.py:104} INFO - [2021-02-18 07:38:59,415] {dag.py:2273} INFO - Setting next_dagrun for example_kubernetes_executor to None
[2021-02-18 07:38:59,425] {scheduler_job.py:190} INFO - Processing /home/airflow/.local/lib/python3.6/site-packages/airflow/example_dags/example_kubernetes_executor.py took 0.086 seconds
[2021-02-18 07:39:29,587] {scheduler_job.py:182} INFO - Started process (PID=124) to work on /home/airflow/.local/lib/python3.6/site-packages/airflow/example_dags/example_kubernetes_executor.py
[2021-02-18 07:39:29,589] {scheduler_job.py:629} INFO - Processing file /home/airflow/.local/lib/python3.6/site-packages/airflow/example_dags/example_kubernetes_executor.py for tasks to queue
[2021-02-18 07:39:29,590] {logging_mixin.py:104} INFO - [2021-02-18 07:39:29,590] {dagbag.py:448} INFO - Filling up the DagBag from /home/airflow/.local/lib/python3.6/site-packages/airflow/example_dags/example_kubernetes_executor.py
[2021-02-18 07:39:29,599] {scheduler_job.py:639} INFO - DAG(s) dict_keys(['example_kubernetes_executor']) retrieved from /home/airflow/.local/lib/python3.6/site-packages/airflow/example_dags/example_kubernetes_executor.py
[2021-02-18 07:39:29,619] {logging_mixin.py:104} INFO - [2021-02-18 07:39:29,619] {dag.py:1818} INFO - Sync 1 DAGs
[2021-02-18 07:39:29,635] {logging_mixin.py:104} INFO - [2021-02-18 07:39:29,635] {dag.py:2273} INFO - Setting next_dagrun for example_kubernetes_executor to None
[2021-02-18 07:39:29,644] {scheduler_job.py:190} INFO - Processing /home/airflow/.local/lib/python3.6/site-packages/airflow/example_dags/example_kubernetes_executor.py took 0.061 seconds
[2021-02-18 07:39:59,809] {scheduler_job.py:182} INFO - Started process (PID=149) to work on /home/airflow/.local/lib/python3.6/site-packages/airflow/example_dags/example_kubernetes_executor.py
[2021-02-18 07:39:59,810] {scheduler_job.py:629} INFO - Processing file /home/airflow/.local/lib/python3.6/site-packages/airflow/example_dags/example_kubernetes_executor.py for tasks to queue
[2021-02-18 07:39:59,811] {logging_mixin.py:104} INFO - [2021-02-18 07:39:59,811] {dagbag.py:448} INFO - Filling up the DagBag from /home/airflow/.local/lib/python3.6/site-packages/airflow/example_dags/example_kubernetes_executor.py
[2021-02-18 07:39:59,822] {scheduler_job.py:639} INFO - DAG(s) dict_keys(['example_kubernetes_executor']) retrieved from /home/airflow/.local/lib/python3.6/site-packages/airflow/example_dags/example_kubernetes_executor.py
[2021-02-18 07:39:59,850] {logging_mixin.py:104} INFO - [2021-02-18 07:39:59,850] {dag.py:1818} INFO - Sync 1 DAGs
[2021-02-18 07:39:59,864] {logging_mixin.py:104} INFO - [2021-02-18 07:39:59,864] {dag.py:2273} INFO - Setting next_dagrun for example_kubernetes_executor to None
[2021-02-18 07:39:59,875] {scheduler_job.py:190} INFO - Processing /home/airflow/.local/lib/python3.6/site-packages/airflow/example_dags/example_kubernetes_executor.py took 0.069 seconds
[2021-02-18 07:40:29,928] {scheduler_job.py:182} INFO - Started process (PID=171) to work on /home/airflow/.local/lib/python3.6/site-packages/airflow/example_dags/example_kubernetes_executor.py
[2021-02-18 07:40:29,930] {scheduler_job.py:629} INFO - Processing file /home/airflow/.local/lib/python3.6/site-packages/airflow/example_dags/example_kubernetes_executor.py for tasks to queue
[2021-02-18 07:40:29,931] {logging_mixin.py:104} INFO - [2021-02-18 07:40:29,931] {dagbag.py:448} INFO - Filling up the DagBag from /home/airflow/.local/lib/python3.6/site-packages/airflow/example_dags/example_kubernetes_executor.py
[2021-02-18 07:40:29,942] {scheduler_job.py:639} INFO - DAG(s) dict_keys(['example_kubernetes_executor']) retrieved from /home/airflow/.local/lib/python3.6/site-packages/airflow/example_dags/example_kubernetes_executor.py
[2021-02-18 07:40:29,966] {logging_mixin.py:104} INFO - [2021-02-18 07:40:29,966] {dag.py:1818} INFO - Sync 1 DAGs
[2021-02-18 07:40:29,982] {logging_mixin.py:104} INFO - [2021-02-18 07:40:29,982] {dag.py:2273} INFO - Setting next_dagrun for example_kubernetes_executor to None
[2021-02-18 07:40:29,989] {scheduler_job.py:190} INFO - Processing /home/airflow/.local/lib/python3.6/site-packages/airflow/example_dags/example_kubernetes_executor.py took 0.066 seconds
[2021-02-18 07:41:00,093] {scheduler_job.py:182} INFO - Started process (PID=197) to work on /home/airflow/.local/lib/python3.6/site-packages/airflow/example_dags/example_kubernetes_executor.py
[2021-02-18 07:41:00,094] {scheduler_job.py:629} INFO - Processing file /home/airflow/.local/lib/python3.6/site-packages/airflow/example_dags/example_kubernetes_executor.py for tasks to queue
[2021-02-18 07:41:00,095] {logging_mixin.py:104} INFO - [2021-02-18 07:41:00,095] {dagbag.py:448} INFO - Filling up the DagBag from /home/airflow/.local/lib/python3.6/site-packages/airflow/example_dags/example_kubernetes_executor.py
[2021-02-18 07:41:00,105] {scheduler_job.py:639} INFO - DAG(s) dict_keys(['example_kubernetes_executor']) retrieved from /home/airflow/.local/lib/python3.6/site-packages/airflow/example_dags/example_kubernetes_executor.py
[2021-02-18 07:41:00,123] {logging_mixin.py:104} INFO - [2021-02-18 07:41:00,122] {dag.py:1818} INFO - Sync 1 DAGs
[2021-02-18 07:41:00,134] {logging_mixin.py:104} INFO - [2021-02-18 07:41:00,134] {dag.py:2273} INFO - Setting next_dagrun for example_kubernetes_executor to None
[2021-02-18 07:41:00,141] {scheduler_job.py:190} INFO - Processing /home/airflow/.local/lib/python3.6/site-packages/airflow/example_dags/example_kubernetes_executor.py took 0.053 seconds
[2021-02-18 07:41:30,188] {scheduler_job.py:182} INFO - Started process (PID=223) to work on /home/airflow/.local/lib/python3.6/site-packages/airflow/example_dags/example_kubernetes_executor.py
[2021-02-18 07:41:30,190] {scheduler_job.py:629} INFO - Processing file /home/airflow/.local/lib/python3.6/site-packages/airflow/example_dags/example_kubernetes_executor.py for tasks to queue
[2021-02-18 07:41:30,191] {logging_mixin.py:104} INFO - [2021-02-18 07:41:30,190] {dagbag.py:448} INFO - Filling up the DagBag from /home/airflow/.local/lib/python3.6/site-packages/airflow/example_dags/example_kubernetes_executor.py
[2021-02-18 07:41:30,198] {scheduler_job.py:639} INFO - DAG(s) dict_keys(['example_kubernetes_executor']) retrieved from /home/airflow/.local/lib/python3.6/site-packages/airflow/example_dags/example_kubernetes_executor.py
[2021-02-18 07:41:30,219] {logging_mixin.py:104} INFO - [2021-02-18 07:41:30,219] {dag.py:1818} INFO - Sync 1 DAGs
[2021-02-18 07:41:30,234] {logging_mixin.py:104} INFO - [2021-02-18 07:41:30,234] {dag.py:2273} INFO - Setting next_dagrun for example_kubernetes_executor to None
[2021-02-18 07:41:30,244] {scheduler_job.py:190} INFO - Processing /home/airflow/.local/lib/python3.6/site-packages/airflow/example_dags/example_kubernetes_executor.py took 0.059 seconds
[2021-02-18 07:42:01,442] {scheduler_job.py:182} INFO - Started process (PID=255) to work on /home/airflow/.local/lib/python3.6/site-packages/airflow/example_dags/example_kubernetes_executor.py
[2021-02-18 07:42:01,444] {scheduler_job.py:629} INFO - Processing file /home/airflow/.local/lib/python3.6/site-packages/airflow/example_dags/example_kubernetes_executor.py for tasks to queue
[2021-02-18 07:42:01,445] {logging_mixin.py:104} INFO - [2021-02-18 07:42:01,444] {dagbag.py:448} INFO - Filling up the DagBag from /home/airflow/.local/lib/python3.6/site-packages/airflow/example_dags/example_kubernetes_executor.py
[2021-02-18 07:42:01,454] {scheduler_job.py:639} INFO - DAG(s) dict_keys(['example_kubernetes_executor']) retrieved from /home/airflow/.local/lib/python3.6/site-packages/airflow/example_dags/example_kubernetes_executor.py
[2021-02-18 07:42:01,474] {logging_mixin.py:104} INFO - [2021-02-18 07:42:01,473] {dag.py:1818} INFO - Sync 1 DAGs
[2021-02-18 07:42:01,487] {logging_mixin.py:104} INFO - [2021-02-18 07:42:01,487] {dag.py:2273} INFO - Setting next_dagrun for example_kubernetes_executor to None
[2021-02-18 07:42:01,495] {scheduler_job.py:190} INFO - Processing /home/airflow/.local/lib/python3.6/site-packages/airflow/example_dags/example_kubernetes_executor.py took 0.057 seconds
[2021-02-18 07:42:31,525] {scheduler_job.py:182} INFO - Started process (PID=280) to work on /home/airflow/.local/lib/python3.6/site-packages/airflow/example_dags/example_kubernetes_executor.py
[2021-02-18 07:42:31,527] {scheduler_job.py:629} INFO - Processing file /home/airflow/.local/lib/python3.6/site-packages/airflow/example_dags/example_kubernetes_executor.py for tasks to queue
[2021-02-18 07:42:31,528] {logging_mixin.py:104} INFO - [2021-02-18 07:42:31,527] {dagbag.py:448} INFO - Filling up the DagBag from /home/airflow/.local/lib/python3.6/site-packages/airflow/example_dags/example_kubernetes_executor.py
[2021-02-18 07:42:31,539] {scheduler_job.py:639} INFO - DAG(s) dict_keys(['example_kubernetes_executor']) retrieved from /home/airflow/.local/lib/python3.6/site-packages/airflow/example_dags/example_kubernetes_executor.py
[2021-02-18 07:42:31,558] {logging_mixin.py:104} INFO - [2021-02-18 07:42:31,558] {dag.py:1818} INFO - Sync 1 DAGs
[2021-02-18 07:42:31,570] {logging_mixin.py:104} INFO - [2021-02-18 07:42:31,570] {dag.py:2273} INFO - Setting next_dagrun for example_kubernetes_executor to None
[2021-02-18 07:42:31,578] {scheduler_job.py:190} INFO - Processing /home/airflow/.local/lib/python3.6/site-packages/airflow/example_dags/example_kubernetes_executor.py took 0.058 seconds
[2021-02-18 07:43:01,655] {scheduler_job.py:182} INFO - Started process (PID=304) to work on /home/airflow/.local/lib/python3.6/site-packages/airflow/example_dags/example_kubernetes_executor.py
[2021-02-18 07:43:01,657] {scheduler_job.py:629} INFO - Processing file /home/airflow/.local/lib/python3.6/site-packages/airflow/example_dags/example_kubernetes_executor.py for tasks to queue
[2021-02-18 07:43:01,659] {logging_mixin.py:104} INFO - [2021-02-18 07:43:01,658] {dagbag.py:448} INFO - Filling up the DagBag from /home/airflow/.local/lib/python3.6/site-packages/airflow/example_dags/example_kubernetes_executor.py
[2021-02-18 07:43:01,668] {scheduler_job.py:639} INFO - DAG(s) dict_keys(['example_kubernetes_executor']) retrieved from /home/airflow/.local/lib/python3.6/site-packages/airflow/example_dags/example_kubernetes_executor.py
[2021-02-18 07:43:01,689] {logging_mixin.py:104} INFO - [2021-02-18 07:43:01,689] {dag.py:1818} INFO - Sync 1 DAGs
[2021-02-18 07:43:01,702] {logging_mixin.py:104} INFO - [2021-02-18 07:43:01,702] {dag.py:2273} INFO - Setting next_dagrun for example_kubernetes_executor to None
[2021-02-18 07:43:01,715] {scheduler_job.py:190} INFO - Processing /home/airflow/.local/lib/python3.6/site-packages/airflow/example_dags/example_kubernetes_executor.py took 0.066 seconds
[2021-02-18 07:43:31,899] {scheduler_job.py:182} INFO - Started process (PID=330) to work on /home/airflow/.local/lib/python3.6/site-packages/airflow/example_dags/example_kubernetes_executor.py
[2021-02-18 07:43:31,899] {scheduler_job.py:629} INFO - Processing file /home/airflow/.local/lib/python3.6/site-packages/airflow/example_dags/example_kubernetes_executor.py for tasks to queue
[2021-02-18 07:43:31,900] {logging_mixin.py:104} INFO - [2021-02-18 07:43:31,900] {dagbag.py:448} INFO - Filling up the DagBag from /home/airflow/.local/lib/python3.6/site-packages/airflow/example_dags/example_kubernetes_executor.py
[2021-02-18 07:43:31,910] {scheduler_job.py:639} INFO - DAG(s) dict_keys(['example_kubernetes_executor']) retrieved from /home/airflow/.local/lib/python3.6/site-packages/airflow/example_dags/example_kubernetes_executor.py
[2021-02-18 07:43:31,934] {logging_mixin.py:104} INFO - [2021-02-18 07:43:31,933] {dag.py:1818} INFO - Sync 1 DAGs
[2021-02-18 07:43:31,948] {logging_mixin.py:104} INFO - [2021-02-18 07:43:31,948] {dag.py:2273} INFO - Setting next_dagrun for example_kubernetes_executor to None
[2021-02-18 07:43:31,958] {scheduler_job.py:190} INFO - Processing /home/airflow/.local/lib/python3.6/site-packages/airflow/example_dags/example_kubernetes_executor.py took 0.061 seconds
[2021-02-18 07:44:02,047] {scheduler_job.py:182} INFO - Started process (PID=357) to work on /home/airflow/.local/lib/python3.6/site-packages/airflow/example_dags/example_kubernetes_executor.py
[2021-02-18 07:44:02,049] {scheduler_job.py:629} INFO - Processing file /home/airflow/.local/lib/python3.6/site-packages/airflow/example_dags/example_kubernetes_executor.py for tasks to queue
[2021-02-18 07:44:02,049] {logging_mixin.py:104} INFO - [2021-02-18 07:44:02,049] {dagbag.py:448} INFO - Filling up the DagBag from /home/airflow/.local/lib/python3.6/site-packages/airflow/example_dags/example_kubernetes_executor.py
[2021-02-18 07:44:02,062] {scheduler_job.py:639} INFO - DAG(s) dict_keys(['example_kubernetes_executor']) retrieved from /home/airflow/.local/lib/python3.6/site-packages/airflow/example_dags/example_kubernetes_executor.py
[2021-02-18 07:44:02,079] {logging_mixin.py:104} INFO - [2021-02-18 07:44:02,079] {dag.py:1818} INFO - Sync 1 DAGs
[2021-02-18 07:44:02,097] {logging_mixin.py:104} INFO - [2021-02-18 07:44:02,097] {dag.py:2273} INFO - Setting next_dagrun for example_kubernetes_executor to None
[2021-02-18 07:44:02,106] {scheduler_job.py:190} INFO - Processing /home/airflow/.local/lib/python3.6/site-packages/airflow/example_dags/example_kubernetes_executor.py took 0.062 seconds
[2021-02-18 07:44:32,280] {scheduler_job.py:182} INFO - Started process (PID=382) to work on /home/airflow/.local/lib/python3.6/site-packages/airflow/example_dags/example_kubernetes_executor.py
[2021-02-18 07:44:32,282] {scheduler_job.py:629} INFO - Processing file /home/airflow/.local/lib/python3.6/site-packages/airflow/example_dags/example_kubernetes_executor.py for tasks to queue
[2021-02-18 07:44:32,282] {logging_mixin.py:104} INFO - [2021-02-18 07:44:32,282] {dagbag.py:448} INFO - Filling up the DagBag from /home/airflow/.local/lib/python3.6/site-packages/airflow/example_dags/example_kubernetes_executor.py
[2021-02-18 07:44:32,291] {scheduler_job.py:639} INFO - DAG(s) dict_keys(['example_kubernetes_executor']) retrieved from /home/airflow/.local/lib/python3.6/site-packages/airflow/example_dags/example_kubernetes_executor.py
[2021-02-18 07:44:32,313] {logging_mixin.py:104} INFO - [2021-02-18 07:44:32,313] {dag.py:1818} INFO - Sync 1 DAGs
[2021-02-18 07:44:32,326] {logging_mixin.py:104} INFO - [2021-02-18 07:44:32,326] {dag.py:2273} INFO - Setting next_dagrun for example_kubernetes_executor to None
[2021-02-18 07:44:32,332] {scheduler_job.py:190} INFO - Processing /home/airflow/.local/lib/python3.6/site-packages/airflow/example_dags/example_kubernetes_executor.py took 0.056 seconds
[2021-02-18 07:45:02,429] {scheduler_job.py:182} INFO - Started process (PID=407) to work on /home/airflow/.local/lib/python3.6/site-packages/airflow/example_dags/example_kubernetes_executor.py
[2021-02-18 07:45:02,431] {scheduler_job.py:629} INFO - Processing file /home/airflow/.local/lib/python3.6/site-packages/airflow/example_dags/example_kubernetes_executor.py for tasks to queue
[2021-02-18 07:45:02,432] {logging_mixin.py:104} INFO - [2021-02-18 07:45:02,432] {dagbag.py:448} INFO - Filling up the DagBag from /home/airflow/.local/lib/python3.6/site-packages/airflow/example_dags/example_kubernetes_executor.py
[2021-02-18 07:45:02,443] {scheduler_job.py:639} INFO - DAG(s) dict_keys(['example_kubernetes_executor']) retrieved from /home/airflow/.local/lib/python3.6/site-packages/airflow/example_dags/example_kubernetes_executor.py
[2021-02-18 07:45:02,459] {logging_mixin.py:104} INFO - [2021-02-18 07:45:02,459] {dag.py:1818} INFO - Sync 1 DAGs
[2021-02-18 07:45:02,472] {logging_mixin.py:104} INFO - [2021-02-18 07:45:02,472] {dag.py:2273} INFO - Setting next_dagrun for example_kubernetes_executor to None
[2021-02-18 07:45:02,479] {scheduler_job.py:190} INFO - Processing /home/airflow/.local/lib/python3.6/site-packages/airflow/example_dags/example_kubernetes_executor.py took 0.054 seconds
[2021-02-18 07:45:32,543] {scheduler_job.py:182} INFO - Started process (PID=432) to work on /home/airflow/.local/lib/python3.6/site-packages/airflow/example_dags/example_kubernetes_executor.py
[2021-02-18 07:45:32,544] {scheduler_job.py:629} INFO - Processing file /home/airflow/.local/lib/python3.6/site-packages/airflow/example_dags/example_kubernetes_executor.py for tasks to queue
[2021-02-18 07:45:32,544] {logging_mixin.py:104} INFO - [2021-02-18 07:45:32,544] {dagbag.py:448} INFO - Filling up the DagBag from /home/airflow/.local/lib/python3.6/site-packages/airflow/example_dags/example_kubernetes_executor.py
[2021-02-18 07:45:32,554] {scheduler_job.py:639} INFO - DAG(s) dict_keys(['example_kubernetes_executor']) retrieved from /home/airflow/.local/lib/python3.6/site-packages/airflow/example_dags/example_kubernetes_executor.py
[2021-02-18 07:45:32,574] {logging_mixin.py:104} INFO - [2021-02-18 07:45:32,574] {dag.py:1818} INFO - Sync 1 DAGs
[2021-02-18 07:45:32,588] {logging_mixin.py:104} INFO - [2021-02-18 07:45:32,587] {dag.py:2273} INFO - Setting next_dagrun for example_kubernetes_executor to None
[2021-02-18 07:45:32,596] {scheduler_job.py:190} INFO - Processing /home/airflow/.local/lib/python3.6/site-packages/airflow/example_dags/example_kubernetes_executor.py took 0.057 seconds
[2021-02-18 07:46:02,704] {scheduler_job.py:182} INFO - Started process (PID=458) to work on /home/airflow/.local/lib/python3.6/site-packages/airflow/example_dags/example_kubernetes_executor.py
[2021-02-18 07:46:02,706] {scheduler_job.py:629} INFO - Processing file /home/airflow/.local/lib/python3.6/site-packages/airflow/example_dags/example_kubernetes_executor.py for tasks to queue
[2021-02-18 07:46:02,707] {logging_mixin.py:104} INFO - [2021-02-18 07:46:02,707] {dagbag.py:448} INFO - Filling up the DagBag from /home/airflow/.local/lib/python3.6/site-packages/airflow/example_dags/example_kubernetes_executor.py
[2021-02-18 07:46:02,716] {scheduler_job.py:639} INFO - DAG(s) dict_keys(['example_kubernetes_executor']) retrieved from /home/airflow/.local/lib/python3.6/site-packages/airflow/example_dags/example_kubernetes_executor.py
[2021-02-18 07:46:02,734] {logging_mixin.py:104} INFO - [2021-02-18 07:46:02,734] {dag.py:1818} INFO - Sync 1 DAGs
[2021-02-18 07:46:02,749] {logging_mixin.py:104} INFO - [2021-02-18 07:46:02,748] {dag.py:2273} INFO - Setting next_dagrun for example_kubernetes_executor to None
[2021-02-18 07:46:02,757] {scheduler_job.py:190} INFO - Processing /home/airflow/.local/lib/python3.6/site-packages/airflow/example_dags/example_kubernetes_executor.py took 0.058 seconds
[2021-02-18 07:46:32,967] {scheduler_job.py:182} INFO - Started process (PID=485) to work on /home/airflow/.local/lib/python3.6/site-packages/airflow/example_dags/example_kubernetes_executor.py
[2021-02-18 07:46:32,968] {scheduler_job.py:629} INFO - Processing file /home/airflow/.local/lib/python3.6/site-packages/airflow/example_dags/example_kubernetes_executor.py for tasks to queue
[2021-02-18 07:46:32,968] {logging_mixin.py:104} INFO - [2021-02-18 07:46:32,968] {dagbag.py:448} INFO - Filling up the DagBag from /home/airflow/.local/lib/python3.6/site-packages/airflow/example_dags/example_kubernetes_executor.py
[2021-02-18 07:46:32,979] {scheduler_job.py:639} INFO - DAG(s) dict_keys(['example_kubernetes_executor']) retrieved from /home/airflow/.local/lib/python3.6/site-packages/airflow/example_dags/example_kubernetes_executor.py
[2021-02-18 07:46:32,999] {logging_mixin.py:104} INFO - [2021-02-18 07:46:32,998] {dag.py:1818} INFO - Sync 1 DAGs
[2021-02-18 07:46:33,010] {logging_mixin.py:104} INFO - [2021-02-18 07:46:33,010] {dag.py:2273} INFO - Setting next_dagrun for example_kubernetes_executor to None
[2021-02-18 07:46:33,018] {scheduler_job.py:190} INFO - Processing /home/airflow/.local/lib/python3.6/site-packages/airflow/example_dags/example_kubernetes_executor.py took 0.054 seconds
[2021-02-18 07:47:03,194] {scheduler_job.py:182} INFO - Started process (PID=513) to work on /home/airflow/.local/lib/python3.6/site-packages/airflow/example_dags/example_kubernetes_executor.py
[2021-02-18 07:47:03,196] {scheduler_job.py:629} INFO - Processing file /home/airflow/.local/lib/python3.6/site-packages/airflow/example_dags/example_kubernetes_executor.py for tasks to queue
[2021-02-18 07:47:03,197] {logging_mixin.py:104} INFO - [2021-02-18 07:47:03,197] {dagbag.py:448} INFO - Filling up the DagBag from /home/airflow/.local/lib/python3.6/site-packages/airflow/example_dags/example_kubernetes_executor.py
[2021-02-18 07:47:03,210] {scheduler_job.py:639} INFO - DAG(s) dict_keys(['example_kubernetes_executor']) retrieved from /home/airflow/.local/lib/python3.6/site-packages/airflow/example_dags/example_kubernetes_executor.py
[2021-02-18 07:47:03,228] {logging_mixin.py:104} INFO - [2021-02-18 07:47:03,228] {dag.py:1818} INFO - Sync 1 DAGs
[2021-02-18 07:47:03,244] {logging_mixin.py:104} INFO - [2021-02-18 07:47:03,244] {dag.py:2273} INFO - Setting next_dagrun for example_kubernetes_executor to None
[2021-02-18 07:47:03,252] {scheduler_job.py:190} INFO - Processing /home/airflow/.local/lib/python3.6/site-packages/airflow/example_dags/example_kubernetes_executor.py took 0.060 seconds
[2021-02-18 07:47:33,328] {scheduler_job.py:182} INFO - Started process (PID=537) to work on /home/airflow/.local/lib/python3.6/site-packages/airflow/example_dags/example_kubernetes_executor.py
[2021-02-18 07:47:33,329] {scheduler_job.py:629} INFO - Processing file /home/airflow/.local/lib/python3.6/site-packages/airflow/example_dags/example_kubernetes_executor.py for tasks to queue
[2021-02-18 07:47:33,330] {logging_mixin.py:104} INFO - [2021-02-18 07:47:33,330] {dagbag.py:448} INFO - Filling up the DagBag from /home/airflow/.local/lib/python3.6/site-packages/airflow/example_dags/example_kubernetes_executor.py
[2021-02-18 07:47:33,341] {scheduler_job.py:639} INFO - DAG(s) dict_keys(['example_kubernetes_executor']) retrieved from /home/airflow/.local/lib/python3.6/site-packages/airflow/example_dags/example_kubernetes_executor.py
[2021-02-18 07:47:33,361] {logging_mixin.py:104} INFO - [2021-02-18 07:47:33,361] {dag.py:1818} INFO - Sync 1 DAGs
[2021-02-18 07:47:33,378] {logging_mixin.py:104} INFO - [2021-02-18 07:47:33,378] {dag.py:2273} INFO - Setting next_dagrun for example_kubernetes_executor to None
[2021-02-18 07:47:33,386] {scheduler_job.py:190} INFO - Processing /home/airflow/.local/lib/python3.6/site-packages/airflow/example_dags/example_kubernetes_executor.py took 0.062 seconds
[2021-02-18 07:48:03,449] {scheduler_job.py:182} INFO - Started process (PID=563) to work on /home/airflow/.local/lib/python3.6/site-packages/airflow/example_dags/example_kubernetes_executor.py
[2021-02-18 07:48:03,450] {scheduler_job.py:629} INFO - Processing file /home/airflow/.local/lib/python3.6/site-packages/airflow/example_dags/example_kubernetes_executor.py for tasks to queue
[2021-02-18 07:48:03,450] {logging_mixin.py:104} INFO - [2021-02-18 07:48:03,450] {dagbag.py:448} INFO - Filling up the DagBag from /home/airflow/.local/lib/python3.6/site-packages/airflow/example_dags/example_kubernetes_executor.py
[2021-02-18 07:48:03,461] {scheduler_job.py:639} INFO - DAG(s) dict_keys(['example_kubernetes_executor']) retrieved from /home/airflow/.local/lib/python3.6/site-packages/airflow/example_dags/example_kubernetes_executor.py
[2021-02-18 07:48:03,487] {logging_mixin.py:104} INFO - [2021-02-18 07:48:03,487] {dag.py:1818} INFO - Sync 1 DAGs
[2021-02-18 07:48:03,500] {logging_mixin.py:104} INFO - [2021-02-18 07:48:03,499] {dag.py:2273} INFO - Setting next_dagrun for example_kubernetes_executor to None
[2021-02-18 07:48:03,506] {scheduler_job.py:190} INFO - Processing /home/airflow/.local/lib/python3.6/site-packages/airflow/example_dags/example_kubernetes_executor.py took 0.059 seconds
[2021-02-18 07:48:33,541] {scheduler_job.py:182} INFO - Started process (PID=589) to work on /home/airflow/.local/lib/python3.6/site-packages/airflow/example_dags/example_kubernetes_executor.py
[2021-02-18 07:48:33,542] {scheduler_job.py:629} INFO - Processing file /home/airflow/.local/lib/python3.6/site-packages/airflow/example_dags/example_kubernetes_executor.py for tasks to queue
[2021-02-18 07:48:33,543] {logging_mixin.py:104} INFO - [2021-02-18 07:48:33,543] {dagbag.py:448} INFO - Filling up the DagBag from /home/airflow/.local/lib/python3.6/site-packages/airflow/example_dags/example_kubernetes_executor.py
[2021-02-18 07:48:33,553] {scheduler_job.py:639} INFO - DAG(s) dict_keys(['example_kubernetes_executor']) retrieved from /home/airflow/.local/lib/python3.6/site-packages/airflow/example_dags/example_kubernetes_executor.py
[2021-02-18 07:48:33,575] {logging_mixin.py:104} INFO - [2021-02-18 07:48:33,575] {dag.py:1818} INFO - Sync 1 DAGs
[2021-02-18 07:48:33,589] {logging_mixin.py:104} INFO - [2021-02-18 07:48:33,589] {dag.py:2273} INFO - Setting next_dagrun for example_kubernetes_executor to None
[2021-02-18 07:48:33,596] {scheduler_job.py:190} INFO - Processing /home/airflow/.local/lib/python3.6/site-packages/airflow/example_dags/example_kubernetes_executor.py took 0.058 seconds
[2021-02-18 07:49:03,671] {scheduler_job.py:182} INFO - Started process (PID=615) to work on /home/airflow/.local/lib/python3.6/site-packages/airflow/example_dags/example_kubernetes_executor.py
[2021-02-18 07:49:03,673] {scheduler_job.py:629} INFO - Processing file /home/airflow/.local/lib/python3.6/site-packages/airflow/example_dags/example_kubernetes_executor.py for tasks to queue
[2021-02-18 07:49:03,674] {logging_mixin.py:104} INFO - [2021-02-18 07:49:03,674] {dagbag.py:448} INFO - Filling up the DagBag from /home/airflow/.local/lib/python3.6/site-packages/airflow/example_dags/example_kubernetes_executor.py
[2021-02-18 07:49:03,685] {scheduler_job.py:639} INFO - DAG(s) dict_keys(['example_kubernetes_executor']) retrieved from /home/airflow/.local/lib/python3.6/site-packages/airflow/example_dags/example_kubernetes_executor.py
[2021-02-18 07:49:03,709] {logging_mixin.py:104} INFO - [2021-02-18 07:49:03,708] {dag.py:1818} INFO - Sync 1 DAGs
[2021-02-18 07:49:03,722] {logging_mixin.py:104} INFO - [2021-02-18 07:49:03,722] {dag.py:2273} INFO - Setting next_dagrun for example_kubernetes_executor to None
[2021-02-18 07:49:03,729] {scheduler_job.py:190} INFO - Processing /home/airflow/.local/lib/python3.6/site-packages/airflow/example_dags/example_kubernetes_executor.py took 0.062 seconds
[2021-02-18 07:49:33,767] {scheduler_job.py:182} INFO - Started process (PID=641) to work on /home/airflow/.local/lib/python3.6/site-packages/airflow/example_dags/example_kubernetes_executor.py
[2021-02-18 07:49:33,768] {scheduler_job.py:629} INFO - Processing file /home/airflow/.local/lib/python3.6/site-packages/airflow/example_dags/example_kubernetes_executor.py for tasks to queue
[2021-02-18 07:49:33,768] {logging_mixin.py:104} INFO - [2021-02-18 07:49:33,768] {dagbag.py:448} INFO - Filling up the DagBag from /home/airflow/.local/lib/python3.6/site-packages/airflow/example_dags/example_kubernetes_executor.py
[2021-02-18 07:49:33,782] {scheduler_job.py:639} INFO - DAG(s) dict_keys(['example_kubernetes_executor']) retrieved from /home/airflow/.local/lib/python3.6/site-packages/airflow/example_dags/example_kubernetes_executor.py
[2021-02-18 07:49:33,801] {logging_mixin.py:104} INFO - [2021-02-18 07:49:33,801] {dag.py:1818} INFO - Sync 1 DAGs
[2021-02-18 07:49:33,813] {logging_mixin.py:104} INFO - [2021-02-18 07:49:33,813] {dag.py:2273} INFO - Setting next_dagrun for example_kubernetes_executor to None
[2021-02-18 07:49:33,823] {scheduler_job.py:190} INFO - Processing /home/airflow/.local/lib/python3.6/site-packages/airflow/example_dags/example_kubernetes_executor.py took 0.057 seconds
[2021-02-18 07:50:03,872] {scheduler_job.py:182} INFO - Started process (PID=666) to work on /home/airflow/.local/lib/python3.6/site-packages/airflow/example_dags/example_kubernetes_executor.py
[2021-02-18 07:50:03,873] {scheduler_job.py:629} INFO - Processing file /home/airflow/.local/lib/python3.6/site-packages/airflow/example_dags/example_kubernetes_executor.py for tasks to queue
[2021-02-18 07:50:03,873] {logging_mixin.py:104} INFO - [2021-02-18 07:50:03,873] {dagbag.py:448} INFO - Filling up the DagBag from /home/airflow/.local/lib/python3.6/site-packages/airflow/example_dags/example_kubernetes_executor.py
[2021-02-18 07:50:03,886] {scheduler_job.py:639} INFO - DAG(s) dict_keys(['example_kubernetes_executor']) retrieved from /home/airflow/.local/lib/python3.6/site-packages/airflow/example_dags/example_kubernetes_executor.py
[2021-02-18 07:50:03,904] {logging_mixin.py:104} INFO - [2021-02-18 07:50:03,904] {dag.py:1818} INFO - Sync 1 DAGs
[2021-02-18 07:50:03,918] {logging_mixin.py:104} INFO - [2021-02-18 07:50:03,918] {dag.py:2273} INFO - Setting next_dagrun for example_kubernetes_executor to None
[2021-02-18 07:50:03,927] {scheduler_job.py:190} INFO - Processing /home/airflow/.local/lib/python3.6/site-packages/airflow/example_dags/example_kubernetes_executor.py took 0.058 seconds
[2021-02-18 07:50:33,957] {scheduler_job.py:182} INFO - Started process (PID=691) to work on /home/airflow/.local/lib/python3.6/site-packages/airflow/example_dags/example_kubernetes_executor.py
[2021-02-18 07:50:33,958] {scheduler_job.py:629} INFO - Processing file /home/airflow/.local/lib/python3.6/site-packages/airflow/example_dags/example_kubernetes_executor.py for tasks to queue
[2021-02-18 07:50:33,959] {logging_mixin.py:104} INFO - [2021-02-18 07:50:33,959] {dagbag.py:448} INFO - Filling up the DagBag from /home/airflow/.local/lib/python3.6/site-packages/airflow/example_dags/example_kubernetes_executor.py
[2021-02-18 07:50:33,970] {scheduler_job.py:639} INFO - DAG(s) dict_keys(['example_kubernetes_executor']) retrieved from /home/airflow/.local/lib/python3.6/site-packages/airflow/example_dags/example_kubernetes_executor.py
[2021-02-18 07:50:33,989] {logging_mixin.py:104} INFO - [2021-02-18 07:50:33,989] {dag.py:1818} INFO - Sync 1 DAGs
[2021-02-18 07:50:34,003] {logging_mixin.py:104} INFO - [2021-02-18 07:50:34,003] {dag.py:2273} INFO - Setting next_dagrun for example_kubernetes_executor to None
[2021-02-18 07:50:34,011] {scheduler_job.py:190} INFO - Processing /home/airflow/.local/lib/python3.6/site-packages/airflow/example_dags/example_kubernetes_executor.py took 0.059 seconds
[2021-02-18 07:51:04,117] {scheduler_job.py:182} INFO - Started process (PID=717) to work on /home/airflow/.local/lib/python3.6/site-packages/airflow/example_dags/example_kubernetes_executor.py
[2021-02-18 07:51:04,119] {scheduler_job.py:629} INFO - Processing file /home/airflow/.local/lib/python3.6/site-packages/airflow/example_dags/example_kubernetes_executor.py for tasks to queue
[2021-02-18 07:51:04,120] {logging_mixin.py:104} INFO - [2021-02-18 07:51:04,120] {dagbag.py:448} INFO - Filling up the DagBag from /home/airflow/.local/lib/python3.6/site-packages/airflow/example_dags/example_kubernetes_executor.py
[2021-02-18 07:51:04,132] {scheduler_job.py:639} INFO - DAG(s) dict_keys(['example_kubernetes_executor']) retrieved from /home/airflow/.local/lib/python3.6/site-packages/airflow/example_dags/example_kubernetes_executor.py
[2021-02-18 07:51:04,151] {logging_mixin.py:104} INFO - [2021-02-18 07:51:04,150] {dag.py:1818} INFO - Sync 1 DAGs
[2021-02-18 07:51:04,163] {logging_mixin.py:104} INFO - [2021-02-18 07:51:04,163] {dag.py:2273} INFO - Setting next_dagrun for example_kubernetes_executor to None
[2021-02-18 07:51:04,171] {scheduler_job.py:190} INFO - Processing /home/airflow/.local/lib/python3.6/site-packages/airflow/example_dags/example_kubernetes_executor.py took 0.058 seconds
[2021-02-18 07:51:34,243] {scheduler_job.py:182} INFO - Started process (PID=742) to work on /home/airflow/.local/lib/python3.6/site-packages/airflow/example_dags/example_kubernetes_executor.py
[2021-02-18 07:51:34,244] {scheduler_job.py:629} INFO - Processing file /home/airflow/.local/lib/python3.6/site-packages/airflow/example_dags/example_kubernetes_executor.py for tasks to queue
[2021-02-18 07:51:34,244] {logging_mixin.py:104} INFO - [2021-02-18 07:51:34,244] {dagbag.py:448} INFO - Filling up the DagBag from /home/airflow/.local/lib/python3.6/site-packages/airflow/example_dags/example_kubernetes_executor.py
[2021-02-18 07:51:34,258] {scheduler_job.py:639} INFO - DAG(s) dict_keys(['example_kubernetes_executor']) retrieved from /home/airflow/.local/lib/python3.6/site-packages/airflow/example_dags/example_kubernetes_executor.py
[2021-02-18 07:51:34,283] {logging_mixin.py:104} INFO - [2021-02-18 07:51:34,283] {dag.py:1818} INFO - Sync 1 DAGs
[2021-02-18 07:51:34,295] {logging_mixin.py:104} INFO - [2021-02-18 07:51:34,295] {dag.py:2273} INFO - Setting next_dagrun for example_kubernetes_executor to None
[2021-02-18 07:51:34,303] {scheduler_job.py:190} INFO - Processing /home/airflow/.local/lib/python3.6/site-packages/airflow/example_dags/example_kubernetes_executor.py took 0.062 seconds
[2021-02-18 07:52:04,456] {scheduler_job.py:182} INFO - Started process (PID=769) to work on /home/airflow/.local/lib/python3.6/site-packages/airflow/example_dags/example_kubernetes_executor.py
[2021-02-18 07:52:04,457] {scheduler_job.py:629} INFO - Processing file /home/airflow/.local/lib/python3.6/site-packages/airflow/example_dags/example_kubernetes_executor.py for tasks to queue
[2021-02-18 07:52:04,458] {logging_mixin.py:104} INFO - [2021-02-18 07:52:04,458] {dagbag.py:448} INFO - Filling up the DagBag from /home/airflow/.local/lib/python3.6/site-packages/airflow/example_dags/example_kubernetes_executor.py
[2021-02-18 07:52:04,469] {scheduler_job.py:639} INFO - DAG(s) dict_keys(['example_kubernetes_executor']) retrieved from /home/airflow/.local/lib/python3.6/site-packages/airflow/example_dags/example_kubernetes_executor.py
[2021-02-18 07:52:04,495] {logging_mixin.py:104} INFO - [2021-02-18 07:52:04,495] {dag.py:1818} INFO - Sync 1 DAGs
[2021-02-18 07:52:04,508] {logging_mixin.py:104} INFO - [2021-02-18 07:52:04,508] {dag.py:2273} INFO - Setting next_dagrun for example_kubernetes_executor to None
[2021-02-18 07:52:04,517] {scheduler_job.py:190} INFO - Processing /home/airflow/.local/lib/python3.6/site-packages/airflow/example_dags/example_kubernetes_executor.py took 0.063 seconds
[2021-02-18 07:52:34,624] {scheduler_job.py:182} INFO - Started process (PID=795) to work on /home/airflow/.local/lib/python3.6/site-packages/airflow/example_dags/example_kubernetes_executor.py
[2021-02-18 07:52:34,625] {scheduler_job.py:629} INFO - Processing file /home/airflow/.local/lib/python3.6/site-packages/airflow/example_dags/example_kubernetes_executor.py for tasks to queue
[2021-02-18 07:52:34,626] {logging_mixin.py:104} INFO - [2021-02-18 07:52:34,626] {dagbag.py:448} INFO - Filling up the DagBag from /home/airflow/.local/lib/python3.6/site-packages/airflow/example_dags/example_kubernetes_executor.py
[2021-02-18 07:52:34,638] {scheduler_job.py:639} INFO - DAG(s) dict_keys(['example_kubernetes_executor']) retrieved from /home/airflow/.local/lib/python3.6/site-packages/airflow/example_dags/example_kubernetes_executor.py
[2021-02-18 07:52:34,659] {logging_mixin.py:104} INFO - [2021-02-18 07:52:34,659] {dag.py:1818} INFO - Sync 1 DAGs
[2021-02-18 07:52:34,673] {logging_mixin.py:104} INFO - [2021-02-18 07:52:34,673] {dag.py:2273} INFO - Setting next_dagrun for example_kubernetes_executor to None
[2021-02-18 07:52:34,681] {scheduler_job.py:190} INFO - Processing /home/airflow/.local/lib/python3.6/site-packages/airflow/example_dags/example_kubernetes_executor.py took 0.062 seconds
[2021-02-18 07:53:04,714] {scheduler_job.py:182} INFO - Started process (PID=820) to work on /home/airflow/.local/lib/python3.6/site-packages/airflow/example_dags/example_kubernetes_executor.py
[2021-02-18 07:53:04,715] {scheduler_job.py:629} INFO - Processing file /home/airflow/.local/lib/python3.6/site-packages/airflow/example_dags/example_kubernetes_executor.py for tasks to queue
[2021-02-18 07:53:04,715] {logging_mixin.py:104} INFO - [2021-02-18 07:53:04,715] {dagbag.py:448} INFO - Filling up the DagBag from /home/airflow/.local/lib/python3.6/site-packages/airflow/example_dags/example_kubernetes_executor.py
[2021-02-18 07:53:04,728] {scheduler_job.py:639} INFO - DAG(s) dict_keys(['example_kubernetes_executor']) retrieved from /home/airflow/.local/lib/python3.6/site-packages/airflow/example_dags/example_kubernetes_executor.py
[2021-02-18 07:53:04,747] {logging_mixin.py:104} INFO - [2021-02-18 07:53:04,747] {dag.py:1818} INFO - Sync 1 DAGs
[2021-02-18 07:53:04,761] {logging_mixin.py:104} INFO - [2021-02-18 07:53:04,761] {dag.py:2273} INFO - Setting next_dagrun for example_kubernetes_executor to None
[2021-02-18 07:53:04,769] {scheduler_job.py:190} INFO - Processing /home/airflow/.local/lib/python3.6/site-packages/airflow/example_dags/example_kubernetes_executor.py took 0.058 seconds
[2021-02-18 07:53:35,053] {scheduler_job.py:182} INFO - Started process (PID=848) to work on /home/airflow/.local/lib/python3.6/site-packages/airflow/example_dags/example_kubernetes_executor.py
[2021-02-18 07:53:35,054] {scheduler_job.py:629} INFO - Processing file /home/airflow/.local/lib/python3.6/site-packages/airflow/example_dags/example_kubernetes_executor.py for tasks to queue
[2021-02-18 07:53:35,054] {logging_mixin.py:104} INFO - [2021-02-18 07:53:35,054] {dagbag.py:448} INFO - Filling up the DagBag from /home/airflow/.local/lib/python3.6/site-packages/airflow/example_dags/example_kubernetes_executor.py
[2021-02-18 07:53:35,068] {scheduler_job.py:639} INFO - DAG(s) dict_keys(['example_kubernetes_executor']) retrieved from /home/airflow/.local/lib/python3.6/site-packages/airflow/example_dags/example_kubernetes_executor.py
[2021-02-18 07:53:35,086] {logging_mixin.py:104} INFO - [2021-02-18 07:53:35,086] {dag.py:1818} INFO - Sync 1 DAGs
[2021-02-18 07:53:35,101] {logging_mixin.py:104} INFO - [2021-02-18 07:53:35,101] {dag.py:2273} INFO - Setting next_dagrun for example_kubernetes_executor to None
[2021-02-18 07:53:35,109] {scheduler_job.py:190} INFO - Processing /home/airflow/.local/lib/python3.6/site-packages/airflow/example_dags/example_kubernetes_executor.py took 0.058 seconds
[2021-02-18 07:54:05,129] {scheduler_job.py:182} INFO - Started process (PID=874) to work on /home/airflow/.local/lib/python3.6/site-packages/airflow/example_dags/example_kubernetes_executor.py
[2021-02-18 07:54:05,130] {scheduler_job.py:629} INFO - Processing file /home/airflow/.local/lib/python3.6/site-packages/airflow/example_dags/example_kubernetes_executor.py for tasks to queue
[2021-02-18 07:54:05,131] {logging_mixin.py:104} INFO - [2021-02-18 07:54:05,131] {dagbag.py:448} INFO - Filling up the DagBag from /home/airflow/.local/lib/python3.6/site-packages/airflow/example_dags/example_kubernetes_executor.py
[2021-02-18 07:54:05,141] {scheduler_job.py:639} INFO - DAG(s) dict_keys(['example_kubernetes_executor']) retrieved from /home/airflow/.local/lib/python3.6/site-packages/airflow/example_dags/example_kubernetes_executor.py
[2021-02-18 07:54:05,159] {logging_mixin.py:104} INFO - [2021-02-18 07:54:05,159] {dag.py:1818} INFO - Sync 1 DAGs
[2021-02-18 07:54:05,171] {logging_mixin.py:104} INFO - [2021-02-18 07:54:05,171] {dag.py:2273} INFO - Setting next_dagrun for example_kubernetes_executor to None
[2021-02-18 07:54:05,178] {scheduler_job.py:190} INFO - Processing /home/airflow/.local/lib/python3.6/site-packages/airflow/example_dags/example_kubernetes_executor.py took 0.053 seconds
[2021-02-18 07:55:58,906] {scheduler_job.py:182} INFO - Started process (PID=48) to work on /home/airflow/.local/lib/python3.6/site-packages/airflow/example_dags/example_kubernetes_executor.py
[2021-02-18 07:55:58,907] {scheduler_job.py:629} INFO - Processing file /home/airflow/.local/lib/python3.6/site-packages/airflow/example_dags/example_kubernetes_executor.py for tasks to queue
[2021-02-18 07:55:58,908] {logging_mixin.py:104} INFO - [2021-02-18 07:55:58,908] {dagbag.py:448} INFO - Filling up the DagBag from /home/airflow/.local/lib/python3.6/site-packages/airflow/example_dags/example_kubernetes_executor.py
[2021-02-18 07:55:58,918] {scheduler_job.py:639} INFO - DAG(s) dict_keys(['example_kubernetes_executor']) retrieved from /home/airflow/.local/lib/python3.6/site-packages/airflow/example_dags/example_kubernetes_executor.py
[2021-02-18 07:55:58,941] {logging_mixin.py:104} INFO - [2021-02-18 07:55:58,941] {dag.py:1818} INFO - Sync 1 DAGs
[2021-02-18 07:55:58,950] {logging_mixin.py:104} INFO - [2021-02-18 07:55:58,950] {dag.py:1837} INFO - Creating ORM DAG for example_kubernetes_executor
[2021-02-18 07:55:58,954] {logging_mixin.py:104} INFO - [2021-02-18 07:55:58,954] {dag.py:2273} INFO - Setting next_dagrun for example_kubernetes_executor to None
[2021-02-18 07:55:58,971] {scheduler_job.py:190} INFO - Processing /home/airflow/.local/lib/python3.6/site-packages/airflow/example_dags/example_kubernetes_executor.py took 0.070 seconds
[2021-02-18 07:56:29,029] {scheduler_job.py:182} INFO - Started process (PID=73) to work on /home/airflow/.local/lib/python3.6/site-packages/airflow/example_dags/example_kubernetes_executor.py
[2021-02-18 07:56:29,030] {scheduler_job.py:629} INFO - Processing file /home/airflow/.local/lib/python3.6/site-packages/airflow/example_dags/example_kubernetes_executor.py for tasks to queue
[2021-02-18 07:56:29,031] {logging_mixin.py:104} INFO - [2021-02-18 07:56:29,031] {dagbag.py:448} INFO - Filling up the DagBag from /home/airflow/.local/lib/python3.6/site-packages/airflow/example_dags/example_kubernetes_executor.py
[2021-02-18 07:56:29,041] {scheduler_job.py:639} INFO - DAG(s) dict_keys(['example_kubernetes_executor']) retrieved from /home/airflow/.local/lib/python3.6/site-packages/airflow/example_dags/example_kubernetes_executor.py
[2021-02-18 07:56:29,063] {logging_mixin.py:104} INFO - [2021-02-18 07:56:29,063] {dag.py:1818} INFO - Sync 1 DAGs
[2021-02-18 07:56:29,077] {logging_mixin.py:104} INFO - [2021-02-18 07:56:29,077] {dag.py:2273} INFO - Setting next_dagrun for example_kubernetes_executor to None
[2021-02-18 07:56:29,085] {scheduler_job.py:190} INFO - Processing /home/airflow/.local/lib/python3.6/site-packages/airflow/example_dags/example_kubernetes_executor.py took 0.060 seconds
[2021-02-18 07:56:56,261] {scheduler_job.py:182} INFO - Started process (PID=46) to work on /home/airflow/.local/lib/python3.6/site-packages/airflow/example_dags/example_kubernetes_executor.py
[2021-02-18 07:56:56,262] {scheduler_job.py:629} INFO - Processing file /home/airflow/.local/lib/python3.6/site-packages/airflow/example_dags/example_kubernetes_executor.py for tasks to queue
[2021-02-18 07:56:56,263] {logging_mixin.py:104} INFO - [2021-02-18 07:56:56,263] {dagbag.py:448} INFO - Filling up the DagBag from /home/airflow/.local/lib/python3.6/site-packages/airflow/example_dags/example_kubernetes_executor.py
[2021-02-18 07:56:56,274] {scheduler_job.py:639} INFO - DAG(s) dict_keys(['example_kubernetes_executor']) retrieved from /home/airflow/.local/lib/python3.6/site-packages/airflow/example_dags/example_kubernetes_executor.py
[2021-02-18 07:56:56,295] {logging_mixin.py:104} INFO - [2021-02-18 07:56:56,295] {dag.py:1818} INFO - Sync 1 DAGs
[2021-02-18 07:56:56,307] {logging_mixin.py:104} INFO - [2021-02-18 07:56:56,307] {dag.py:2273} INFO - Setting next_dagrun for example_kubernetes_executor to None
[2021-02-18 07:56:56,315] {scheduler_job.py:190} INFO - Processing /home/airflow/.local/lib/python3.6/site-packages/airflow/example_dags/example_kubernetes_executor.py took 0.057 seconds
[2021-02-18 07:57:26,481] {scheduler_job.py:182} INFO - Started process (PID=72) to work on /home/airflow/.local/lib/python3.6/site-packages/airflow/example_dags/example_kubernetes_executor.py
[2021-02-18 07:57:26,483] {scheduler_job.py:629} INFO - Processing file /home/airflow/.local/lib/python3.6/site-packages/airflow/example_dags/example_kubernetes_executor.py for tasks to queue
[2021-02-18 07:57:26,483] {logging_mixin.py:104} INFO - [2021-02-18 07:57:26,483] {dagbag.py:448} INFO - Filling up the DagBag from /home/airflow/.local/lib/python3.6/site-packages/airflow/example_dags/example_kubernetes_executor.py
[2021-02-18 07:57:26,492] {scheduler_job.py:639} INFO - DAG(s) dict_keys(['example_kubernetes_executor']) retrieved from /home/airflow/.local/lib/python3.6/site-packages/airflow/example_dags/example_kubernetes_executor.py
[2021-02-18 07:57:26,510] {logging_mixin.py:104} INFO - [2021-02-18 07:57:26,510] {dag.py:1818} INFO - Sync 1 DAGs
[2021-02-18 07:57:26,524] {logging_mixin.py:104} INFO - [2021-02-18 07:57:26,524] {dag.py:2273} INFO - Setting next_dagrun for example_kubernetes_executor to None
[2021-02-18 07:57:26,532] {scheduler_job.py:190} INFO - Processing /home/airflow/.local/lib/python3.6/site-packages/airflow/example_dags/example_kubernetes_executor.py took 0.055 seconds
[2021-02-18 07:57:56,764] {scheduler_job.py:182} INFO - Started process (PID=100) to work on /home/airflow/.local/lib/python3.6/site-packages/airflow/example_dags/example_kubernetes_executor.py
[2021-02-18 07:57:56,766] {scheduler_job.py:629} INFO - Processing file /home/airflow/.local/lib/python3.6/site-packages/airflow/example_dags/example_kubernetes_executor.py for tasks to queue
[2021-02-18 07:57:56,767] {logging_mixin.py:104} INFO - [2021-02-18 07:57:56,766] {dagbag.py:448} INFO - Filling up the DagBag from /home/airflow/.local/lib/python3.6/site-packages/airflow/example_dags/example_kubernetes_executor.py
[2021-02-18 07:57:56,778] {scheduler_job.py:639} INFO - DAG(s) dict_keys(['example_kubernetes_executor']) retrieved from /home/airflow/.local/lib/python3.6/site-packages/airflow/example_dags/example_kubernetes_executor.py
[2021-02-18 07:57:56,800] {logging_mixin.py:104} INFO - [2021-02-18 07:57:56,799] {dag.py:1818} INFO - Sync 1 DAGs
[2021-02-18 07:57:56,812] {logging_mixin.py:104} INFO - [2021-02-18 07:57:56,812] {dag.py:2273} INFO - Setting next_dagrun for example_kubernetes_executor to None
[2021-02-18 07:57:56,820] {scheduler_job.py:190} INFO - Processing /home/airflow/.local/lib/python3.6/site-packages/airflow/example_dags/example_kubernetes_executor.py took 0.061 seconds
[2021-02-18 07:58:26,903] {scheduler_job.py:182} INFO - Started process (PID=126) to work on /home/airflow/.local/lib/python3.6/site-packages/airflow/example_dags/example_kubernetes_executor.py
[2021-02-18 07:58:26,904] {scheduler_job.py:629} INFO - Processing file /home/airflow/.local/lib/python3.6/site-packages/airflow/example_dags/example_kubernetes_executor.py for tasks to queue
[2021-02-18 07:58:26,905] {logging_mixin.py:104} INFO - [2021-02-18 07:58:26,905] {dagbag.py:448} INFO - Filling up the DagBag from /home/airflow/.local/lib/python3.6/site-packages/airflow/example_dags/example_kubernetes_executor.py
[2021-02-18 07:58:26,915] {scheduler_job.py:639} INFO - DAG(s) dict_keys(['example_kubernetes_executor']) retrieved from /home/airflow/.local/lib/python3.6/site-packages/airflow/example_dags/example_kubernetes_executor.py
[2021-02-18 07:58:26,935] {logging_mixin.py:104} INFO - [2021-02-18 07:58:26,935] {dag.py:1818} INFO - Sync 1 DAGs
[2021-02-18 07:58:26,947] {logging_mixin.py:104} INFO - [2021-02-18 07:58:26,947] {dag.py:2273} INFO - Setting next_dagrun for example_kubernetes_executor to None
[2021-02-18 07:58:26,955] {scheduler_job.py:190} INFO - Processing /home/airflow/.local/lib/python3.6/site-packages/airflow/example_dags/example_kubernetes_executor.py took 0.056 seconds
[2021-02-18 07:58:56,996] {scheduler_job.py:182} INFO - Started process (PID=152) to work on /home/airflow/.local/lib/python3.6/site-packages/airflow/example_dags/example_kubernetes_executor.py
[2021-02-18 07:58:56,997] {scheduler_job.py:629} INFO - Processing file /home/airflow/.local/lib/python3.6/site-packages/airflow/example_dags/example_kubernetes_executor.py for tasks to queue
[2021-02-18 07:58:56,997] {logging_mixin.py:104} INFO - [2021-02-18 07:58:56,997] {dagbag.py:448} INFO - Filling up the DagBag from /home/airflow/.local/lib/python3.6/site-packages/airflow/example_dags/example_kubernetes_executor.py
[2021-02-18 07:58:57,008] {scheduler_job.py:639} INFO - DAG(s) dict_keys(['example_kubernetes_executor']) retrieved from /home/airflow/.local/lib/python3.6/site-packages/airflow/example_dags/example_kubernetes_executor.py
[2021-02-18 07:58:57,032] {logging_mixin.py:104} INFO - [2021-02-18 07:58:57,032] {dag.py:1818} INFO - Sync 1 DAGs
[2021-02-18 07:58:57,044] {logging_mixin.py:104} INFO - [2021-02-18 07:58:57,044] {dag.py:2273} INFO - Setting next_dagrun for example_kubernetes_executor to None
[2021-02-18 07:58:57,050] {scheduler_job.py:190} INFO - Processing /home/airflow/.local/lib/python3.6/site-packages/airflow/example_dags/example_kubernetes_executor.py took 0.058 seconds
[2021-02-18 07:59:27,365] {scheduler_job.py:182} INFO - Started process (PID=179) to work on /home/airflow/.local/lib/python3.6/site-packages/airflow/example_dags/example_kubernetes_executor.py
[2021-02-18 07:59:27,367] {scheduler_job.py:629} INFO - Processing file /home/airflow/.local/lib/python3.6/site-packages/airflow/example_dags/example_kubernetes_executor.py for tasks to queue
[2021-02-18 07:59:27,367] {logging_mixin.py:104} INFO - [2021-02-18 07:59:27,367] {dagbag.py:448} INFO - Filling up the DagBag from /home/airflow/.local/lib/python3.6/site-packages/airflow/example_dags/example_kubernetes_executor.py
[2021-02-18 07:59:27,376] {scheduler_job.py:639} INFO - DAG(s) dict_keys(['example_kubernetes_executor']) retrieved from /home/airflow/.local/lib/python3.6/site-packages/airflow/example_dags/example_kubernetes_executor.py
[2021-02-18 07:59:27,396] {logging_mixin.py:104} INFO - [2021-02-18 07:59:27,396] {dag.py:1818} INFO - Sync 1 DAGs
[2021-02-18 07:59:27,409] {logging_mixin.py:104} INFO - [2021-02-18 07:59:27,409] {dag.py:2273} INFO - Setting next_dagrun for example_kubernetes_executor to None
[2021-02-18 07:59:27,416] {scheduler_job.py:190} INFO - Processing /home/airflow/.local/lib/python3.6/site-packages/airflow/example_dags/example_kubernetes_executor.py took 0.053 seconds
[2021-02-18 07:59:57,441] {scheduler_job.py:182} INFO - Started process (PID=202) to work on /home/airflow/.local/lib/python3.6/site-packages/airflow/example_dags/example_kubernetes_executor.py
[2021-02-18 07:59:57,441] {scheduler_job.py:629} INFO - Processing file /home/airflow/.local/lib/python3.6/site-packages/airflow/example_dags/example_kubernetes_executor.py for tasks to queue
[2021-02-18 07:59:57,442] {logging_mixin.py:104} INFO - [2021-02-18 07:59:57,442] {dagbag.py:448} INFO - Filling up the DagBag from /home/airflow/.local/lib/python3.6/site-packages/airflow/example_dags/example_kubernetes_executor.py
[2021-02-18 07:59:57,453] {scheduler_job.py:639} INFO - DAG(s) dict_keys(['example_kubernetes_executor']) retrieved from /home/airflow/.local/lib/python3.6/site-packages/airflow/example_dags/example_kubernetes_executor.py
[2021-02-18 07:59:57,476] {logging_mixin.py:104} INFO - [2021-02-18 07:59:57,476] {dag.py:1818} INFO - Sync 1 DAGs
[2021-02-18 07:59:57,491] {logging_mixin.py:104} INFO - [2021-02-18 07:59:57,491] {dag.py:2273} INFO - Setting next_dagrun for example_kubernetes_executor to None
[2021-02-18 07:59:57,499] {scheduler_job.py:190} INFO - Processing /home/airflow/.local/lib/python3.6/site-packages/airflow/example_dags/example_kubernetes_executor.py took 0.062 seconds
