[2021-02-18 07:37:59,497] {scheduler_job.py:182} INFO - Started process (PID=56) to work on /home/airflow/.local/lib/python3.6/site-packages/airflow/example_dags/example_external_task_marker_dag.py
[2021-02-18 07:37:59,498] {scheduler_job.py:629} INFO - Processing file /home/airflow/.local/lib/python3.6/site-packages/airflow/example_dags/example_external_task_marker_dag.py for tasks to queue
[2021-02-18 07:37:59,499] {logging_mixin.py:104} INFO - [2021-02-18 07:37:59,499] {dagbag.py:448} INFO - Filling up the DagBag from /home/airflow/.local/lib/python3.6/site-packages/airflow/example_dags/example_external_task_marker_dag.py
[2021-02-18 07:37:59,510] {scheduler_job.py:639} INFO - DAG(s) dict_keys(['example_external_task_marker_parent', 'example_external_task_marker_child']) retrieved from /home/airflow/.local/lib/python3.6/site-packages/airflow/example_dags/example_external_task_marker_dag.py
[2021-02-18 07:37:59,534] {logging_mixin.py:104} INFO - [2021-02-18 07:37:59,534] {dag.py:1818} INFO - Sync 2 DAGs
[2021-02-18 07:37:59,546] {logging_mixin.py:104} INFO - [2021-02-18 07:37:59,546] {dag.py:1837} INFO - Creating ORM DAG for example_external_task_marker_child
[2021-02-18 07:37:59,546] {logging_mixin.py:104} INFO - [2021-02-18 07:37:59,546] {dag.py:1837} INFO - Creating ORM DAG for example_external_task_marker_parent
[2021-02-18 07:37:59,553] {logging_mixin.py:104} INFO - [2021-02-18 07:37:59,553] {dag.py:2273} INFO - Setting next_dagrun for example_external_task_marker_child to None
[2021-02-18 07:37:59,553] {logging_mixin.py:104} INFO - [2021-02-18 07:37:59,553] {dag.py:2273} INFO - Setting next_dagrun for example_external_task_marker_parent to None
[2021-02-18 07:37:59,568] {scheduler_job.py:190} INFO - Processing /home/airflow/.local/lib/python3.6/site-packages/airflow/example_dags/example_external_task_marker_dag.py took 0.075 seconds
[2021-02-18 07:38:29,763] {scheduler_job.py:182} INFO - Started process (PID=84) to work on /home/airflow/.local/lib/python3.6/site-packages/airflow/example_dags/example_external_task_marker_dag.py
[2021-02-18 07:38:29,764] {scheduler_job.py:629} INFO - Processing file /home/airflow/.local/lib/python3.6/site-packages/airflow/example_dags/example_external_task_marker_dag.py for tasks to queue
[2021-02-18 07:38:29,764] {logging_mixin.py:104} INFO - [2021-02-18 07:38:29,764] {dagbag.py:448} INFO - Filling up the DagBag from /home/airflow/.local/lib/python3.6/site-packages/airflow/example_dags/example_external_task_marker_dag.py
[2021-02-18 07:38:29,776] {scheduler_job.py:639} INFO - DAG(s) dict_keys(['example_external_task_marker_parent', 'example_external_task_marker_child']) retrieved from /home/airflow/.local/lib/python3.6/site-packages/airflow/example_dags/example_external_task_marker_dag.py
[2021-02-18 07:38:29,810] {logging_mixin.py:104} INFO - [2021-02-18 07:38:29,810] {dag.py:1818} INFO - Sync 2 DAGs
[2021-02-18 07:38:29,829] {logging_mixin.py:104} INFO - [2021-02-18 07:38:29,829] {dag.py:2273} INFO - Setting next_dagrun for example_external_task_marker_child to None
[2021-02-18 07:38:29,830] {logging_mixin.py:104} INFO - [2021-02-18 07:38:29,830] {dag.py:2273} INFO - Setting next_dagrun for example_external_task_marker_parent to None
[2021-02-18 07:38:29,840] {scheduler_job.py:190} INFO - Processing /home/airflow/.local/lib/python3.6/site-packages/airflow/example_dags/example_external_task_marker_dag.py took 0.080 seconds
[2021-02-18 07:38:59,922] {scheduler_job.py:182} INFO - Started process (PID=109) to work on /home/airflow/.local/lib/python3.6/site-packages/airflow/example_dags/example_external_task_marker_dag.py
[2021-02-18 07:38:59,923] {scheduler_job.py:629} INFO - Processing file /home/airflow/.local/lib/python3.6/site-packages/airflow/example_dags/example_external_task_marker_dag.py for tasks to queue
[2021-02-18 07:38:59,923] {logging_mixin.py:104} INFO - [2021-02-18 07:38:59,923] {dagbag.py:448} INFO - Filling up the DagBag from /home/airflow/.local/lib/python3.6/site-packages/airflow/example_dags/example_external_task_marker_dag.py
[2021-02-18 07:38:59,931] {scheduler_job.py:639} INFO - DAG(s) dict_keys(['example_external_task_marker_parent', 'example_external_task_marker_child']) retrieved from /home/airflow/.local/lib/python3.6/site-packages/airflow/example_dags/example_external_task_marker_dag.py
[2021-02-18 07:38:59,950] {logging_mixin.py:104} INFO - [2021-02-18 07:38:59,950] {dag.py:1818} INFO - Sync 2 DAGs
[2021-02-18 07:38:59,964] {logging_mixin.py:104} INFO - [2021-02-18 07:38:59,964] {dag.py:2273} INFO - Setting next_dagrun for example_external_task_marker_child to None
[2021-02-18 07:38:59,965] {logging_mixin.py:104} INFO - [2021-02-18 07:38:59,965] {dag.py:2273} INFO - Setting next_dagrun for example_external_task_marker_parent to None
[2021-02-18 07:38:59,976] {scheduler_job.py:190} INFO - Processing /home/airflow/.local/lib/python3.6/site-packages/airflow/example_dags/example_external_task_marker_dag.py took 0.058 seconds
[2021-02-18 07:39:30,026] {scheduler_job.py:182} INFO - Started process (PID=134) to work on /home/airflow/.local/lib/python3.6/site-packages/airflow/example_dags/example_external_task_marker_dag.py
[2021-02-18 07:39:30,027] {scheduler_job.py:629} INFO - Processing file /home/airflow/.local/lib/python3.6/site-packages/airflow/example_dags/example_external_task_marker_dag.py for tasks to queue
[2021-02-18 07:39:30,027] {logging_mixin.py:104} INFO - [2021-02-18 07:39:30,027] {dagbag.py:448} INFO - Filling up the DagBag from /home/airflow/.local/lib/python3.6/site-packages/airflow/example_dags/example_external_task_marker_dag.py
[2021-02-18 07:39:30,039] {scheduler_job.py:639} INFO - DAG(s) dict_keys(['example_external_task_marker_parent', 'example_external_task_marker_child']) retrieved from /home/airflow/.local/lib/python3.6/site-packages/airflow/example_dags/example_external_task_marker_dag.py
[2021-02-18 07:39:30,064] {logging_mixin.py:104} INFO - [2021-02-18 07:39:30,064] {dag.py:1818} INFO - Sync 2 DAGs
[2021-02-18 07:39:30,077] {logging_mixin.py:104} INFO - [2021-02-18 07:39:30,077] {dag.py:2273} INFO - Setting next_dagrun for example_external_task_marker_child to None
[2021-02-18 07:39:30,078] {logging_mixin.py:104} INFO - [2021-02-18 07:39:30,078] {dag.py:2273} INFO - Setting next_dagrun for example_external_task_marker_parent to None
[2021-02-18 07:39:30,087] {scheduler_job.py:190} INFO - Processing /home/airflow/.local/lib/python3.6/site-packages/airflow/example_dags/example_external_task_marker_dag.py took 0.063 seconds
[2021-02-18 07:40:00,476] {scheduler_job.py:182} INFO - Started process (PID=162) to work on /home/airflow/.local/lib/python3.6/site-packages/airflow/example_dags/example_external_task_marker_dag.py
[2021-02-18 07:40:00,477] {scheduler_job.py:629} INFO - Processing file /home/airflow/.local/lib/python3.6/site-packages/airflow/example_dags/example_external_task_marker_dag.py for tasks to queue
[2021-02-18 07:40:00,478] {logging_mixin.py:104} INFO - [2021-02-18 07:40:00,478] {dagbag.py:448} INFO - Filling up the DagBag from /home/airflow/.local/lib/python3.6/site-packages/airflow/example_dags/example_external_task_marker_dag.py
[2021-02-18 07:40:00,486] {scheduler_job.py:639} INFO - DAG(s) dict_keys(['example_external_task_marker_parent', 'example_external_task_marker_child']) retrieved from /home/airflow/.local/lib/python3.6/site-packages/airflow/example_dags/example_external_task_marker_dag.py
[2021-02-18 07:40:00,506] {logging_mixin.py:104} INFO - [2021-02-18 07:40:00,505] {dag.py:1818} INFO - Sync 2 DAGs
[2021-02-18 07:40:00,518] {logging_mixin.py:104} INFO - [2021-02-18 07:40:00,518] {dag.py:2273} INFO - Setting next_dagrun for example_external_task_marker_child to None
[2021-02-18 07:40:00,518] {logging_mixin.py:104} INFO - [2021-02-18 07:40:00,518] {dag.py:2273} INFO - Setting next_dagrun for example_external_task_marker_parent to None
[2021-02-18 07:40:00,527] {scheduler_job.py:190} INFO - Processing /home/airflow/.local/lib/python3.6/site-packages/airflow/example_dags/example_external_task_marker_dag.py took 0.055 seconds
[2021-02-18 07:40:30,573] {scheduler_job.py:182} INFO - Started process (PID=187) to work on /home/airflow/.local/lib/python3.6/site-packages/airflow/example_dags/example_external_task_marker_dag.py
[2021-02-18 07:40:30,575] {scheduler_job.py:629} INFO - Processing file /home/airflow/.local/lib/python3.6/site-packages/airflow/example_dags/example_external_task_marker_dag.py for tasks to queue
[2021-02-18 07:40:30,575] {logging_mixin.py:104} INFO - [2021-02-18 07:40:30,575] {dagbag.py:448} INFO - Filling up the DagBag from /home/airflow/.local/lib/python3.6/site-packages/airflow/example_dags/example_external_task_marker_dag.py
[2021-02-18 07:40:30,584] {scheduler_job.py:639} INFO - DAG(s) dict_keys(['example_external_task_marker_parent', 'example_external_task_marker_child']) retrieved from /home/airflow/.local/lib/python3.6/site-packages/airflow/example_dags/example_external_task_marker_dag.py
[2021-02-18 07:40:30,607] {logging_mixin.py:104} INFO - [2021-02-18 07:40:30,607] {dag.py:1818} INFO - Sync 2 DAGs
[2021-02-18 07:40:30,622] {logging_mixin.py:104} INFO - [2021-02-18 07:40:30,621] {dag.py:2273} INFO - Setting next_dagrun for example_external_task_marker_child to None
[2021-02-18 07:40:30,622] {logging_mixin.py:104} INFO - [2021-02-18 07:40:30,622] {dag.py:2273} INFO - Setting next_dagrun for example_external_task_marker_parent to None
[2021-02-18 07:40:30,631] {scheduler_job.py:190} INFO - Processing /home/airflow/.local/lib/python3.6/site-packages/airflow/example_dags/example_external_task_marker_dag.py took 0.063 seconds
[2021-02-18 07:41:00,674] {scheduler_job.py:182} INFO - Started process (PID=210) to work on /home/airflow/.local/lib/python3.6/site-packages/airflow/example_dags/example_external_task_marker_dag.py
[2021-02-18 07:41:00,675] {scheduler_job.py:629} INFO - Processing file /home/airflow/.local/lib/python3.6/site-packages/airflow/example_dags/example_external_task_marker_dag.py for tasks to queue
[2021-02-18 07:41:00,676] {logging_mixin.py:104} INFO - [2021-02-18 07:41:00,676] {dagbag.py:448} INFO - Filling up the DagBag from /home/airflow/.local/lib/python3.6/site-packages/airflow/example_dags/example_external_task_marker_dag.py
[2021-02-18 07:41:00,686] {scheduler_job.py:639} INFO - DAG(s) dict_keys(['example_external_task_marker_parent', 'example_external_task_marker_child']) retrieved from /home/airflow/.local/lib/python3.6/site-packages/airflow/example_dags/example_external_task_marker_dag.py
[2021-02-18 07:41:00,709] {logging_mixin.py:104} INFO - [2021-02-18 07:41:00,709] {dag.py:1818} INFO - Sync 2 DAGs
[2021-02-18 07:41:00,724] {logging_mixin.py:104} INFO - [2021-02-18 07:41:00,723] {dag.py:2273} INFO - Setting next_dagrun for example_external_task_marker_child to None
[2021-02-18 07:41:00,724] {logging_mixin.py:104} INFO - [2021-02-18 07:41:00,724] {dag.py:2273} INFO - Setting next_dagrun for example_external_task_marker_parent to None
[2021-02-18 07:41:00,733] {scheduler_job.py:190} INFO - Processing /home/airflow/.local/lib/python3.6/site-packages/airflow/example_dags/example_external_task_marker_dag.py took 0.062 seconds
[2021-02-18 07:41:31,713] {scheduler_job.py:182} INFO - Started process (PID=238) to work on /home/airflow/.local/lib/python3.6/site-packages/airflow/example_dags/example_external_task_marker_dag.py
[2021-02-18 07:41:31,715] {scheduler_job.py:629} INFO - Processing file /home/airflow/.local/lib/python3.6/site-packages/airflow/example_dags/example_external_task_marker_dag.py for tasks to queue
[2021-02-18 07:41:31,716] {logging_mixin.py:104} INFO - [2021-02-18 07:41:31,715] {dagbag.py:448} INFO - Filling up the DagBag from /home/airflow/.local/lib/python3.6/site-packages/airflow/example_dags/example_external_task_marker_dag.py
[2021-02-18 07:41:31,724] {scheduler_job.py:639} INFO - DAG(s) dict_keys(['example_external_task_marker_parent', 'example_external_task_marker_child']) retrieved from /home/airflow/.local/lib/python3.6/site-packages/airflow/example_dags/example_external_task_marker_dag.py
[2021-02-18 07:41:31,746] {logging_mixin.py:104} INFO - [2021-02-18 07:41:31,746] {dag.py:1818} INFO - Sync 2 DAGs
[2021-02-18 07:41:31,760] {logging_mixin.py:104} INFO - [2021-02-18 07:41:31,760] {dag.py:2273} INFO - Setting next_dagrun for example_external_task_marker_child to None
[2021-02-18 07:41:31,761] {logging_mixin.py:104} INFO - [2021-02-18 07:41:31,761] {dag.py:2273} INFO - Setting next_dagrun for example_external_task_marker_parent to None
[2021-02-18 07:41:31,771] {scheduler_job.py:190} INFO - Processing /home/airflow/.local/lib/python3.6/site-packages/airflow/example_dags/example_external_task_marker_dag.py took 0.063 seconds
[2021-02-18 07:42:01,804] {scheduler_job.py:182} INFO - Started process (PID=263) to work on /home/airflow/.local/lib/python3.6/site-packages/airflow/example_dags/example_external_task_marker_dag.py
[2021-02-18 07:42:01,805] {scheduler_job.py:629} INFO - Processing file /home/airflow/.local/lib/python3.6/site-packages/airflow/example_dags/example_external_task_marker_dag.py for tasks to queue
[2021-02-18 07:42:01,805] {logging_mixin.py:104} INFO - [2021-02-18 07:42:01,805] {dagbag.py:448} INFO - Filling up the DagBag from /home/airflow/.local/lib/python3.6/site-packages/airflow/example_dags/example_external_task_marker_dag.py
[2021-02-18 07:42:01,816] {scheduler_job.py:639} INFO - DAG(s) dict_keys(['example_external_task_marker_parent', 'example_external_task_marker_child']) retrieved from /home/airflow/.local/lib/python3.6/site-packages/airflow/example_dags/example_external_task_marker_dag.py
[2021-02-18 07:42:01,839] {logging_mixin.py:104} INFO - [2021-02-18 07:42:01,839] {dag.py:1818} INFO - Sync 2 DAGs
[2021-02-18 07:42:01,851] {logging_mixin.py:104} INFO - [2021-02-18 07:42:01,851] {dag.py:2273} INFO - Setting next_dagrun for example_external_task_marker_child to None
[2021-02-18 07:42:01,852] {logging_mixin.py:104} INFO - [2021-02-18 07:42:01,852] {dag.py:2273} INFO - Setting next_dagrun for example_external_task_marker_parent to None
[2021-02-18 07:42:01,859] {scheduler_job.py:190} INFO - Processing /home/airflow/.local/lib/python3.6/site-packages/airflow/example_dags/example_external_task_marker_dag.py took 0.059 seconds
[2021-02-18 07:42:31,900] {scheduler_job.py:182} INFO - Started process (PID=288) to work on /home/airflow/.local/lib/python3.6/site-packages/airflow/example_dags/example_external_task_marker_dag.py
[2021-02-18 07:42:31,901] {scheduler_job.py:629} INFO - Processing file /home/airflow/.local/lib/python3.6/site-packages/airflow/example_dags/example_external_task_marker_dag.py for tasks to queue
[2021-02-18 07:42:31,902] {logging_mixin.py:104} INFO - [2021-02-18 07:42:31,902] {dagbag.py:448} INFO - Filling up the DagBag from /home/airflow/.local/lib/python3.6/site-packages/airflow/example_dags/example_external_task_marker_dag.py
[2021-02-18 07:42:31,911] {scheduler_job.py:639} INFO - DAG(s) dict_keys(['example_external_task_marker_parent', 'example_external_task_marker_child']) retrieved from /home/airflow/.local/lib/python3.6/site-packages/airflow/example_dags/example_external_task_marker_dag.py
[2021-02-18 07:42:31,934] {logging_mixin.py:104} INFO - [2021-02-18 07:42:31,934] {dag.py:1818} INFO - Sync 2 DAGs
[2021-02-18 07:42:31,948] {logging_mixin.py:104} INFO - [2021-02-18 07:42:31,947] {dag.py:2273} INFO - Setting next_dagrun for example_external_task_marker_child to None
[2021-02-18 07:42:31,948] {logging_mixin.py:104} INFO - [2021-02-18 07:42:31,948] {dag.py:2273} INFO - Setting next_dagrun for example_external_task_marker_parent to None
[2021-02-18 07:42:31,957] {scheduler_job.py:190} INFO - Processing /home/airflow/.local/lib/python3.6/site-packages/airflow/example_dags/example_external_task_marker_dag.py took 0.059 seconds
[2021-02-18 07:43:02,037] {scheduler_job.py:182} INFO - Started process (PID=314) to work on /home/airflow/.local/lib/python3.6/site-packages/airflow/example_dags/example_external_task_marker_dag.py
[2021-02-18 07:43:02,038] {scheduler_job.py:629} INFO - Processing file /home/airflow/.local/lib/python3.6/site-packages/airflow/example_dags/example_external_task_marker_dag.py for tasks to queue
[2021-02-18 07:43:02,039] {logging_mixin.py:104} INFO - [2021-02-18 07:43:02,038] {dagbag.py:448} INFO - Filling up the DagBag from /home/airflow/.local/lib/python3.6/site-packages/airflow/example_dags/example_external_task_marker_dag.py
[2021-02-18 07:43:02,048] {scheduler_job.py:639} INFO - DAG(s) dict_keys(['example_external_task_marker_parent', 'example_external_task_marker_child']) retrieved from /home/airflow/.local/lib/python3.6/site-packages/airflow/example_dags/example_external_task_marker_dag.py
[2021-02-18 07:43:02,075] {logging_mixin.py:104} INFO - [2021-02-18 07:43:02,075] {dag.py:1818} INFO - Sync 2 DAGs
[2021-02-18 07:43:02,091] {logging_mixin.py:104} INFO - [2021-02-18 07:43:02,091] {dag.py:2273} INFO - Setting next_dagrun for example_external_task_marker_child to None
[2021-02-18 07:43:02,092] {logging_mixin.py:104} INFO - [2021-02-18 07:43:02,092] {dag.py:2273} INFO - Setting next_dagrun for example_external_task_marker_parent to None
[2021-02-18 07:43:02,103] {scheduler_job.py:190} INFO - Processing /home/airflow/.local/lib/python3.6/site-packages/airflow/example_dags/example_external_task_marker_dag.py took 0.068 seconds
[2021-02-18 07:43:32,207] {scheduler_job.py:182} INFO - Started process (PID=337) to work on /home/airflow/.local/lib/python3.6/site-packages/airflow/example_dags/example_external_task_marker_dag.py
[2021-02-18 07:43:32,208] {scheduler_job.py:629} INFO - Processing file /home/airflow/.local/lib/python3.6/site-packages/airflow/example_dags/example_external_task_marker_dag.py for tasks to queue
[2021-02-18 07:43:32,209] {logging_mixin.py:104} INFO - [2021-02-18 07:43:32,209] {dagbag.py:448} INFO - Filling up the DagBag from /home/airflow/.local/lib/python3.6/site-packages/airflow/example_dags/example_external_task_marker_dag.py
[2021-02-18 07:43:32,219] {scheduler_job.py:639} INFO - DAG(s) dict_keys(['example_external_task_marker_parent', 'example_external_task_marker_child']) retrieved from /home/airflow/.local/lib/python3.6/site-packages/airflow/example_dags/example_external_task_marker_dag.py
[2021-02-18 07:43:32,242] {logging_mixin.py:104} INFO - [2021-02-18 07:43:32,241] {dag.py:1818} INFO - Sync 2 DAGs
[2021-02-18 07:43:32,256] {logging_mixin.py:104} INFO - [2021-02-18 07:43:32,256] {dag.py:2273} INFO - Setting next_dagrun for example_external_task_marker_child to None
[2021-02-18 07:43:32,257] {logging_mixin.py:104} INFO - [2021-02-18 07:43:32,257] {dag.py:2273} INFO - Setting next_dagrun for example_external_task_marker_parent to None
[2021-02-18 07:43:32,266] {scheduler_job.py:190} INFO - Processing /home/airflow/.local/lib/python3.6/site-packages/airflow/example_dags/example_external_task_marker_dag.py took 0.062 seconds
[2021-02-18 07:44:02,320] {scheduler_job.py:182} INFO - Started process (PID=364) to work on /home/airflow/.local/lib/python3.6/site-packages/airflow/example_dags/example_external_task_marker_dag.py
[2021-02-18 07:44:02,321] {scheduler_job.py:629} INFO - Processing file /home/airflow/.local/lib/python3.6/site-packages/airflow/example_dags/example_external_task_marker_dag.py for tasks to queue
[2021-02-18 07:44:02,322] {logging_mixin.py:104} INFO - [2021-02-18 07:44:02,322] {dagbag.py:448} INFO - Filling up the DagBag from /home/airflow/.local/lib/python3.6/site-packages/airflow/example_dags/example_external_task_marker_dag.py
[2021-02-18 07:44:02,331] {scheduler_job.py:639} INFO - DAG(s) dict_keys(['example_external_task_marker_parent', 'example_external_task_marker_child']) retrieved from /home/airflow/.local/lib/python3.6/site-packages/airflow/example_dags/example_external_task_marker_dag.py
[2021-02-18 07:44:02,358] {logging_mixin.py:104} INFO - [2021-02-18 07:44:02,358] {dag.py:1818} INFO - Sync 2 DAGs
[2021-02-18 07:44:02,374] {logging_mixin.py:104} INFO - [2021-02-18 07:44:02,374] {dag.py:2273} INFO - Setting next_dagrun for example_external_task_marker_child to None
[2021-02-18 07:44:02,375] {logging_mixin.py:104} INFO - [2021-02-18 07:44:02,375] {dag.py:2273} INFO - Setting next_dagrun for example_external_task_marker_parent to None
[2021-02-18 07:44:02,386] {scheduler_job.py:190} INFO - Processing /home/airflow/.local/lib/python3.6/site-packages/airflow/example_dags/example_external_task_marker_dag.py took 0.068 seconds
[2021-02-18 07:44:32,529] {scheduler_job.py:182} INFO - Started process (PID=389) to work on /home/airflow/.local/lib/python3.6/site-packages/airflow/example_dags/example_external_task_marker_dag.py
[2021-02-18 07:44:32,530] {scheduler_job.py:629} INFO - Processing file /home/airflow/.local/lib/python3.6/site-packages/airflow/example_dags/example_external_task_marker_dag.py for tasks to queue
[2021-02-18 07:44:32,531] {logging_mixin.py:104} INFO - [2021-02-18 07:44:32,531] {dagbag.py:448} INFO - Filling up the DagBag from /home/airflow/.local/lib/python3.6/site-packages/airflow/example_dags/example_external_task_marker_dag.py
[2021-02-18 07:44:32,540] {scheduler_job.py:639} INFO - DAG(s) dict_keys(['example_external_task_marker_parent', 'example_external_task_marker_child']) retrieved from /home/airflow/.local/lib/python3.6/site-packages/airflow/example_dags/example_external_task_marker_dag.py
[2021-02-18 07:44:32,561] {logging_mixin.py:104} INFO - [2021-02-18 07:44:32,561] {dag.py:1818} INFO - Sync 2 DAGs
[2021-02-18 07:44:32,577] {logging_mixin.py:104} INFO - [2021-02-18 07:44:32,577] {dag.py:2273} INFO - Setting next_dagrun for example_external_task_marker_child to None
[2021-02-18 07:44:32,578] {logging_mixin.py:104} INFO - [2021-02-18 07:44:32,577] {dag.py:2273} INFO - Setting next_dagrun for example_external_task_marker_parent to None
[2021-02-18 07:44:32,587] {scheduler_job.py:190} INFO - Processing /home/airflow/.local/lib/python3.6/site-packages/airflow/example_dags/example_external_task_marker_dag.py took 0.061 seconds
[2021-02-18 07:45:02,760] {scheduler_job.py:182} INFO - Started process (PID=416) to work on /home/airflow/.local/lib/python3.6/site-packages/airflow/example_dags/example_external_task_marker_dag.py
[2021-02-18 07:45:02,762] {scheduler_job.py:629} INFO - Processing file /home/airflow/.local/lib/python3.6/site-packages/airflow/example_dags/example_external_task_marker_dag.py for tasks to queue
[2021-02-18 07:45:02,763] {logging_mixin.py:104} INFO - [2021-02-18 07:45:02,763] {dagbag.py:448} INFO - Filling up the DagBag from /home/airflow/.local/lib/python3.6/site-packages/airflow/example_dags/example_external_task_marker_dag.py
[2021-02-18 07:45:02,772] {scheduler_job.py:639} INFO - DAG(s) dict_keys(['example_external_task_marker_parent', 'example_external_task_marker_child']) retrieved from /home/airflow/.local/lib/python3.6/site-packages/airflow/example_dags/example_external_task_marker_dag.py
[2021-02-18 07:45:02,797] {logging_mixin.py:104} INFO - [2021-02-18 07:45:02,797] {dag.py:1818} INFO - Sync 2 DAGs
[2021-02-18 07:45:02,811] {logging_mixin.py:104} INFO - [2021-02-18 07:45:02,811] {dag.py:2273} INFO - Setting next_dagrun for example_external_task_marker_child to None
[2021-02-18 07:45:02,812] {logging_mixin.py:104} INFO - [2021-02-18 07:45:02,812] {dag.py:2273} INFO - Setting next_dagrun for example_external_task_marker_parent to None
[2021-02-18 07:45:02,819] {scheduler_job.py:190} INFO - Processing /home/airflow/.local/lib/python3.6/site-packages/airflow/example_dags/example_external_task_marker_dag.py took 0.064 seconds
[2021-02-18 07:45:32,955] {scheduler_job.py:182} INFO - Started process (PID=442) to work on /home/airflow/.local/lib/python3.6/site-packages/airflow/example_dags/example_external_task_marker_dag.py
[2021-02-18 07:45:32,956] {scheduler_job.py:629} INFO - Processing file /home/airflow/.local/lib/python3.6/site-packages/airflow/example_dags/example_external_task_marker_dag.py for tasks to queue
[2021-02-18 07:45:32,957] {logging_mixin.py:104} INFO - [2021-02-18 07:45:32,957] {dagbag.py:448} INFO - Filling up the DagBag from /home/airflow/.local/lib/python3.6/site-packages/airflow/example_dags/example_external_task_marker_dag.py
[2021-02-18 07:45:32,967] {scheduler_job.py:639} INFO - DAG(s) dict_keys(['example_external_task_marker_parent', 'example_external_task_marker_child']) retrieved from /home/airflow/.local/lib/python3.6/site-packages/airflow/example_dags/example_external_task_marker_dag.py
[2021-02-18 07:45:32,990] {logging_mixin.py:104} INFO - [2021-02-18 07:45:32,990] {dag.py:1818} INFO - Sync 2 DAGs
[2021-02-18 07:45:33,005] {logging_mixin.py:104} INFO - [2021-02-18 07:45:33,005] {dag.py:2273} INFO - Setting next_dagrun for example_external_task_marker_child to None
[2021-02-18 07:45:33,006] {logging_mixin.py:104} INFO - [2021-02-18 07:45:33,006] {dag.py:2273} INFO - Setting next_dagrun for example_external_task_marker_parent to None
[2021-02-18 07:45:33,013] {scheduler_job.py:190} INFO - Processing /home/airflow/.local/lib/python3.6/site-packages/airflow/example_dags/example_external_task_marker_dag.py took 0.060 seconds
[2021-02-18 07:46:03,159] {scheduler_job.py:182} INFO - Started process (PID=467) to work on /home/airflow/.local/lib/python3.6/site-packages/airflow/example_dags/example_external_task_marker_dag.py
[2021-02-18 07:46:03,160] {scheduler_job.py:629} INFO - Processing file /home/airflow/.local/lib/python3.6/site-packages/airflow/example_dags/example_external_task_marker_dag.py for tasks to queue
[2021-02-18 07:46:03,160] {logging_mixin.py:104} INFO - [2021-02-18 07:46:03,160] {dagbag.py:448} INFO - Filling up the DagBag from /home/airflow/.local/lib/python3.6/site-packages/airflow/example_dags/example_external_task_marker_dag.py
[2021-02-18 07:46:03,171] {scheduler_job.py:639} INFO - DAG(s) dict_keys(['example_external_task_marker_parent', 'example_external_task_marker_child']) retrieved from /home/airflow/.local/lib/python3.6/site-packages/airflow/example_dags/example_external_task_marker_dag.py
[2021-02-18 07:46:03,197] {logging_mixin.py:104} INFO - [2021-02-18 07:46:03,197] {dag.py:1818} INFO - Sync 2 DAGs
[2021-02-18 07:46:03,211] {logging_mixin.py:104} INFO - [2021-02-18 07:46:03,211] {dag.py:2273} INFO - Setting next_dagrun for example_external_task_marker_child to None
[2021-02-18 07:46:03,212] {logging_mixin.py:104} INFO - [2021-02-18 07:46:03,212] {dag.py:2273} INFO - Setting next_dagrun for example_external_task_marker_parent to None
[2021-02-18 07:46:03,220] {scheduler_job.py:190} INFO - Processing /home/airflow/.local/lib/python3.6/site-packages/airflow/example_dags/example_external_task_marker_dag.py took 0.064 seconds
[2021-02-18 07:46:33,257] {scheduler_job.py:182} INFO - Started process (PID=493) to work on /home/airflow/.local/lib/python3.6/site-packages/airflow/example_dags/example_external_task_marker_dag.py
[2021-02-18 07:46:33,258] {scheduler_job.py:629} INFO - Processing file /home/airflow/.local/lib/python3.6/site-packages/airflow/example_dags/example_external_task_marker_dag.py for tasks to queue
[2021-02-18 07:46:33,258] {logging_mixin.py:104} INFO - [2021-02-18 07:46:33,258] {dagbag.py:448} INFO - Filling up the DagBag from /home/airflow/.local/lib/python3.6/site-packages/airflow/example_dags/example_external_task_marker_dag.py
[2021-02-18 07:46:33,267] {scheduler_job.py:639} INFO - DAG(s) dict_keys(['example_external_task_marker_parent', 'example_external_task_marker_child']) retrieved from /home/airflow/.local/lib/python3.6/site-packages/airflow/example_dags/example_external_task_marker_dag.py
[2021-02-18 07:46:33,292] {logging_mixin.py:104} INFO - [2021-02-18 07:46:33,292] {dag.py:1818} INFO - Sync 2 DAGs
[2021-02-18 07:46:33,307] {logging_mixin.py:104} INFO - [2021-02-18 07:46:33,306] {dag.py:2273} INFO - Setting next_dagrun for example_external_task_marker_child to None
[2021-02-18 07:46:33,307] {logging_mixin.py:104} INFO - [2021-02-18 07:46:33,307] {dag.py:2273} INFO - Setting next_dagrun for example_external_task_marker_parent to None
[2021-02-18 07:46:33,317] {scheduler_job.py:190} INFO - Processing /home/airflow/.local/lib/python3.6/site-packages/airflow/example_dags/example_external_task_marker_dag.py took 0.064 seconds
[2021-02-18 07:47:03,382] {scheduler_job.py:182} INFO - Started process (PID=519) to work on /home/airflow/.local/lib/python3.6/site-packages/airflow/example_dags/example_external_task_marker_dag.py
[2021-02-18 07:47:03,383] {scheduler_job.py:629} INFO - Processing file /home/airflow/.local/lib/python3.6/site-packages/airflow/example_dags/example_external_task_marker_dag.py for tasks to queue
[2021-02-18 07:47:03,383] {logging_mixin.py:104} INFO - [2021-02-18 07:47:03,383] {dagbag.py:448} INFO - Filling up the DagBag from /home/airflow/.local/lib/python3.6/site-packages/airflow/example_dags/example_external_task_marker_dag.py
[2021-02-18 07:47:03,393] {scheduler_job.py:639} INFO - DAG(s) dict_keys(['example_external_task_marker_parent', 'example_external_task_marker_child']) retrieved from /home/airflow/.local/lib/python3.6/site-packages/airflow/example_dags/example_external_task_marker_dag.py
[2021-02-18 07:47:03,417] {logging_mixin.py:104} INFO - [2021-02-18 07:47:03,417] {dag.py:1818} INFO - Sync 2 DAGs
[2021-02-18 07:47:03,434] {logging_mixin.py:104} INFO - [2021-02-18 07:47:03,433] {dag.py:2273} INFO - Setting next_dagrun for example_external_task_marker_child to None
[2021-02-18 07:47:03,434] {logging_mixin.py:104} INFO - [2021-02-18 07:47:03,434] {dag.py:2273} INFO - Setting next_dagrun for example_external_task_marker_parent to None
[2021-02-18 07:47:03,444] {scheduler_job.py:190} INFO - Processing /home/airflow/.local/lib/python3.6/site-packages/airflow/example_dags/example_external_task_marker_dag.py took 0.065 seconds
[2021-02-18 07:47:33,498] {scheduler_job.py:182} INFO - Started process (PID=543) to work on /home/airflow/.local/lib/python3.6/site-packages/airflow/example_dags/example_external_task_marker_dag.py
[2021-02-18 07:47:33,498] {scheduler_job.py:629} INFO - Processing file /home/airflow/.local/lib/python3.6/site-packages/airflow/example_dags/example_external_task_marker_dag.py for tasks to queue
[2021-02-18 07:47:33,499] {logging_mixin.py:104} INFO - [2021-02-18 07:47:33,499] {dagbag.py:448} INFO - Filling up the DagBag from /home/airflow/.local/lib/python3.6/site-packages/airflow/example_dags/example_external_task_marker_dag.py
[2021-02-18 07:47:33,508] {scheduler_job.py:639} INFO - DAG(s) dict_keys(['example_external_task_marker_parent', 'example_external_task_marker_child']) retrieved from /home/airflow/.local/lib/python3.6/site-packages/airflow/example_dags/example_external_task_marker_dag.py
[2021-02-18 07:47:33,535] {logging_mixin.py:104} INFO - [2021-02-18 07:47:33,534] {dag.py:1818} INFO - Sync 2 DAGs
[2021-02-18 07:47:33,547] {logging_mixin.py:104} INFO - [2021-02-18 07:47:33,547] {dag.py:2273} INFO - Setting next_dagrun for example_external_task_marker_child to None
[2021-02-18 07:47:33,547] {logging_mixin.py:104} INFO - [2021-02-18 07:47:33,547] {dag.py:2273} INFO - Setting next_dagrun for example_external_task_marker_parent to None
[2021-02-18 07:47:33,556] {scheduler_job.py:190} INFO - Processing /home/airflow/.local/lib/python3.6/site-packages/airflow/example_dags/example_external_task_marker_dag.py took 0.061 seconds
[2021-02-18 07:48:03,619] {scheduler_job.py:182} INFO - Started process (PID=569) to work on /home/airflow/.local/lib/python3.6/site-packages/airflow/example_dags/example_external_task_marker_dag.py
[2021-02-18 07:48:03,619] {scheduler_job.py:629} INFO - Processing file /home/airflow/.local/lib/python3.6/site-packages/airflow/example_dags/example_external_task_marker_dag.py for tasks to queue
[2021-02-18 07:48:03,620] {logging_mixin.py:104} INFO - [2021-02-18 07:48:03,620] {dagbag.py:448} INFO - Filling up the DagBag from /home/airflow/.local/lib/python3.6/site-packages/airflow/example_dags/example_external_task_marker_dag.py
[2021-02-18 07:48:03,629] {scheduler_job.py:639} INFO - DAG(s) dict_keys(['example_external_task_marker_parent', 'example_external_task_marker_child']) retrieved from /home/airflow/.local/lib/python3.6/site-packages/airflow/example_dags/example_external_task_marker_dag.py
[2021-02-18 07:48:03,651] {logging_mixin.py:104} INFO - [2021-02-18 07:48:03,651] {dag.py:1818} INFO - Sync 2 DAGs
[2021-02-18 07:48:03,663] {logging_mixin.py:104} INFO - [2021-02-18 07:48:03,663] {dag.py:2273} INFO - Setting next_dagrun for example_external_task_marker_child to None
[2021-02-18 07:48:03,663] {logging_mixin.py:104} INFO - [2021-02-18 07:48:03,663] {dag.py:2273} INFO - Setting next_dagrun for example_external_task_marker_parent to None
[2021-02-18 07:48:03,672] {scheduler_job.py:190} INFO - Processing /home/airflow/.local/lib/python3.6/site-packages/airflow/example_dags/example_external_task_marker_dag.py took 0.056 seconds
[2021-02-18 07:48:33,731] {scheduler_job.py:182} INFO - Started process (PID=595) to work on /home/airflow/.local/lib/python3.6/site-packages/airflow/example_dags/example_external_task_marker_dag.py
[2021-02-18 07:48:33,732] {scheduler_job.py:629} INFO - Processing file /home/airflow/.local/lib/python3.6/site-packages/airflow/example_dags/example_external_task_marker_dag.py for tasks to queue
[2021-02-18 07:48:33,733] {logging_mixin.py:104} INFO - [2021-02-18 07:48:33,733] {dagbag.py:448} INFO - Filling up the DagBag from /home/airflow/.local/lib/python3.6/site-packages/airflow/example_dags/example_external_task_marker_dag.py
[2021-02-18 07:48:33,741] {scheduler_job.py:639} INFO - DAG(s) dict_keys(['example_external_task_marker_parent', 'example_external_task_marker_child']) retrieved from /home/airflow/.local/lib/python3.6/site-packages/airflow/example_dags/example_external_task_marker_dag.py
[2021-02-18 07:48:33,764] {logging_mixin.py:104} INFO - [2021-02-18 07:48:33,764] {dag.py:1818} INFO - Sync 2 DAGs
[2021-02-18 07:48:33,776] {logging_mixin.py:104} INFO - [2021-02-18 07:48:33,776] {dag.py:2273} INFO - Setting next_dagrun for example_external_task_marker_child to None
[2021-02-18 07:48:33,778] {logging_mixin.py:104} INFO - [2021-02-18 07:48:33,778] {dag.py:2273} INFO - Setting next_dagrun for example_external_task_marker_parent to None
[2021-02-18 07:48:33,788] {scheduler_job.py:190} INFO - Processing /home/airflow/.local/lib/python3.6/site-packages/airflow/example_dags/example_external_task_marker_dag.py took 0.061 seconds
[2021-02-18 07:49:03,859] {scheduler_job.py:182} INFO - Started process (PID=621) to work on /home/airflow/.local/lib/python3.6/site-packages/airflow/example_dags/example_external_task_marker_dag.py
[2021-02-18 07:49:03,860] {scheduler_job.py:629} INFO - Processing file /home/airflow/.local/lib/python3.6/site-packages/airflow/example_dags/example_external_task_marker_dag.py for tasks to queue
[2021-02-18 07:49:03,861] {logging_mixin.py:104} INFO - [2021-02-18 07:49:03,861] {dagbag.py:448} INFO - Filling up the DagBag from /home/airflow/.local/lib/python3.6/site-packages/airflow/example_dags/example_external_task_marker_dag.py
[2021-02-18 07:49:03,871] {scheduler_job.py:639} INFO - DAG(s) dict_keys(['example_external_task_marker_parent', 'example_external_task_marker_child']) retrieved from /home/airflow/.local/lib/python3.6/site-packages/airflow/example_dags/example_external_task_marker_dag.py
[2021-02-18 07:49:03,897] {logging_mixin.py:104} INFO - [2021-02-18 07:49:03,897] {dag.py:1818} INFO - Sync 2 DAGs
[2021-02-18 07:49:03,910] {logging_mixin.py:104} INFO - [2021-02-18 07:49:03,910] {dag.py:2273} INFO - Setting next_dagrun for example_external_task_marker_child to None
[2021-02-18 07:49:03,911] {logging_mixin.py:104} INFO - [2021-02-18 07:49:03,911] {dag.py:2273} INFO - Setting next_dagrun for example_external_task_marker_parent to None
[2021-02-18 07:49:03,921] {scheduler_job.py:190} INFO - Processing /home/airflow/.local/lib/python3.6/site-packages/airflow/example_dags/example_external_task_marker_dag.py took 0.066 seconds
[2021-02-18 07:49:33,970] {scheduler_job.py:182} INFO - Started process (PID=647) to work on /home/airflow/.local/lib/python3.6/site-packages/airflow/example_dags/example_external_task_marker_dag.py
[2021-02-18 07:49:33,971] {scheduler_job.py:629} INFO - Processing file /home/airflow/.local/lib/python3.6/site-packages/airflow/example_dags/example_external_task_marker_dag.py for tasks to queue
[2021-02-18 07:49:33,971] {logging_mixin.py:104} INFO - [2021-02-18 07:49:33,971] {dagbag.py:448} INFO - Filling up the DagBag from /home/airflow/.local/lib/python3.6/site-packages/airflow/example_dags/example_external_task_marker_dag.py
[2021-02-18 07:49:33,981] {scheduler_job.py:639} INFO - DAG(s) dict_keys(['example_external_task_marker_parent', 'example_external_task_marker_child']) retrieved from /home/airflow/.local/lib/python3.6/site-packages/airflow/example_dags/example_external_task_marker_dag.py
[2021-02-18 07:49:34,007] {logging_mixin.py:104} INFO - [2021-02-18 07:49:34,006] {dag.py:1818} INFO - Sync 2 DAGs
[2021-02-18 07:49:34,019] {logging_mixin.py:104} INFO - [2021-02-18 07:49:34,019] {dag.py:2273} INFO - Setting next_dagrun for example_external_task_marker_child to None
[2021-02-18 07:49:34,020] {logging_mixin.py:104} INFO - [2021-02-18 07:49:34,020] {dag.py:2273} INFO - Setting next_dagrun for example_external_task_marker_parent to None
[2021-02-18 07:49:34,026] {scheduler_job.py:190} INFO - Processing /home/airflow/.local/lib/python3.6/site-packages/airflow/example_dags/example_external_task_marker_dag.py took 0.060 seconds
[2021-02-18 07:50:04,157] {scheduler_job.py:182} INFO - Started process (PID=673) to work on /home/airflow/.local/lib/python3.6/site-packages/airflow/example_dags/example_external_task_marker_dag.py
[2021-02-18 07:50:04,158] {scheduler_job.py:629} INFO - Processing file /home/airflow/.local/lib/python3.6/site-packages/airflow/example_dags/example_external_task_marker_dag.py for tasks to queue
[2021-02-18 07:50:04,159] {logging_mixin.py:104} INFO - [2021-02-18 07:50:04,159] {dagbag.py:448} INFO - Filling up the DagBag from /home/airflow/.local/lib/python3.6/site-packages/airflow/example_dags/example_external_task_marker_dag.py
[2021-02-18 07:50:04,172] {scheduler_job.py:639} INFO - DAG(s) dict_keys(['example_external_task_marker_parent', 'example_external_task_marker_child']) retrieved from /home/airflow/.local/lib/python3.6/site-packages/airflow/example_dags/example_external_task_marker_dag.py
[2021-02-18 07:50:04,194] {logging_mixin.py:104} INFO - [2021-02-18 07:50:04,194] {dag.py:1818} INFO - Sync 2 DAGs
[2021-02-18 07:50:04,208] {logging_mixin.py:104} INFO - [2021-02-18 07:50:04,208] {dag.py:2273} INFO - Setting next_dagrun for example_external_task_marker_child to None
[2021-02-18 07:50:04,209] {logging_mixin.py:104} INFO - [2021-02-18 07:50:04,209] {dag.py:2273} INFO - Setting next_dagrun for example_external_task_marker_parent to None
[2021-02-18 07:50:04,216] {scheduler_job.py:190} INFO - Processing /home/airflow/.local/lib/python3.6/site-packages/airflow/example_dags/example_external_task_marker_dag.py took 0.062 seconds
[2021-02-18 07:50:34,254] {scheduler_job.py:182} INFO - Started process (PID=699) to work on /home/airflow/.local/lib/python3.6/site-packages/airflow/example_dags/example_external_task_marker_dag.py
[2021-02-18 07:50:34,255] {scheduler_job.py:629} INFO - Processing file /home/airflow/.local/lib/python3.6/site-packages/airflow/example_dags/example_external_task_marker_dag.py for tasks to queue
[2021-02-18 07:50:34,256] {logging_mixin.py:104} INFO - [2021-02-18 07:50:34,256] {dagbag.py:448} INFO - Filling up the DagBag from /home/airflow/.local/lib/python3.6/site-packages/airflow/example_dags/example_external_task_marker_dag.py
[2021-02-18 07:50:34,266] {scheduler_job.py:639} INFO - DAG(s) dict_keys(['example_external_task_marker_parent', 'example_external_task_marker_child']) retrieved from /home/airflow/.local/lib/python3.6/site-packages/airflow/example_dags/example_external_task_marker_dag.py
[2021-02-18 07:50:34,293] {logging_mixin.py:104} INFO - [2021-02-18 07:50:34,293] {dag.py:1818} INFO - Sync 2 DAGs
[2021-02-18 07:50:34,305] {logging_mixin.py:104} INFO - [2021-02-18 07:50:34,305] {dag.py:2273} INFO - Setting next_dagrun for example_external_task_marker_child to None
[2021-02-18 07:50:34,306] {logging_mixin.py:104} INFO - [2021-02-18 07:50:34,306] {dag.py:2273} INFO - Setting next_dagrun for example_external_task_marker_parent to None
[2021-02-18 07:50:34,315] {scheduler_job.py:190} INFO - Processing /home/airflow/.local/lib/python3.6/site-packages/airflow/example_dags/example_external_task_marker_dag.py took 0.063 seconds
[2021-02-18 07:51:04,332] {scheduler_job.py:182} INFO - Started process (PID=721) to work on /home/airflow/.local/lib/python3.6/site-packages/airflow/example_dags/example_external_task_marker_dag.py
[2021-02-18 07:51:04,334] {scheduler_job.py:629} INFO - Processing file /home/airflow/.local/lib/python3.6/site-packages/airflow/example_dags/example_external_task_marker_dag.py for tasks to queue
[2021-02-18 07:51:04,335] {logging_mixin.py:104} INFO - [2021-02-18 07:51:04,335] {dagbag.py:448} INFO - Filling up the DagBag from /home/airflow/.local/lib/python3.6/site-packages/airflow/example_dags/example_external_task_marker_dag.py
[2021-02-18 07:51:04,347] {scheduler_job.py:639} INFO - DAG(s) dict_keys(['example_external_task_marker_parent', 'example_external_task_marker_child']) retrieved from /home/airflow/.local/lib/python3.6/site-packages/airflow/example_dags/example_external_task_marker_dag.py
[2021-02-18 07:51:04,372] {logging_mixin.py:104} INFO - [2021-02-18 07:51:04,372] {dag.py:1818} INFO - Sync 2 DAGs
[2021-02-18 07:51:04,385] {logging_mixin.py:104} INFO - [2021-02-18 07:51:04,385] {dag.py:2273} INFO - Setting next_dagrun for example_external_task_marker_child to None
[2021-02-18 07:51:04,385] {logging_mixin.py:104} INFO - [2021-02-18 07:51:04,385] {dag.py:2273} INFO - Setting next_dagrun for example_external_task_marker_parent to None
[2021-02-18 07:51:04,398] {scheduler_job.py:190} INFO - Processing /home/airflow/.local/lib/python3.6/site-packages/airflow/example_dags/example_external_task_marker_dag.py took 0.069 seconds
[2021-02-18 07:51:34,488] {scheduler_job.py:182} INFO - Started process (PID=747) to work on /home/airflow/.local/lib/python3.6/site-packages/airflow/example_dags/example_external_task_marker_dag.py
[2021-02-18 07:51:34,490] {scheduler_job.py:629} INFO - Processing file /home/airflow/.local/lib/python3.6/site-packages/airflow/example_dags/example_external_task_marker_dag.py for tasks to queue
[2021-02-18 07:51:34,491] {logging_mixin.py:104} INFO - [2021-02-18 07:51:34,491] {dagbag.py:448} INFO - Filling up the DagBag from /home/airflow/.local/lib/python3.6/site-packages/airflow/example_dags/example_external_task_marker_dag.py
[2021-02-18 07:51:34,503] {scheduler_job.py:639} INFO - DAG(s) dict_keys(['example_external_task_marker_parent', 'example_external_task_marker_child']) retrieved from /home/airflow/.local/lib/python3.6/site-packages/airflow/example_dags/example_external_task_marker_dag.py
[2021-02-18 07:51:34,529] {logging_mixin.py:104} INFO - [2021-02-18 07:51:34,529] {dag.py:1818} INFO - Sync 2 DAGs
[2021-02-18 07:51:34,543] {logging_mixin.py:104} INFO - [2021-02-18 07:51:34,542] {dag.py:2273} INFO - Setting next_dagrun for example_external_task_marker_child to None
[2021-02-18 07:51:34,543] {logging_mixin.py:104} INFO - [2021-02-18 07:51:34,543] {dag.py:2273} INFO - Setting next_dagrun for example_external_task_marker_parent to None
[2021-02-18 07:51:34,554] {scheduler_job.py:190} INFO - Processing /home/airflow/.local/lib/python3.6/site-packages/airflow/example_dags/example_external_task_marker_dag.py took 0.070 seconds
[2021-02-18 07:52:04,604] {scheduler_job.py:182} INFO - Started process (PID=773) to work on /home/airflow/.local/lib/python3.6/site-packages/airflow/example_dags/example_external_task_marker_dag.py
[2021-02-18 07:52:04,605] {scheduler_job.py:629} INFO - Processing file /home/airflow/.local/lib/python3.6/site-packages/airflow/example_dags/example_external_task_marker_dag.py for tasks to queue
[2021-02-18 07:52:04,605] {logging_mixin.py:104} INFO - [2021-02-18 07:52:04,605] {dagbag.py:448} INFO - Filling up the DagBag from /home/airflow/.local/lib/python3.6/site-packages/airflow/example_dags/example_external_task_marker_dag.py
[2021-02-18 07:52:04,616] {scheduler_job.py:639} INFO - DAG(s) dict_keys(['example_external_task_marker_parent', 'example_external_task_marker_child']) retrieved from /home/airflow/.local/lib/python3.6/site-packages/airflow/example_dags/example_external_task_marker_dag.py
[2021-02-18 07:52:04,641] {logging_mixin.py:104} INFO - [2021-02-18 07:52:04,641] {dag.py:1818} INFO - Sync 2 DAGs
[2021-02-18 07:52:04,654] {logging_mixin.py:104} INFO - [2021-02-18 07:52:04,654] {dag.py:2273} INFO - Setting next_dagrun for example_external_task_marker_child to None
[2021-02-18 07:52:04,654] {logging_mixin.py:104} INFO - [2021-02-18 07:52:04,654] {dag.py:2273} INFO - Setting next_dagrun for example_external_task_marker_parent to None
[2021-02-18 07:52:04,664] {scheduler_job.py:190} INFO - Processing /home/airflow/.local/lib/python3.6/site-packages/airflow/example_dags/example_external_task_marker_dag.py took 0.064 seconds
[2021-02-18 07:52:34,834] {scheduler_job.py:182} INFO - Started process (PID=800) to work on /home/airflow/.local/lib/python3.6/site-packages/airflow/example_dags/example_external_task_marker_dag.py
[2021-02-18 07:52:34,835] {scheduler_job.py:629} INFO - Processing file /home/airflow/.local/lib/python3.6/site-packages/airflow/example_dags/example_external_task_marker_dag.py for tasks to queue
[2021-02-18 07:52:34,836] {logging_mixin.py:104} INFO - [2021-02-18 07:52:34,836] {dagbag.py:448} INFO - Filling up the DagBag from /home/airflow/.local/lib/python3.6/site-packages/airflow/example_dags/example_external_task_marker_dag.py
[2021-02-18 07:52:34,847] {scheduler_job.py:639} INFO - DAG(s) dict_keys(['example_external_task_marker_parent', 'example_external_task_marker_child']) retrieved from /home/airflow/.local/lib/python3.6/site-packages/airflow/example_dags/example_external_task_marker_dag.py
[2021-02-18 07:52:34,876] {logging_mixin.py:104} INFO - [2021-02-18 07:52:34,876] {dag.py:1818} INFO - Sync 2 DAGs
[2021-02-18 07:52:34,889] {logging_mixin.py:104} INFO - [2021-02-18 07:52:34,889] {dag.py:2273} INFO - Setting next_dagrun for example_external_task_marker_child to None
[2021-02-18 07:52:34,889] {logging_mixin.py:104} INFO - [2021-02-18 07:52:34,889] {dag.py:2273} INFO - Setting next_dagrun for example_external_task_marker_parent to None
[2021-02-18 07:52:34,900] {scheduler_job.py:190} INFO - Processing /home/airflow/.local/lib/python3.6/site-packages/airflow/example_dags/example_external_task_marker_dag.py took 0.069 seconds
[2021-02-18 07:53:04,921] {scheduler_job.py:182} INFO - Started process (PID=826) to work on /home/airflow/.local/lib/python3.6/site-packages/airflow/example_dags/example_external_task_marker_dag.py
[2021-02-18 07:53:04,922] {scheduler_job.py:629} INFO - Processing file /home/airflow/.local/lib/python3.6/site-packages/airflow/example_dags/example_external_task_marker_dag.py for tasks to queue
[2021-02-18 07:53:04,923] {logging_mixin.py:104} INFO - [2021-02-18 07:53:04,923] {dagbag.py:448} INFO - Filling up the DagBag from /home/airflow/.local/lib/python3.6/site-packages/airflow/example_dags/example_external_task_marker_dag.py
[2021-02-18 07:53:04,933] {scheduler_job.py:639} INFO - DAG(s) dict_keys(['example_external_task_marker_parent', 'example_external_task_marker_child']) retrieved from /home/airflow/.local/lib/python3.6/site-packages/airflow/example_dags/example_external_task_marker_dag.py
[2021-02-18 07:53:04,961] {logging_mixin.py:104} INFO - [2021-02-18 07:53:04,961] {dag.py:1818} INFO - Sync 2 DAGs
[2021-02-18 07:53:04,975] {logging_mixin.py:104} INFO - [2021-02-18 07:53:04,975] {dag.py:2273} INFO - Setting next_dagrun for example_external_task_marker_child to None
[2021-02-18 07:53:04,976] {logging_mixin.py:104} INFO - [2021-02-18 07:53:04,975] {dag.py:2273} INFO - Setting next_dagrun for example_external_task_marker_parent to None
[2021-02-18 07:53:04,984] {scheduler_job.py:190} INFO - Processing /home/airflow/.local/lib/python3.6/site-packages/airflow/example_dags/example_external_task_marker_dag.py took 0.066 seconds
[2021-02-18 07:53:35,147] {scheduler_job.py:182} INFO - Started process (PID=851) to work on /home/airflow/.local/lib/python3.6/site-packages/airflow/example_dags/example_external_task_marker_dag.py
[2021-02-18 07:53:35,148] {scheduler_job.py:629} INFO - Processing file /home/airflow/.local/lib/python3.6/site-packages/airflow/example_dags/example_external_task_marker_dag.py for tasks to queue
[2021-02-18 07:53:35,148] {logging_mixin.py:104} INFO - [2021-02-18 07:53:35,148] {dagbag.py:448} INFO - Filling up the DagBag from /home/airflow/.local/lib/python3.6/site-packages/airflow/example_dags/example_external_task_marker_dag.py
[2021-02-18 07:53:35,158] {scheduler_job.py:639} INFO - DAG(s) dict_keys(['example_external_task_marker_parent', 'example_external_task_marker_child']) retrieved from /home/airflow/.local/lib/python3.6/site-packages/airflow/example_dags/example_external_task_marker_dag.py
[2021-02-18 07:53:35,182] {logging_mixin.py:104} INFO - [2021-02-18 07:53:35,182] {dag.py:1818} INFO - Sync 2 DAGs
[2021-02-18 07:53:35,195] {logging_mixin.py:104} INFO - [2021-02-18 07:53:35,195] {dag.py:2273} INFO - Setting next_dagrun for example_external_task_marker_child to None
[2021-02-18 07:53:35,196] {logging_mixin.py:104} INFO - [2021-02-18 07:53:35,196] {dag.py:2273} INFO - Setting next_dagrun for example_external_task_marker_parent to None
[2021-02-18 07:53:35,207] {scheduler_job.py:190} INFO - Processing /home/airflow/.local/lib/python3.6/site-packages/airflow/example_dags/example_external_task_marker_dag.py took 0.063 seconds
[2021-02-18 07:54:05,230] {scheduler_job.py:182} INFO - Started process (PID=876) to work on /home/airflow/.local/lib/python3.6/site-packages/airflow/example_dags/example_external_task_marker_dag.py
[2021-02-18 07:54:05,231] {scheduler_job.py:629} INFO - Processing file /home/airflow/.local/lib/python3.6/site-packages/airflow/example_dags/example_external_task_marker_dag.py for tasks to queue
[2021-02-18 07:54:05,231] {logging_mixin.py:104} INFO - [2021-02-18 07:54:05,231] {dagbag.py:448} INFO - Filling up the DagBag from /home/airflow/.local/lib/python3.6/site-packages/airflow/example_dags/example_external_task_marker_dag.py
[2021-02-18 07:54:05,245] {scheduler_job.py:639} INFO - DAG(s) dict_keys(['example_external_task_marker_parent', 'example_external_task_marker_child']) retrieved from /home/airflow/.local/lib/python3.6/site-packages/airflow/example_dags/example_external_task_marker_dag.py
[2021-02-18 07:54:05,293] {logging_mixin.py:104} INFO - [2021-02-18 07:54:05,293] {dag.py:1818} INFO - Sync 2 DAGs
[2021-02-18 07:54:05,313] {logging_mixin.py:104} INFO - [2021-02-18 07:54:05,313] {dag.py:2273} INFO - Setting next_dagrun for example_external_task_marker_child to None
[2021-02-18 07:54:05,314] {logging_mixin.py:104} INFO - [2021-02-18 07:54:05,314] {dag.py:2273} INFO - Setting next_dagrun for example_external_task_marker_parent to None
[2021-02-18 07:54:05,323] {scheduler_job.py:190} INFO - Processing /home/airflow/.local/lib/python3.6/site-packages/airflow/example_dags/example_external_task_marker_dag.py took 0.096 seconds
[2021-02-18 07:55:58,733] {scheduler_job.py:182} INFO - Started process (PID=44) to work on /home/airflow/.local/lib/python3.6/site-packages/airflow/example_dags/example_external_task_marker_dag.py
[2021-02-18 07:55:58,734] {scheduler_job.py:629} INFO - Processing file /home/airflow/.local/lib/python3.6/site-packages/airflow/example_dags/example_external_task_marker_dag.py for tasks to queue
[2021-02-18 07:55:58,734] {logging_mixin.py:104} INFO - [2021-02-18 07:55:58,734] {dagbag.py:448} INFO - Filling up the DagBag from /home/airflow/.local/lib/python3.6/site-packages/airflow/example_dags/example_external_task_marker_dag.py
[2021-02-18 07:55:58,749] {scheduler_job.py:639} INFO - DAG(s) dict_keys(['example_external_task_marker_parent', 'example_external_task_marker_child']) retrieved from /home/airflow/.local/lib/python3.6/site-packages/airflow/example_dags/example_external_task_marker_dag.py
[2021-02-18 07:55:58,775] {logging_mixin.py:104} INFO - [2021-02-18 07:55:58,775] {dag.py:1818} INFO - Sync 2 DAGs
[2021-02-18 07:55:58,786] {logging_mixin.py:104} INFO - [2021-02-18 07:55:58,786] {dag.py:1837} INFO - Creating ORM DAG for example_external_task_marker_parent
[2021-02-18 07:55:58,786] {logging_mixin.py:104} INFO - [2021-02-18 07:55:58,786] {dag.py:1837} INFO - Creating ORM DAG for example_external_task_marker_child
[2021-02-18 07:55:58,793] {logging_mixin.py:104} INFO - [2021-02-18 07:55:58,792] {dag.py:2273} INFO - Setting next_dagrun for example_external_task_marker_child to None
[2021-02-18 07:55:58,793] {logging_mixin.py:104} INFO - [2021-02-18 07:55:58,793] {dag.py:2273} INFO - Setting next_dagrun for example_external_task_marker_parent to None
[2021-02-18 07:55:58,808] {scheduler_job.py:190} INFO - Processing /home/airflow/.local/lib/python3.6/site-packages/airflow/example_dags/example_external_task_marker_dag.py took 0.078 seconds
[2021-02-18 07:56:28,932] {scheduler_job.py:182} INFO - Started process (PID=70) to work on /home/airflow/.local/lib/python3.6/site-packages/airflow/example_dags/example_external_task_marker_dag.py
[2021-02-18 07:56:28,933] {scheduler_job.py:629} INFO - Processing file /home/airflow/.local/lib/python3.6/site-packages/airflow/example_dags/example_external_task_marker_dag.py for tasks to queue
[2021-02-18 07:56:28,933] {logging_mixin.py:104} INFO - [2021-02-18 07:56:28,933] {dagbag.py:448} INFO - Filling up the DagBag from /home/airflow/.local/lib/python3.6/site-packages/airflow/example_dags/example_external_task_marker_dag.py
[2021-02-18 07:56:28,943] {scheduler_job.py:639} INFO - DAG(s) dict_keys(['example_external_task_marker_parent', 'example_external_task_marker_child']) retrieved from /home/airflow/.local/lib/python3.6/site-packages/airflow/example_dags/example_external_task_marker_dag.py
[2021-02-18 07:56:28,969] {logging_mixin.py:104} INFO - [2021-02-18 07:56:28,969] {dag.py:1818} INFO - Sync 2 DAGs
[2021-02-18 07:56:28,984] {logging_mixin.py:104} INFO - [2021-02-18 07:56:28,984] {dag.py:2273} INFO - Setting next_dagrun for example_external_task_marker_child to None
[2021-02-18 07:56:28,985] {logging_mixin.py:104} INFO - [2021-02-18 07:56:28,985] {dag.py:2273} INFO - Setting next_dagrun for example_external_task_marker_parent to None
[2021-02-18 07:56:28,994] {scheduler_job.py:190} INFO - Processing /home/airflow/.local/lib/python3.6/site-packages/airflow/example_dags/example_external_task_marker_dag.py took 0.065 seconds
[2021-02-18 07:56:55,739] {scheduler_job.py:182} INFO - Started process (PID=34) to work on /home/airflow/.local/lib/python3.6/site-packages/airflow/example_dags/example_external_task_marker_dag.py
[2021-02-18 07:56:55,740] {scheduler_job.py:629} INFO - Processing file /home/airflow/.local/lib/python3.6/site-packages/airflow/example_dags/example_external_task_marker_dag.py for tasks to queue
[2021-02-18 07:56:55,741] {logging_mixin.py:104} INFO - [2021-02-18 07:56:55,740] {dagbag.py:448} INFO - Filling up the DagBag from /home/airflow/.local/lib/python3.6/site-packages/airflow/example_dags/example_external_task_marker_dag.py
[2021-02-18 07:56:55,756] {scheduler_job.py:639} INFO - DAG(s) dict_keys(['example_external_task_marker_parent', 'example_external_task_marker_child']) retrieved from /home/airflow/.local/lib/python3.6/site-packages/airflow/example_dags/example_external_task_marker_dag.py
[2021-02-18 07:56:55,780] {logging_mixin.py:104} INFO - [2021-02-18 07:56:55,779] {dag.py:1818} INFO - Sync 2 DAGs
[2021-02-18 07:56:55,797] {logging_mixin.py:104} INFO - [2021-02-18 07:56:55,797] {dag.py:2273} INFO - Setting next_dagrun for example_external_task_marker_child to None
[2021-02-18 07:56:55,798] {logging_mixin.py:104} INFO - [2021-02-18 07:56:55,798] {dag.py:2273} INFO - Setting next_dagrun for example_external_task_marker_parent to None
[2021-02-18 07:56:55,806] {scheduler_job.py:190} INFO - Processing /home/airflow/.local/lib/python3.6/site-packages/airflow/example_dags/example_external_task_marker_dag.py took 0.070 seconds
[2021-02-18 07:57:25,966] {scheduler_job.py:182} INFO - Started process (PID=60) to work on /home/airflow/.local/lib/python3.6/site-packages/airflow/example_dags/example_external_task_marker_dag.py
[2021-02-18 07:57:25,967] {scheduler_job.py:629} INFO - Processing file /home/airflow/.local/lib/python3.6/site-packages/airflow/example_dags/example_external_task_marker_dag.py for tasks to queue
[2021-02-18 07:57:25,968] {logging_mixin.py:104} INFO - [2021-02-18 07:57:25,968] {dagbag.py:448} INFO - Filling up the DagBag from /home/airflow/.local/lib/python3.6/site-packages/airflow/example_dags/example_external_task_marker_dag.py
[2021-02-18 07:57:25,976] {scheduler_job.py:639} INFO - DAG(s) dict_keys(['example_external_task_marker_parent', 'example_external_task_marker_child']) retrieved from /home/airflow/.local/lib/python3.6/site-packages/airflow/example_dags/example_external_task_marker_dag.py
[2021-02-18 07:57:26,000] {logging_mixin.py:104} INFO - [2021-02-18 07:57:25,999] {dag.py:1818} INFO - Sync 2 DAGs
[2021-02-18 07:57:26,015] {logging_mixin.py:104} INFO - [2021-02-18 07:57:26,015] {dag.py:2273} INFO - Setting next_dagrun for example_external_task_marker_child to None
[2021-02-18 07:57:26,016] {logging_mixin.py:104} INFO - [2021-02-18 07:57:26,016] {dag.py:2273} INFO - Setting next_dagrun for example_external_task_marker_parent to None
[2021-02-18 07:57:26,028] {scheduler_job.py:190} INFO - Processing /home/airflow/.local/lib/python3.6/site-packages/airflow/example_dags/example_external_task_marker_dag.py took 0.067 seconds
[2021-02-18 07:57:56,087] {scheduler_job.py:182} INFO - Started process (PID=86) to work on /home/airflow/.local/lib/python3.6/site-packages/airflow/example_dags/example_external_task_marker_dag.py
[2021-02-18 07:57:56,088] {scheduler_job.py:629} INFO - Processing file /home/airflow/.local/lib/python3.6/site-packages/airflow/example_dags/example_external_task_marker_dag.py for tasks to queue
[2021-02-18 07:57:56,089] {logging_mixin.py:104} INFO - [2021-02-18 07:57:56,089] {dagbag.py:448} INFO - Filling up the DagBag from /home/airflow/.local/lib/python3.6/site-packages/airflow/example_dags/example_external_task_marker_dag.py
[2021-02-18 07:57:56,101] {scheduler_job.py:639} INFO - DAG(s) dict_keys(['example_external_task_marker_parent', 'example_external_task_marker_child']) retrieved from /home/airflow/.local/lib/python3.6/site-packages/airflow/example_dags/example_external_task_marker_dag.py
[2021-02-18 07:57:56,126] {logging_mixin.py:104} INFO - [2021-02-18 07:57:56,126] {dag.py:1818} INFO - Sync 2 DAGs
[2021-02-18 07:57:56,139] {logging_mixin.py:104} INFO - [2021-02-18 07:57:56,139] {dag.py:2273} INFO - Setting next_dagrun for example_external_task_marker_child to None
[2021-02-18 07:57:56,140] {logging_mixin.py:104} INFO - [2021-02-18 07:57:56,140] {dag.py:2273} INFO - Setting next_dagrun for example_external_task_marker_parent to None
[2021-02-18 07:57:56,149] {scheduler_job.py:190} INFO - Processing /home/airflow/.local/lib/python3.6/site-packages/airflow/example_dags/example_external_task_marker_dag.py took 0.067 seconds
[2021-02-18 07:58:26,324] {scheduler_job.py:182} INFO - Started process (PID=112) to work on /home/airflow/.local/lib/python3.6/site-packages/airflow/example_dags/example_external_task_marker_dag.py
[2021-02-18 07:58:26,325] {scheduler_job.py:629} INFO - Processing file /home/airflow/.local/lib/python3.6/site-packages/airflow/example_dags/example_external_task_marker_dag.py for tasks to queue
[2021-02-18 07:58:26,326] {logging_mixin.py:104} INFO - [2021-02-18 07:58:26,325] {dagbag.py:448} INFO - Filling up the DagBag from /home/airflow/.local/lib/python3.6/site-packages/airflow/example_dags/example_external_task_marker_dag.py
[2021-02-18 07:58:26,334] {scheduler_job.py:639} INFO - DAG(s) dict_keys(['example_external_task_marker_parent', 'example_external_task_marker_child']) retrieved from /home/airflow/.local/lib/python3.6/site-packages/airflow/example_dags/example_external_task_marker_dag.py
[2021-02-18 07:58:26,359] {logging_mixin.py:104} INFO - [2021-02-18 07:58:26,359] {dag.py:1818} INFO - Sync 2 DAGs
[2021-02-18 07:58:26,374] {logging_mixin.py:104} INFO - [2021-02-18 07:58:26,374] {dag.py:2273} INFO - Setting next_dagrun for example_external_task_marker_child to None
[2021-02-18 07:58:26,375] {logging_mixin.py:104} INFO - [2021-02-18 07:58:26,375] {dag.py:2273} INFO - Setting next_dagrun for example_external_task_marker_parent to None
[2021-02-18 07:58:26,386] {scheduler_job.py:190} INFO - Processing /home/airflow/.local/lib/python3.6/site-packages/airflow/example_dags/example_external_task_marker_dag.py took 0.066 seconds
[2021-02-18 07:58:56,428] {scheduler_job.py:182} INFO - Started process (PID=138) to work on /home/airflow/.local/lib/python3.6/site-packages/airflow/example_dags/example_external_task_marker_dag.py
[2021-02-18 07:58:56,429] {scheduler_job.py:629} INFO - Processing file /home/airflow/.local/lib/python3.6/site-packages/airflow/example_dags/example_external_task_marker_dag.py for tasks to queue
[2021-02-18 07:58:56,430] {logging_mixin.py:104} INFO - [2021-02-18 07:58:56,430] {dagbag.py:448} INFO - Filling up the DagBag from /home/airflow/.local/lib/python3.6/site-packages/airflow/example_dags/example_external_task_marker_dag.py
[2021-02-18 07:58:56,440] {scheduler_job.py:639} INFO - DAG(s) dict_keys(['example_external_task_marker_parent', 'example_external_task_marker_child']) retrieved from /home/airflow/.local/lib/python3.6/site-packages/airflow/example_dags/example_external_task_marker_dag.py
[2021-02-18 07:58:56,458] {logging_mixin.py:104} INFO - [2021-02-18 07:58:56,458] {dag.py:1818} INFO - Sync 2 DAGs
[2021-02-18 07:58:56,470] {logging_mixin.py:104} INFO - [2021-02-18 07:58:56,470] {dag.py:2273} INFO - Setting next_dagrun for example_external_task_marker_child to None
[2021-02-18 07:58:56,470] {logging_mixin.py:104} INFO - [2021-02-18 07:58:56,470] {dag.py:2273} INFO - Setting next_dagrun for example_external_task_marker_parent to None
[2021-02-18 07:58:56,477] {scheduler_job.py:190} INFO - Processing /home/airflow/.local/lib/python3.6/site-packages/airflow/example_dags/example_external_task_marker_dag.py took 0.052 seconds
[2021-02-18 07:59:26,683] {scheduler_job.py:182} INFO - Started process (PID=164) to work on /home/airflow/.local/lib/python3.6/site-packages/airflow/example_dags/example_external_task_marker_dag.py
[2021-02-18 07:59:26,684] {scheduler_job.py:629} INFO - Processing file /home/airflow/.local/lib/python3.6/site-packages/airflow/example_dags/example_external_task_marker_dag.py for tasks to queue
[2021-02-18 07:59:26,684] {logging_mixin.py:104} INFO - [2021-02-18 07:59:26,684] {dagbag.py:448} INFO - Filling up the DagBag from /home/airflow/.local/lib/python3.6/site-packages/airflow/example_dags/example_external_task_marker_dag.py
[2021-02-18 07:59:26,695] {scheduler_job.py:639} INFO - DAG(s) dict_keys(['example_external_task_marker_parent', 'example_external_task_marker_child']) retrieved from /home/airflow/.local/lib/python3.6/site-packages/airflow/example_dags/example_external_task_marker_dag.py
[2021-02-18 07:59:26,717] {logging_mixin.py:104} INFO - [2021-02-18 07:59:26,717] {dag.py:1818} INFO - Sync 2 DAGs
[2021-02-18 07:59:26,729] {logging_mixin.py:104} INFO - [2021-02-18 07:59:26,729] {dag.py:2273} INFO - Setting next_dagrun for example_external_task_marker_child to None
[2021-02-18 07:59:26,730] {logging_mixin.py:104} INFO - [2021-02-18 07:59:26,730] {dag.py:2273} INFO - Setting next_dagrun for example_external_task_marker_parent to None
[2021-02-18 07:59:26,737] {scheduler_job.py:190} INFO - Processing /home/airflow/.local/lib/python3.6/site-packages/airflow/example_dags/example_external_task_marker_dag.py took 0.058 seconds
[2021-02-18 07:59:56,930] {scheduler_job.py:182} INFO - Started process (PID=190) to work on /home/airflow/.local/lib/python3.6/site-packages/airflow/example_dags/example_external_task_marker_dag.py
[2021-02-18 07:59:56,932] {scheduler_job.py:629} INFO - Processing file /home/airflow/.local/lib/python3.6/site-packages/airflow/example_dags/example_external_task_marker_dag.py for tasks to queue
[2021-02-18 07:59:56,933] {logging_mixin.py:104} INFO - [2021-02-18 07:59:56,932] {dagbag.py:448} INFO - Filling up the DagBag from /home/airflow/.local/lib/python3.6/site-packages/airflow/example_dags/example_external_task_marker_dag.py
[2021-02-18 07:59:56,944] {scheduler_job.py:639} INFO - DAG(s) dict_keys(['example_external_task_marker_parent', 'example_external_task_marker_child']) retrieved from /home/airflow/.local/lib/python3.6/site-packages/airflow/example_dags/example_external_task_marker_dag.py
[2021-02-18 07:59:56,966] {logging_mixin.py:104} INFO - [2021-02-18 07:59:56,966] {dag.py:1818} INFO - Sync 2 DAGs
[2021-02-18 07:59:56,986] {logging_mixin.py:104} INFO - [2021-02-18 07:59:56,985] {dag.py:2273} INFO - Setting next_dagrun for example_external_task_marker_child to None
[2021-02-18 07:59:56,987] {logging_mixin.py:104} INFO - [2021-02-18 07:59:56,986] {dag.py:2273} INFO - Setting next_dagrun for example_external_task_marker_parent to None
[2021-02-18 07:59:56,997] {scheduler_job.py:190} INFO - Processing /home/airflow/.local/lib/python3.6/site-packages/airflow/example_dags/example_external_task_marker_dag.py took 0.070 seconds
