[2021-02-18 07:37:58,571] {scheduler_job.py:182} INFO - Started process (PID=36) to work on /home/airflow/.local/lib/python3.6/site-packages/airflow/example_dags/example_latest_only_with_trigger.py
[2021-02-18 07:37:58,572] {scheduler_job.py:629} INFO - Processing file /home/airflow/.local/lib/python3.6/site-packages/airflow/example_dags/example_latest_only_with_trigger.py for tasks to queue
[2021-02-18 07:37:58,573] {logging_mixin.py:104} INFO - [2021-02-18 07:37:58,572] {dagbag.py:448} INFO - Filling up the DagBag from /home/airflow/.local/lib/python3.6/site-packages/airflow/example_dags/example_latest_only_with_trigger.py
[2021-02-18 07:37:58,591] {scheduler_job.py:639} INFO - DAG(s) dict_keys(['latest_only_with_trigger']) retrieved from /home/airflow/.local/lib/python3.6/site-packages/airflow/example_dags/example_latest_only_with_trigger.py
[2021-02-18 07:37:58,614] {logging_mixin.py:104} INFO - [2021-02-18 07:37:58,614] {dag.py:1818} INFO - Sync 1 DAGs
[2021-02-18 07:37:58,624] {logging_mixin.py:104} INFO - [2021-02-18 07:37:58,624] {dag.py:1837} INFO - Creating ORM DAG for latest_only_with_trigger
[2021-02-18 07:37:58,630] {logging_mixin.py:104} INFO - [2021-02-18 07:37:58,630] {dag.py:2273} INFO - Setting next_dagrun for latest_only_with_trigger to 2021-02-16 00:00:00+00:00
[2021-02-18 07:37:58,645] {scheduler_job.py:190} INFO - Processing /home/airflow/.local/lib/python3.6/site-packages/airflow/example_dags/example_latest_only_with_trigger.py took 0.077 seconds
[2021-02-18 07:38:28,884] {scheduler_job.py:182} INFO - Started process (PID=64) to work on /home/airflow/.local/lib/python3.6/site-packages/airflow/example_dags/example_latest_only_with_trigger.py
[2021-02-18 07:38:28,885] {scheduler_job.py:629} INFO - Processing file /home/airflow/.local/lib/python3.6/site-packages/airflow/example_dags/example_latest_only_with_trigger.py for tasks to queue
[2021-02-18 07:38:28,886] {logging_mixin.py:104} INFO - [2021-02-18 07:38:28,886] {dagbag.py:448} INFO - Filling up the DagBag from /home/airflow/.local/lib/python3.6/site-packages/airflow/example_dags/example_latest_only_with_trigger.py
[2021-02-18 07:38:28,896] {scheduler_job.py:639} INFO - DAG(s) dict_keys(['latest_only_with_trigger']) retrieved from /home/airflow/.local/lib/python3.6/site-packages/airflow/example_dags/example_latest_only_with_trigger.py
[2021-02-18 07:38:28,913] {logging_mixin.py:104} INFO - [2021-02-18 07:38:28,913] {dag.py:1818} INFO - Sync 1 DAGs
[2021-02-18 07:38:28,926] {logging_mixin.py:104} INFO - [2021-02-18 07:38:28,925] {dag.py:2273} INFO - Setting next_dagrun for latest_only_with_trigger to 2021-02-16 00:00:00+00:00
[2021-02-18 07:38:28,935] {scheduler_job.py:190} INFO - Processing /home/airflow/.local/lib/python3.6/site-packages/airflow/example_dags/example_latest_only_with_trigger.py took 0.055 seconds
[2021-02-18 07:38:59,067] {scheduler_job.py:182} INFO - Started process (PID=90) to work on /home/airflow/.local/lib/python3.6/site-packages/airflow/example_dags/example_latest_only_with_trigger.py
[2021-02-18 07:38:59,068] {scheduler_job.py:629} INFO - Processing file /home/airflow/.local/lib/python3.6/site-packages/airflow/example_dags/example_latest_only_with_trigger.py for tasks to queue
[2021-02-18 07:38:59,068] {logging_mixin.py:104} INFO - [2021-02-18 07:38:59,068] {dagbag.py:448} INFO - Filling up the DagBag from /home/airflow/.local/lib/python3.6/site-packages/airflow/example_dags/example_latest_only_with_trigger.py
[2021-02-18 07:38:59,078] {scheduler_job.py:639} INFO - DAG(s) dict_keys(['latest_only_with_trigger']) retrieved from /home/airflow/.local/lib/python3.6/site-packages/airflow/example_dags/example_latest_only_with_trigger.py
[2021-02-18 07:38:59,098] {logging_mixin.py:104} INFO - [2021-02-18 07:38:59,097] {dag.py:1818} INFO - Sync 1 DAGs
[2021-02-18 07:38:59,111] {logging_mixin.py:104} INFO - [2021-02-18 07:38:59,111] {dag.py:2273} INFO - Setting next_dagrun for latest_only_with_trigger to 2021-02-16 00:00:00+00:00
[2021-02-18 07:38:59,121] {scheduler_job.py:190} INFO - Processing /home/airflow/.local/lib/python3.6/site-packages/airflow/example_dags/example_latest_only_with_trigger.py took 0.056 seconds
[2021-02-18 07:39:29,294] {scheduler_job.py:182} INFO - Started process (PID=116) to work on /home/airflow/.local/lib/python3.6/site-packages/airflow/example_dags/example_latest_only_with_trigger.py
[2021-02-18 07:39:29,295] {scheduler_job.py:629} INFO - Processing file /home/airflow/.local/lib/python3.6/site-packages/airflow/example_dags/example_latest_only_with_trigger.py for tasks to queue
[2021-02-18 07:39:29,296] {logging_mixin.py:104} INFO - [2021-02-18 07:39:29,296] {dagbag.py:448} INFO - Filling up the DagBag from /home/airflow/.local/lib/python3.6/site-packages/airflow/example_dags/example_latest_only_with_trigger.py
[2021-02-18 07:39:29,305] {scheduler_job.py:639} INFO - DAG(s) dict_keys(['latest_only_with_trigger']) retrieved from /home/airflow/.local/lib/python3.6/site-packages/airflow/example_dags/example_latest_only_with_trigger.py
[2021-02-18 07:39:29,326] {logging_mixin.py:104} INFO - [2021-02-18 07:39:29,326] {dag.py:1818} INFO - Sync 1 DAGs
[2021-02-18 07:39:29,340] {logging_mixin.py:104} INFO - [2021-02-18 07:39:29,340] {dag.py:2273} INFO - Setting next_dagrun for latest_only_with_trigger to 2021-02-16 00:00:00+00:00
[2021-02-18 07:39:29,346] {scheduler_job.py:190} INFO - Processing /home/airflow/.local/lib/python3.6/site-packages/airflow/example_dags/example_latest_only_with_trigger.py took 0.054 seconds
[2021-02-18 07:39:59,503] {scheduler_job.py:182} INFO - Started process (PID=142) to work on /home/airflow/.local/lib/python3.6/site-packages/airflow/example_dags/example_latest_only_with_trigger.py
[2021-02-18 07:39:59,504] {scheduler_job.py:629} INFO - Processing file /home/airflow/.local/lib/python3.6/site-packages/airflow/example_dags/example_latest_only_with_trigger.py for tasks to queue
[2021-02-18 07:39:59,505] {logging_mixin.py:104} INFO - [2021-02-18 07:39:59,505] {dagbag.py:448} INFO - Filling up the DagBag from /home/airflow/.local/lib/python3.6/site-packages/airflow/example_dags/example_latest_only_with_trigger.py
[2021-02-18 07:39:59,513] {scheduler_job.py:639} INFO - DAG(s) dict_keys(['latest_only_with_trigger']) retrieved from /home/airflow/.local/lib/python3.6/site-packages/airflow/example_dags/example_latest_only_with_trigger.py
[2021-02-18 07:39:59,532] {logging_mixin.py:104} INFO - [2021-02-18 07:39:59,532] {dag.py:1818} INFO - Sync 1 DAGs
[2021-02-18 07:39:59,544] {logging_mixin.py:104} INFO - [2021-02-18 07:39:59,544] {dag.py:2273} INFO - Setting next_dagrun for latest_only_with_trigger to 2021-02-16 00:00:00+00:00
[2021-02-18 07:39:59,551] {scheduler_job.py:190} INFO - Processing /home/airflow/.local/lib/python3.6/site-packages/airflow/example_dags/example_latest_only_with_trigger.py took 0.050 seconds
[2021-02-18 07:40:29,704] {scheduler_job.py:182} INFO - Started process (PID=166) to work on /home/airflow/.local/lib/python3.6/site-packages/airflow/example_dags/example_latest_only_with_trigger.py
[2021-02-18 07:40:29,707] {scheduler_job.py:629} INFO - Processing file /home/airflow/.local/lib/python3.6/site-packages/airflow/example_dags/example_latest_only_with_trigger.py for tasks to queue
[2021-02-18 07:40:29,707] {logging_mixin.py:104} INFO - [2021-02-18 07:40:29,707] {dagbag.py:448} INFO - Filling up the DagBag from /home/airflow/.local/lib/python3.6/site-packages/airflow/example_dags/example_latest_only_with_trigger.py
[2021-02-18 07:40:29,717] {scheduler_job.py:639} INFO - DAG(s) dict_keys(['latest_only_with_trigger']) retrieved from /home/airflow/.local/lib/python3.6/site-packages/airflow/example_dags/example_latest_only_with_trigger.py
[2021-02-18 07:40:29,735] {logging_mixin.py:104} INFO - [2021-02-18 07:40:29,735] {dag.py:1818} INFO - Sync 1 DAGs
[2021-02-18 07:40:29,748] {logging_mixin.py:104} INFO - [2021-02-18 07:40:29,748] {dag.py:2273} INFO - Setting next_dagrun for latest_only_with_trigger to 2021-02-16 00:00:00+00:00
[2021-02-18 07:40:29,756] {scheduler_job.py:190} INFO - Processing /home/airflow/.local/lib/python3.6/site-packages/airflow/example_dags/example_latest_only_with_trigger.py took 0.056 seconds
[2021-02-18 07:40:59,804] {scheduler_job.py:182} INFO - Started process (PID=192) to work on /home/airflow/.local/lib/python3.6/site-packages/airflow/example_dags/example_latest_only_with_trigger.py
[2021-02-18 07:40:59,805] {scheduler_job.py:629} INFO - Processing file /home/airflow/.local/lib/python3.6/site-packages/airflow/example_dags/example_latest_only_with_trigger.py for tasks to queue
[2021-02-18 07:40:59,806] {logging_mixin.py:104} INFO - [2021-02-18 07:40:59,806] {dagbag.py:448} INFO - Filling up the DagBag from /home/airflow/.local/lib/python3.6/site-packages/airflow/example_dags/example_latest_only_with_trigger.py
[2021-02-18 07:40:59,817] {scheduler_job.py:639} INFO - DAG(s) dict_keys(['latest_only_with_trigger']) retrieved from /home/airflow/.local/lib/python3.6/site-packages/airflow/example_dags/example_latest_only_with_trigger.py
[2021-02-18 07:40:59,835] {logging_mixin.py:104} INFO - [2021-02-18 07:40:59,835] {dag.py:1818} INFO - Sync 1 DAGs
[2021-02-18 07:40:59,847] {logging_mixin.py:104} INFO - [2021-02-18 07:40:59,847] {dag.py:2273} INFO - Setting next_dagrun for latest_only_with_trigger to 2021-02-16 00:00:00+00:00
[2021-02-18 07:40:59,854] {scheduler_job.py:190} INFO - Processing /home/airflow/.local/lib/python3.6/site-packages/airflow/example_dags/example_latest_only_with_trigger.py took 0.054 seconds
[2021-02-18 07:41:30,052] {scheduler_job.py:182} INFO - Started process (PID=219) to work on /home/airflow/.local/lib/python3.6/site-packages/airflow/example_dags/example_latest_only_with_trigger.py
[2021-02-18 07:41:30,053] {scheduler_job.py:629} INFO - Processing file /home/airflow/.local/lib/python3.6/site-packages/airflow/example_dags/example_latest_only_with_trigger.py for tasks to queue
[2021-02-18 07:41:30,054] {logging_mixin.py:104} INFO - [2021-02-18 07:41:30,053] {dagbag.py:448} INFO - Filling up the DagBag from /home/airflow/.local/lib/python3.6/site-packages/airflow/example_dags/example_latest_only_with_trigger.py
[2021-02-18 07:41:30,063] {scheduler_job.py:639} INFO - DAG(s) dict_keys(['latest_only_with_trigger']) retrieved from /home/airflow/.local/lib/python3.6/site-packages/airflow/example_dags/example_latest_only_with_trigger.py
[2021-02-18 07:41:30,082] {logging_mixin.py:104} INFO - [2021-02-18 07:41:30,081] {dag.py:1818} INFO - Sync 1 DAGs
[2021-02-18 07:41:30,094] {logging_mixin.py:104} INFO - [2021-02-18 07:41:30,094] {dag.py:2273} INFO - Setting next_dagrun for latest_only_with_trigger to 2021-02-16 00:00:00+00:00
[2021-02-18 07:41:30,101] {scheduler_job.py:190} INFO - Processing /home/airflow/.local/lib/python3.6/site-packages/airflow/example_dags/example_latest_only_with_trigger.py took 0.051 seconds
[2021-02-18 07:42:01,023] {scheduler_job.py:182} INFO - Started process (PID=244) to work on /home/airflow/.local/lib/python3.6/site-packages/airflow/example_dags/example_latest_only_with_trigger.py
[2021-02-18 07:42:01,025] {scheduler_job.py:629} INFO - Processing file /home/airflow/.local/lib/python3.6/site-packages/airflow/example_dags/example_latest_only_with_trigger.py for tasks to queue
[2021-02-18 07:42:01,026] {logging_mixin.py:104} INFO - [2021-02-18 07:42:01,025] {dagbag.py:448} INFO - Filling up the DagBag from /home/airflow/.local/lib/python3.6/site-packages/airflow/example_dags/example_latest_only_with_trigger.py
[2021-02-18 07:42:01,034] {scheduler_job.py:639} INFO - DAG(s) dict_keys(['latest_only_with_trigger']) retrieved from /home/airflow/.local/lib/python3.6/site-packages/airflow/example_dags/example_latest_only_with_trigger.py
[2021-02-18 07:42:01,054] {logging_mixin.py:104} INFO - [2021-02-18 07:42:01,054] {dag.py:1818} INFO - Sync 1 DAGs
[2021-02-18 07:42:01,069] {logging_mixin.py:104} INFO - [2021-02-18 07:42:01,069] {dag.py:2273} INFO - Setting next_dagrun for latest_only_with_trigger to 2021-02-16 00:00:00+00:00
[2021-02-18 07:42:01,077] {scheduler_job.py:190} INFO - Processing /home/airflow/.local/lib/python3.6/site-packages/airflow/example_dags/example_latest_only_with_trigger.py took 0.058 seconds
[2021-02-18 07:42:31,118] {scheduler_job.py:182} INFO - Started process (PID=270) to work on /home/airflow/.local/lib/python3.6/site-packages/airflow/example_dags/example_latest_only_with_trigger.py
[2021-02-18 07:42:31,119] {scheduler_job.py:629} INFO - Processing file /home/airflow/.local/lib/python3.6/site-packages/airflow/example_dags/example_latest_only_with_trigger.py for tasks to queue
[2021-02-18 07:42:31,120] {logging_mixin.py:104} INFO - [2021-02-18 07:42:31,120] {dagbag.py:448} INFO - Filling up the DagBag from /home/airflow/.local/lib/python3.6/site-packages/airflow/example_dags/example_latest_only_with_trigger.py
[2021-02-18 07:42:31,128] {scheduler_job.py:639} INFO - DAG(s) dict_keys(['latest_only_with_trigger']) retrieved from /home/airflow/.local/lib/python3.6/site-packages/airflow/example_dags/example_latest_only_with_trigger.py
[2021-02-18 07:42:31,151] {logging_mixin.py:104} INFO - [2021-02-18 07:42:31,151] {dag.py:1818} INFO - Sync 1 DAGs
[2021-02-18 07:42:31,164] {logging_mixin.py:104} INFO - [2021-02-18 07:42:31,163] {dag.py:2273} INFO - Setting next_dagrun for latest_only_with_trigger to 2021-02-16 00:00:00+00:00
[2021-02-18 07:42:31,172] {scheduler_job.py:190} INFO - Processing /home/airflow/.local/lib/python3.6/site-packages/airflow/example_dags/example_latest_only_with_trigger.py took 0.059 seconds
[2021-02-18 07:43:01,359] {scheduler_job.py:182} INFO - Started process (PID=297) to work on /home/airflow/.local/lib/python3.6/site-packages/airflow/example_dags/example_latest_only_with_trigger.py
[2021-02-18 07:43:01,360] {scheduler_job.py:629} INFO - Processing file /home/airflow/.local/lib/python3.6/site-packages/airflow/example_dags/example_latest_only_with_trigger.py for tasks to queue
[2021-02-18 07:43:01,360] {logging_mixin.py:104} INFO - [2021-02-18 07:43:01,360] {dagbag.py:448} INFO - Filling up the DagBag from /home/airflow/.local/lib/python3.6/site-packages/airflow/example_dags/example_latest_only_with_trigger.py
[2021-02-18 07:43:01,369] {scheduler_job.py:639} INFO - DAG(s) dict_keys(['latest_only_with_trigger']) retrieved from /home/airflow/.local/lib/python3.6/site-packages/airflow/example_dags/example_latest_only_with_trigger.py
[2021-02-18 07:43:01,386] {logging_mixin.py:104} INFO - [2021-02-18 07:43:01,386] {dag.py:1818} INFO - Sync 1 DAGs
[2021-02-18 07:43:01,399] {logging_mixin.py:104} INFO - [2021-02-18 07:43:01,399] {dag.py:2273} INFO - Setting next_dagrun for latest_only_with_trigger to 2021-02-16 00:00:00+00:00
[2021-02-18 07:43:01,406] {scheduler_job.py:190} INFO - Processing /home/airflow/.local/lib/python3.6/site-packages/airflow/example_dags/example_latest_only_with_trigger.py took 0.049 seconds
[2021-02-18 07:43:31,540] {scheduler_job.py:182} INFO - Started process (PID=322) to work on /home/airflow/.local/lib/python3.6/site-packages/airflow/example_dags/example_latest_only_with_trigger.py
[2021-02-18 07:43:31,542] {scheduler_job.py:629} INFO - Processing file /home/airflow/.local/lib/python3.6/site-packages/airflow/example_dags/example_latest_only_with_trigger.py for tasks to queue
[2021-02-18 07:43:31,543] {logging_mixin.py:104} INFO - [2021-02-18 07:43:31,543] {dagbag.py:448} INFO - Filling up the DagBag from /home/airflow/.local/lib/python3.6/site-packages/airflow/example_dags/example_latest_only_with_trigger.py
[2021-02-18 07:43:31,553] {scheduler_job.py:639} INFO - DAG(s) dict_keys(['latest_only_with_trigger']) retrieved from /home/airflow/.local/lib/python3.6/site-packages/airflow/example_dags/example_latest_only_with_trigger.py
[2021-02-18 07:43:31,573] {logging_mixin.py:104} INFO - [2021-02-18 07:43:31,573] {dag.py:1818} INFO - Sync 1 DAGs
[2021-02-18 07:43:31,590] {logging_mixin.py:104} INFO - [2021-02-18 07:43:31,589] {dag.py:2273} INFO - Setting next_dagrun for latest_only_with_trigger to 2021-02-16 00:00:00+00:00
[2021-02-18 07:43:31,599] {scheduler_job.py:190} INFO - Processing /home/airflow/.local/lib/python3.6/site-packages/airflow/example_dags/example_latest_only_with_trigger.py took 0.062 seconds
[2021-02-18 07:44:01,754] {scheduler_job.py:182} INFO - Started process (PID=349) to work on /home/airflow/.local/lib/python3.6/site-packages/airflow/example_dags/example_latest_only_with_trigger.py
[2021-02-18 07:44:01,755] {scheduler_job.py:629} INFO - Processing file /home/airflow/.local/lib/python3.6/site-packages/airflow/example_dags/example_latest_only_with_trigger.py for tasks to queue
[2021-02-18 07:44:01,755] {logging_mixin.py:104} INFO - [2021-02-18 07:44:01,755] {dagbag.py:448} INFO - Filling up the DagBag from /home/airflow/.local/lib/python3.6/site-packages/airflow/example_dags/example_latest_only_with_trigger.py
[2021-02-18 07:44:01,765] {scheduler_job.py:639} INFO - DAG(s) dict_keys(['latest_only_with_trigger']) retrieved from /home/airflow/.local/lib/python3.6/site-packages/airflow/example_dags/example_latest_only_with_trigger.py
[2021-02-18 07:44:01,784] {logging_mixin.py:104} INFO - [2021-02-18 07:44:01,784] {dag.py:1818} INFO - Sync 1 DAGs
[2021-02-18 07:44:01,798] {logging_mixin.py:104} INFO - [2021-02-18 07:44:01,798] {dag.py:2273} INFO - Setting next_dagrun for latest_only_with_trigger to 2021-02-16 00:00:00+00:00
[2021-02-18 07:44:01,808] {scheduler_job.py:190} INFO - Processing /home/airflow/.local/lib/python3.6/site-packages/airflow/example_dags/example_latest_only_with_trigger.py took 0.056 seconds
[2021-02-18 07:44:31,881] {scheduler_job.py:182} INFO - Started process (PID=375) to work on /home/airflow/.local/lib/python3.6/site-packages/airflow/example_dags/example_latest_only_with_trigger.py
[2021-02-18 07:44:31,882] {scheduler_job.py:629} INFO - Processing file /home/airflow/.local/lib/python3.6/site-packages/airflow/example_dags/example_latest_only_with_trigger.py for tasks to queue
[2021-02-18 07:44:31,883] {logging_mixin.py:104} INFO - [2021-02-18 07:44:31,883] {dagbag.py:448} INFO - Filling up the DagBag from /home/airflow/.local/lib/python3.6/site-packages/airflow/example_dags/example_latest_only_with_trigger.py
[2021-02-18 07:44:31,892] {scheduler_job.py:639} INFO - DAG(s) dict_keys(['latest_only_with_trigger']) retrieved from /home/airflow/.local/lib/python3.6/site-packages/airflow/example_dags/example_latest_only_with_trigger.py
[2021-02-18 07:44:31,915] {logging_mixin.py:104} INFO - [2021-02-18 07:44:31,915] {dag.py:1818} INFO - Sync 1 DAGs
[2021-02-18 07:44:31,927] {logging_mixin.py:104} INFO - [2021-02-18 07:44:31,927] {dag.py:2273} INFO - Setting next_dagrun for latest_only_with_trigger to 2021-02-16 00:00:00+00:00
[2021-02-18 07:44:31,938] {scheduler_job.py:190} INFO - Processing /home/airflow/.local/lib/python3.6/site-packages/airflow/example_dags/example_latest_only_with_trigger.py took 0.059 seconds
[2021-02-18 07:45:02,194] {scheduler_job.py:182} INFO - Started process (PID=402) to work on /home/airflow/.local/lib/python3.6/site-packages/airflow/example_dags/example_latest_only_with_trigger.py
[2021-02-18 07:45:02,197] {scheduler_job.py:629} INFO - Processing file /home/airflow/.local/lib/python3.6/site-packages/airflow/example_dags/example_latest_only_with_trigger.py for tasks to queue
[2021-02-18 07:45:02,198] {logging_mixin.py:104} INFO - [2021-02-18 07:45:02,198] {dagbag.py:448} INFO - Filling up the DagBag from /home/airflow/.local/lib/python3.6/site-packages/airflow/example_dags/example_latest_only_with_trigger.py
[2021-02-18 07:45:02,207] {scheduler_job.py:639} INFO - DAG(s) dict_keys(['latest_only_with_trigger']) retrieved from /home/airflow/.local/lib/python3.6/site-packages/airflow/example_dags/example_latest_only_with_trigger.py
[2021-02-18 07:45:02,229] {logging_mixin.py:104} INFO - [2021-02-18 07:45:02,229] {dag.py:1818} INFO - Sync 1 DAGs
[2021-02-18 07:45:02,241] {logging_mixin.py:104} INFO - [2021-02-18 07:45:02,241] {dag.py:2273} INFO - Setting next_dagrun for latest_only_with_trigger to 2021-02-16 00:00:00+00:00
[2021-02-18 07:45:02,251] {scheduler_job.py:190} INFO - Processing /home/airflow/.local/lib/python3.6/site-packages/airflow/example_dags/example_latest_only_with_trigger.py took 0.061 seconds
[2021-02-18 07:45:32,469] {scheduler_job.py:182} INFO - Started process (PID=430) to work on /home/airflow/.local/lib/python3.6/site-packages/airflow/example_dags/example_latest_only_with_trigger.py
[2021-02-18 07:45:32,470] {scheduler_job.py:629} INFO - Processing file /home/airflow/.local/lib/python3.6/site-packages/airflow/example_dags/example_latest_only_with_trigger.py for tasks to queue
[2021-02-18 07:45:32,470] {logging_mixin.py:104} INFO - [2021-02-18 07:45:32,470] {dagbag.py:448} INFO - Filling up the DagBag from /home/airflow/.local/lib/python3.6/site-packages/airflow/example_dags/example_latest_only_with_trigger.py
[2021-02-18 07:45:32,479] {scheduler_job.py:639} INFO - DAG(s) dict_keys(['latest_only_with_trigger']) retrieved from /home/airflow/.local/lib/python3.6/site-packages/airflow/example_dags/example_latest_only_with_trigger.py
[2021-02-18 07:45:32,497] {logging_mixin.py:104} INFO - [2021-02-18 07:45:32,497] {dag.py:1818} INFO - Sync 1 DAGs
[2021-02-18 07:45:32,511] {logging_mixin.py:104} INFO - [2021-02-18 07:45:32,511] {dag.py:2273} INFO - Setting next_dagrun for latest_only_with_trigger to 2021-02-16 00:00:00+00:00
[2021-02-18 07:45:32,519] {scheduler_job.py:190} INFO - Processing /home/airflow/.local/lib/python3.6/site-packages/airflow/example_dags/example_latest_only_with_trigger.py took 0.053 seconds
[2021-02-18 07:46:02,626] {scheduler_job.py:182} INFO - Started process (PID=456) to work on /home/airflow/.local/lib/python3.6/site-packages/airflow/example_dags/example_latest_only_with_trigger.py
[2021-02-18 07:46:02,628] {scheduler_job.py:629} INFO - Processing file /home/airflow/.local/lib/python3.6/site-packages/airflow/example_dags/example_latest_only_with_trigger.py for tasks to queue
[2021-02-18 07:46:02,629] {logging_mixin.py:104} INFO - [2021-02-18 07:46:02,629] {dagbag.py:448} INFO - Filling up the DagBag from /home/airflow/.local/lib/python3.6/site-packages/airflow/example_dags/example_latest_only_with_trigger.py
[2021-02-18 07:46:02,640] {scheduler_job.py:639} INFO - DAG(s) dict_keys(['latest_only_with_trigger']) retrieved from /home/airflow/.local/lib/python3.6/site-packages/airflow/example_dags/example_latest_only_with_trigger.py
[2021-02-18 07:46:02,662] {logging_mixin.py:104} INFO - [2021-02-18 07:46:02,662] {dag.py:1818} INFO - Sync 1 DAGs
[2021-02-18 07:46:02,677] {logging_mixin.py:104} INFO - [2021-02-18 07:46:02,677] {dag.py:2273} INFO - Setting next_dagrun for latest_only_with_trigger to 2021-02-16 00:00:00+00:00
[2021-02-18 07:46:02,685] {scheduler_job.py:190} INFO - Processing /home/airflow/.local/lib/python3.6/site-packages/airflow/example_dags/example_latest_only_with_trigger.py took 0.061 seconds
[2021-02-18 07:46:32,903] {scheduler_job.py:182} INFO - Started process (PID=483) to work on /home/airflow/.local/lib/python3.6/site-packages/airflow/example_dags/example_latest_only_with_trigger.py
[2021-02-18 07:46:32,904] {scheduler_job.py:629} INFO - Processing file /home/airflow/.local/lib/python3.6/site-packages/airflow/example_dags/example_latest_only_with_trigger.py for tasks to queue
[2021-02-18 07:46:32,904] {logging_mixin.py:104} INFO - [2021-02-18 07:46:32,904] {dagbag.py:448} INFO - Filling up the DagBag from /home/airflow/.local/lib/python3.6/site-packages/airflow/example_dags/example_latest_only_with_trigger.py
[2021-02-18 07:46:32,913] {scheduler_job.py:639} INFO - DAG(s) dict_keys(['latest_only_with_trigger']) retrieved from /home/airflow/.local/lib/python3.6/site-packages/airflow/example_dags/example_latest_only_with_trigger.py
[2021-02-18 07:46:32,932] {logging_mixin.py:104} INFO - [2021-02-18 07:46:32,932] {dag.py:1818} INFO - Sync 1 DAGs
[2021-02-18 07:46:32,947] {logging_mixin.py:104} INFO - [2021-02-18 07:46:32,947] {dag.py:2273} INFO - Setting next_dagrun for latest_only_with_trigger to 2021-02-16 00:00:00+00:00
[2021-02-18 07:46:32,954] {scheduler_job.py:190} INFO - Processing /home/airflow/.local/lib/python3.6/site-packages/airflow/example_dags/example_latest_only_with_trigger.py took 0.053 seconds
[2021-02-18 07:47:03,060] {scheduler_job.py:182} INFO - Started process (PID=509) to work on /home/airflow/.local/lib/python3.6/site-packages/airflow/example_dags/example_latest_only_with_trigger.py
[2021-02-18 07:47:03,061] {scheduler_job.py:629} INFO - Processing file /home/airflow/.local/lib/python3.6/site-packages/airflow/example_dags/example_latest_only_with_trigger.py for tasks to queue
[2021-02-18 07:47:03,061] {logging_mixin.py:104} INFO - [2021-02-18 07:47:03,061] {dagbag.py:448} INFO - Filling up the DagBag from /home/airflow/.local/lib/python3.6/site-packages/airflow/example_dags/example_latest_only_with_trigger.py
[2021-02-18 07:47:03,069] {scheduler_job.py:639} INFO - DAG(s) dict_keys(['latest_only_with_trigger']) retrieved from /home/airflow/.local/lib/python3.6/site-packages/airflow/example_dags/example_latest_only_with_trigger.py
[2021-02-18 07:47:03,090] {logging_mixin.py:104} INFO - [2021-02-18 07:47:03,090] {dag.py:1818} INFO - Sync 1 DAGs
[2021-02-18 07:47:03,104] {logging_mixin.py:104} INFO - [2021-02-18 07:47:03,104] {dag.py:2273} INFO - Setting next_dagrun for latest_only_with_trigger to 2021-02-16 00:00:00+00:00
[2021-02-18 07:47:03,111] {scheduler_job.py:190} INFO - Processing /home/airflow/.local/lib/python3.6/site-packages/airflow/example_dags/example_latest_only_with_trigger.py took 0.054 seconds
[2021-02-18 07:47:33,190] {scheduler_job.py:182} INFO - Started process (PID=535) to work on /home/airflow/.local/lib/python3.6/site-packages/airflow/example_dags/example_latest_only_with_trigger.py
[2021-02-18 07:47:33,191] {scheduler_job.py:629} INFO - Processing file /home/airflow/.local/lib/python3.6/site-packages/airflow/example_dags/example_latest_only_with_trigger.py for tasks to queue
[2021-02-18 07:47:33,192] {logging_mixin.py:104} INFO - [2021-02-18 07:47:33,191] {dagbag.py:448} INFO - Filling up the DagBag from /home/airflow/.local/lib/python3.6/site-packages/airflow/example_dags/example_latest_only_with_trigger.py
[2021-02-18 07:47:33,201] {scheduler_job.py:639} INFO - DAG(s) dict_keys(['latest_only_with_trigger']) retrieved from /home/airflow/.local/lib/python3.6/site-packages/airflow/example_dags/example_latest_only_with_trigger.py
[2021-02-18 07:47:33,222] {logging_mixin.py:104} INFO - [2021-02-18 07:47:33,222] {dag.py:1818} INFO - Sync 1 DAGs
[2021-02-18 07:47:33,234] {logging_mixin.py:104} INFO - [2021-02-18 07:47:33,234] {dag.py:2273} INFO - Setting next_dagrun for latest_only_with_trigger to 2021-02-16 00:00:00+00:00
[2021-02-18 07:47:33,241] {scheduler_job.py:190} INFO - Processing /home/airflow/.local/lib/python3.6/site-packages/airflow/example_dags/example_latest_only_with_trigger.py took 0.053 seconds
[2021-02-18 07:48:03,314] {scheduler_job.py:182} INFO - Started process (PID=561) to work on /home/airflow/.local/lib/python3.6/site-packages/airflow/example_dags/example_latest_only_with_trigger.py
[2021-02-18 07:48:03,315] {scheduler_job.py:629} INFO - Processing file /home/airflow/.local/lib/python3.6/site-packages/airflow/example_dags/example_latest_only_with_trigger.py for tasks to queue
[2021-02-18 07:48:03,316] {logging_mixin.py:104} INFO - [2021-02-18 07:48:03,315] {dagbag.py:448} INFO - Filling up the DagBag from /home/airflow/.local/lib/python3.6/site-packages/airflow/example_dags/example_latest_only_with_trigger.py
[2021-02-18 07:48:03,324] {scheduler_job.py:639} INFO - DAG(s) dict_keys(['latest_only_with_trigger']) retrieved from /home/airflow/.local/lib/python3.6/site-packages/airflow/example_dags/example_latest_only_with_trigger.py
[2021-02-18 07:48:03,348] {logging_mixin.py:104} INFO - [2021-02-18 07:48:03,348] {dag.py:1818} INFO - Sync 1 DAGs
[2021-02-18 07:48:03,359] {logging_mixin.py:104} INFO - [2021-02-18 07:48:03,359] {dag.py:2273} INFO - Setting next_dagrun for latest_only_with_trigger to 2021-02-16 00:00:00+00:00
[2021-02-18 07:48:03,365] {scheduler_job.py:190} INFO - Processing /home/airflow/.local/lib/python3.6/site-packages/airflow/example_dags/example_latest_only_with_trigger.py took 0.056 seconds
[2021-02-18 07:48:33,412] {scheduler_job.py:182} INFO - Started process (PID=586) to work on /home/airflow/.local/lib/python3.6/site-packages/airflow/example_dags/example_latest_only_with_trigger.py
[2021-02-18 07:48:33,413] {scheduler_job.py:629} INFO - Processing file /home/airflow/.local/lib/python3.6/site-packages/airflow/example_dags/example_latest_only_with_trigger.py for tasks to queue
[2021-02-18 07:48:33,414] {logging_mixin.py:104} INFO - [2021-02-18 07:48:33,414] {dagbag.py:448} INFO - Filling up the DagBag from /home/airflow/.local/lib/python3.6/site-packages/airflow/example_dags/example_latest_only_with_trigger.py
[2021-02-18 07:48:33,423] {scheduler_job.py:639} INFO - DAG(s) dict_keys(['latest_only_with_trigger']) retrieved from /home/airflow/.local/lib/python3.6/site-packages/airflow/example_dags/example_latest_only_with_trigger.py
[2021-02-18 07:48:33,443] {logging_mixin.py:104} INFO - [2021-02-18 07:48:33,443] {dag.py:1818} INFO - Sync 1 DAGs
[2021-02-18 07:48:33,454] {logging_mixin.py:104} INFO - [2021-02-18 07:48:33,454] {dag.py:2273} INFO - Setting next_dagrun for latest_only_with_trigger to 2021-02-16 00:00:00+00:00
[2021-02-18 07:48:33,461] {scheduler_job.py:190} INFO - Processing /home/airflow/.local/lib/python3.6/site-packages/airflow/example_dags/example_latest_only_with_trigger.py took 0.052 seconds
[2021-02-18 07:49:03,529] {scheduler_job.py:182} INFO - Started process (PID=612) to work on /home/airflow/.local/lib/python3.6/site-packages/airflow/example_dags/example_latest_only_with_trigger.py
[2021-02-18 07:49:03,530] {scheduler_job.py:629} INFO - Processing file /home/airflow/.local/lib/python3.6/site-packages/airflow/example_dags/example_latest_only_with_trigger.py for tasks to queue
[2021-02-18 07:49:03,531] {logging_mixin.py:104} INFO - [2021-02-18 07:49:03,531] {dagbag.py:448} INFO - Filling up the DagBag from /home/airflow/.local/lib/python3.6/site-packages/airflow/example_dags/example_latest_only_with_trigger.py
[2021-02-18 07:49:03,539] {scheduler_job.py:639} INFO - DAG(s) dict_keys(['latest_only_with_trigger']) retrieved from /home/airflow/.local/lib/python3.6/site-packages/airflow/example_dags/example_latest_only_with_trigger.py
[2021-02-18 07:49:03,560] {logging_mixin.py:104} INFO - [2021-02-18 07:49:03,560] {dag.py:1818} INFO - Sync 1 DAGs
[2021-02-18 07:49:03,575] {logging_mixin.py:104} INFO - [2021-02-18 07:49:03,575] {dag.py:2273} INFO - Setting next_dagrun for latest_only_with_trigger to 2021-02-16 00:00:00+00:00
[2021-02-18 07:49:03,583] {scheduler_job.py:190} INFO - Processing /home/airflow/.local/lib/python3.6/site-packages/airflow/example_dags/example_latest_only_with_trigger.py took 0.057 seconds
[2021-02-18 07:49:33,635] {scheduler_job.py:182} INFO - Started process (PID=638) to work on /home/airflow/.local/lib/python3.6/site-packages/airflow/example_dags/example_latest_only_with_trigger.py
[2021-02-18 07:49:33,637] {scheduler_job.py:629} INFO - Processing file /home/airflow/.local/lib/python3.6/site-packages/airflow/example_dags/example_latest_only_with_trigger.py for tasks to queue
[2021-02-18 07:49:33,637] {logging_mixin.py:104} INFO - [2021-02-18 07:49:33,637] {dagbag.py:448} INFO - Filling up the DagBag from /home/airflow/.local/lib/python3.6/site-packages/airflow/example_dags/example_latest_only_with_trigger.py
[2021-02-18 07:49:33,647] {scheduler_job.py:639} INFO - DAG(s) dict_keys(['latest_only_with_trigger']) retrieved from /home/airflow/.local/lib/python3.6/site-packages/airflow/example_dags/example_latest_only_with_trigger.py
[2021-02-18 07:49:33,667] {logging_mixin.py:104} INFO - [2021-02-18 07:49:33,667] {dag.py:1818} INFO - Sync 1 DAGs
[2021-02-18 07:49:33,681] {logging_mixin.py:104} INFO - [2021-02-18 07:49:33,681] {dag.py:2273} INFO - Setting next_dagrun for latest_only_with_trigger to 2021-02-16 00:00:00+00:00
[2021-02-18 07:49:33,688] {scheduler_job.py:190} INFO - Processing /home/airflow/.local/lib/python3.6/site-packages/airflow/example_dags/example_latest_only_with_trigger.py took 0.056 seconds
[2021-02-18 07:50:03,807] {scheduler_job.py:182} INFO - Started process (PID=664) to work on /home/airflow/.local/lib/python3.6/site-packages/airflow/example_dags/example_latest_only_with_trigger.py
[2021-02-18 07:50:03,809] {scheduler_job.py:629} INFO - Processing file /home/airflow/.local/lib/python3.6/site-packages/airflow/example_dags/example_latest_only_with_trigger.py for tasks to queue
[2021-02-18 07:50:03,810] {logging_mixin.py:104} INFO - [2021-02-18 07:50:03,810] {dagbag.py:448} INFO - Filling up the DagBag from /home/airflow/.local/lib/python3.6/site-packages/airflow/example_dags/example_latest_only_with_trigger.py
[2021-02-18 07:50:03,818] {scheduler_job.py:639} INFO - DAG(s) dict_keys(['latest_only_with_trigger']) retrieved from /home/airflow/.local/lib/python3.6/site-packages/airflow/example_dags/example_latest_only_with_trigger.py
[2021-02-18 07:50:03,837] {logging_mixin.py:104} INFO - [2021-02-18 07:50:03,837] {dag.py:1818} INFO - Sync 1 DAGs
[2021-02-18 07:50:03,850] {logging_mixin.py:104} INFO - [2021-02-18 07:50:03,850] {dag.py:2273} INFO - Setting next_dagrun for latest_only_with_trigger to 2021-02-16 00:00:00+00:00
[2021-02-18 07:50:03,858] {scheduler_job.py:190} INFO - Processing /home/airflow/.local/lib/python3.6/site-packages/airflow/example_dags/example_latest_only_with_trigger.py took 0.056 seconds
[2021-02-18 07:50:33,883] {scheduler_job.py:182} INFO - Started process (PID=690) to work on /home/airflow/.local/lib/python3.6/site-packages/airflow/example_dags/example_latest_only_with_trigger.py
[2021-02-18 07:50:33,884] {scheduler_job.py:629} INFO - Processing file /home/airflow/.local/lib/python3.6/site-packages/airflow/example_dags/example_latest_only_with_trigger.py for tasks to queue
[2021-02-18 07:50:33,885] {logging_mixin.py:104} INFO - [2021-02-18 07:50:33,884] {dagbag.py:448} INFO - Filling up the DagBag from /home/airflow/.local/lib/python3.6/site-packages/airflow/example_dags/example_latest_only_with_trigger.py
[2021-02-18 07:50:33,895] {scheduler_job.py:639} INFO - DAG(s) dict_keys(['latest_only_with_trigger']) retrieved from /home/airflow/.local/lib/python3.6/site-packages/airflow/example_dags/example_latest_only_with_trigger.py
[2021-02-18 07:50:33,914] {logging_mixin.py:104} INFO - [2021-02-18 07:50:33,914] {dag.py:1818} INFO - Sync 1 DAGs
[2021-02-18 07:50:33,926] {logging_mixin.py:104} INFO - [2021-02-18 07:50:33,926] {dag.py:2273} INFO - Setting next_dagrun for latest_only_with_trigger to 2021-02-16 00:00:00+00:00
[2021-02-18 07:50:33,935] {scheduler_job.py:190} INFO - Processing /home/airflow/.local/lib/python3.6/site-packages/airflow/example_dags/example_latest_only_with_trigger.py took 0.054 seconds
[2021-02-18 07:51:04,032] {scheduler_job.py:182} INFO - Started process (PID=715) to work on /home/airflow/.local/lib/python3.6/site-packages/airflow/example_dags/example_latest_only_with_trigger.py
[2021-02-18 07:51:04,034] {scheduler_job.py:629} INFO - Processing file /home/airflow/.local/lib/python3.6/site-packages/airflow/example_dags/example_latest_only_with_trigger.py for tasks to queue
[2021-02-18 07:51:04,035] {logging_mixin.py:104} INFO - [2021-02-18 07:51:04,035] {dagbag.py:448} INFO - Filling up the DagBag from /home/airflow/.local/lib/python3.6/site-packages/airflow/example_dags/example_latest_only_with_trigger.py
[2021-02-18 07:51:04,045] {scheduler_job.py:639} INFO - DAG(s) dict_keys(['latest_only_with_trigger']) retrieved from /home/airflow/.local/lib/python3.6/site-packages/airflow/example_dags/example_latest_only_with_trigger.py
[2021-02-18 07:51:04,066] {logging_mixin.py:104} INFO - [2021-02-18 07:51:04,066] {dag.py:1818} INFO - Sync 1 DAGs
[2021-02-18 07:51:04,079] {logging_mixin.py:104} INFO - [2021-02-18 07:51:04,078] {dag.py:2273} INFO - Setting next_dagrun for latest_only_with_trigger to 2021-02-16 00:00:00+00:00
[2021-02-18 07:51:04,087] {scheduler_job.py:190} INFO - Processing /home/airflow/.local/lib/python3.6/site-packages/airflow/example_dags/example_latest_only_with_trigger.py took 0.060 seconds
[2021-02-18 07:51:34,179] {scheduler_job.py:182} INFO - Started process (PID=741) to work on /home/airflow/.local/lib/python3.6/site-packages/airflow/example_dags/example_latest_only_with_trigger.py
[2021-02-18 07:51:34,180] {scheduler_job.py:629} INFO - Processing file /home/airflow/.local/lib/python3.6/site-packages/airflow/example_dags/example_latest_only_with_trigger.py for tasks to queue
[2021-02-18 07:51:34,181] {logging_mixin.py:104} INFO - [2021-02-18 07:51:34,181] {dagbag.py:448} INFO - Filling up the DagBag from /home/airflow/.local/lib/python3.6/site-packages/airflow/example_dags/example_latest_only_with_trigger.py
[2021-02-18 07:51:34,193] {scheduler_job.py:639} INFO - DAG(s) dict_keys(['latest_only_with_trigger']) retrieved from /home/airflow/.local/lib/python3.6/site-packages/airflow/example_dags/example_latest_only_with_trigger.py
[2021-02-18 07:51:34,209] {logging_mixin.py:104} INFO - [2021-02-18 07:51:34,209] {dag.py:1818} INFO - Sync 1 DAGs
[2021-02-18 07:51:34,222] {logging_mixin.py:104} INFO - [2021-02-18 07:51:34,222] {dag.py:2273} INFO - Setting next_dagrun for latest_only_with_trigger to 2021-02-16 00:00:00+00:00
[2021-02-18 07:51:34,230] {scheduler_job.py:190} INFO - Processing /home/airflow/.local/lib/python3.6/site-packages/airflow/example_dags/example_latest_only_with_trigger.py took 0.056 seconds
[2021-02-18 07:52:04,373] {scheduler_job.py:182} INFO - Started process (PID=767) to work on /home/airflow/.local/lib/python3.6/site-packages/airflow/example_dags/example_latest_only_with_trigger.py
[2021-02-18 07:52:04,375] {scheduler_job.py:629} INFO - Processing file /home/airflow/.local/lib/python3.6/site-packages/airflow/example_dags/example_latest_only_with_trigger.py for tasks to queue
[2021-02-18 07:52:04,375] {logging_mixin.py:104} INFO - [2021-02-18 07:52:04,375] {dagbag.py:448} INFO - Filling up the DagBag from /home/airflow/.local/lib/python3.6/site-packages/airflow/example_dags/example_latest_only_with_trigger.py
[2021-02-18 07:52:04,385] {scheduler_job.py:639} INFO - DAG(s) dict_keys(['latest_only_with_trigger']) retrieved from /home/airflow/.local/lib/python3.6/site-packages/airflow/example_dags/example_latest_only_with_trigger.py
[2021-02-18 07:52:04,405] {logging_mixin.py:104} INFO - [2021-02-18 07:52:04,405] {dag.py:1818} INFO - Sync 1 DAGs
[2021-02-18 07:52:04,418] {logging_mixin.py:104} INFO - [2021-02-18 07:52:04,418] {dag.py:2273} INFO - Setting next_dagrun for latest_only_with_trigger to 2021-02-16 00:00:00+00:00
[2021-02-18 07:52:04,425] {scheduler_job.py:190} INFO - Processing /home/airflow/.local/lib/python3.6/site-packages/airflow/example_dags/example_latest_only_with_trigger.py took 0.056 seconds
[2021-02-18 07:52:34,534] {scheduler_job.py:182} INFO - Started process (PID=793) to work on /home/airflow/.local/lib/python3.6/site-packages/airflow/example_dags/example_latest_only_with_trigger.py
[2021-02-18 07:52:34,535] {scheduler_job.py:629} INFO - Processing file /home/airflow/.local/lib/python3.6/site-packages/airflow/example_dags/example_latest_only_with_trigger.py for tasks to queue
[2021-02-18 07:52:34,536] {logging_mixin.py:104} INFO - [2021-02-18 07:52:34,535] {dagbag.py:448} INFO - Filling up the DagBag from /home/airflow/.local/lib/python3.6/site-packages/airflow/example_dags/example_latest_only_with_trigger.py
[2021-02-18 07:52:34,548] {scheduler_job.py:639} INFO - DAG(s) dict_keys(['latest_only_with_trigger']) retrieved from /home/airflow/.local/lib/python3.6/site-packages/airflow/example_dags/example_latest_only_with_trigger.py
[2021-02-18 07:52:34,567] {logging_mixin.py:104} INFO - [2021-02-18 07:52:34,567] {dag.py:1818} INFO - Sync 1 DAGs
[2021-02-18 07:52:34,586] {logging_mixin.py:104} INFO - [2021-02-18 07:52:34,586] {dag.py:2273} INFO - Setting next_dagrun for latest_only_with_trigger to 2021-02-16 00:00:00+00:00
[2021-02-18 07:52:34,593] {scheduler_job.py:190} INFO - Processing /home/airflow/.local/lib/python3.6/site-packages/airflow/example_dags/example_latest_only_with_trigger.py took 0.062 seconds
[2021-02-18 07:53:04,700] {scheduler_job.py:182} INFO - Started process (PID=819) to work on /home/airflow/.local/lib/python3.6/site-packages/airflow/example_dags/example_latest_only_with_trigger.py
[2021-02-18 07:53:04,701] {scheduler_job.py:629} INFO - Processing file /home/airflow/.local/lib/python3.6/site-packages/airflow/example_dags/example_latest_only_with_trigger.py for tasks to queue
[2021-02-18 07:53:04,701] {logging_mixin.py:104} INFO - [2021-02-18 07:53:04,701] {dagbag.py:448} INFO - Filling up the DagBag from /home/airflow/.local/lib/python3.6/site-packages/airflow/example_dags/example_latest_only_with_trigger.py
[2021-02-18 07:53:04,711] {scheduler_job.py:639} INFO - DAG(s) dict_keys(['latest_only_with_trigger']) retrieved from /home/airflow/.local/lib/python3.6/site-packages/airflow/example_dags/example_latest_only_with_trigger.py
[2021-02-18 07:53:04,729] {logging_mixin.py:104} INFO - [2021-02-18 07:53:04,729] {dag.py:1818} INFO - Sync 1 DAGs
[2021-02-18 07:53:04,741] {logging_mixin.py:104} INFO - [2021-02-18 07:53:04,741] {dag.py:2273} INFO - Setting next_dagrun for latest_only_with_trigger to 2021-02-16 00:00:00+00:00
[2021-02-18 07:53:04,747] {scheduler_job.py:190} INFO - Processing /home/airflow/.local/lib/python3.6/site-packages/airflow/example_dags/example_latest_only_with_trigger.py took 0.049 seconds
[2021-02-18 07:53:34,873] {scheduler_job.py:182} INFO - Started process (PID=845) to work on /home/airflow/.local/lib/python3.6/site-packages/airflow/example_dags/example_latest_only_with_trigger.py
[2021-02-18 07:53:34,874] {scheduler_job.py:629} INFO - Processing file /home/airflow/.local/lib/python3.6/site-packages/airflow/example_dags/example_latest_only_with_trigger.py for tasks to queue
[2021-02-18 07:53:34,875] {logging_mixin.py:104} INFO - [2021-02-18 07:53:34,875] {dagbag.py:448} INFO - Filling up the DagBag from /home/airflow/.local/lib/python3.6/site-packages/airflow/example_dags/example_latest_only_with_trigger.py
[2021-02-18 07:53:34,887] {scheduler_job.py:639} INFO - DAG(s) dict_keys(['latest_only_with_trigger']) retrieved from /home/airflow/.local/lib/python3.6/site-packages/airflow/example_dags/example_latest_only_with_trigger.py
[2021-02-18 07:53:34,940] {logging_mixin.py:104} INFO - [2021-02-18 07:53:34,940] {dag.py:1818} INFO - Sync 1 DAGs
[2021-02-18 07:53:34,955] {logging_mixin.py:104} INFO - [2021-02-18 07:53:34,955] {dag.py:2273} INFO - Setting next_dagrun for latest_only_with_trigger to 2021-02-16 00:00:00+00:00
[2021-02-18 07:53:34,962] {scheduler_job.py:190} INFO - Processing /home/airflow/.local/lib/python3.6/site-packages/airflow/example_dags/example_latest_only_with_trigger.py took 0.092 seconds
[2021-02-18 07:54:04,999] {scheduler_job.py:182} INFO - Started process (PID=871) to work on /home/airflow/.local/lib/python3.6/site-packages/airflow/example_dags/example_latest_only_with_trigger.py
[2021-02-18 07:54:05,000] {scheduler_job.py:629} INFO - Processing file /home/airflow/.local/lib/python3.6/site-packages/airflow/example_dags/example_latest_only_with_trigger.py for tasks to queue
[2021-02-18 07:54:05,001] {logging_mixin.py:104} INFO - [2021-02-18 07:54:05,001] {dagbag.py:448} INFO - Filling up the DagBag from /home/airflow/.local/lib/python3.6/site-packages/airflow/example_dags/example_latest_only_with_trigger.py
[2021-02-18 07:54:05,010] {scheduler_job.py:639} INFO - DAG(s) dict_keys(['latest_only_with_trigger']) retrieved from /home/airflow/.local/lib/python3.6/site-packages/airflow/example_dags/example_latest_only_with_trigger.py
[2021-02-18 07:54:05,034] {logging_mixin.py:104} INFO - [2021-02-18 07:54:05,034] {dag.py:1818} INFO - Sync 1 DAGs
[2021-02-18 07:54:05,045] {logging_mixin.py:104} INFO - [2021-02-18 07:54:05,045] {dag.py:2273} INFO - Setting next_dagrun for latest_only_with_trigger to 2021-02-16 00:00:00+00:00
[2021-02-18 07:54:05,052] {scheduler_job.py:190} INFO - Processing /home/airflow/.local/lib/python3.6/site-packages/airflow/example_dags/example_latest_only_with_trigger.py took 0.057 seconds
[2021-02-18 07:55:59,296] {scheduler_job.py:182} INFO - Started process (PID=56) to work on /home/airflow/.local/lib/python3.6/site-packages/airflow/example_dags/example_latest_only_with_trigger.py
[2021-02-18 07:55:59,297] {scheduler_job.py:629} INFO - Processing file /home/airflow/.local/lib/python3.6/site-packages/airflow/example_dags/example_latest_only_with_trigger.py for tasks to queue
[2021-02-18 07:55:59,298] {logging_mixin.py:104} INFO - [2021-02-18 07:55:59,298] {dagbag.py:448} INFO - Filling up the DagBag from /home/airflow/.local/lib/python3.6/site-packages/airflow/example_dags/example_latest_only_with_trigger.py
[2021-02-18 07:55:59,309] {scheduler_job.py:639} INFO - DAG(s) dict_keys(['latest_only_with_trigger']) retrieved from /home/airflow/.local/lib/python3.6/site-packages/airflow/example_dags/example_latest_only_with_trigger.py
[2021-02-18 07:55:59,332] {logging_mixin.py:104} INFO - [2021-02-18 07:55:59,332] {dag.py:1818} INFO - Sync 1 DAGs
[2021-02-18 07:55:59,340] {logging_mixin.py:104} INFO - [2021-02-18 07:55:59,340] {dag.py:1837} INFO - Creating ORM DAG for latest_only_with_trigger
[2021-02-18 07:55:59,345] {logging_mixin.py:104} INFO - [2021-02-18 07:55:59,345] {dag.py:2273} INFO - Setting next_dagrun for latest_only_with_trigger to 2021-02-16 00:00:00+00:00
[2021-02-18 07:55:59,361] {scheduler_job.py:190} INFO - Processing /home/airflow/.local/lib/python3.6/site-packages/airflow/example_dags/example_latest_only_with_trigger.py took 0.068 seconds
[2021-02-18 07:56:29,420] {scheduler_job.py:182} INFO - Started process (PID=82) to work on /home/airflow/.local/lib/python3.6/site-packages/airflow/example_dags/example_latest_only_with_trigger.py
[2021-02-18 07:56:29,421] {scheduler_job.py:629} INFO - Processing file /home/airflow/.local/lib/python3.6/site-packages/airflow/example_dags/example_latest_only_with_trigger.py for tasks to queue
[2021-02-18 07:56:29,421] {logging_mixin.py:104} INFO - [2021-02-18 07:56:29,421] {dagbag.py:448} INFO - Filling up the DagBag from /home/airflow/.local/lib/python3.6/site-packages/airflow/example_dags/example_latest_only_with_trigger.py
[2021-02-18 07:56:29,429] {scheduler_job.py:639} INFO - DAG(s) dict_keys(['latest_only_with_trigger']) retrieved from /home/airflow/.local/lib/python3.6/site-packages/airflow/example_dags/example_latest_only_with_trigger.py
[2021-02-18 07:56:29,449] {logging_mixin.py:104} INFO - [2021-02-18 07:56:29,448] {dag.py:1818} INFO - Sync 1 DAGs
[2021-02-18 07:56:29,462] {logging_mixin.py:104} INFO - [2021-02-18 07:56:29,462] {dag.py:2273} INFO - Setting next_dagrun for latest_only_with_trigger to 2021-02-16 00:00:00+00:00
[2021-02-18 07:56:29,468] {scheduler_job.py:190} INFO - Processing /home/airflow/.local/lib/python3.6/site-packages/airflow/example_dags/example_latest_only_with_trigger.py took 0.053 seconds
[2021-02-18 07:56:56,331] {scheduler_job.py:182} INFO - Started process (PID=47) to work on /home/airflow/.local/lib/python3.6/site-packages/airflow/example_dags/example_latest_only_with_trigger.py
[2021-02-18 07:56:56,332] {scheduler_job.py:629} INFO - Processing file /home/airflow/.local/lib/python3.6/site-packages/airflow/example_dags/example_latest_only_with_trigger.py for tasks to queue
[2021-02-18 07:56:56,333] {logging_mixin.py:104} INFO - [2021-02-18 07:56:56,333] {dagbag.py:448} INFO - Filling up the DagBag from /home/airflow/.local/lib/python3.6/site-packages/airflow/example_dags/example_latest_only_with_trigger.py
[2021-02-18 07:56:56,341] {scheduler_job.py:639} INFO - DAG(s) dict_keys(['latest_only_with_trigger']) retrieved from /home/airflow/.local/lib/python3.6/site-packages/airflow/example_dags/example_latest_only_with_trigger.py
[2021-02-18 07:56:56,358] {logging_mixin.py:104} INFO - [2021-02-18 07:56:56,358] {dag.py:1818} INFO - Sync 1 DAGs
[2021-02-18 07:56:56,371] {logging_mixin.py:104} INFO - [2021-02-18 07:56:56,371] {dag.py:2273} INFO - Setting next_dagrun for latest_only_with_trigger to 2021-02-16 00:00:00+00:00
[2021-02-18 07:56:56,378] {scheduler_job.py:190} INFO - Processing /home/airflow/.local/lib/python3.6/site-packages/airflow/example_dags/example_latest_only_with_trigger.py took 0.051 seconds
[2021-02-18 07:57:26,573] {scheduler_job.py:182} INFO - Started process (PID=75) to work on /home/airflow/.local/lib/python3.6/site-packages/airflow/example_dags/example_latest_only_with_trigger.py
[2021-02-18 07:57:26,574] {scheduler_job.py:629} INFO - Processing file /home/airflow/.local/lib/python3.6/site-packages/airflow/example_dags/example_latest_only_with_trigger.py for tasks to queue
[2021-02-18 07:57:26,574] {logging_mixin.py:104} INFO - [2021-02-18 07:57:26,574] {dagbag.py:448} INFO - Filling up the DagBag from /home/airflow/.local/lib/python3.6/site-packages/airflow/example_dags/example_latest_only_with_trigger.py
[2021-02-18 07:57:26,584] {scheduler_job.py:639} INFO - DAG(s) dict_keys(['latest_only_with_trigger']) retrieved from /home/airflow/.local/lib/python3.6/site-packages/airflow/example_dags/example_latest_only_with_trigger.py
[2021-02-18 07:57:26,603] {logging_mixin.py:104} INFO - [2021-02-18 07:57:26,603] {dag.py:1818} INFO - Sync 1 DAGs
[2021-02-18 07:57:26,618] {logging_mixin.py:104} INFO - [2021-02-18 07:57:26,618] {dag.py:2273} INFO - Setting next_dagrun for latest_only_with_trigger to 2021-02-16 00:00:00+00:00
[2021-02-18 07:57:26,628] {scheduler_job.py:190} INFO - Processing /home/airflow/.local/lib/python3.6/site-packages/airflow/example_dags/example_latest_only_with_trigger.py took 0.058 seconds
[2021-02-18 07:57:56,826] {scheduler_job.py:182} INFO - Started process (PID=101) to work on /home/airflow/.local/lib/python3.6/site-packages/airflow/example_dags/example_latest_only_with_trigger.py
[2021-02-18 07:57:56,827] {scheduler_job.py:629} INFO - Processing file /home/airflow/.local/lib/python3.6/site-packages/airflow/example_dags/example_latest_only_with_trigger.py for tasks to queue
[2021-02-18 07:57:56,827] {logging_mixin.py:104} INFO - [2021-02-18 07:57:56,827] {dagbag.py:448} INFO - Filling up the DagBag from /home/airflow/.local/lib/python3.6/site-packages/airflow/example_dags/example_latest_only_with_trigger.py
[2021-02-18 07:57:56,835] {scheduler_job.py:639} INFO - DAG(s) dict_keys(['latest_only_with_trigger']) retrieved from /home/airflow/.local/lib/python3.6/site-packages/airflow/example_dags/example_latest_only_with_trigger.py
[2021-02-18 07:57:56,857] {logging_mixin.py:104} INFO - [2021-02-18 07:57:56,857] {dag.py:1818} INFO - Sync 1 DAGs
[2021-02-18 07:57:56,873] {logging_mixin.py:104} INFO - [2021-02-18 07:57:56,873] {dag.py:2273} INFO - Setting next_dagrun for latest_only_with_trigger to 2021-02-16 00:00:00+00:00
[2021-02-18 07:57:56,881] {scheduler_job.py:190} INFO - Processing /home/airflow/.local/lib/python3.6/site-packages/airflow/example_dags/example_latest_only_with_trigger.py took 0.061 seconds
[2021-02-18 07:58:26,906] {scheduler_job.py:182} INFO - Started process (PID=127) to work on /home/airflow/.local/lib/python3.6/site-packages/airflow/example_dags/example_latest_only_with_trigger.py
[2021-02-18 07:58:26,907] {scheduler_job.py:629} INFO - Processing file /home/airflow/.local/lib/python3.6/site-packages/airflow/example_dags/example_latest_only_with_trigger.py for tasks to queue
[2021-02-18 07:58:26,907] {logging_mixin.py:104} INFO - [2021-02-18 07:58:26,907] {dagbag.py:448} INFO - Filling up the DagBag from /home/airflow/.local/lib/python3.6/site-packages/airflow/example_dags/example_latest_only_with_trigger.py
[2021-02-18 07:58:26,917] {scheduler_job.py:639} INFO - DAG(s) dict_keys(['latest_only_with_trigger']) retrieved from /home/airflow/.local/lib/python3.6/site-packages/airflow/example_dags/example_latest_only_with_trigger.py
[2021-02-18 07:58:26,939] {logging_mixin.py:104} INFO - [2021-02-18 07:58:26,939] {dag.py:1818} INFO - Sync 1 DAGs
[2021-02-18 07:58:26,953] {logging_mixin.py:104} INFO - [2021-02-18 07:58:26,953] {dag.py:2273} INFO - Setting next_dagrun for latest_only_with_trigger to 2021-02-16 00:00:00+00:00
[2021-02-18 07:58:26,963] {scheduler_job.py:190} INFO - Processing /home/airflow/.local/lib/python3.6/site-packages/airflow/example_dags/example_latest_only_with_trigger.py took 0.061 seconds
[2021-02-18 07:58:57,006] {scheduler_job.py:182} INFO - Started process (PID=153) to work on /home/airflow/.local/lib/python3.6/site-packages/airflow/example_dags/example_latest_only_with_trigger.py
[2021-02-18 07:58:57,007] {scheduler_job.py:629} INFO - Processing file /home/airflow/.local/lib/python3.6/site-packages/airflow/example_dags/example_latest_only_with_trigger.py for tasks to queue
[2021-02-18 07:58:57,007] {logging_mixin.py:104} INFO - [2021-02-18 07:58:57,007] {dagbag.py:448} INFO - Filling up the DagBag from /home/airflow/.local/lib/python3.6/site-packages/airflow/example_dags/example_latest_only_with_trigger.py
[2021-02-18 07:58:57,017] {scheduler_job.py:639} INFO - DAG(s) dict_keys(['latest_only_with_trigger']) retrieved from /home/airflow/.local/lib/python3.6/site-packages/airflow/example_dags/example_latest_only_with_trigger.py
[2021-02-18 07:58:57,036] {logging_mixin.py:104} INFO - [2021-02-18 07:58:57,035] {dag.py:1818} INFO - Sync 1 DAGs
[2021-02-18 07:58:57,049] {logging_mixin.py:104} INFO - [2021-02-18 07:58:57,049] {dag.py:2273} INFO - Setting next_dagrun for latest_only_with_trigger to 2021-02-16 00:00:00+00:00
[2021-02-18 07:58:57,057] {scheduler_job.py:190} INFO - Processing /home/airflow/.local/lib/python3.6/site-packages/airflow/example_dags/example_latest_only_with_trigger.py took 0.053 seconds
[2021-02-18 07:59:27,401] {scheduler_job.py:182} INFO - Started process (PID=180) to work on /home/airflow/.local/lib/python3.6/site-packages/airflow/example_dags/example_latest_only_with_trigger.py
[2021-02-18 07:59:27,403] {scheduler_job.py:629} INFO - Processing file /home/airflow/.local/lib/python3.6/site-packages/airflow/example_dags/example_latest_only_with_trigger.py for tasks to queue
[2021-02-18 07:59:27,404] {logging_mixin.py:104} INFO - [2021-02-18 07:59:27,404] {dagbag.py:448} INFO - Filling up the DagBag from /home/airflow/.local/lib/python3.6/site-packages/airflow/example_dags/example_latest_only_with_trigger.py
[2021-02-18 07:59:27,413] {scheduler_job.py:639} INFO - DAG(s) dict_keys(['latest_only_with_trigger']) retrieved from /home/airflow/.local/lib/python3.6/site-packages/airflow/example_dags/example_latest_only_with_trigger.py
[2021-02-18 07:59:27,435] {logging_mixin.py:104} INFO - [2021-02-18 07:59:27,435] {dag.py:1818} INFO - Sync 1 DAGs
[2021-02-18 07:59:27,448] {logging_mixin.py:104} INFO - [2021-02-18 07:59:27,448] {dag.py:2273} INFO - Setting next_dagrun for latest_only_with_trigger to 2021-02-16 00:00:00+00:00
[2021-02-18 07:59:27,455] {scheduler_job.py:190} INFO - Processing /home/airflow/.local/lib/python3.6/site-packages/airflow/example_dags/example_latest_only_with_trigger.py took 0.058 seconds
[2021-02-18 07:59:57,583] {scheduler_job.py:182} INFO - Started process (PID=207) to work on /home/airflow/.local/lib/python3.6/site-packages/airflow/example_dags/example_latest_only_with_trigger.py
[2021-02-18 07:59:57,585] {scheduler_job.py:629} INFO - Processing file /home/airflow/.local/lib/python3.6/site-packages/airflow/example_dags/example_latest_only_with_trigger.py for tasks to queue
[2021-02-18 07:59:57,586] {logging_mixin.py:104} INFO - [2021-02-18 07:59:57,586] {dagbag.py:448} INFO - Filling up the DagBag from /home/airflow/.local/lib/python3.6/site-packages/airflow/example_dags/example_latest_only_with_trigger.py
[2021-02-18 07:59:57,594] {scheduler_job.py:639} INFO - DAG(s) dict_keys(['latest_only_with_trigger']) retrieved from /home/airflow/.local/lib/python3.6/site-packages/airflow/example_dags/example_latest_only_with_trigger.py
[2021-02-18 07:59:57,615] {logging_mixin.py:104} INFO - [2021-02-18 07:59:57,615] {dag.py:1818} INFO - Sync 1 DAGs
[2021-02-18 07:59:57,630] {logging_mixin.py:104} INFO - [2021-02-18 07:59:57,630] {dag.py:2273} INFO - Setting next_dagrun for latest_only_with_trigger to 2021-02-16 00:00:00+00:00
[2021-02-18 07:59:57,638] {scheduler_job.py:190} INFO - Processing /home/airflow/.local/lib/python3.6/site-packages/airflow/example_dags/example_latest_only_with_trigger.py took 0.059 seconds
