[2021-02-18 07:37:59,316] {scheduler_job.py:182} INFO - Started process (PID=52) to work on /home/airflow/.local/lib/python3.6/site-packages/airflow/example_dags/example_trigger_target_dag.py
[2021-02-18 07:37:59,318] {scheduler_job.py:629} INFO - Processing file /home/airflow/.local/lib/python3.6/site-packages/airflow/example_dags/example_trigger_target_dag.py for tasks to queue
[2021-02-18 07:37:59,318] {logging_mixin.py:104} INFO - [2021-02-18 07:37:59,318] {dagbag.py:448} INFO - Filling up the DagBag from /home/airflow/.local/lib/python3.6/site-packages/airflow/example_dags/example_trigger_target_dag.py
[2021-02-18 07:37:59,342] {scheduler_job.py:639} INFO - DAG(s) dict_keys(['example_trigger_target_dag']) retrieved from /home/airflow/.local/lib/python3.6/site-packages/airflow/example_dags/example_trigger_target_dag.py
[2021-02-18 07:37:59,368] {logging_mixin.py:104} INFO - [2021-02-18 07:37:59,368] {dag.py:1818} INFO - Sync 1 DAGs
[2021-02-18 07:37:59,378] {logging_mixin.py:104} INFO - [2021-02-18 07:37:59,378] {dag.py:1837} INFO - Creating ORM DAG for example_trigger_target_dag
[2021-02-18 07:37:59,384] {logging_mixin.py:104} INFO - [2021-02-18 07:37:59,384] {dag.py:2273} INFO - Setting next_dagrun for example_trigger_target_dag to None
[2021-02-18 07:37:59,399] {scheduler_job.py:190} INFO - Processing /home/airflow/.local/lib/python3.6/site-packages/airflow/example_dags/example_trigger_target_dag.py took 0.086 seconds
[2021-02-18 07:38:29,612] {scheduler_job.py:182} INFO - Started process (PID=80) to work on /home/airflow/.local/lib/python3.6/site-packages/airflow/example_dags/example_trigger_target_dag.py
[2021-02-18 07:38:29,614] {scheduler_job.py:629} INFO - Processing file /home/airflow/.local/lib/python3.6/site-packages/airflow/example_dags/example_trigger_target_dag.py for tasks to queue
[2021-02-18 07:38:29,614] {logging_mixin.py:104} INFO - [2021-02-18 07:38:29,614] {dagbag.py:448} INFO - Filling up the DagBag from /home/airflow/.local/lib/python3.6/site-packages/airflow/example_dags/example_trigger_target_dag.py
[2021-02-18 07:38:29,622] {scheduler_job.py:639} INFO - DAG(s) dict_keys(['example_trigger_target_dag']) retrieved from /home/airflow/.local/lib/python3.6/site-packages/airflow/example_dags/example_trigger_target_dag.py
[2021-02-18 07:38:29,639] {logging_mixin.py:104} INFO - [2021-02-18 07:38:29,639] {dag.py:1818} INFO - Sync 1 DAGs
[2021-02-18 07:38:29,650] {logging_mixin.py:104} INFO - [2021-02-18 07:38:29,650] {dag.py:2273} INFO - Setting next_dagrun for example_trigger_target_dag to None
[2021-02-18 07:38:29,656] {scheduler_job.py:190} INFO - Processing /home/airflow/.local/lib/python3.6/site-packages/airflow/example_dags/example_trigger_target_dag.py took 0.049 seconds
[2021-02-18 07:38:59,722] {scheduler_job.py:182} INFO - Started process (PID=106) to work on /home/airflow/.local/lib/python3.6/site-packages/airflow/example_dags/example_trigger_target_dag.py
[2021-02-18 07:38:59,723] {scheduler_job.py:629} INFO - Processing file /home/airflow/.local/lib/python3.6/site-packages/airflow/example_dags/example_trigger_target_dag.py for tasks to queue
[2021-02-18 07:38:59,724] {logging_mixin.py:104} INFO - [2021-02-18 07:38:59,724] {dagbag.py:448} INFO - Filling up the DagBag from /home/airflow/.local/lib/python3.6/site-packages/airflow/example_dags/example_trigger_target_dag.py
[2021-02-18 07:38:59,733] {scheduler_job.py:639} INFO - DAG(s) dict_keys(['example_trigger_target_dag']) retrieved from /home/airflow/.local/lib/python3.6/site-packages/airflow/example_dags/example_trigger_target_dag.py
[2021-02-18 07:38:59,752] {logging_mixin.py:104} INFO - [2021-02-18 07:38:59,752] {dag.py:1818} INFO - Sync 1 DAGs
[2021-02-18 07:38:59,766] {logging_mixin.py:104} INFO - [2021-02-18 07:38:59,765] {dag.py:2273} INFO - Setting next_dagrun for example_trigger_target_dag to None
[2021-02-18 07:38:59,774] {scheduler_job.py:190} INFO - Processing /home/airflow/.local/lib/python3.6/site-packages/airflow/example_dags/example_trigger_target_dag.py took 0.056 seconds
[2021-02-18 07:39:29,968] {scheduler_job.py:182} INFO - Started process (PID=132) to work on /home/airflow/.local/lib/python3.6/site-packages/airflow/example_dags/example_trigger_target_dag.py
[2021-02-18 07:39:29,968] {scheduler_job.py:629} INFO - Processing file /home/airflow/.local/lib/python3.6/site-packages/airflow/example_dags/example_trigger_target_dag.py for tasks to queue
[2021-02-18 07:39:29,969] {logging_mixin.py:104} INFO - [2021-02-18 07:39:29,969] {dagbag.py:448} INFO - Filling up the DagBag from /home/airflow/.local/lib/python3.6/site-packages/airflow/example_dags/example_trigger_target_dag.py
[2021-02-18 07:39:29,977] {scheduler_job.py:639} INFO - DAG(s) dict_keys(['example_trigger_target_dag']) retrieved from /home/airflow/.local/lib/python3.6/site-packages/airflow/example_dags/example_trigger_target_dag.py
[2021-02-18 07:39:29,993] {logging_mixin.py:104} INFO - [2021-02-18 07:39:29,993] {dag.py:1818} INFO - Sync 1 DAGs
[2021-02-18 07:39:30,008] {logging_mixin.py:104} INFO - [2021-02-18 07:39:30,008] {dag.py:2273} INFO - Setting next_dagrun for example_trigger_target_dag to None
[2021-02-18 07:39:30,014] {scheduler_job.py:190} INFO - Processing /home/airflow/.local/lib/python3.6/site-packages/airflow/example_dags/example_trigger_target_dag.py took 0.049 seconds
[2021-02-18 07:40:00,253] {scheduler_job.py:182} INFO - Started process (PID=158) to work on /home/airflow/.local/lib/python3.6/site-packages/airflow/example_dags/example_trigger_target_dag.py
[2021-02-18 07:40:00,254] {scheduler_job.py:629} INFO - Processing file /home/airflow/.local/lib/python3.6/site-packages/airflow/example_dags/example_trigger_target_dag.py for tasks to queue
[2021-02-18 07:40:00,255] {logging_mixin.py:104} INFO - [2021-02-18 07:40:00,254] {dagbag.py:448} INFO - Filling up the DagBag from /home/airflow/.local/lib/python3.6/site-packages/airflow/example_dags/example_trigger_target_dag.py
[2021-02-18 07:40:00,265] {scheduler_job.py:639} INFO - DAG(s) dict_keys(['example_trigger_target_dag']) retrieved from /home/airflow/.local/lib/python3.6/site-packages/airflow/example_dags/example_trigger_target_dag.py
[2021-02-18 07:40:00,284] {logging_mixin.py:104} INFO - [2021-02-18 07:40:00,284] {dag.py:1818} INFO - Sync 1 DAGs
[2021-02-18 07:40:00,301] {logging_mixin.py:104} INFO - [2021-02-18 07:40:00,301] {dag.py:2273} INFO - Setting next_dagrun for example_trigger_target_dag to None
[2021-02-18 07:40:00,309] {scheduler_job.py:190} INFO - Processing /home/airflow/.local/lib/python3.6/site-packages/airflow/example_dags/example_trigger_target_dag.py took 0.059 seconds
[2021-02-18 07:40:30,524] {scheduler_job.py:182} INFO - Started process (PID=186) to work on /home/airflow/.local/lib/python3.6/site-packages/airflow/example_dags/example_trigger_target_dag.py
[2021-02-18 07:40:30,526] {scheduler_job.py:629} INFO - Processing file /home/airflow/.local/lib/python3.6/site-packages/airflow/example_dags/example_trigger_target_dag.py for tasks to queue
[2021-02-18 07:40:30,526] {logging_mixin.py:104} INFO - [2021-02-18 07:40:30,526] {dagbag.py:448} INFO - Filling up the DagBag from /home/airflow/.local/lib/python3.6/site-packages/airflow/example_dags/example_trigger_target_dag.py
[2021-02-18 07:40:30,535] {scheduler_job.py:639} INFO - DAG(s) dict_keys(['example_trigger_target_dag']) retrieved from /home/airflow/.local/lib/python3.6/site-packages/airflow/example_dags/example_trigger_target_dag.py
[2021-02-18 07:40:30,553] {logging_mixin.py:104} INFO - [2021-02-18 07:40:30,553] {dag.py:1818} INFO - Sync 1 DAGs
[2021-02-18 07:40:30,571] {logging_mixin.py:104} INFO - [2021-02-18 07:40:30,571] {dag.py:2273} INFO - Setting next_dagrun for example_trigger_target_dag to None
[2021-02-18 07:40:30,578] {scheduler_job.py:190} INFO - Processing /home/airflow/.local/lib/python3.6/site-packages/airflow/example_dags/example_trigger_target_dag.py took 0.057 seconds
[2021-02-18 07:41:00,807] {scheduler_job.py:182} INFO - Started process (PID=214) to work on /home/airflow/.local/lib/python3.6/site-packages/airflow/example_dags/example_trigger_target_dag.py
[2021-02-18 07:41:00,808] {scheduler_job.py:629} INFO - Processing file /home/airflow/.local/lib/python3.6/site-packages/airflow/example_dags/example_trigger_target_dag.py for tasks to queue
[2021-02-18 07:41:00,808] {logging_mixin.py:104} INFO - [2021-02-18 07:41:00,808] {dagbag.py:448} INFO - Filling up the DagBag from /home/airflow/.local/lib/python3.6/site-packages/airflow/example_dags/example_trigger_target_dag.py
[2021-02-18 07:41:00,817] {scheduler_job.py:639} INFO - DAG(s) dict_keys(['example_trigger_target_dag']) retrieved from /home/airflow/.local/lib/python3.6/site-packages/airflow/example_dags/example_trigger_target_dag.py
[2021-02-18 07:41:00,837] {logging_mixin.py:104} INFO - [2021-02-18 07:41:00,837] {dag.py:1818} INFO - Sync 1 DAGs
[2021-02-18 07:41:00,850] {logging_mixin.py:104} INFO - [2021-02-18 07:41:00,850] {dag.py:2273} INFO - Setting next_dagrun for example_trigger_target_dag to None
[2021-02-18 07:41:00,858] {scheduler_job.py:190} INFO - Processing /home/airflow/.local/lib/python3.6/site-packages/airflow/example_dags/example_trigger_target_dag.py took 0.053 seconds
[2021-02-18 07:41:31,704] {scheduler_job.py:182} INFO - Started process (PID=237) to work on /home/airflow/.local/lib/python3.6/site-packages/airflow/example_dags/example_trigger_target_dag.py
[2021-02-18 07:41:31,705] {scheduler_job.py:629} INFO - Processing file /home/airflow/.local/lib/python3.6/site-packages/airflow/example_dags/example_trigger_target_dag.py for tasks to queue
[2021-02-18 07:41:31,705] {logging_mixin.py:104} INFO - [2021-02-18 07:41:31,705] {dagbag.py:448} INFO - Filling up the DagBag from /home/airflow/.local/lib/python3.6/site-packages/airflow/example_dags/example_trigger_target_dag.py
[2021-02-18 07:41:31,719] {scheduler_job.py:639} INFO - DAG(s) dict_keys(['example_trigger_target_dag']) retrieved from /home/airflow/.local/lib/python3.6/site-packages/airflow/example_dags/example_trigger_target_dag.py
[2021-02-18 07:41:31,742] {logging_mixin.py:104} INFO - [2021-02-18 07:41:31,742] {dag.py:1818} INFO - Sync 1 DAGs
[2021-02-18 07:41:31,757] {logging_mixin.py:104} INFO - [2021-02-18 07:41:31,757] {dag.py:2273} INFO - Setting next_dagrun for example_trigger_target_dag to None
[2021-02-18 07:41:31,765] {scheduler_job.py:190} INFO - Processing /home/airflow/.local/lib/python3.6/site-packages/airflow/example_dags/example_trigger_target_dag.py took 0.065 seconds
[2021-02-18 07:42:01,821] {scheduler_job.py:182} INFO - Started process (PID=264) to work on /home/airflow/.local/lib/python3.6/site-packages/airflow/example_dags/example_trigger_target_dag.py
[2021-02-18 07:42:01,823] {scheduler_job.py:629} INFO - Processing file /home/airflow/.local/lib/python3.6/site-packages/airflow/example_dags/example_trigger_target_dag.py for tasks to queue
[2021-02-18 07:42:01,824] {logging_mixin.py:104} INFO - [2021-02-18 07:42:01,824] {dagbag.py:448} INFO - Filling up the DagBag from /home/airflow/.local/lib/python3.6/site-packages/airflow/example_dags/example_trigger_target_dag.py
[2021-02-18 07:42:01,837] {scheduler_job.py:639} INFO - DAG(s) dict_keys(['example_trigger_target_dag']) retrieved from /home/airflow/.local/lib/python3.6/site-packages/airflow/example_dags/example_trigger_target_dag.py
[2021-02-18 07:42:01,856] {logging_mixin.py:104} INFO - [2021-02-18 07:42:01,856] {dag.py:1818} INFO - Sync 1 DAGs
[2021-02-18 07:42:01,869] {logging_mixin.py:104} INFO - [2021-02-18 07:42:01,869] {dag.py:2273} INFO - Setting next_dagrun for example_trigger_target_dag to None
[2021-02-18 07:42:01,877] {scheduler_job.py:190} INFO - Processing /home/airflow/.local/lib/python3.6/site-packages/airflow/example_dags/example_trigger_target_dag.py took 0.059 seconds
[2021-02-18 07:42:31,972] {scheduler_job.py:182} INFO - Started process (PID=290) to work on /home/airflow/.local/lib/python3.6/site-packages/airflow/example_dags/example_trigger_target_dag.py
[2021-02-18 07:42:31,973] {scheduler_job.py:629} INFO - Processing file /home/airflow/.local/lib/python3.6/site-packages/airflow/example_dags/example_trigger_target_dag.py for tasks to queue
[2021-02-18 07:42:31,974] {logging_mixin.py:104} INFO - [2021-02-18 07:42:31,974] {dagbag.py:448} INFO - Filling up the DagBag from /home/airflow/.local/lib/python3.6/site-packages/airflow/example_dags/example_trigger_target_dag.py
[2021-02-18 07:42:31,985] {scheduler_job.py:639} INFO - DAG(s) dict_keys(['example_trigger_target_dag']) retrieved from /home/airflow/.local/lib/python3.6/site-packages/airflow/example_dags/example_trigger_target_dag.py
[2021-02-18 07:42:32,005] {logging_mixin.py:104} INFO - [2021-02-18 07:42:32,005] {dag.py:1818} INFO - Sync 1 DAGs
[2021-02-18 07:42:32,018] {logging_mixin.py:104} INFO - [2021-02-18 07:42:32,018] {dag.py:2273} INFO - Setting next_dagrun for example_trigger_target_dag to None
[2021-02-18 07:42:32,025] {scheduler_job.py:190} INFO - Processing /home/airflow/.local/lib/python3.6/site-packages/airflow/example_dags/example_trigger_target_dag.py took 0.055 seconds
[2021-02-18 07:43:02,380] {scheduler_job.py:182} INFO - Started process (PID=320) to work on /home/airflow/.local/lib/python3.6/site-packages/airflow/example_dags/example_trigger_target_dag.py
[2021-02-18 07:43:02,382] {scheduler_job.py:629} INFO - Processing file /home/airflow/.local/lib/python3.6/site-packages/airflow/example_dags/example_trigger_target_dag.py for tasks to queue
[2021-02-18 07:43:02,383] {logging_mixin.py:104} INFO - [2021-02-18 07:43:02,383] {dagbag.py:448} INFO - Filling up the DagBag from /home/airflow/.local/lib/python3.6/site-packages/airflow/example_dags/example_trigger_target_dag.py
[2021-02-18 07:43:02,394] {scheduler_job.py:639} INFO - DAG(s) dict_keys(['example_trigger_target_dag']) retrieved from /home/airflow/.local/lib/python3.6/site-packages/airflow/example_dags/example_trigger_target_dag.py
[2021-02-18 07:43:02,415] {logging_mixin.py:104} INFO - [2021-02-18 07:43:02,415] {dag.py:1818} INFO - Sync 1 DAGs
[2021-02-18 07:43:02,432] {logging_mixin.py:104} INFO - [2021-02-18 07:43:02,432] {dag.py:2273} INFO - Setting next_dagrun for example_trigger_target_dag to None
[2021-02-18 07:43:02,443] {scheduler_job.py:190} INFO - Processing /home/airflow/.local/lib/python3.6/site-packages/airflow/example_dags/example_trigger_target_dag.py took 0.068 seconds
[2021-02-18 07:43:32,569] {scheduler_job.py:182} INFO - Started process (PID=346) to work on /home/airflow/.local/lib/python3.6/site-packages/airflow/example_dags/example_trigger_target_dag.py
[2021-02-18 07:43:32,571] {scheduler_job.py:629} INFO - Processing file /home/airflow/.local/lib/python3.6/site-packages/airflow/example_dags/example_trigger_target_dag.py for tasks to queue
[2021-02-18 07:43:32,571] {logging_mixin.py:104} INFO - [2021-02-18 07:43:32,571] {dagbag.py:448} INFO - Filling up the DagBag from /home/airflow/.local/lib/python3.6/site-packages/airflow/example_dags/example_trigger_target_dag.py
[2021-02-18 07:43:32,578] {scheduler_job.py:639} INFO - DAG(s) dict_keys(['example_trigger_target_dag']) retrieved from /home/airflow/.local/lib/python3.6/site-packages/airflow/example_dags/example_trigger_target_dag.py
[2021-02-18 07:43:32,595] {logging_mixin.py:104} INFO - [2021-02-18 07:43:32,595] {dag.py:1818} INFO - Sync 1 DAGs
[2021-02-18 07:43:32,608] {logging_mixin.py:104} INFO - [2021-02-18 07:43:32,608] {dag.py:2273} INFO - Setting next_dagrun for example_trigger_target_dag to None
[2021-02-18 07:43:32,618] {scheduler_job.py:190} INFO - Processing /home/airflow/.local/lib/python3.6/site-packages/airflow/example_dags/example_trigger_target_dag.py took 0.053 seconds
[2021-02-18 07:44:02,686] {scheduler_job.py:182} INFO - Started process (PID=372) to work on /home/airflow/.local/lib/python3.6/site-packages/airflow/example_dags/example_trigger_target_dag.py
[2021-02-18 07:44:02,688] {scheduler_job.py:629} INFO - Processing file /home/airflow/.local/lib/python3.6/site-packages/airflow/example_dags/example_trigger_target_dag.py for tasks to queue
[2021-02-18 07:44:02,689] {logging_mixin.py:104} INFO - [2021-02-18 07:44:02,689] {dagbag.py:448} INFO - Filling up the DagBag from /home/airflow/.local/lib/python3.6/site-packages/airflow/example_dags/example_trigger_target_dag.py
[2021-02-18 07:44:02,698] {scheduler_job.py:639} INFO - DAG(s) dict_keys(['example_trigger_target_dag']) retrieved from /home/airflow/.local/lib/python3.6/site-packages/airflow/example_dags/example_trigger_target_dag.py
[2021-02-18 07:44:02,718] {logging_mixin.py:104} INFO - [2021-02-18 07:44:02,718] {dag.py:1818} INFO - Sync 1 DAGs
[2021-02-18 07:44:02,732] {logging_mixin.py:104} INFO - [2021-02-18 07:44:02,732] {dag.py:2273} INFO - Setting next_dagrun for example_trigger_target_dag to None
[2021-02-18 07:44:02,740] {scheduler_job.py:190} INFO - Processing /home/airflow/.local/lib/python3.6/site-packages/airflow/example_dags/example_trigger_target_dag.py took 0.058 seconds
[2021-02-18 07:44:32,958] {scheduler_job.py:182} INFO - Started process (PID=398) to work on /home/airflow/.local/lib/python3.6/site-packages/airflow/example_dags/example_trigger_target_dag.py
[2021-02-18 07:44:32,959] {scheduler_job.py:629} INFO - Processing file /home/airflow/.local/lib/python3.6/site-packages/airflow/example_dags/example_trigger_target_dag.py for tasks to queue
[2021-02-18 07:44:32,959] {logging_mixin.py:104} INFO - [2021-02-18 07:44:32,959] {dagbag.py:448} INFO - Filling up the DagBag from /home/airflow/.local/lib/python3.6/site-packages/airflow/example_dags/example_trigger_target_dag.py
[2021-02-18 07:44:32,968] {scheduler_job.py:639} INFO - DAG(s) dict_keys(['example_trigger_target_dag']) retrieved from /home/airflow/.local/lib/python3.6/site-packages/airflow/example_dags/example_trigger_target_dag.py
[2021-02-18 07:44:32,989] {logging_mixin.py:104} INFO - [2021-02-18 07:44:32,989] {dag.py:1818} INFO - Sync 1 DAGs
[2021-02-18 07:44:33,004] {logging_mixin.py:104} INFO - [2021-02-18 07:44:33,004] {dag.py:2273} INFO - Setting next_dagrun for example_trigger_target_dag to None
[2021-02-18 07:44:33,011] {scheduler_job.py:190} INFO - Processing /home/airflow/.local/lib/python3.6/site-packages/airflow/example_dags/example_trigger_target_dag.py took 0.058 seconds
[2021-02-18 07:45:03,128] {scheduler_job.py:182} INFO - Started process (PID=424) to work on /home/airflow/.local/lib/python3.6/site-packages/airflow/example_dags/example_trigger_target_dag.py
[2021-02-18 07:45:03,130] {scheduler_job.py:629} INFO - Processing file /home/airflow/.local/lib/python3.6/site-packages/airflow/example_dags/example_trigger_target_dag.py for tasks to queue
[2021-02-18 07:45:03,130] {logging_mixin.py:104} INFO - [2021-02-18 07:45:03,130] {dagbag.py:448} INFO - Filling up the DagBag from /home/airflow/.local/lib/python3.6/site-packages/airflow/example_dags/example_trigger_target_dag.py
[2021-02-18 07:45:03,141] {scheduler_job.py:639} INFO - DAG(s) dict_keys(['example_trigger_target_dag']) retrieved from /home/airflow/.local/lib/python3.6/site-packages/airflow/example_dags/example_trigger_target_dag.py
[2021-02-18 07:45:03,161] {logging_mixin.py:104} INFO - [2021-02-18 07:45:03,161] {dag.py:1818} INFO - Sync 1 DAGs
[2021-02-18 07:45:03,174] {logging_mixin.py:104} INFO - [2021-02-18 07:45:03,174] {dag.py:2273} INFO - Setting next_dagrun for example_trigger_target_dag to None
[2021-02-18 07:45:03,180] {scheduler_job.py:190} INFO - Processing /home/airflow/.local/lib/python3.6/site-packages/airflow/example_dags/example_trigger_target_dag.py took 0.055 seconds
[2021-02-18 07:45:33,339] {scheduler_job.py:182} INFO - Started process (PID=450) to work on /home/airflow/.local/lib/python3.6/site-packages/airflow/example_dags/example_trigger_target_dag.py
[2021-02-18 07:45:33,341] {scheduler_job.py:629} INFO - Processing file /home/airflow/.local/lib/python3.6/site-packages/airflow/example_dags/example_trigger_target_dag.py for tasks to queue
[2021-02-18 07:45:33,342] {logging_mixin.py:104} INFO - [2021-02-18 07:45:33,341] {dagbag.py:448} INFO - Filling up the DagBag from /home/airflow/.local/lib/python3.6/site-packages/airflow/example_dags/example_trigger_target_dag.py
[2021-02-18 07:45:33,349] {scheduler_job.py:639} INFO - DAG(s) dict_keys(['example_trigger_target_dag']) retrieved from /home/airflow/.local/lib/python3.6/site-packages/airflow/example_dags/example_trigger_target_dag.py
[2021-02-18 07:45:33,367] {logging_mixin.py:104} INFO - [2021-02-18 07:45:33,367] {dag.py:1818} INFO - Sync 1 DAGs
[2021-02-18 07:45:33,381] {logging_mixin.py:104} INFO - [2021-02-18 07:45:33,380] {dag.py:2273} INFO - Setting next_dagrun for example_trigger_target_dag to None
[2021-02-18 07:45:33,388] {scheduler_job.py:190} INFO - Processing /home/airflow/.local/lib/python3.6/site-packages/airflow/example_dags/example_trigger_target_dag.py took 0.053 seconds
[2021-02-18 07:46:03,592] {scheduler_job.py:182} INFO - Started process (PID=476) to work on /home/airflow/.local/lib/python3.6/site-packages/airflow/example_dags/example_trigger_target_dag.py
[2021-02-18 07:46:03,593] {scheduler_job.py:629} INFO - Processing file /home/airflow/.local/lib/python3.6/site-packages/airflow/example_dags/example_trigger_target_dag.py for tasks to queue
[2021-02-18 07:46:03,593] {logging_mixin.py:104} INFO - [2021-02-18 07:46:03,593] {dagbag.py:448} INFO - Filling up the DagBag from /home/airflow/.local/lib/python3.6/site-packages/airflow/example_dags/example_trigger_target_dag.py
[2021-02-18 07:46:03,604] {scheduler_job.py:639} INFO - DAG(s) dict_keys(['example_trigger_target_dag']) retrieved from /home/airflow/.local/lib/python3.6/site-packages/airflow/example_dags/example_trigger_target_dag.py
[2021-02-18 07:46:03,629] {logging_mixin.py:104} INFO - [2021-02-18 07:46:03,629] {dag.py:1818} INFO - Sync 1 DAGs
[2021-02-18 07:46:03,643] {logging_mixin.py:104} INFO - [2021-02-18 07:46:03,643] {dag.py:2273} INFO - Setting next_dagrun for example_trigger_target_dag to None
[2021-02-18 07:46:03,651] {scheduler_job.py:190} INFO - Processing /home/airflow/.local/lib/python3.6/site-packages/airflow/example_dags/example_trigger_target_dag.py took 0.062 seconds
[2021-02-18 07:46:33,723] {scheduler_job.py:182} INFO - Started process (PID=502) to work on /home/airflow/.local/lib/python3.6/site-packages/airflow/example_dags/example_trigger_target_dag.py
[2021-02-18 07:46:33,724] {scheduler_job.py:629} INFO - Processing file /home/airflow/.local/lib/python3.6/site-packages/airflow/example_dags/example_trigger_target_dag.py for tasks to queue
[2021-02-18 07:46:33,725] {logging_mixin.py:104} INFO - [2021-02-18 07:46:33,725] {dagbag.py:448} INFO - Filling up the DagBag from /home/airflow/.local/lib/python3.6/site-packages/airflow/example_dags/example_trigger_target_dag.py
[2021-02-18 07:46:33,735] {scheduler_job.py:639} INFO - DAG(s) dict_keys(['example_trigger_target_dag']) retrieved from /home/airflow/.local/lib/python3.6/site-packages/airflow/example_dags/example_trigger_target_dag.py
[2021-02-18 07:46:33,753] {logging_mixin.py:104} INFO - [2021-02-18 07:46:33,753] {dag.py:1818} INFO - Sync 1 DAGs
[2021-02-18 07:46:33,770] {logging_mixin.py:104} INFO - [2021-02-18 07:46:33,770] {dag.py:2273} INFO - Setting next_dagrun for example_trigger_target_dag to None
[2021-02-18 07:46:33,778] {scheduler_job.py:190} INFO - Processing /home/airflow/.local/lib/python3.6/site-packages/airflow/example_dags/example_trigger_target_dag.py took 0.058 seconds
[2021-02-18 07:47:03,845] {scheduler_job.py:182} INFO - Started process (PID=528) to work on /home/airflow/.local/lib/python3.6/site-packages/airflow/example_dags/example_trigger_target_dag.py
[2021-02-18 07:47:03,846] {scheduler_job.py:629} INFO - Processing file /home/airflow/.local/lib/python3.6/site-packages/airflow/example_dags/example_trigger_target_dag.py for tasks to queue
[2021-02-18 07:47:03,846] {logging_mixin.py:104} INFO - [2021-02-18 07:47:03,846] {dagbag.py:448} INFO - Filling up the DagBag from /home/airflow/.local/lib/python3.6/site-packages/airflow/example_dags/example_trigger_target_dag.py
[2021-02-18 07:47:03,857] {scheduler_job.py:639} INFO - DAG(s) dict_keys(['example_trigger_target_dag']) retrieved from /home/airflow/.local/lib/python3.6/site-packages/airflow/example_dags/example_trigger_target_dag.py
[2021-02-18 07:47:03,872] {logging_mixin.py:104} INFO - [2021-02-18 07:47:03,872] {dag.py:1818} INFO - Sync 1 DAGs
[2021-02-18 07:47:03,888] {logging_mixin.py:104} INFO - [2021-02-18 07:47:03,888] {dag.py:2273} INFO - Setting next_dagrun for example_trigger_target_dag to None
[2021-02-18 07:47:03,896] {scheduler_job.py:190} INFO - Processing /home/airflow/.local/lib/python3.6/site-packages/airflow/example_dags/example_trigger_target_dag.py took 0.054 seconds
[2021-02-18 07:47:33,954] {scheduler_job.py:182} INFO - Started process (PID=554) to work on /home/airflow/.local/lib/python3.6/site-packages/airflow/example_dags/example_trigger_target_dag.py
[2021-02-18 07:47:33,955] {scheduler_job.py:629} INFO - Processing file /home/airflow/.local/lib/python3.6/site-packages/airflow/example_dags/example_trigger_target_dag.py for tasks to queue
[2021-02-18 07:47:33,956] {logging_mixin.py:104} INFO - [2021-02-18 07:47:33,956] {dagbag.py:448} INFO - Filling up the DagBag from /home/airflow/.local/lib/python3.6/site-packages/airflow/example_dags/example_trigger_target_dag.py
[2021-02-18 07:47:33,964] {scheduler_job.py:639} INFO - DAG(s) dict_keys(['example_trigger_target_dag']) retrieved from /home/airflow/.local/lib/python3.6/site-packages/airflow/example_dags/example_trigger_target_dag.py
[2021-02-18 07:47:33,983] {logging_mixin.py:104} INFO - [2021-02-18 07:47:33,983] {dag.py:1818} INFO - Sync 1 DAGs
[2021-02-18 07:47:33,997] {logging_mixin.py:104} INFO - [2021-02-18 07:47:33,997] {dag.py:2273} INFO - Setting next_dagrun for example_trigger_target_dag to None
[2021-02-18 07:47:34,004] {scheduler_job.py:190} INFO - Processing /home/airflow/.local/lib/python3.6/site-packages/airflow/example_dags/example_trigger_target_dag.py took 0.054 seconds
[2021-02-18 07:48:04,061] {scheduler_job.py:182} INFO - Started process (PID=580) to work on /home/airflow/.local/lib/python3.6/site-packages/airflow/example_dags/example_trigger_target_dag.py
[2021-02-18 07:48:04,063] {scheduler_job.py:629} INFO - Processing file /home/airflow/.local/lib/python3.6/site-packages/airflow/example_dags/example_trigger_target_dag.py for tasks to queue
[2021-02-18 07:48:04,064] {logging_mixin.py:104} INFO - [2021-02-18 07:48:04,064] {dagbag.py:448} INFO - Filling up the DagBag from /home/airflow/.local/lib/python3.6/site-packages/airflow/example_dags/example_trigger_target_dag.py
[2021-02-18 07:48:04,074] {scheduler_job.py:639} INFO - DAG(s) dict_keys(['example_trigger_target_dag']) retrieved from /home/airflow/.local/lib/python3.6/site-packages/airflow/example_dags/example_trigger_target_dag.py
[2021-02-18 07:48:04,096] {logging_mixin.py:104} INFO - [2021-02-18 07:48:04,096] {dag.py:1818} INFO - Sync 1 DAGs
[2021-02-18 07:48:04,109] {logging_mixin.py:104} INFO - [2021-02-18 07:48:04,109] {dag.py:2273} INFO - Setting next_dagrun for example_trigger_target_dag to None
[2021-02-18 07:48:04,116] {scheduler_job.py:190} INFO - Processing /home/airflow/.local/lib/python3.6/site-packages/airflow/example_dags/example_trigger_target_dag.py took 0.060 seconds
[2021-02-18 07:48:34,167] {scheduler_job.py:182} INFO - Started process (PID=606) to work on /home/airflow/.local/lib/python3.6/site-packages/airflow/example_dags/example_trigger_target_dag.py
[2021-02-18 07:48:34,168] {scheduler_job.py:629} INFO - Processing file /home/airflow/.local/lib/python3.6/site-packages/airflow/example_dags/example_trigger_target_dag.py for tasks to queue
[2021-02-18 07:48:34,169] {logging_mixin.py:104} INFO - [2021-02-18 07:48:34,169] {dagbag.py:448} INFO - Filling up the DagBag from /home/airflow/.local/lib/python3.6/site-packages/airflow/example_dags/example_trigger_target_dag.py
[2021-02-18 07:48:34,179] {scheduler_job.py:639} INFO - DAG(s) dict_keys(['example_trigger_target_dag']) retrieved from /home/airflow/.local/lib/python3.6/site-packages/airflow/example_dags/example_trigger_target_dag.py
[2021-02-18 07:48:34,200] {logging_mixin.py:104} INFO - [2021-02-18 07:48:34,200] {dag.py:1818} INFO - Sync 1 DAGs
[2021-02-18 07:48:34,214] {logging_mixin.py:104} INFO - [2021-02-18 07:48:34,214] {dag.py:2273} INFO - Setting next_dagrun for example_trigger_target_dag to None
[2021-02-18 07:48:34,222] {scheduler_job.py:190} INFO - Processing /home/airflow/.local/lib/python3.6/site-packages/airflow/example_dags/example_trigger_target_dag.py took 0.060 seconds
[2021-02-18 07:49:04,256] {scheduler_job.py:182} INFO - Started process (PID=632) to work on /home/airflow/.local/lib/python3.6/site-packages/airflow/example_dags/example_trigger_target_dag.py
[2021-02-18 07:49:04,257] {scheduler_job.py:629} INFO - Processing file /home/airflow/.local/lib/python3.6/site-packages/airflow/example_dags/example_trigger_target_dag.py for tasks to queue
[2021-02-18 07:49:04,257] {logging_mixin.py:104} INFO - [2021-02-18 07:49:04,257] {dagbag.py:448} INFO - Filling up the DagBag from /home/airflow/.local/lib/python3.6/site-packages/airflow/example_dags/example_trigger_target_dag.py
[2021-02-18 07:49:04,268] {scheduler_job.py:639} INFO - DAG(s) dict_keys(['example_trigger_target_dag']) retrieved from /home/airflow/.local/lib/python3.6/site-packages/airflow/example_dags/example_trigger_target_dag.py
[2021-02-18 07:49:04,292] {logging_mixin.py:104} INFO - [2021-02-18 07:49:04,291] {dag.py:1818} INFO - Sync 1 DAGs
[2021-02-18 07:49:04,304] {logging_mixin.py:104} INFO - [2021-02-18 07:49:04,304] {dag.py:2273} INFO - Setting next_dagrun for example_trigger_target_dag to None
[2021-02-18 07:49:04,311] {scheduler_job.py:190} INFO - Processing /home/airflow/.local/lib/python3.6/site-packages/airflow/example_dags/example_trigger_target_dag.py took 0.058 seconds
[2021-02-18 07:49:34,437] {scheduler_job.py:182} INFO - Started process (PID=657) to work on /home/airflow/.local/lib/python3.6/site-packages/airflow/example_dags/example_trigger_target_dag.py
[2021-02-18 07:49:34,438] {scheduler_job.py:629} INFO - Processing file /home/airflow/.local/lib/python3.6/site-packages/airflow/example_dags/example_trigger_target_dag.py for tasks to queue
[2021-02-18 07:49:34,439] {logging_mixin.py:104} INFO - [2021-02-18 07:49:34,439] {dagbag.py:448} INFO - Filling up the DagBag from /home/airflow/.local/lib/python3.6/site-packages/airflow/example_dags/example_trigger_target_dag.py
[2021-02-18 07:49:34,454] {scheduler_job.py:639} INFO - DAG(s) dict_keys(['example_trigger_target_dag']) retrieved from /home/airflow/.local/lib/python3.6/site-packages/airflow/example_dags/example_trigger_target_dag.py
[2021-02-18 07:49:34,507] {logging_mixin.py:104} INFO - [2021-02-18 07:49:34,507] {dag.py:1818} INFO - Sync 1 DAGs
[2021-02-18 07:49:34,518] {logging_mixin.py:104} INFO - [2021-02-18 07:49:34,518] {dag.py:2273} INFO - Setting next_dagrun for example_trigger_target_dag to None
[2021-02-18 07:49:34,526] {scheduler_job.py:190} INFO - Processing /home/airflow/.local/lib/python3.6/site-packages/airflow/example_dags/example_trigger_target_dag.py took 0.092 seconds
[2021-02-18 07:50:04,551] {scheduler_job.py:182} INFO - Started process (PID=683) to work on /home/airflow/.local/lib/python3.6/site-packages/airflow/example_dags/example_trigger_target_dag.py
[2021-02-18 07:50:04,554] {scheduler_job.py:629} INFO - Processing file /home/airflow/.local/lib/python3.6/site-packages/airflow/example_dags/example_trigger_target_dag.py for tasks to queue
[2021-02-18 07:50:04,555] {logging_mixin.py:104} INFO - [2021-02-18 07:50:04,554] {dagbag.py:448} INFO - Filling up the DagBag from /home/airflow/.local/lib/python3.6/site-packages/airflow/example_dags/example_trigger_target_dag.py
[2021-02-18 07:50:04,570] {scheduler_job.py:639} INFO - DAG(s) dict_keys(['example_trigger_target_dag']) retrieved from /home/airflow/.local/lib/python3.6/site-packages/airflow/example_dags/example_trigger_target_dag.py
[2021-02-18 07:50:04,585] {logging_mixin.py:104} INFO - [2021-02-18 07:50:04,585] {dag.py:1818} INFO - Sync 1 DAGs
[2021-02-18 07:50:04,598] {logging_mixin.py:104} INFO - [2021-02-18 07:50:04,598] {dag.py:2273} INFO - Setting next_dagrun for example_trigger_target_dag to None
[2021-02-18 07:50:04,604] {scheduler_job.py:190} INFO - Processing /home/airflow/.local/lib/python3.6/site-packages/airflow/example_dags/example_trigger_target_dag.py took 0.055 seconds
[2021-02-18 07:50:34,706] {scheduler_job.py:182} INFO - Started process (PID=709) to work on /home/airflow/.local/lib/python3.6/site-packages/airflow/example_dags/example_trigger_target_dag.py
[2021-02-18 07:50:34,707] {scheduler_job.py:629} INFO - Processing file /home/airflow/.local/lib/python3.6/site-packages/airflow/example_dags/example_trigger_target_dag.py for tasks to queue
[2021-02-18 07:50:34,707] {logging_mixin.py:104} INFO - [2021-02-18 07:50:34,707] {dagbag.py:448} INFO - Filling up the DagBag from /home/airflow/.local/lib/python3.6/site-packages/airflow/example_dags/example_trigger_target_dag.py
[2021-02-18 07:50:34,720] {scheduler_job.py:639} INFO - DAG(s) dict_keys(['example_trigger_target_dag']) retrieved from /home/airflow/.local/lib/python3.6/site-packages/airflow/example_dags/example_trigger_target_dag.py
[2021-02-18 07:50:34,745] {logging_mixin.py:104} INFO - [2021-02-18 07:50:34,745] {dag.py:1818} INFO - Sync 1 DAGs
[2021-02-18 07:50:34,757] {logging_mixin.py:104} INFO - [2021-02-18 07:50:34,757] {dag.py:2273} INFO - Setting next_dagrun for example_trigger_target_dag to None
[2021-02-18 07:50:34,763] {scheduler_job.py:190} INFO - Processing /home/airflow/.local/lib/python3.6/site-packages/airflow/example_dags/example_trigger_target_dag.py took 0.059 seconds
[2021-02-18 07:51:04,918] {scheduler_job.py:182} INFO - Started process (PID=736) to work on /home/airflow/.local/lib/python3.6/site-packages/airflow/example_dags/example_trigger_target_dag.py
[2021-02-18 07:51:04,919] {scheduler_job.py:629} INFO - Processing file /home/airflow/.local/lib/python3.6/site-packages/airflow/example_dags/example_trigger_target_dag.py for tasks to queue
[2021-02-18 07:51:04,920] {logging_mixin.py:104} INFO - [2021-02-18 07:51:04,920] {dagbag.py:448} INFO - Filling up the DagBag from /home/airflow/.local/lib/python3.6/site-packages/airflow/example_dags/example_trigger_target_dag.py
[2021-02-18 07:51:04,930] {scheduler_job.py:639} INFO - DAG(s) dict_keys(['example_trigger_target_dag']) retrieved from /home/airflow/.local/lib/python3.6/site-packages/airflow/example_dags/example_trigger_target_dag.py
[2021-02-18 07:51:04,949] {logging_mixin.py:104} INFO - [2021-02-18 07:51:04,949] {dag.py:1818} INFO - Sync 1 DAGs
[2021-02-18 07:51:04,962] {logging_mixin.py:104} INFO - [2021-02-18 07:51:04,962] {dag.py:2273} INFO - Setting next_dagrun for example_trigger_target_dag to None
[2021-02-18 07:51:04,970] {scheduler_job.py:190} INFO - Processing /home/airflow/.local/lib/python3.6/site-packages/airflow/example_dags/example_trigger_target_dag.py took 0.054 seconds
[2021-02-18 07:51:35,111] {scheduler_job.py:182} INFO - Started process (PID=762) to work on /home/airflow/.local/lib/python3.6/site-packages/airflow/example_dags/example_trigger_target_dag.py
[2021-02-18 07:51:35,112] {scheduler_job.py:629} INFO - Processing file /home/airflow/.local/lib/python3.6/site-packages/airflow/example_dags/example_trigger_target_dag.py for tasks to queue
[2021-02-18 07:51:35,112] {logging_mixin.py:104} INFO - [2021-02-18 07:51:35,112] {dagbag.py:448} INFO - Filling up the DagBag from /home/airflow/.local/lib/python3.6/site-packages/airflow/example_dags/example_trigger_target_dag.py
[2021-02-18 07:51:35,123] {scheduler_job.py:639} INFO - DAG(s) dict_keys(['example_trigger_target_dag']) retrieved from /home/airflow/.local/lib/python3.6/site-packages/airflow/example_dags/example_trigger_target_dag.py
[2021-02-18 07:51:35,142] {logging_mixin.py:104} INFO - [2021-02-18 07:51:35,142] {dag.py:1818} INFO - Sync 1 DAGs
[2021-02-18 07:51:35,155] {logging_mixin.py:104} INFO - [2021-02-18 07:51:35,155] {dag.py:2273} INFO - Setting next_dagrun for example_trigger_target_dag to None
[2021-02-18 07:51:35,163] {scheduler_job.py:190} INFO - Processing /home/airflow/.local/lib/python3.6/site-packages/airflow/example_dags/example_trigger_target_dag.py took 0.057 seconds
[2021-02-18 07:52:05,260] {scheduler_job.py:182} INFO - Started process (PID=788) to work on /home/airflow/.local/lib/python3.6/site-packages/airflow/example_dags/example_trigger_target_dag.py
[2021-02-18 07:52:05,261] {scheduler_job.py:629} INFO - Processing file /home/airflow/.local/lib/python3.6/site-packages/airflow/example_dags/example_trigger_target_dag.py for tasks to queue
[2021-02-18 07:52:05,261] {logging_mixin.py:104} INFO - [2021-02-18 07:52:05,261] {dagbag.py:448} INFO - Filling up the DagBag from /home/airflow/.local/lib/python3.6/site-packages/airflow/example_dags/example_trigger_target_dag.py
[2021-02-18 07:52:05,272] {scheduler_job.py:639} INFO - DAG(s) dict_keys(['example_trigger_target_dag']) retrieved from /home/airflow/.local/lib/python3.6/site-packages/airflow/example_dags/example_trigger_target_dag.py
[2021-02-18 07:52:05,291] {logging_mixin.py:104} INFO - [2021-02-18 07:52:05,291] {dag.py:1818} INFO - Sync 1 DAGs
[2021-02-18 07:52:05,308] {logging_mixin.py:104} INFO - [2021-02-18 07:52:05,308] {dag.py:2273} INFO - Setting next_dagrun for example_trigger_target_dag to None
[2021-02-18 07:52:05,316] {scheduler_job.py:190} INFO - Processing /home/airflow/.local/lib/python3.6/site-packages/airflow/example_dags/example_trigger_target_dag.py took 0.061 seconds
[2021-02-18 07:52:35,384] {scheduler_job.py:182} INFO - Started process (PID=814) to work on /home/airflow/.local/lib/python3.6/site-packages/airflow/example_dags/example_trigger_target_dag.py
[2021-02-18 07:52:35,385] {scheduler_job.py:629} INFO - Processing file /home/airflow/.local/lib/python3.6/site-packages/airflow/example_dags/example_trigger_target_dag.py for tasks to queue
[2021-02-18 07:52:35,386] {logging_mixin.py:104} INFO - [2021-02-18 07:52:35,385] {dagbag.py:448} INFO - Filling up the DagBag from /home/airflow/.local/lib/python3.6/site-packages/airflow/example_dags/example_trigger_target_dag.py
[2021-02-18 07:52:35,399] {scheduler_job.py:639} INFO - DAG(s) dict_keys(['example_trigger_target_dag']) retrieved from /home/airflow/.local/lib/python3.6/site-packages/airflow/example_dags/example_trigger_target_dag.py
[2021-02-18 07:52:35,419] {logging_mixin.py:104} INFO - [2021-02-18 07:52:35,419] {dag.py:1818} INFO - Sync 1 DAGs
[2021-02-18 07:52:35,436] {logging_mixin.py:104} INFO - [2021-02-18 07:52:35,436] {dag.py:2273} INFO - Setting next_dagrun for example_trigger_target_dag to None
[2021-02-18 07:52:35,446] {scheduler_job.py:190} INFO - Processing /home/airflow/.local/lib/python3.6/site-packages/airflow/example_dags/example_trigger_target_dag.py took 0.064 seconds
[2021-02-18 07:53:05,558] {scheduler_job.py:182} INFO - Started process (PID=839) to work on /home/airflow/.local/lib/python3.6/site-packages/airflow/example_dags/example_trigger_target_dag.py
[2021-02-18 07:53:05,559] {scheduler_job.py:629} INFO - Processing file /home/airflow/.local/lib/python3.6/site-packages/airflow/example_dags/example_trigger_target_dag.py for tasks to queue
[2021-02-18 07:53:05,559] {logging_mixin.py:104} INFO - [2021-02-18 07:53:05,559] {dagbag.py:448} INFO - Filling up the DagBag from /home/airflow/.local/lib/python3.6/site-packages/airflow/example_dags/example_trigger_target_dag.py
[2021-02-18 07:53:05,570] {scheduler_job.py:639} INFO - DAG(s) dict_keys(['example_trigger_target_dag']) retrieved from /home/airflow/.local/lib/python3.6/site-packages/airflow/example_dags/example_trigger_target_dag.py
[2021-02-18 07:53:05,587] {logging_mixin.py:104} INFO - [2021-02-18 07:53:05,587] {dag.py:1818} INFO - Sync 1 DAGs
[2021-02-18 07:53:05,601] {logging_mixin.py:104} INFO - [2021-02-18 07:53:05,600] {dag.py:2273} INFO - Setting next_dagrun for example_trigger_target_dag to None
[2021-02-18 07:53:05,607] {scheduler_job.py:190} INFO - Processing /home/airflow/.local/lib/python3.6/site-packages/airflow/example_dags/example_trigger_target_dag.py took 0.052 seconds
[2021-02-18 07:53:35,651] {scheduler_job.py:182} INFO - Started process (PID=865) to work on /home/airflow/.local/lib/python3.6/site-packages/airflow/example_dags/example_trigger_target_dag.py
[2021-02-18 07:53:35,652] {scheduler_job.py:629} INFO - Processing file /home/airflow/.local/lib/python3.6/site-packages/airflow/example_dags/example_trigger_target_dag.py for tasks to queue
[2021-02-18 07:53:35,653] {logging_mixin.py:104} INFO - [2021-02-18 07:53:35,653] {dagbag.py:448} INFO - Filling up the DagBag from /home/airflow/.local/lib/python3.6/site-packages/airflow/example_dags/example_trigger_target_dag.py
[2021-02-18 07:53:35,663] {scheduler_job.py:639} INFO - DAG(s) dict_keys(['example_trigger_target_dag']) retrieved from /home/airflow/.local/lib/python3.6/site-packages/airflow/example_dags/example_trigger_target_dag.py
[2021-02-18 07:53:35,686] {logging_mixin.py:104} INFO - [2021-02-18 07:53:35,686] {dag.py:1818} INFO - Sync 1 DAGs
[2021-02-18 07:53:35,698] {logging_mixin.py:104} INFO - [2021-02-18 07:53:35,698] {dag.py:2273} INFO - Setting next_dagrun for example_trigger_target_dag to None
[2021-02-18 07:53:35,706] {scheduler_job.py:190} INFO - Processing /home/airflow/.local/lib/python3.6/site-packages/airflow/example_dags/example_trigger_target_dag.py took 0.059 seconds
[2021-02-18 07:54:05,721] {scheduler_job.py:182} INFO - Started process (PID=890) to work on /home/airflow/.local/lib/python3.6/site-packages/airflow/example_dags/example_trigger_target_dag.py
[2021-02-18 07:54:05,722] {scheduler_job.py:629} INFO - Processing file /home/airflow/.local/lib/python3.6/site-packages/airflow/example_dags/example_trigger_target_dag.py for tasks to queue
[2021-02-18 07:54:05,722] {logging_mixin.py:104} INFO - [2021-02-18 07:54:05,722] {dagbag.py:448} INFO - Filling up the DagBag from /home/airflow/.local/lib/python3.6/site-packages/airflow/example_dags/example_trigger_target_dag.py
[2021-02-18 07:54:05,733] {scheduler_job.py:639} INFO - DAG(s) dict_keys(['example_trigger_target_dag']) retrieved from /home/airflow/.local/lib/python3.6/site-packages/airflow/example_dags/example_trigger_target_dag.py
[2021-02-18 07:54:05,751] {logging_mixin.py:104} INFO - [2021-02-18 07:54:05,751] {dag.py:1818} INFO - Sync 1 DAGs
[2021-02-18 07:54:05,765] {logging_mixin.py:104} INFO - [2021-02-18 07:54:05,765] {dag.py:2273} INFO - Setting next_dagrun for example_trigger_target_dag to None
[2021-02-18 07:54:05,773] {scheduler_job.py:190} INFO - Processing /home/airflow/.local/lib/python3.6/site-packages/airflow/example_dags/example_trigger_target_dag.py took 0.053 seconds
[2021-02-18 07:55:58,369] {scheduler_job.py:182} INFO - Started process (PID=36) to work on /home/airflow/.local/lib/python3.6/site-packages/airflow/example_dags/example_trigger_target_dag.py
[2021-02-18 07:55:58,370] {scheduler_job.py:629} INFO - Processing file /home/airflow/.local/lib/python3.6/site-packages/airflow/example_dags/example_trigger_target_dag.py for tasks to queue
[2021-02-18 07:55:58,371] {logging_mixin.py:104} INFO - [2021-02-18 07:55:58,371] {dagbag.py:448} INFO - Filling up the DagBag from /home/airflow/.local/lib/python3.6/site-packages/airflow/example_dags/example_trigger_target_dag.py
[2021-02-18 07:55:58,384] {scheduler_job.py:639} INFO - DAG(s) dict_keys(['example_trigger_target_dag']) retrieved from /home/airflow/.local/lib/python3.6/site-packages/airflow/example_dags/example_trigger_target_dag.py
[2021-02-18 07:55:58,408] {logging_mixin.py:104} INFO - [2021-02-18 07:55:58,408] {dag.py:1818} INFO - Sync 1 DAGs
[2021-02-18 07:55:58,420] {logging_mixin.py:104} INFO - [2021-02-18 07:55:58,420] {dag.py:1837} INFO - Creating ORM DAG for example_trigger_target_dag
[2021-02-18 07:55:58,427] {logging_mixin.py:104} INFO - [2021-02-18 07:55:58,427] {dag.py:2273} INFO - Setting next_dagrun for example_trigger_target_dag to None
[2021-02-18 07:55:58,440] {scheduler_job.py:190} INFO - Processing /home/airflow/.local/lib/python3.6/site-packages/airflow/example_dags/example_trigger_target_dag.py took 0.075 seconds
[2021-02-18 07:56:28,596] {scheduler_job.py:182} INFO - Started process (PID=61) to work on /home/airflow/.local/lib/python3.6/site-packages/airflow/example_dags/example_trigger_target_dag.py
[2021-02-18 07:56:28,597] {scheduler_job.py:629} INFO - Processing file /home/airflow/.local/lib/python3.6/site-packages/airflow/example_dags/example_trigger_target_dag.py for tasks to queue
[2021-02-18 07:56:28,598] {logging_mixin.py:104} INFO - [2021-02-18 07:56:28,598] {dagbag.py:448} INFO - Filling up the DagBag from /home/airflow/.local/lib/python3.6/site-packages/airflow/example_dags/example_trigger_target_dag.py
[2021-02-18 07:56:28,608] {scheduler_job.py:639} INFO - DAG(s) dict_keys(['example_trigger_target_dag']) retrieved from /home/airflow/.local/lib/python3.6/site-packages/airflow/example_dags/example_trigger_target_dag.py
[2021-02-18 07:56:28,628] {logging_mixin.py:104} INFO - [2021-02-18 07:56:28,628] {dag.py:1818} INFO - Sync 1 DAGs
[2021-02-18 07:56:28,641] {logging_mixin.py:104} INFO - [2021-02-18 07:56:28,640] {dag.py:2273} INFO - Setting next_dagrun for example_trigger_target_dag to None
[2021-02-18 07:56:28,647] {scheduler_job.py:190} INFO - Processing /home/airflow/.local/lib/python3.6/site-packages/airflow/example_dags/example_trigger_target_dag.py took 0.054 seconds
[2021-02-18 07:56:56,169] {scheduler_job.py:182} INFO - Started process (PID=43) to work on /home/airflow/.local/lib/python3.6/site-packages/airflow/example_dags/example_trigger_target_dag.py
[2021-02-18 07:56:56,170] {scheduler_job.py:629} INFO - Processing file /home/airflow/.local/lib/python3.6/site-packages/airflow/example_dags/example_trigger_target_dag.py for tasks to queue
[2021-02-18 07:56:56,171] {logging_mixin.py:104} INFO - [2021-02-18 07:56:56,171] {dagbag.py:448} INFO - Filling up the DagBag from /home/airflow/.local/lib/python3.6/site-packages/airflow/example_dags/example_trigger_target_dag.py
[2021-02-18 07:56:56,182] {scheduler_job.py:639} INFO - DAG(s) dict_keys(['example_trigger_target_dag']) retrieved from /home/airflow/.local/lib/python3.6/site-packages/airflow/example_dags/example_trigger_target_dag.py
[2021-02-18 07:56:56,199] {logging_mixin.py:104} INFO - [2021-02-18 07:56:56,199] {dag.py:1818} INFO - Sync 1 DAGs
[2021-02-18 07:56:56,212] {logging_mixin.py:104} INFO - [2021-02-18 07:56:56,212] {dag.py:2273} INFO - Setting next_dagrun for example_trigger_target_dag to None
[2021-02-18 07:56:56,219] {scheduler_job.py:190} INFO - Processing /home/airflow/.local/lib/python3.6/site-packages/airflow/example_dags/example_trigger_target_dag.py took 0.053 seconds
[2021-02-18 07:57:26,401] {scheduler_job.py:182} INFO - Started process (PID=69) to work on /home/airflow/.local/lib/python3.6/site-packages/airflow/example_dags/example_trigger_target_dag.py
[2021-02-18 07:57:26,402] {scheduler_job.py:629} INFO - Processing file /home/airflow/.local/lib/python3.6/site-packages/airflow/example_dags/example_trigger_target_dag.py for tasks to queue
[2021-02-18 07:57:26,402] {logging_mixin.py:104} INFO - [2021-02-18 07:57:26,402] {dagbag.py:448} INFO - Filling up the DagBag from /home/airflow/.local/lib/python3.6/site-packages/airflow/example_dags/example_trigger_target_dag.py
[2021-02-18 07:57:26,411] {scheduler_job.py:639} INFO - DAG(s) dict_keys(['example_trigger_target_dag']) retrieved from /home/airflow/.local/lib/python3.6/site-packages/airflow/example_dags/example_trigger_target_dag.py
[2021-02-18 07:57:26,433] {logging_mixin.py:104} INFO - [2021-02-18 07:57:26,433] {dag.py:1818} INFO - Sync 1 DAGs
[2021-02-18 07:57:26,445] {logging_mixin.py:104} INFO - [2021-02-18 07:57:26,445] {dag.py:2273} INFO - Setting next_dagrun for example_trigger_target_dag to None
[2021-02-18 07:57:26,451] {scheduler_job.py:190} INFO - Processing /home/airflow/.local/lib/python3.6/site-packages/airflow/example_dags/example_trigger_target_dag.py took 0.053 seconds
[2021-02-18 07:57:56,602] {scheduler_job.py:182} INFO - Started process (PID=95) to work on /home/airflow/.local/lib/python3.6/site-packages/airflow/example_dags/example_trigger_target_dag.py
[2021-02-18 07:57:56,603] {scheduler_job.py:629} INFO - Processing file /home/airflow/.local/lib/python3.6/site-packages/airflow/example_dags/example_trigger_target_dag.py for tasks to queue
[2021-02-18 07:57:56,604] {logging_mixin.py:104} INFO - [2021-02-18 07:57:56,604] {dagbag.py:448} INFO - Filling up the DagBag from /home/airflow/.local/lib/python3.6/site-packages/airflow/example_dags/example_trigger_target_dag.py
[2021-02-18 07:57:56,614] {scheduler_job.py:639} INFO - DAG(s) dict_keys(['example_trigger_target_dag']) retrieved from /home/airflow/.local/lib/python3.6/site-packages/airflow/example_dags/example_trigger_target_dag.py
[2021-02-18 07:57:56,631] {logging_mixin.py:104} INFO - [2021-02-18 07:57:56,631] {dag.py:1818} INFO - Sync 1 DAGs
[2021-02-18 07:57:56,643] {logging_mixin.py:104} INFO - [2021-02-18 07:57:56,643] {dag.py:2273} INFO - Setting next_dagrun for example_trigger_target_dag to None
[2021-02-18 07:57:56,650] {scheduler_job.py:190} INFO - Processing /home/airflow/.local/lib/python3.6/site-packages/airflow/example_dags/example_trigger_target_dag.py took 0.051 seconds
[2021-02-18 07:58:26,686] {scheduler_job.py:182} INFO - Started process (PID=121) to work on /home/airflow/.local/lib/python3.6/site-packages/airflow/example_dags/example_trigger_target_dag.py
[2021-02-18 07:58:26,687] {scheduler_job.py:629} INFO - Processing file /home/airflow/.local/lib/python3.6/site-packages/airflow/example_dags/example_trigger_target_dag.py for tasks to queue
[2021-02-18 07:58:26,688] {logging_mixin.py:104} INFO - [2021-02-18 07:58:26,688] {dagbag.py:448} INFO - Filling up the DagBag from /home/airflow/.local/lib/python3.6/site-packages/airflow/example_dags/example_trigger_target_dag.py
[2021-02-18 07:58:26,698] {scheduler_job.py:639} INFO - DAG(s) dict_keys(['example_trigger_target_dag']) retrieved from /home/airflow/.local/lib/python3.6/site-packages/airflow/example_dags/example_trigger_target_dag.py
[2021-02-18 07:58:26,716] {logging_mixin.py:104} INFO - [2021-02-18 07:58:26,716] {dag.py:1818} INFO - Sync 1 DAGs
[2021-02-18 07:58:26,730] {logging_mixin.py:104} INFO - [2021-02-18 07:58:26,730] {dag.py:2273} INFO - Setting next_dagrun for example_trigger_target_dag to None
[2021-02-18 07:58:26,735] {scheduler_job.py:190} INFO - Processing /home/airflow/.local/lib/python3.6/site-packages/airflow/example_dags/example_trigger_target_dag.py took 0.053 seconds
[2021-02-18 07:58:56,772] {scheduler_job.py:182} INFO - Started process (PID=145) to work on /home/airflow/.local/lib/python3.6/site-packages/airflow/example_dags/example_trigger_target_dag.py
[2021-02-18 07:58:56,773] {scheduler_job.py:629} INFO - Processing file /home/airflow/.local/lib/python3.6/site-packages/airflow/example_dags/example_trigger_target_dag.py for tasks to queue
[2021-02-18 07:58:56,773] {logging_mixin.py:104} INFO - [2021-02-18 07:58:56,773] {dagbag.py:448} INFO - Filling up the DagBag from /home/airflow/.local/lib/python3.6/site-packages/airflow/example_dags/example_trigger_target_dag.py
[2021-02-18 07:58:56,785] {scheduler_job.py:639} INFO - DAG(s) dict_keys(['example_trigger_target_dag']) retrieved from /home/airflow/.local/lib/python3.6/site-packages/airflow/example_dags/example_trigger_target_dag.py
[2021-02-18 07:58:56,806] {logging_mixin.py:104} INFO - [2021-02-18 07:58:56,806] {dag.py:1818} INFO - Sync 1 DAGs
[2021-02-18 07:58:56,819] {logging_mixin.py:104} INFO - [2021-02-18 07:58:56,819] {dag.py:2273} INFO - Setting next_dagrun for example_trigger_target_dag to None
[2021-02-18 07:58:56,826] {scheduler_job.py:190} INFO - Processing /home/airflow/.local/lib/python3.6/site-packages/airflow/example_dags/example_trigger_target_dag.py took 0.058 seconds
[2021-02-18 07:59:27,128] {scheduler_job.py:182} INFO - Started process (PID=172) to work on /home/airflow/.local/lib/python3.6/site-packages/airflow/example_dags/example_trigger_target_dag.py
[2021-02-18 07:59:27,129] {scheduler_job.py:629} INFO - Processing file /home/airflow/.local/lib/python3.6/site-packages/airflow/example_dags/example_trigger_target_dag.py for tasks to queue
[2021-02-18 07:59:27,129] {logging_mixin.py:104} INFO - [2021-02-18 07:59:27,129] {dagbag.py:448} INFO - Filling up the DagBag from /home/airflow/.local/lib/python3.6/site-packages/airflow/example_dags/example_trigger_target_dag.py
[2021-02-18 07:59:27,139] {scheduler_job.py:639} INFO - DAG(s) dict_keys(['example_trigger_target_dag']) retrieved from /home/airflow/.local/lib/python3.6/site-packages/airflow/example_dags/example_trigger_target_dag.py
[2021-02-18 07:59:27,160] {logging_mixin.py:104} INFO - [2021-02-18 07:59:27,160] {dag.py:1818} INFO - Sync 1 DAGs
[2021-02-18 07:59:27,172] {logging_mixin.py:104} INFO - [2021-02-18 07:59:27,172] {dag.py:2273} INFO - Setting next_dagrun for example_trigger_target_dag to None
[2021-02-18 07:59:27,178] {scheduler_job.py:190} INFO - Processing /home/airflow/.local/lib/python3.6/site-packages/airflow/example_dags/example_trigger_target_dag.py took 0.052 seconds
[2021-02-18 07:59:57,304] {scheduler_job.py:182} INFO - Started process (PID=198) to work on /home/airflow/.local/lib/python3.6/site-packages/airflow/example_dags/example_trigger_target_dag.py
[2021-02-18 07:59:57,305] {scheduler_job.py:629} INFO - Processing file /home/airflow/.local/lib/python3.6/site-packages/airflow/example_dags/example_trigger_target_dag.py for tasks to queue
[2021-02-18 07:59:57,306] {logging_mixin.py:104} INFO - [2021-02-18 07:59:57,305] {dagbag.py:448} INFO - Filling up the DagBag from /home/airflow/.local/lib/python3.6/site-packages/airflow/example_dags/example_trigger_target_dag.py
[2021-02-18 07:59:57,315] {scheduler_job.py:639} INFO - DAG(s) dict_keys(['example_trigger_target_dag']) retrieved from /home/airflow/.local/lib/python3.6/site-packages/airflow/example_dags/example_trigger_target_dag.py
[2021-02-18 07:59:57,331] {logging_mixin.py:104} INFO - [2021-02-18 07:59:57,331] {dag.py:1818} INFO - Sync 1 DAGs
[2021-02-18 07:59:57,346] {logging_mixin.py:104} INFO - [2021-02-18 07:59:57,346] {dag.py:2273} INFO - Setting next_dagrun for example_trigger_target_dag to None
[2021-02-18 07:59:57,354] {scheduler_job.py:190} INFO - Processing /home/airflow/.local/lib/python3.6/site-packages/airflow/example_dags/example_trigger_target_dag.py took 0.053 seconds
