[2021-02-18 07:37:58,569] {scheduler_job.py:182} INFO - Started process (PID=35) to work on /home/airflow/.local/lib/python3.6/site-packages/airflow/example_dags/example_complex.py
[2021-02-18 07:37:58,571] {scheduler_job.py:629} INFO - Processing file /home/airflow/.local/lib/python3.6/site-packages/airflow/example_dags/example_complex.py for tasks to queue
[2021-02-18 07:37:58,571] {logging_mixin.py:104} INFO - [2021-02-18 07:37:58,571] {dagbag.py:448} INFO - Filling up the DagBag from /home/airflow/.local/lib/python3.6/site-packages/airflow/example_dags/example_complex.py
[2021-02-18 07:37:58,592] {scheduler_job.py:639} INFO - DAG(s) dict_keys(['example_complex']) retrieved from /home/airflow/.local/lib/python3.6/site-packages/airflow/example_dags/example_complex.py
[2021-02-18 07:37:58,622] {logging_mixin.py:104} INFO - [2021-02-18 07:37:58,622] {dag.py:1818} INFO - Sync 1 DAGs
[2021-02-18 07:37:58,630] {logging_mixin.py:104} INFO - [2021-02-18 07:37:58,630] {dag.py:1837} INFO - Creating ORM DAG for example_complex
[2021-02-18 07:37:58,635] {logging_mixin.py:104} INFO - [2021-02-18 07:37:58,635] {dag.py:2273} INFO - Setting next_dagrun for example_complex to None
[2021-02-18 07:37:58,651] {scheduler_job.py:190} INFO - Processing /home/airflow/.local/lib/python3.6/site-packages/airflow/example_dags/example_complex.py took 0.086 seconds
[2021-02-18 07:38:28,798] {scheduler_job.py:182} INFO - Started process (PID=61) to work on /home/airflow/.local/lib/python3.6/site-packages/airflow/example_dags/example_complex.py
[2021-02-18 07:38:28,799] {scheduler_job.py:629} INFO - Processing file /home/airflow/.local/lib/python3.6/site-packages/airflow/example_dags/example_complex.py for tasks to queue
[2021-02-18 07:38:28,800] {logging_mixin.py:104} INFO - [2021-02-18 07:38:28,800] {dagbag.py:448} INFO - Filling up the DagBag from /home/airflow/.local/lib/python3.6/site-packages/airflow/example_dags/example_complex.py
[2021-02-18 07:38:28,816] {scheduler_job.py:639} INFO - DAG(s) dict_keys(['example_complex']) retrieved from /home/airflow/.local/lib/python3.6/site-packages/airflow/example_dags/example_complex.py
[2021-02-18 07:38:28,840] {logging_mixin.py:104} INFO - [2021-02-18 07:38:28,840] {dag.py:1818} INFO - Sync 1 DAGs
[2021-02-18 07:38:28,851] {logging_mixin.py:104} INFO - [2021-02-18 07:38:28,851] {dag.py:2273} INFO - Setting next_dagrun for example_complex to None
[2021-02-18 07:38:28,859] {scheduler_job.py:190} INFO - Processing /home/airflow/.local/lib/python3.6/site-packages/airflow/example_dags/example_complex.py took 0.065 seconds
[2021-02-18 07:38:58,979] {scheduler_job.py:182} INFO - Started process (PID=87) to work on /home/airflow/.local/lib/python3.6/site-packages/airflow/example_dags/example_complex.py
[2021-02-18 07:38:58,980] {scheduler_job.py:629} INFO - Processing file /home/airflow/.local/lib/python3.6/site-packages/airflow/example_dags/example_complex.py for tasks to queue
[2021-02-18 07:38:58,981] {logging_mixin.py:104} INFO - [2021-02-18 07:38:58,981] {dagbag.py:448} INFO - Filling up the DagBag from /home/airflow/.local/lib/python3.6/site-packages/airflow/example_dags/example_complex.py
[2021-02-18 07:38:58,997] {scheduler_job.py:639} INFO - DAG(s) dict_keys(['example_complex']) retrieved from /home/airflow/.local/lib/python3.6/site-packages/airflow/example_dags/example_complex.py
[2021-02-18 07:38:59,022] {logging_mixin.py:104} INFO - [2021-02-18 07:38:59,021] {dag.py:1818} INFO - Sync 1 DAGs
[2021-02-18 07:38:59,033] {logging_mixin.py:104} INFO - [2021-02-18 07:38:59,033] {dag.py:2273} INFO - Setting next_dagrun for example_complex to None
[2021-02-18 07:38:59,043] {scheduler_job.py:190} INFO - Processing /home/airflow/.local/lib/python3.6/site-packages/airflow/example_dags/example_complex.py took 0.067 seconds
[2021-02-18 07:39:29,156] {scheduler_job.py:182} INFO - Started process (PID=113) to work on /home/airflow/.local/lib/python3.6/site-packages/airflow/example_dags/example_complex.py
[2021-02-18 07:39:29,156] {scheduler_job.py:629} INFO - Processing file /home/airflow/.local/lib/python3.6/site-packages/airflow/example_dags/example_complex.py for tasks to queue
[2021-02-18 07:39:29,157] {logging_mixin.py:104} INFO - [2021-02-18 07:39:29,157] {dagbag.py:448} INFO - Filling up the DagBag from /home/airflow/.local/lib/python3.6/site-packages/airflow/example_dags/example_complex.py
[2021-02-18 07:39:29,173] {scheduler_job.py:639} INFO - DAG(s) dict_keys(['example_complex']) retrieved from /home/airflow/.local/lib/python3.6/site-packages/airflow/example_dags/example_complex.py
[2021-02-18 07:39:29,193] {logging_mixin.py:104} INFO - [2021-02-18 07:39:29,193] {dag.py:1818} INFO - Sync 1 DAGs
[2021-02-18 07:39:29,205] {logging_mixin.py:104} INFO - [2021-02-18 07:39:29,205] {dag.py:2273} INFO - Setting next_dagrun for example_complex to None
[2021-02-18 07:39:29,211] {scheduler_job.py:190} INFO - Processing /home/airflow/.local/lib/python3.6/site-packages/airflow/example_dags/example_complex.py took 0.060 seconds
[2021-02-18 07:39:59,418] {scheduler_job.py:182} INFO - Started process (PID=139) to work on /home/airflow/.local/lib/python3.6/site-packages/airflow/example_dags/example_complex.py
[2021-02-18 07:39:59,419] {scheduler_job.py:629} INFO - Processing file /home/airflow/.local/lib/python3.6/site-packages/airflow/example_dags/example_complex.py for tasks to queue
[2021-02-18 07:39:59,420] {logging_mixin.py:104} INFO - [2021-02-18 07:39:59,419] {dagbag.py:448} INFO - Filling up the DagBag from /home/airflow/.local/lib/python3.6/site-packages/airflow/example_dags/example_complex.py
[2021-02-18 07:39:59,436] {scheduler_job.py:639} INFO - DAG(s) dict_keys(['example_complex']) retrieved from /home/airflow/.local/lib/python3.6/site-packages/airflow/example_dags/example_complex.py
[2021-02-18 07:39:59,462] {logging_mixin.py:104} INFO - [2021-02-18 07:39:59,462] {dag.py:1818} INFO - Sync 1 DAGs
[2021-02-18 07:39:59,474] {logging_mixin.py:104} INFO - [2021-02-18 07:39:59,474] {dag.py:2273} INFO - Setting next_dagrun for example_complex to None
[2021-02-18 07:39:59,482] {scheduler_job.py:190} INFO - Processing /home/airflow/.local/lib/python3.6/site-packages/airflow/example_dags/example_complex.py took 0.069 seconds
[2021-02-18 07:40:29,700] {scheduler_job.py:182} INFO - Started process (PID=165) to work on /home/airflow/.local/lib/python3.6/site-packages/airflow/example_dags/example_complex.py
[2021-02-18 07:40:29,702] {scheduler_job.py:629} INFO - Processing file /home/airflow/.local/lib/python3.6/site-packages/airflow/example_dags/example_complex.py for tasks to queue
[2021-02-18 07:40:29,703] {logging_mixin.py:104} INFO - [2021-02-18 07:40:29,703] {dagbag.py:448} INFO - Filling up the DagBag from /home/airflow/.local/lib/python3.6/site-packages/airflow/example_dags/example_complex.py
[2021-02-18 07:40:29,716] {scheduler_job.py:639} INFO - DAG(s) dict_keys(['example_complex']) retrieved from /home/airflow/.local/lib/python3.6/site-packages/airflow/example_dags/example_complex.py
[2021-02-18 07:40:29,740] {logging_mixin.py:104} INFO - [2021-02-18 07:40:29,740] {dag.py:1818} INFO - Sync 1 DAGs
[2021-02-18 07:40:29,752] {logging_mixin.py:104} INFO - [2021-02-18 07:40:29,751] {dag.py:2273} INFO - Setting next_dagrun for example_complex to None
[2021-02-18 07:40:29,759] {scheduler_job.py:190} INFO - Processing /home/airflow/.local/lib/python3.6/site-packages/airflow/example_dags/example_complex.py took 0.063 seconds
[2021-02-18 07:40:59,801] {scheduler_job.py:182} INFO - Started process (PID=191) to work on /home/airflow/.local/lib/python3.6/site-packages/airflow/example_dags/example_complex.py
[2021-02-18 07:40:59,803] {scheduler_job.py:629} INFO - Processing file /home/airflow/.local/lib/python3.6/site-packages/airflow/example_dags/example_complex.py for tasks to queue
[2021-02-18 07:40:59,803] {logging_mixin.py:104} INFO - [2021-02-18 07:40:59,803] {dagbag.py:448} INFO - Filling up the DagBag from /home/airflow/.local/lib/python3.6/site-packages/airflow/example_dags/example_complex.py
[2021-02-18 07:40:59,816] {scheduler_job.py:639} INFO - DAG(s) dict_keys(['example_complex']) retrieved from /home/airflow/.local/lib/python3.6/site-packages/airflow/example_dags/example_complex.py
[2021-02-18 07:40:59,842] {logging_mixin.py:104} INFO - [2021-02-18 07:40:59,842] {dag.py:1818} INFO - Sync 1 DAGs
[2021-02-18 07:40:59,853] {logging_mixin.py:104} INFO - [2021-02-18 07:40:59,853] {dag.py:2273} INFO - Setting next_dagrun for example_complex to None
[2021-02-18 07:40:59,863] {scheduler_job.py:190} INFO - Processing /home/airflow/.local/lib/python3.6/site-packages/airflow/example_dags/example_complex.py took 0.066 seconds
[2021-02-18 07:41:29,993] {scheduler_job.py:182} INFO - Started process (PID=218) to work on /home/airflow/.local/lib/python3.6/site-packages/airflow/example_dags/example_complex.py
[2021-02-18 07:41:29,995] {scheduler_job.py:629} INFO - Processing file /home/airflow/.local/lib/python3.6/site-packages/airflow/example_dags/example_complex.py for tasks to queue
[2021-02-18 07:41:29,996] {logging_mixin.py:104} INFO - [2021-02-18 07:41:29,995] {dagbag.py:448} INFO - Filling up the DagBag from /home/airflow/.local/lib/python3.6/site-packages/airflow/example_dags/example_complex.py
[2021-02-18 07:41:30,010] {scheduler_job.py:639} INFO - DAG(s) dict_keys(['example_complex']) retrieved from /home/airflow/.local/lib/python3.6/site-packages/airflow/example_dags/example_complex.py
[2021-02-18 07:41:30,037] {logging_mixin.py:104} INFO - [2021-02-18 07:41:30,037] {dag.py:1818} INFO - Sync 1 DAGs
[2021-02-18 07:41:30,052] {logging_mixin.py:104} INFO - [2021-02-18 07:41:30,052] {dag.py:2273} INFO - Setting next_dagrun for example_complex to None
[2021-02-18 07:41:30,058] {scheduler_job.py:190} INFO - Processing /home/airflow/.local/lib/python3.6/site-packages/airflow/example_dags/example_complex.py took 0.071 seconds
[2021-02-18 07:42:01,019] {scheduler_job.py:182} INFO - Started process (PID=243) to work on /home/airflow/.local/lib/python3.6/site-packages/airflow/example_dags/example_complex.py
[2021-02-18 07:42:01,020] {scheduler_job.py:629} INFO - Processing file /home/airflow/.local/lib/python3.6/site-packages/airflow/example_dags/example_complex.py for tasks to queue
[2021-02-18 07:42:01,021] {logging_mixin.py:104} INFO - [2021-02-18 07:42:01,021] {dagbag.py:448} INFO - Filling up the DagBag from /home/airflow/.local/lib/python3.6/site-packages/airflow/example_dags/example_complex.py
[2021-02-18 07:42:01,036] {scheduler_job.py:639} INFO - DAG(s) dict_keys(['example_complex']) retrieved from /home/airflow/.local/lib/python3.6/site-packages/airflow/example_dags/example_complex.py
[2021-02-18 07:42:01,062] {logging_mixin.py:104} INFO - [2021-02-18 07:42:01,062] {dag.py:1818} INFO - Sync 1 DAGs
[2021-02-18 07:42:01,078] {logging_mixin.py:104} INFO - [2021-02-18 07:42:01,077] {dag.py:2273} INFO - Setting next_dagrun for example_complex to None
[2021-02-18 07:42:01,093] {scheduler_job.py:190} INFO - Processing /home/airflow/.local/lib/python3.6/site-packages/airflow/example_dags/example_complex.py took 0.078 seconds
[2021-02-18 07:42:31,114] {scheduler_job.py:182} INFO - Started process (PID=269) to work on /home/airflow/.local/lib/python3.6/site-packages/airflow/example_dags/example_complex.py
[2021-02-18 07:42:31,116] {scheduler_job.py:629} INFO - Processing file /home/airflow/.local/lib/python3.6/site-packages/airflow/example_dags/example_complex.py for tasks to queue
[2021-02-18 07:42:31,116] {logging_mixin.py:104} INFO - [2021-02-18 07:42:31,116] {dagbag.py:448} INFO - Filling up the DagBag from /home/airflow/.local/lib/python3.6/site-packages/airflow/example_dags/example_complex.py
[2021-02-18 07:42:31,132] {scheduler_job.py:639} INFO - DAG(s) dict_keys(['example_complex']) retrieved from /home/airflow/.local/lib/python3.6/site-packages/airflow/example_dags/example_complex.py
[2021-02-18 07:42:31,155] {logging_mixin.py:104} INFO - [2021-02-18 07:42:31,155] {dag.py:1818} INFO - Sync 1 DAGs
[2021-02-18 07:42:31,168] {logging_mixin.py:104} INFO - [2021-02-18 07:42:31,168] {dag.py:2273} INFO - Setting next_dagrun for example_complex to None
[2021-02-18 07:42:31,180] {scheduler_job.py:190} INFO - Processing /home/airflow/.local/lib/python3.6/site-packages/airflow/example_dags/example_complex.py took 0.070 seconds
[2021-02-18 07:43:01,282] {scheduler_job.py:182} INFO - Started process (PID=295) to work on /home/airflow/.local/lib/python3.6/site-packages/airflow/example_dags/example_complex.py
[2021-02-18 07:43:01,283] {scheduler_job.py:629} INFO - Processing file /home/airflow/.local/lib/python3.6/site-packages/airflow/example_dags/example_complex.py for tasks to queue
[2021-02-18 07:43:01,284] {logging_mixin.py:104} INFO - [2021-02-18 07:43:01,284] {dagbag.py:448} INFO - Filling up the DagBag from /home/airflow/.local/lib/python3.6/site-packages/airflow/example_dags/example_complex.py
[2021-02-18 07:43:01,298] {scheduler_job.py:639} INFO - DAG(s) dict_keys(['example_complex']) retrieved from /home/airflow/.local/lib/python3.6/site-packages/airflow/example_dags/example_complex.py
[2021-02-18 07:43:01,327] {logging_mixin.py:104} INFO - [2021-02-18 07:43:01,327] {dag.py:1818} INFO - Sync 1 DAGs
[2021-02-18 07:43:01,342] {logging_mixin.py:104} INFO - [2021-02-18 07:43:01,342] {dag.py:2273} INFO - Setting next_dagrun for example_complex to None
[2021-02-18 07:43:01,353] {scheduler_job.py:190} INFO - Processing /home/airflow/.local/lib/python3.6/site-packages/airflow/example_dags/example_complex.py took 0.075 seconds
[2021-02-18 07:43:31,539] {scheduler_job.py:182} INFO - Started process (PID=321) to work on /home/airflow/.local/lib/python3.6/site-packages/airflow/example_dags/example_complex.py
[2021-02-18 07:43:31,541] {scheduler_job.py:629} INFO - Processing file /home/airflow/.local/lib/python3.6/site-packages/airflow/example_dags/example_complex.py for tasks to queue
[2021-02-18 07:43:31,542] {logging_mixin.py:104} INFO - [2021-02-18 07:43:31,542] {dagbag.py:448} INFO - Filling up the DagBag from /home/airflow/.local/lib/python3.6/site-packages/airflow/example_dags/example_complex.py
[2021-02-18 07:43:31,556] {scheduler_job.py:639} INFO - DAG(s) dict_keys(['example_complex']) retrieved from /home/airflow/.local/lib/python3.6/site-packages/airflow/example_dags/example_complex.py
[2021-02-18 07:43:31,580] {logging_mixin.py:104} INFO - [2021-02-18 07:43:31,580] {dag.py:1818} INFO - Sync 1 DAGs
[2021-02-18 07:43:31,594] {logging_mixin.py:104} INFO - [2021-02-18 07:43:31,594] {dag.py:2273} INFO - Setting next_dagrun for example_complex to None
[2021-02-18 07:43:31,603] {scheduler_job.py:190} INFO - Processing /home/airflow/.local/lib/python3.6/site-packages/airflow/example_dags/example_complex.py took 0.068 seconds
[2021-02-18 07:44:01,684] {scheduler_job.py:182} INFO - Started process (PID=347) to work on /home/airflow/.local/lib/python3.6/site-packages/airflow/example_dags/example_complex.py
[2021-02-18 07:44:01,685] {scheduler_job.py:629} INFO - Processing file /home/airflow/.local/lib/python3.6/site-packages/airflow/example_dags/example_complex.py for tasks to queue
[2021-02-18 07:44:01,685] {logging_mixin.py:104} INFO - [2021-02-18 07:44:01,685] {dagbag.py:448} INFO - Filling up the DagBag from /home/airflow/.local/lib/python3.6/site-packages/airflow/example_dags/example_complex.py
[2021-02-18 07:44:01,702] {scheduler_job.py:639} INFO - DAG(s) dict_keys(['example_complex']) retrieved from /home/airflow/.local/lib/python3.6/site-packages/airflow/example_dags/example_complex.py
[2021-02-18 07:44:01,725] {logging_mixin.py:104} INFO - [2021-02-18 07:44:01,725] {dag.py:1818} INFO - Sync 1 DAGs
[2021-02-18 07:44:01,741] {logging_mixin.py:104} INFO - [2021-02-18 07:44:01,741] {dag.py:2273} INFO - Setting next_dagrun for example_complex to None
[2021-02-18 07:44:01,754] {scheduler_job.py:190} INFO - Processing /home/airflow/.local/lib/python3.6/site-packages/airflow/example_dags/example_complex.py took 0.071 seconds
[2021-02-18 07:44:31,808] {scheduler_job.py:182} INFO - Started process (PID=373) to work on /home/airflow/.local/lib/python3.6/site-packages/airflow/example_dags/example_complex.py
[2021-02-18 07:44:31,810] {scheduler_job.py:629} INFO - Processing file /home/airflow/.local/lib/python3.6/site-packages/airflow/example_dags/example_complex.py for tasks to queue
[2021-02-18 07:44:31,811] {logging_mixin.py:104} INFO - [2021-02-18 07:44:31,811] {dagbag.py:448} INFO - Filling up the DagBag from /home/airflow/.local/lib/python3.6/site-packages/airflow/example_dags/example_complex.py
[2021-02-18 07:44:31,824] {scheduler_job.py:639} INFO - DAG(s) dict_keys(['example_complex']) retrieved from /home/airflow/.local/lib/python3.6/site-packages/airflow/example_dags/example_complex.py
[2021-02-18 07:44:31,848] {logging_mixin.py:104} INFO - [2021-02-18 07:44:31,848] {dag.py:1818} INFO - Sync 1 DAGs
[2021-02-18 07:44:31,861] {logging_mixin.py:104} INFO - [2021-02-18 07:44:31,860] {dag.py:2273} INFO - Setting next_dagrun for example_complex to None
[2021-02-18 07:44:31,867] {scheduler_job.py:190} INFO - Processing /home/airflow/.local/lib/python3.6/site-packages/airflow/example_dags/example_complex.py took 0.063 seconds
[2021-02-18 07:45:02,054] {scheduler_job.py:182} INFO - Started process (PID=399) to work on /home/airflow/.local/lib/python3.6/site-packages/airflow/example_dags/example_complex.py
[2021-02-18 07:45:02,056] {scheduler_job.py:629} INFO - Processing file /home/airflow/.local/lib/python3.6/site-packages/airflow/example_dags/example_complex.py for tasks to queue
[2021-02-18 07:45:02,057] {logging_mixin.py:104} INFO - [2021-02-18 07:45:02,056] {dagbag.py:448} INFO - Filling up the DagBag from /home/airflow/.local/lib/python3.6/site-packages/airflow/example_dags/example_complex.py
[2021-02-18 07:45:02,074] {scheduler_job.py:639} INFO - DAG(s) dict_keys(['example_complex']) retrieved from /home/airflow/.local/lib/python3.6/site-packages/airflow/example_dags/example_complex.py
[2021-02-18 07:45:02,097] {logging_mixin.py:104} INFO - [2021-02-18 07:45:02,097] {dag.py:1818} INFO - Sync 1 DAGs
[2021-02-18 07:45:02,108] {logging_mixin.py:104} INFO - [2021-02-18 07:45:02,108] {dag.py:2273} INFO - Setting next_dagrun for example_complex to None
[2021-02-18 07:45:02,116] {scheduler_job.py:190} INFO - Processing /home/airflow/.local/lib/python3.6/site-packages/airflow/example_dags/example_complex.py took 0.065 seconds
[2021-02-18 07:45:32,255] {scheduler_job.py:182} INFO - Started process (PID=425) to work on /home/airflow/.local/lib/python3.6/site-packages/airflow/example_dags/example_complex.py
[2021-02-18 07:45:32,256] {scheduler_job.py:629} INFO - Processing file /home/airflow/.local/lib/python3.6/site-packages/airflow/example_dags/example_complex.py for tasks to queue
[2021-02-18 07:45:32,257] {logging_mixin.py:104} INFO - [2021-02-18 07:45:32,257] {dagbag.py:448} INFO - Filling up the DagBag from /home/airflow/.local/lib/python3.6/site-packages/airflow/example_dags/example_complex.py
[2021-02-18 07:45:32,272] {scheduler_job.py:639} INFO - DAG(s) dict_keys(['example_complex']) retrieved from /home/airflow/.local/lib/python3.6/site-packages/airflow/example_dags/example_complex.py
[2021-02-18 07:45:32,297] {logging_mixin.py:104} INFO - [2021-02-18 07:45:32,296] {dag.py:1818} INFO - Sync 1 DAGs
[2021-02-18 07:45:32,307] {logging_mixin.py:104} INFO - [2021-02-18 07:45:32,307] {dag.py:2273} INFO - Setting next_dagrun for example_complex to None
[2021-02-18 07:45:32,314] {scheduler_job.py:190} INFO - Processing /home/airflow/.local/lib/python3.6/site-packages/airflow/example_dags/example_complex.py took 0.062 seconds
[2021-02-18 07:46:02,455] {scheduler_job.py:182} INFO - Started process (PID=451) to work on /home/airflow/.local/lib/python3.6/site-packages/airflow/example_dags/example_complex.py
[2021-02-18 07:46:02,456] {scheduler_job.py:629} INFO - Processing file /home/airflow/.local/lib/python3.6/site-packages/airflow/example_dags/example_complex.py for tasks to queue
[2021-02-18 07:46:02,457] {logging_mixin.py:104} INFO - [2021-02-18 07:46:02,456] {dagbag.py:448} INFO - Filling up the DagBag from /home/airflow/.local/lib/python3.6/site-packages/airflow/example_dags/example_complex.py
[2021-02-18 07:46:02,475] {scheduler_job.py:639} INFO - DAG(s) dict_keys(['example_complex']) retrieved from /home/airflow/.local/lib/python3.6/site-packages/airflow/example_dags/example_complex.py
[2021-02-18 07:46:02,511] {logging_mixin.py:104} INFO - [2021-02-18 07:46:02,511] {dag.py:1818} INFO - Sync 1 DAGs
[2021-02-18 07:46:02,530] {logging_mixin.py:104} INFO - [2021-02-18 07:46:02,530] {dag.py:2273} INFO - Setting next_dagrun for example_complex to None
[2021-02-18 07:46:02,539] {scheduler_job.py:190} INFO - Processing /home/airflow/.local/lib/python3.6/site-packages/airflow/example_dags/example_complex.py took 0.088 seconds
[2021-02-18 07:46:32,703] {scheduler_job.py:182} INFO - Started process (PID=478) to work on /home/airflow/.local/lib/python3.6/site-packages/airflow/example_dags/example_complex.py
[2021-02-18 07:46:32,704] {scheduler_job.py:629} INFO - Processing file /home/airflow/.local/lib/python3.6/site-packages/airflow/example_dags/example_complex.py for tasks to queue
[2021-02-18 07:46:32,705] {logging_mixin.py:104} INFO - [2021-02-18 07:46:32,705] {dagbag.py:448} INFO - Filling up the DagBag from /home/airflow/.local/lib/python3.6/site-packages/airflow/example_dags/example_complex.py
[2021-02-18 07:46:32,720] {scheduler_job.py:639} INFO - DAG(s) dict_keys(['example_complex']) retrieved from /home/airflow/.local/lib/python3.6/site-packages/airflow/example_dags/example_complex.py
[2021-02-18 07:46:32,745] {logging_mixin.py:104} INFO - [2021-02-18 07:46:32,745] {dag.py:1818} INFO - Sync 1 DAGs
[2021-02-18 07:46:32,760] {logging_mixin.py:104} INFO - [2021-02-18 07:46:32,760] {dag.py:2273} INFO - Setting next_dagrun for example_complex to None
[2021-02-18 07:46:32,770] {scheduler_job.py:190} INFO - Processing /home/airflow/.local/lib/python3.6/site-packages/airflow/example_dags/example_complex.py took 0.071 seconds
[2021-02-18 07:47:02,912] {scheduler_job.py:182} INFO - Started process (PID=505) to work on /home/airflow/.local/lib/python3.6/site-packages/airflow/example_dags/example_complex.py
[2021-02-18 07:47:02,912] {scheduler_job.py:629} INFO - Processing file /home/airflow/.local/lib/python3.6/site-packages/airflow/example_dags/example_complex.py for tasks to queue
[2021-02-18 07:47:02,913] {logging_mixin.py:104} INFO - [2021-02-18 07:47:02,913] {dagbag.py:448} INFO - Filling up the DagBag from /home/airflow/.local/lib/python3.6/site-packages/airflow/example_dags/example_complex.py
[2021-02-18 07:47:02,929] {scheduler_job.py:639} INFO - DAG(s) dict_keys(['example_complex']) retrieved from /home/airflow/.local/lib/python3.6/site-packages/airflow/example_dags/example_complex.py
[2021-02-18 07:47:02,959] {logging_mixin.py:104} INFO - [2021-02-18 07:47:02,959] {dag.py:1818} INFO - Sync 1 DAGs
[2021-02-18 07:47:02,971] {logging_mixin.py:104} INFO - [2021-02-18 07:47:02,971] {dag.py:2273} INFO - Setting next_dagrun for example_complex to None
[2021-02-18 07:47:02,980] {scheduler_job.py:190} INFO - Processing /home/airflow/.local/lib/python3.6/site-packages/airflow/example_dags/example_complex.py took 0.071 seconds
[2021-02-18 07:47:33,031] {scheduler_job.py:182} INFO - Started process (PID=531) to work on /home/airflow/.local/lib/python3.6/site-packages/airflow/example_dags/example_complex.py
[2021-02-18 07:47:33,032] {scheduler_job.py:629} INFO - Processing file /home/airflow/.local/lib/python3.6/site-packages/airflow/example_dags/example_complex.py for tasks to queue
[2021-02-18 07:47:33,032] {logging_mixin.py:104} INFO - [2021-02-18 07:47:33,032] {dagbag.py:448} INFO - Filling up the DagBag from /home/airflow/.local/lib/python3.6/site-packages/airflow/example_dags/example_complex.py
[2021-02-18 07:47:33,046] {scheduler_job.py:639} INFO - DAG(s) dict_keys(['example_complex']) retrieved from /home/airflow/.local/lib/python3.6/site-packages/airflow/example_dags/example_complex.py
[2021-02-18 07:47:33,070] {logging_mixin.py:104} INFO - [2021-02-18 07:47:33,070] {dag.py:1818} INFO - Sync 1 DAGs
[2021-02-18 07:47:33,081] {logging_mixin.py:104} INFO - [2021-02-18 07:47:33,081] {dag.py:2273} INFO - Setting next_dagrun for example_complex to None
[2021-02-18 07:47:33,091] {scheduler_job.py:190} INFO - Processing /home/airflow/.local/lib/python3.6/site-packages/airflow/example_dags/example_complex.py took 0.062 seconds
[2021-02-18 07:48:03,161] {scheduler_job.py:182} INFO - Started process (PID=557) to work on /home/airflow/.local/lib/python3.6/site-packages/airflow/example_dags/example_complex.py
[2021-02-18 07:48:03,162] {scheduler_job.py:629} INFO - Processing file /home/airflow/.local/lib/python3.6/site-packages/airflow/example_dags/example_complex.py for tasks to queue
[2021-02-18 07:48:03,162] {logging_mixin.py:104} INFO - [2021-02-18 07:48:03,162] {dagbag.py:448} INFO - Filling up the DagBag from /home/airflow/.local/lib/python3.6/site-packages/airflow/example_dags/example_complex.py
[2021-02-18 07:48:03,178] {scheduler_job.py:639} INFO - DAG(s) dict_keys(['example_complex']) retrieved from /home/airflow/.local/lib/python3.6/site-packages/airflow/example_dags/example_complex.py
[2021-02-18 07:48:03,206] {logging_mixin.py:104} INFO - [2021-02-18 07:48:03,206] {dag.py:1818} INFO - Sync 1 DAGs
[2021-02-18 07:48:03,218] {logging_mixin.py:104} INFO - [2021-02-18 07:48:03,218] {dag.py:2273} INFO - Setting next_dagrun for example_complex to None
[2021-02-18 07:48:03,226] {scheduler_job.py:190} INFO - Processing /home/airflow/.local/lib/python3.6/site-packages/airflow/example_dags/example_complex.py took 0.067 seconds
[2021-02-18 07:48:33,249] {scheduler_job.py:182} INFO - Started process (PID=583) to work on /home/airflow/.local/lib/python3.6/site-packages/airflow/example_dags/example_complex.py
[2021-02-18 07:48:33,250] {scheduler_job.py:629} INFO - Processing file /home/airflow/.local/lib/python3.6/site-packages/airflow/example_dags/example_complex.py for tasks to queue
[2021-02-18 07:48:33,251] {logging_mixin.py:104} INFO - [2021-02-18 07:48:33,251] {dagbag.py:448} INFO - Filling up the DagBag from /home/airflow/.local/lib/python3.6/site-packages/airflow/example_dags/example_complex.py
[2021-02-18 07:48:33,270] {scheduler_job.py:639} INFO - DAG(s) dict_keys(['example_complex']) retrieved from /home/airflow/.local/lib/python3.6/site-packages/airflow/example_dags/example_complex.py
[2021-02-18 07:48:33,295] {logging_mixin.py:104} INFO - [2021-02-18 07:48:33,295] {dag.py:1818} INFO - Sync 1 DAGs
[2021-02-18 07:48:33,307] {logging_mixin.py:104} INFO - [2021-02-18 07:48:33,307] {dag.py:2273} INFO - Setting next_dagrun for example_complex to None
[2021-02-18 07:48:33,315] {scheduler_job.py:190} INFO - Processing /home/airflow/.local/lib/python3.6/site-packages/airflow/example_dags/example_complex.py took 0.068 seconds
[2021-02-18 07:49:03,365] {scheduler_job.py:182} INFO - Started process (PID=609) to work on /home/airflow/.local/lib/python3.6/site-packages/airflow/example_dags/example_complex.py
[2021-02-18 07:49:03,366] {scheduler_job.py:629} INFO - Processing file /home/airflow/.local/lib/python3.6/site-packages/airflow/example_dags/example_complex.py for tasks to queue
[2021-02-18 07:49:03,367] {logging_mixin.py:104} INFO - [2021-02-18 07:49:03,367] {dagbag.py:448} INFO - Filling up the DagBag from /home/airflow/.local/lib/python3.6/site-packages/airflow/example_dags/example_complex.py
[2021-02-18 07:49:03,384] {scheduler_job.py:639} INFO - DAG(s) dict_keys(['example_complex']) retrieved from /home/airflow/.local/lib/python3.6/site-packages/airflow/example_dags/example_complex.py
[2021-02-18 07:49:03,410] {logging_mixin.py:104} INFO - [2021-02-18 07:49:03,410] {dag.py:1818} INFO - Sync 1 DAGs
[2021-02-18 07:49:03,423] {logging_mixin.py:104} INFO - [2021-02-18 07:49:03,423] {dag.py:2273} INFO - Setting next_dagrun for example_complex to None
[2021-02-18 07:49:03,432] {scheduler_job.py:190} INFO - Processing /home/airflow/.local/lib/python3.6/site-packages/airflow/example_dags/example_complex.py took 0.069 seconds
[2021-02-18 07:49:33,466] {scheduler_job.py:182} INFO - Started process (PID=635) to work on /home/airflow/.local/lib/python3.6/site-packages/airflow/example_dags/example_complex.py
[2021-02-18 07:49:33,466] {scheduler_job.py:629} INFO - Processing file /home/airflow/.local/lib/python3.6/site-packages/airflow/example_dags/example_complex.py for tasks to queue
[2021-02-18 07:49:33,467] {logging_mixin.py:104} INFO - [2021-02-18 07:49:33,467] {dagbag.py:448} INFO - Filling up the DagBag from /home/airflow/.local/lib/python3.6/site-packages/airflow/example_dags/example_complex.py
[2021-02-18 07:49:33,486] {scheduler_job.py:639} INFO - DAG(s) dict_keys(['example_complex']) retrieved from /home/airflow/.local/lib/python3.6/site-packages/airflow/example_dags/example_complex.py
[2021-02-18 07:49:33,510] {logging_mixin.py:104} INFO - [2021-02-18 07:49:33,510] {dag.py:1818} INFO - Sync 1 DAGs
[2021-02-18 07:49:33,522] {logging_mixin.py:104} INFO - [2021-02-18 07:49:33,522] {dag.py:2273} INFO - Setting next_dagrun for example_complex to None
[2021-02-18 07:49:33,530] {scheduler_job.py:190} INFO - Processing /home/airflow/.local/lib/python3.6/site-packages/airflow/example_dags/example_complex.py took 0.067 seconds
[2021-02-18 07:50:03,641] {scheduler_job.py:182} INFO - Started process (PID=660) to work on /home/airflow/.local/lib/python3.6/site-packages/airflow/example_dags/example_complex.py
[2021-02-18 07:50:03,643] {scheduler_job.py:629} INFO - Processing file /home/airflow/.local/lib/python3.6/site-packages/airflow/example_dags/example_complex.py for tasks to queue
[2021-02-18 07:50:03,644] {logging_mixin.py:104} INFO - [2021-02-18 07:50:03,644] {dagbag.py:448} INFO - Filling up the DagBag from /home/airflow/.local/lib/python3.6/site-packages/airflow/example_dags/example_complex.py
[2021-02-18 07:50:03,660] {scheduler_job.py:639} INFO - DAG(s) dict_keys(['example_complex']) retrieved from /home/airflow/.local/lib/python3.6/site-packages/airflow/example_dags/example_complex.py
[2021-02-18 07:50:03,681] {logging_mixin.py:104} INFO - [2021-02-18 07:50:03,681] {dag.py:1818} INFO - Sync 1 DAGs
[2021-02-18 07:50:03,692] {logging_mixin.py:104} INFO - [2021-02-18 07:50:03,692] {dag.py:2273} INFO - Setting next_dagrun for example_complex to None
[2021-02-18 07:50:03,700] {scheduler_job.py:190} INFO - Processing /home/airflow/.local/lib/python3.6/site-packages/airflow/example_dags/example_complex.py took 0.063 seconds
[2021-02-18 07:50:33,722] {scheduler_job.py:182} INFO - Started process (PID=686) to work on /home/airflow/.local/lib/python3.6/site-packages/airflow/example_dags/example_complex.py
[2021-02-18 07:50:33,723] {scheduler_job.py:629} INFO - Processing file /home/airflow/.local/lib/python3.6/site-packages/airflow/example_dags/example_complex.py for tasks to queue
[2021-02-18 07:50:33,724] {logging_mixin.py:104} INFO - [2021-02-18 07:50:33,724] {dagbag.py:448} INFO - Filling up the DagBag from /home/airflow/.local/lib/python3.6/site-packages/airflow/example_dags/example_complex.py
[2021-02-18 07:50:33,743] {scheduler_job.py:639} INFO - DAG(s) dict_keys(['example_complex']) retrieved from /home/airflow/.local/lib/python3.6/site-packages/airflow/example_dags/example_complex.py
[2021-02-18 07:50:33,771] {logging_mixin.py:104} INFO - [2021-02-18 07:50:33,770] {dag.py:1818} INFO - Sync 1 DAGs
[2021-02-18 07:50:33,784] {logging_mixin.py:104} INFO - [2021-02-18 07:50:33,784] {dag.py:2273} INFO - Setting next_dagrun for example_complex to None
[2021-02-18 07:50:33,793] {scheduler_job.py:190} INFO - Processing /home/airflow/.local/lib/python3.6/site-packages/airflow/example_dags/example_complex.py took 0.075 seconds
[2021-02-18 07:51:03,944] {scheduler_job.py:182} INFO - Started process (PID=713) to work on /home/airflow/.local/lib/python3.6/site-packages/airflow/example_dags/example_complex.py
[2021-02-18 07:51:03,945] {scheduler_job.py:629} INFO - Processing file /home/airflow/.local/lib/python3.6/site-packages/airflow/example_dags/example_complex.py for tasks to queue
[2021-02-18 07:51:03,945] {logging_mixin.py:104} INFO - [2021-02-18 07:51:03,945] {dagbag.py:448} INFO - Filling up the DagBag from /home/airflow/.local/lib/python3.6/site-packages/airflow/example_dags/example_complex.py
[2021-02-18 07:51:03,963] {scheduler_job.py:639} INFO - DAG(s) dict_keys(['example_complex']) retrieved from /home/airflow/.local/lib/python3.6/site-packages/airflow/example_dags/example_complex.py
[2021-02-18 07:51:03,990] {logging_mixin.py:104} INFO - [2021-02-18 07:51:03,990] {dag.py:1818} INFO - Sync 1 DAGs
[2021-02-18 07:51:04,002] {logging_mixin.py:104} INFO - [2021-02-18 07:51:04,001] {dag.py:2273} INFO - Setting next_dagrun for example_complex to None
[2021-02-18 07:51:04,010] {scheduler_job.py:190} INFO - Processing /home/airflow/.local/lib/python3.6/site-packages/airflow/example_dags/example_complex.py took 0.069 seconds
[2021-02-18 07:51:34,090] {scheduler_job.py:182} INFO - Started process (PID=739) to work on /home/airflow/.local/lib/python3.6/site-packages/airflow/example_dags/example_complex.py
[2021-02-18 07:51:34,091] {scheduler_job.py:629} INFO - Processing file /home/airflow/.local/lib/python3.6/site-packages/airflow/example_dags/example_complex.py for tasks to queue
[2021-02-18 07:51:34,092] {logging_mixin.py:104} INFO - [2021-02-18 07:51:34,092] {dagbag.py:448} INFO - Filling up the DagBag from /home/airflow/.local/lib/python3.6/site-packages/airflow/example_dags/example_complex.py
[2021-02-18 07:51:34,107] {scheduler_job.py:639} INFO - DAG(s) dict_keys(['example_complex']) retrieved from /home/airflow/.local/lib/python3.6/site-packages/airflow/example_dags/example_complex.py
[2021-02-18 07:51:34,134] {logging_mixin.py:104} INFO - [2021-02-18 07:51:34,134] {dag.py:1818} INFO - Sync 1 DAGs
[2021-02-18 07:51:34,148] {logging_mixin.py:104} INFO - [2021-02-18 07:51:34,148] {dag.py:2273} INFO - Setting next_dagrun for example_complex to None
[2021-02-18 07:51:34,157] {scheduler_job.py:190} INFO - Processing /home/airflow/.local/lib/python3.6/site-packages/airflow/example_dags/example_complex.py took 0.069 seconds
[2021-02-18 07:52:04,285] {scheduler_job.py:182} INFO - Started process (PID=765) to work on /home/airflow/.local/lib/python3.6/site-packages/airflow/example_dags/example_complex.py
[2021-02-18 07:52:04,286] {scheduler_job.py:629} INFO - Processing file /home/airflow/.local/lib/python3.6/site-packages/airflow/example_dags/example_complex.py for tasks to queue
[2021-02-18 07:52:04,286] {logging_mixin.py:104} INFO - [2021-02-18 07:52:04,286] {dagbag.py:448} INFO - Filling up the DagBag from /home/airflow/.local/lib/python3.6/site-packages/airflow/example_dags/example_complex.py
[2021-02-18 07:52:04,302] {scheduler_job.py:639} INFO - DAG(s) dict_keys(['example_complex']) retrieved from /home/airflow/.local/lib/python3.6/site-packages/airflow/example_dags/example_complex.py
[2021-02-18 07:52:04,331] {logging_mixin.py:104} INFO - [2021-02-18 07:52:04,331] {dag.py:1818} INFO - Sync 1 DAGs
[2021-02-18 07:52:04,342] {logging_mixin.py:104} INFO - [2021-02-18 07:52:04,342] {dag.py:2273} INFO - Setting next_dagrun for example_complex to None
[2021-02-18 07:52:04,351] {scheduler_job.py:190} INFO - Processing /home/airflow/.local/lib/python3.6/site-packages/airflow/example_dags/example_complex.py took 0.069 seconds
[2021-02-18 07:52:34,423] {scheduler_job.py:182} INFO - Started process (PID=791) to work on /home/airflow/.local/lib/python3.6/site-packages/airflow/example_dags/example_complex.py
[2021-02-18 07:52:34,424] {scheduler_job.py:629} INFO - Processing file /home/airflow/.local/lib/python3.6/site-packages/airflow/example_dags/example_complex.py for tasks to queue
[2021-02-18 07:52:34,425] {logging_mixin.py:104} INFO - [2021-02-18 07:52:34,425] {dagbag.py:448} INFO - Filling up the DagBag from /home/airflow/.local/lib/python3.6/site-packages/airflow/example_dags/example_complex.py
[2021-02-18 07:52:34,444] {scheduler_job.py:639} INFO - DAG(s) dict_keys(['example_complex']) retrieved from /home/airflow/.local/lib/python3.6/site-packages/airflow/example_dags/example_complex.py
[2021-02-18 07:52:34,474] {logging_mixin.py:104} INFO - [2021-02-18 07:52:34,474] {dag.py:1818} INFO - Sync 1 DAGs
[2021-02-18 07:52:34,489] {logging_mixin.py:104} INFO - [2021-02-18 07:52:34,489] {dag.py:2273} INFO - Setting next_dagrun for example_complex to None
[2021-02-18 07:52:34,498] {scheduler_job.py:190} INFO - Processing /home/airflow/.local/lib/python3.6/site-packages/airflow/example_dags/example_complex.py took 0.077 seconds
[2021-02-18 07:53:04,626] {scheduler_job.py:182} INFO - Started process (PID=817) to work on /home/airflow/.local/lib/python3.6/site-packages/airflow/example_dags/example_complex.py
[2021-02-18 07:53:04,627] {scheduler_job.py:629} INFO - Processing file /home/airflow/.local/lib/python3.6/site-packages/airflow/example_dags/example_complex.py for tasks to queue
[2021-02-18 07:53:04,627] {logging_mixin.py:104} INFO - [2021-02-18 07:53:04,627] {dagbag.py:448} INFO - Filling up the DagBag from /home/airflow/.local/lib/python3.6/site-packages/airflow/example_dags/example_complex.py
[2021-02-18 07:53:04,643] {scheduler_job.py:639} INFO - DAG(s) dict_keys(['example_complex']) retrieved from /home/airflow/.local/lib/python3.6/site-packages/airflow/example_dags/example_complex.py
[2021-02-18 07:53:04,667] {logging_mixin.py:104} INFO - [2021-02-18 07:53:04,667] {dag.py:1818} INFO - Sync 1 DAGs
[2021-02-18 07:53:04,679] {logging_mixin.py:104} INFO - [2021-02-18 07:53:04,679] {dag.py:2273} INFO - Setting next_dagrun for example_complex to None
[2021-02-18 07:53:04,687] {scheduler_job.py:190} INFO - Processing /home/airflow/.local/lib/python3.6/site-packages/airflow/example_dags/example_complex.py took 0.064 seconds
[2021-02-18 07:53:34,724] {scheduler_job.py:182} INFO - Started process (PID=842) to work on /home/airflow/.local/lib/python3.6/site-packages/airflow/example_dags/example_complex.py
[2021-02-18 07:53:34,725] {scheduler_job.py:629} INFO - Processing file /home/airflow/.local/lib/python3.6/site-packages/airflow/example_dags/example_complex.py for tasks to queue
[2021-02-18 07:53:34,726] {logging_mixin.py:104} INFO - [2021-02-18 07:53:34,726] {dagbag.py:448} INFO - Filling up the DagBag from /home/airflow/.local/lib/python3.6/site-packages/airflow/example_dags/example_complex.py
[2021-02-18 07:53:34,742] {scheduler_job.py:639} INFO - DAG(s) dict_keys(['example_complex']) retrieved from /home/airflow/.local/lib/python3.6/site-packages/airflow/example_dags/example_complex.py
[2021-02-18 07:53:34,773] {logging_mixin.py:104} INFO - [2021-02-18 07:53:34,773] {dag.py:1818} INFO - Sync 1 DAGs
[2021-02-18 07:53:34,786] {logging_mixin.py:104} INFO - [2021-02-18 07:53:34,786] {dag.py:2273} INFO - Setting next_dagrun for example_complex to None
[2021-02-18 07:53:34,796] {scheduler_job.py:190} INFO - Processing /home/airflow/.local/lib/python3.6/site-packages/airflow/example_dags/example_complex.py took 0.076 seconds
[2021-02-18 07:54:04,831] {scheduler_job.py:182} INFO - Started process (PID=868) to work on /home/airflow/.local/lib/python3.6/site-packages/airflow/example_dags/example_complex.py
[2021-02-18 07:54:04,832] {scheduler_job.py:629} INFO - Processing file /home/airflow/.local/lib/python3.6/site-packages/airflow/example_dags/example_complex.py for tasks to queue
[2021-02-18 07:54:04,833] {logging_mixin.py:104} INFO - [2021-02-18 07:54:04,833] {dagbag.py:448} INFO - Filling up the DagBag from /home/airflow/.local/lib/python3.6/site-packages/airflow/example_dags/example_complex.py
[2021-02-18 07:54:04,848] {scheduler_job.py:639} INFO - DAG(s) dict_keys(['example_complex']) retrieved from /home/airflow/.local/lib/python3.6/site-packages/airflow/example_dags/example_complex.py
[2021-02-18 07:54:04,875] {logging_mixin.py:104} INFO - [2021-02-18 07:54:04,875] {dag.py:1818} INFO - Sync 1 DAGs
[2021-02-18 07:54:04,889] {logging_mixin.py:104} INFO - [2021-02-18 07:54:04,889] {dag.py:2273} INFO - Setting next_dagrun for example_complex to None
[2021-02-18 07:54:04,897] {scheduler_job.py:190} INFO - Processing /home/airflow/.local/lib/python3.6/site-packages/airflow/example_dags/example_complex.py took 0.069 seconds
[2021-02-18 07:55:58,440] {scheduler_job.py:182} INFO - Started process (PID=37) to work on /home/airflow/.local/lib/python3.6/site-packages/airflow/example_dags/example_complex.py
[2021-02-18 07:55:58,441] {scheduler_job.py:629} INFO - Processing file /home/airflow/.local/lib/python3.6/site-packages/airflow/example_dags/example_complex.py for tasks to queue
[2021-02-18 07:55:58,441] {logging_mixin.py:104} INFO - [2021-02-18 07:55:58,441] {dagbag.py:448} INFO - Filling up the DagBag from /home/airflow/.local/lib/python3.6/site-packages/airflow/example_dags/example_complex.py
[2021-02-18 07:55:58,462] {scheduler_job.py:639} INFO - DAG(s) dict_keys(['example_complex']) retrieved from /home/airflow/.local/lib/python3.6/site-packages/airflow/example_dags/example_complex.py
[2021-02-18 07:55:58,493] {logging_mixin.py:104} INFO - [2021-02-18 07:55:58,493] {dag.py:1818} INFO - Sync 1 DAGs
[2021-02-18 07:55:58,504] {logging_mixin.py:104} INFO - [2021-02-18 07:55:58,503] {dag.py:1837} INFO - Creating ORM DAG for example_complex
[2021-02-18 07:55:58,510] {logging_mixin.py:104} INFO - [2021-02-18 07:55:58,510] {dag.py:2273} INFO - Setting next_dagrun for example_complex to None
[2021-02-18 07:55:58,526] {scheduler_job.py:190} INFO - Processing /home/airflow/.local/lib/python3.6/site-packages/airflow/example_dags/example_complex.py took 0.090 seconds
[2021-02-18 07:56:28,809] {scheduler_job.py:182} INFO - Started process (PID=67) to work on /home/airflow/.local/lib/python3.6/site-packages/airflow/example_dags/example_complex.py
[2021-02-18 07:56:28,810] {scheduler_job.py:629} INFO - Processing file /home/airflow/.local/lib/python3.6/site-packages/airflow/example_dags/example_complex.py for tasks to queue
[2021-02-18 07:56:28,811] {logging_mixin.py:104} INFO - [2021-02-18 07:56:28,810] {dagbag.py:448} INFO - Filling up the DagBag from /home/airflow/.local/lib/python3.6/site-packages/airflow/example_dags/example_complex.py
[2021-02-18 07:56:28,827] {scheduler_job.py:639} INFO - DAG(s) dict_keys(['example_complex']) retrieved from /home/airflow/.local/lib/python3.6/site-packages/airflow/example_dags/example_complex.py
[2021-02-18 07:56:28,854] {logging_mixin.py:104} INFO - [2021-02-18 07:56:28,854] {dag.py:1818} INFO - Sync 1 DAGs
[2021-02-18 07:56:28,867] {logging_mixin.py:104} INFO - [2021-02-18 07:56:28,867] {dag.py:2273} INFO - Setting next_dagrun for example_complex to None
[2021-02-18 07:56:28,878] {scheduler_job.py:190} INFO - Processing /home/airflow/.local/lib/python3.6/site-packages/airflow/example_dags/example_complex.py took 0.073 seconds
[2021-02-18 07:56:56,078] {scheduler_job.py:182} INFO - Started process (PID=41) to work on /home/airflow/.local/lib/python3.6/site-packages/airflow/example_dags/example_complex.py
[2021-02-18 07:56:56,079] {scheduler_job.py:629} INFO - Processing file /home/airflow/.local/lib/python3.6/site-packages/airflow/example_dags/example_complex.py for tasks to queue
[2021-02-18 07:56:56,080] {logging_mixin.py:104} INFO - [2021-02-18 07:56:56,079] {dagbag.py:448} INFO - Filling up the DagBag from /home/airflow/.local/lib/python3.6/site-packages/airflow/example_dags/example_complex.py
[2021-02-18 07:56:56,095] {scheduler_job.py:639} INFO - DAG(s) dict_keys(['example_complex']) retrieved from /home/airflow/.local/lib/python3.6/site-packages/airflow/example_dags/example_complex.py
[2021-02-18 07:56:56,125] {logging_mixin.py:104} INFO - [2021-02-18 07:56:56,124] {dag.py:1818} INFO - Sync 1 DAGs
[2021-02-18 07:56:56,138] {logging_mixin.py:104} INFO - [2021-02-18 07:56:56,138] {dag.py:2273} INFO - Setting next_dagrun for example_complex to None
[2021-02-18 07:56:56,153] {scheduler_job.py:190} INFO - Processing /home/airflow/.local/lib/python3.6/site-packages/airflow/example_dags/example_complex.py took 0.078 seconds
[2021-02-18 07:57:26,180] {scheduler_job.py:182} INFO - Started process (PID=63) to work on /home/airflow/.local/lib/python3.6/site-packages/airflow/example_dags/example_complex.py
[2021-02-18 07:57:26,182] {scheduler_job.py:629} INFO - Processing file /home/airflow/.local/lib/python3.6/site-packages/airflow/example_dags/example_complex.py for tasks to queue
[2021-02-18 07:57:26,182] {logging_mixin.py:104} INFO - [2021-02-18 07:57:26,182] {dagbag.py:448} INFO - Filling up the DagBag from /home/airflow/.local/lib/python3.6/site-packages/airflow/example_dags/example_complex.py
[2021-02-18 07:57:26,198] {scheduler_job.py:639} INFO - DAG(s) dict_keys(['example_complex']) retrieved from /home/airflow/.local/lib/python3.6/site-packages/airflow/example_dags/example_complex.py
[2021-02-18 07:57:26,222] {logging_mixin.py:104} INFO - [2021-02-18 07:57:26,222] {dag.py:1818} INFO - Sync 1 DAGs
[2021-02-18 07:57:26,236] {logging_mixin.py:104} INFO - [2021-02-18 07:57:26,236] {dag.py:2273} INFO - Setting next_dagrun for example_complex to None
[2021-02-18 07:57:26,245] {scheduler_job.py:190} INFO - Processing /home/airflow/.local/lib/python3.6/site-packages/airflow/example_dags/example_complex.py took 0.069 seconds
[2021-02-18 07:57:56,298] {scheduler_job.py:182} INFO - Started process (PID=89) to work on /home/airflow/.local/lib/python3.6/site-packages/airflow/example_dags/example_complex.py
[2021-02-18 07:57:56,300] {scheduler_job.py:629} INFO - Processing file /home/airflow/.local/lib/python3.6/site-packages/airflow/example_dags/example_complex.py for tasks to queue
[2021-02-18 07:57:56,301] {logging_mixin.py:104} INFO - [2021-02-18 07:57:56,300] {dagbag.py:448} INFO - Filling up the DagBag from /home/airflow/.local/lib/python3.6/site-packages/airflow/example_dags/example_complex.py
[2021-02-18 07:57:56,316] {scheduler_job.py:639} INFO - DAG(s) dict_keys(['example_complex']) retrieved from /home/airflow/.local/lib/python3.6/site-packages/airflow/example_dags/example_complex.py
[2021-02-18 07:57:56,344] {logging_mixin.py:104} INFO - [2021-02-18 07:57:56,344] {dag.py:1818} INFO - Sync 1 DAGs
[2021-02-18 07:57:56,357] {logging_mixin.py:104} INFO - [2021-02-18 07:57:56,357] {dag.py:2273} INFO - Setting next_dagrun for example_complex to None
[2021-02-18 07:57:56,367] {scheduler_job.py:190} INFO - Processing /home/airflow/.local/lib/python3.6/site-packages/airflow/example_dags/example_complex.py took 0.073 seconds
[2021-02-18 07:58:26,467] {scheduler_job.py:182} INFO - Started process (PID=116) to work on /home/airflow/.local/lib/python3.6/site-packages/airflow/example_dags/example_complex.py
[2021-02-18 07:58:26,467] {scheduler_job.py:629} INFO - Processing file /home/airflow/.local/lib/python3.6/site-packages/airflow/example_dags/example_complex.py for tasks to queue
[2021-02-18 07:58:26,468] {logging_mixin.py:104} INFO - [2021-02-18 07:58:26,468] {dagbag.py:448} INFO - Filling up the DagBag from /home/airflow/.local/lib/python3.6/site-packages/airflow/example_dags/example_complex.py
[2021-02-18 07:58:26,483] {scheduler_job.py:639} INFO - DAG(s) dict_keys(['example_complex']) retrieved from /home/airflow/.local/lib/python3.6/site-packages/airflow/example_dags/example_complex.py
[2021-02-18 07:58:26,508] {logging_mixin.py:104} INFO - [2021-02-18 07:58:26,508] {dag.py:1818} INFO - Sync 1 DAGs
[2021-02-18 07:58:26,522] {logging_mixin.py:104} INFO - [2021-02-18 07:58:26,522] {dag.py:2273} INFO - Setting next_dagrun for example_complex to None
[2021-02-18 07:58:26,530] {scheduler_job.py:190} INFO - Processing /home/airflow/.local/lib/python3.6/site-packages/airflow/example_dags/example_complex.py took 0.066 seconds
[2021-02-18 07:58:56,637] {scheduler_job.py:182} INFO - Started process (PID=142) to work on /home/airflow/.local/lib/python3.6/site-packages/airflow/example_dags/example_complex.py
[2021-02-18 07:58:56,639] {scheduler_job.py:629} INFO - Processing file /home/airflow/.local/lib/python3.6/site-packages/airflow/example_dags/example_complex.py for tasks to queue
[2021-02-18 07:58:56,640] {logging_mixin.py:104} INFO - [2021-02-18 07:58:56,639] {dagbag.py:448} INFO - Filling up the DagBag from /home/airflow/.local/lib/python3.6/site-packages/airflow/example_dags/example_complex.py
[2021-02-18 07:58:56,656] {scheduler_job.py:639} INFO - DAG(s) dict_keys(['example_complex']) retrieved from /home/airflow/.local/lib/python3.6/site-packages/airflow/example_dags/example_complex.py
[2021-02-18 07:58:56,680] {logging_mixin.py:104} INFO - [2021-02-18 07:58:56,680] {dag.py:1818} INFO - Sync 1 DAGs
[2021-02-18 07:58:56,693] {logging_mixin.py:104} INFO - [2021-02-18 07:58:56,693] {dag.py:2273} INFO - Setting next_dagrun for example_complex to None
[2021-02-18 07:58:56,701] {scheduler_job.py:190} INFO - Processing /home/airflow/.local/lib/python3.6/site-packages/airflow/example_dags/example_complex.py took 0.068 seconds
[2021-02-18 07:59:26,883] {scheduler_job.py:182} INFO - Started process (PID=167) to work on /home/airflow/.local/lib/python3.6/site-packages/airflow/example_dags/example_complex.py
[2021-02-18 07:59:26,885] {scheduler_job.py:629} INFO - Processing file /home/airflow/.local/lib/python3.6/site-packages/airflow/example_dags/example_complex.py for tasks to queue
[2021-02-18 07:59:26,885] {logging_mixin.py:104} INFO - [2021-02-18 07:59:26,885] {dagbag.py:448} INFO - Filling up the DagBag from /home/airflow/.local/lib/python3.6/site-packages/airflow/example_dags/example_complex.py
[2021-02-18 07:59:26,900] {scheduler_job.py:639} INFO - DAG(s) dict_keys(['example_complex']) retrieved from /home/airflow/.local/lib/python3.6/site-packages/airflow/example_dags/example_complex.py
[2021-02-18 07:59:26,950] {logging_mixin.py:104} INFO - [2021-02-18 07:59:26,950] {dag.py:1818} INFO - Sync 1 DAGs
[2021-02-18 07:59:26,964] {logging_mixin.py:104} INFO - [2021-02-18 07:59:26,964] {dag.py:2273} INFO - Setting next_dagrun for example_complex to None
[2021-02-18 07:59:26,975] {scheduler_job.py:190} INFO - Processing /home/airflow/.local/lib/python3.6/site-packages/airflow/example_dags/example_complex.py took 0.095 seconds
[2021-02-18 07:59:57,078] {scheduler_job.py:182} INFO - Started process (PID=194) to work on /home/airflow/.local/lib/python3.6/site-packages/airflow/example_dags/example_complex.py
[2021-02-18 07:59:57,079] {scheduler_job.py:629} INFO - Processing file /home/airflow/.local/lib/python3.6/site-packages/airflow/example_dags/example_complex.py for tasks to queue
[2021-02-18 07:59:57,079] {logging_mixin.py:104} INFO - [2021-02-18 07:59:57,079] {dagbag.py:448} INFO - Filling up the DagBag from /home/airflow/.local/lib/python3.6/site-packages/airflow/example_dags/example_complex.py
[2021-02-18 07:59:57,094] {scheduler_job.py:639} INFO - DAG(s) dict_keys(['example_complex']) retrieved from /home/airflow/.local/lib/python3.6/site-packages/airflow/example_dags/example_complex.py
[2021-02-18 07:59:57,121] {logging_mixin.py:104} INFO - [2021-02-18 07:59:57,121] {dag.py:1818} INFO - Sync 1 DAGs
[2021-02-18 07:59:57,132] {logging_mixin.py:104} INFO - [2021-02-18 07:59:57,132] {dag.py:2273} INFO - Setting next_dagrun for example_complex to None
[2021-02-18 07:59:57,141] {scheduler_job.py:190} INFO - Processing /home/airflow/.local/lib/python3.6/site-packages/airflow/example_dags/example_complex.py took 0.067 seconds
