[2021-02-18 07:37:59,097] {scheduler_job.py:182} INFO - Started process (PID=48) to work on /home/airflow/.local/lib/python3.6/site-packages/airflow/example_dags/example_subdag_operator.py
[2021-02-18 07:37:59,098] {scheduler_job.py:629} INFO - Processing file /home/airflow/.local/lib/python3.6/site-packages/airflow/example_dags/example_subdag_operator.py for tasks to queue
[2021-02-18 07:37:59,098] {logging_mixin.py:104} INFO - [2021-02-18 07:37:59,098] {dagbag.py:448} INFO - Filling up the DagBag from /home/airflow/.local/lib/python3.6/site-packages/airflow/example_dags/example_subdag_operator.py
[2021-02-18 07:37:59,128] {scheduler_job.py:639} INFO - DAG(s) dict_keys(['example_subdag_operator.section-1', 'example_subdag_operator.section-2', 'example_subdag_operator']) retrieved from /home/airflow/.local/lib/python3.6/site-packages/airflow/example_dags/example_subdag_operator.py
[2021-02-18 07:37:59,144] {logging_mixin.py:104} INFO - [2021-02-18 07:37:59,144] {dag.py:1818} INFO - Sync 3 DAGs
[2021-02-18 07:37:59,155] {logging_mixin.py:104} INFO - [2021-02-18 07:37:59,155] {dag.py:1837} INFO - Creating ORM DAG for example_subdag_operator.section-1
[2021-02-18 07:37:59,158] {logging_mixin.py:104} INFO - [2021-02-18 07:37:59,158] {dag.py:1837} INFO - Creating ORM DAG for example_subdag_operator.section-2
[2021-02-18 07:37:59,158] {logging_mixin.py:104} INFO - [2021-02-18 07:37:59,158] {dag.py:1837} INFO - Creating ORM DAG for example_subdag_operator
[2021-02-18 07:37:59,166] {logging_mixin.py:104} INFO - [2021-02-18 07:37:59,165] {dag.py:2273} INFO - Setting next_dagrun for example_subdag_operator to 2021-02-16 00:00:00+00:00
[2021-02-18 07:37:59,166] {logging_mixin.py:104} INFO - [2021-02-18 07:37:59,166] {dag.py:2273} INFO - Setting next_dagrun for example_subdag_operator.section-1 to None
[2021-02-18 07:37:59,166] {logging_mixin.py:104} INFO - [2021-02-18 07:37:59,166] {dag.py:2273} INFO - Setting next_dagrun for example_subdag_operator.section-2 to None
[2021-02-18 07:37:59,179] {logging_mixin.py:104} INFO - [2021-02-18 07:37:59,179] {dag.py:1818} INFO - Sync 2 DAGs
[2021-02-18 07:37:59,187] {logging_mixin.py:104} INFO - [2021-02-18 07:37:59,187] {dag.py:2273} INFO - Setting next_dagrun for example_subdag_operator.section-1 to None
[2021-02-18 07:37:59,187] {logging_mixin.py:104} INFO - [2021-02-18 07:37:59,187] {dag.py:2273} INFO - Setting next_dagrun for example_subdag_operator.section-2 to None
[2021-02-18 07:37:59,193] {scheduler_job.py:190} INFO - Processing /home/airflow/.local/lib/python3.6/site-packages/airflow/example_dags/example_subdag_operator.py took 0.099 seconds
[2021-02-18 07:38:29,437] {scheduler_job.py:182} INFO - Started process (PID=76) to work on /home/airflow/.local/lib/python3.6/site-packages/airflow/example_dags/example_subdag_operator.py
[2021-02-18 07:38:29,437] {scheduler_job.py:629} INFO - Processing file /home/airflow/.local/lib/python3.6/site-packages/airflow/example_dags/example_subdag_operator.py for tasks to queue
[2021-02-18 07:38:29,438] {logging_mixin.py:104} INFO - [2021-02-18 07:38:29,438] {dagbag.py:448} INFO - Filling up the DagBag from /home/airflow/.local/lib/python3.6/site-packages/airflow/example_dags/example_subdag_operator.py
[2021-02-18 07:38:29,466] {scheduler_job.py:639} INFO - DAG(s) dict_keys(['example_subdag_operator.section-1', 'example_subdag_operator.section-2', 'example_subdag_operator']) retrieved from /home/airflow/.local/lib/python3.6/site-packages/airflow/example_dags/example_subdag_operator.py
[2021-02-18 07:38:29,476] {logging_mixin.py:104} INFO - [2021-02-18 07:38:29,476] {dag.py:1818} INFO - Sync 3 DAGs
[2021-02-18 07:38:29,489] {logging_mixin.py:104} INFO - [2021-02-18 07:38:29,488] {dag.py:2273} INFO - Setting next_dagrun for example_subdag_operator to 2021-02-16 00:00:00+00:00
[2021-02-18 07:38:29,489] {logging_mixin.py:104} INFO - [2021-02-18 07:38:29,489] {dag.py:2273} INFO - Setting next_dagrun for example_subdag_operator.section-1 to None
[2021-02-18 07:38:29,489] {logging_mixin.py:104} INFO - [2021-02-18 07:38:29,489] {dag.py:2273} INFO - Setting next_dagrun for example_subdag_operator.section-2 to None
[2021-02-18 07:38:29,494] {logging_mixin.py:104} INFO - [2021-02-18 07:38:29,494] {dag.py:1818} INFO - Sync 2 DAGs
[2021-02-18 07:38:29,501] {logging_mixin.py:104} INFO - [2021-02-18 07:38:29,500] {dag.py:2273} INFO - Setting next_dagrun for example_subdag_operator.section-1 to None
[2021-02-18 07:38:29,501] {logging_mixin.py:104} INFO - [2021-02-18 07:38:29,501] {dag.py:2273} INFO - Setting next_dagrun for example_subdag_operator.section-2 to None
[2021-02-18 07:38:29,506] {scheduler_job.py:190} INFO - Processing /home/airflow/.local/lib/python3.6/site-packages/airflow/example_dags/example_subdag_operator.py took 0.071 seconds
[2021-02-18 07:38:59,553] {scheduler_job.py:182} INFO - Started process (PID=102) to work on /home/airflow/.local/lib/python3.6/site-packages/airflow/example_dags/example_subdag_operator.py
[2021-02-18 07:38:59,555] {scheduler_job.py:629} INFO - Processing file /home/airflow/.local/lib/python3.6/site-packages/airflow/example_dags/example_subdag_operator.py for tasks to queue
[2021-02-18 07:38:59,555] {logging_mixin.py:104} INFO - [2021-02-18 07:38:59,555] {dagbag.py:448} INFO - Filling up the DagBag from /home/airflow/.local/lib/python3.6/site-packages/airflow/example_dags/example_subdag_operator.py
[2021-02-18 07:38:59,578] {scheduler_job.py:639} INFO - DAG(s) dict_keys(['example_subdag_operator.section-1', 'example_subdag_operator.section-2', 'example_subdag_operator']) retrieved from /home/airflow/.local/lib/python3.6/site-packages/airflow/example_dags/example_subdag_operator.py
[2021-02-18 07:38:59,588] {logging_mixin.py:104} INFO - [2021-02-18 07:38:59,588] {dag.py:1818} INFO - Sync 3 DAGs
[2021-02-18 07:38:59,601] {logging_mixin.py:104} INFO - [2021-02-18 07:38:59,601] {dag.py:2273} INFO - Setting next_dagrun for example_subdag_operator to 2021-02-16 00:00:00+00:00
[2021-02-18 07:38:59,602] {logging_mixin.py:104} INFO - [2021-02-18 07:38:59,602] {dag.py:2273} INFO - Setting next_dagrun for example_subdag_operator.section-1 to None
[2021-02-18 07:38:59,602] {logging_mixin.py:104} INFO - [2021-02-18 07:38:59,602] {dag.py:2273} INFO - Setting next_dagrun for example_subdag_operator.section-2 to None
[2021-02-18 07:38:59,607] {logging_mixin.py:104} INFO - [2021-02-18 07:38:59,607] {dag.py:1818} INFO - Sync 2 DAGs
[2021-02-18 07:38:59,614] {logging_mixin.py:104} INFO - [2021-02-18 07:38:59,614] {dag.py:2273} INFO - Setting next_dagrun for example_subdag_operator.section-1 to None
[2021-02-18 07:38:59,614] {logging_mixin.py:104} INFO - [2021-02-18 07:38:59,614] {dag.py:2273} INFO - Setting next_dagrun for example_subdag_operator.section-2 to None
[2021-02-18 07:38:59,620] {scheduler_job.py:190} INFO - Processing /home/airflow/.local/lib/python3.6/site-packages/airflow/example_dags/example_subdag_operator.py took 0.071 seconds
[2021-02-18 07:39:29,735] {scheduler_job.py:182} INFO - Started process (PID=128) to work on /home/airflow/.local/lib/python3.6/site-packages/airflow/example_dags/example_subdag_operator.py
[2021-02-18 07:39:29,736] {scheduler_job.py:629} INFO - Processing file /home/airflow/.local/lib/python3.6/site-packages/airflow/example_dags/example_subdag_operator.py for tasks to queue
[2021-02-18 07:39:29,736] {logging_mixin.py:104} INFO - [2021-02-18 07:39:29,736] {dagbag.py:448} INFO - Filling up the DagBag from /home/airflow/.local/lib/python3.6/site-packages/airflow/example_dags/example_subdag_operator.py
[2021-02-18 07:39:29,766] {scheduler_job.py:639} INFO - DAG(s) dict_keys(['example_subdag_operator.section-1', 'example_subdag_operator.section-2', 'example_subdag_operator']) retrieved from /home/airflow/.local/lib/python3.6/site-packages/airflow/example_dags/example_subdag_operator.py
[2021-02-18 07:39:29,776] {logging_mixin.py:104} INFO - [2021-02-18 07:39:29,775] {dag.py:1818} INFO - Sync 3 DAGs
[2021-02-18 07:39:29,789] {logging_mixin.py:104} INFO - [2021-02-18 07:39:29,789] {dag.py:2273} INFO - Setting next_dagrun for example_subdag_operator to 2021-02-16 00:00:00+00:00
[2021-02-18 07:39:29,790] {logging_mixin.py:104} INFO - [2021-02-18 07:39:29,790] {dag.py:2273} INFO - Setting next_dagrun for example_subdag_operator.section-1 to None
[2021-02-18 07:39:29,790] {logging_mixin.py:104} INFO - [2021-02-18 07:39:29,790] {dag.py:2273} INFO - Setting next_dagrun for example_subdag_operator.section-2 to None
[2021-02-18 07:39:29,796] {logging_mixin.py:104} INFO - [2021-02-18 07:39:29,796] {dag.py:1818} INFO - Sync 2 DAGs
[2021-02-18 07:39:29,804] {logging_mixin.py:104} INFO - [2021-02-18 07:39:29,804] {dag.py:2273} INFO - Setting next_dagrun for example_subdag_operator.section-1 to None
[2021-02-18 07:39:29,804] {logging_mixin.py:104} INFO - [2021-02-18 07:39:29,804] {dag.py:2273} INFO - Setting next_dagrun for example_subdag_operator.section-2 to None
[2021-02-18 07:39:29,809] {scheduler_job.py:190} INFO - Processing /home/airflow/.local/lib/python3.6/site-packages/airflow/example_dags/example_subdag_operator.py took 0.076 seconds
[2021-02-18 07:40:00,165] {scheduler_job.py:182} INFO - Started process (PID=156) to work on /home/airflow/.local/lib/python3.6/site-packages/airflow/example_dags/example_subdag_operator.py
[2021-02-18 07:40:00,166] {scheduler_job.py:629} INFO - Processing file /home/airflow/.local/lib/python3.6/site-packages/airflow/example_dags/example_subdag_operator.py for tasks to queue
[2021-02-18 07:40:00,166] {logging_mixin.py:104} INFO - [2021-02-18 07:40:00,166] {dagbag.py:448} INFO - Filling up the DagBag from /home/airflow/.local/lib/python3.6/site-packages/airflow/example_dags/example_subdag_operator.py
[2021-02-18 07:40:00,192] {scheduler_job.py:639} INFO - DAG(s) dict_keys(['example_subdag_operator.section-1', 'example_subdag_operator.section-2', 'example_subdag_operator']) retrieved from /home/airflow/.local/lib/python3.6/site-packages/airflow/example_dags/example_subdag_operator.py
[2021-02-18 07:40:00,202] {logging_mixin.py:104} INFO - [2021-02-18 07:40:00,202] {dag.py:1818} INFO - Sync 3 DAGs
[2021-02-18 07:40:00,213] {logging_mixin.py:104} INFO - [2021-02-18 07:40:00,213] {dag.py:2273} INFO - Setting next_dagrun for example_subdag_operator to 2021-02-16 00:00:00+00:00
[2021-02-18 07:40:00,214] {logging_mixin.py:104} INFO - [2021-02-18 07:40:00,214] {dag.py:2273} INFO - Setting next_dagrun for example_subdag_operator.section-1 to None
[2021-02-18 07:40:00,214] {logging_mixin.py:104} INFO - [2021-02-18 07:40:00,214] {dag.py:2273} INFO - Setting next_dagrun for example_subdag_operator.section-2 to None
[2021-02-18 07:40:00,225] {logging_mixin.py:104} INFO - [2021-02-18 07:40:00,225] {dag.py:1818} INFO - Sync 2 DAGs
[2021-02-18 07:40:00,232] {logging_mixin.py:104} INFO - [2021-02-18 07:40:00,232] {dag.py:2273} INFO - Setting next_dagrun for example_subdag_operator.section-1 to None
[2021-02-18 07:40:00,232] {logging_mixin.py:104} INFO - [2021-02-18 07:40:00,232] {dag.py:2273} INFO - Setting next_dagrun for example_subdag_operator.section-2 to None
[2021-02-18 07:40:00,237] {scheduler_job.py:190} INFO - Processing /home/airflow/.local/lib/python3.6/site-packages/airflow/example_dags/example_subdag_operator.py took 0.075 seconds
[2021-02-18 07:40:30,363] {scheduler_job.py:182} INFO - Started process (PID=182) to work on /home/airflow/.local/lib/python3.6/site-packages/airflow/example_dags/example_subdag_operator.py
[2021-02-18 07:40:30,366] {scheduler_job.py:629} INFO - Processing file /home/airflow/.local/lib/python3.6/site-packages/airflow/example_dags/example_subdag_operator.py for tasks to queue
[2021-02-18 07:40:30,366] {logging_mixin.py:104} INFO - [2021-02-18 07:40:30,366] {dagbag.py:448} INFO - Filling up the DagBag from /home/airflow/.local/lib/python3.6/site-packages/airflow/example_dags/example_subdag_operator.py
[2021-02-18 07:40:30,392] {scheduler_job.py:639} INFO - DAG(s) dict_keys(['example_subdag_operator.section-1', 'example_subdag_operator.section-2', 'example_subdag_operator']) retrieved from /home/airflow/.local/lib/python3.6/site-packages/airflow/example_dags/example_subdag_operator.py
[2021-02-18 07:40:30,402] {logging_mixin.py:104} INFO - [2021-02-18 07:40:30,402] {dag.py:1818} INFO - Sync 3 DAGs
[2021-02-18 07:40:30,419] {logging_mixin.py:104} INFO - [2021-02-18 07:40:30,419] {dag.py:2273} INFO - Setting next_dagrun for example_subdag_operator to 2021-02-16 00:00:00+00:00
[2021-02-18 07:40:30,420] {logging_mixin.py:104} INFO - [2021-02-18 07:40:30,420] {dag.py:2273} INFO - Setting next_dagrun for example_subdag_operator.section-1 to None
[2021-02-18 07:40:30,420] {logging_mixin.py:104} INFO - [2021-02-18 07:40:30,420] {dag.py:2273} INFO - Setting next_dagrun for example_subdag_operator.section-2 to None
[2021-02-18 07:40:30,427] {logging_mixin.py:104} INFO - [2021-02-18 07:40:30,427] {dag.py:1818} INFO - Sync 2 DAGs
[2021-02-18 07:40:30,433] {logging_mixin.py:104} INFO - [2021-02-18 07:40:30,433] {dag.py:2273} INFO - Setting next_dagrun for example_subdag_operator.section-1 to None
[2021-02-18 07:40:30,433] {logging_mixin.py:104} INFO - [2021-02-18 07:40:30,433] {dag.py:2273} INFO - Setting next_dagrun for example_subdag_operator.section-2 to None
[2021-02-18 07:40:30,438] {scheduler_job.py:190} INFO - Processing /home/airflow/.local/lib/python3.6/site-packages/airflow/example_dags/example_subdag_operator.py took 0.079 seconds
[2021-02-18 07:41:00,581] {scheduler_job.py:182} INFO - Started process (PID=209) to work on /home/airflow/.local/lib/python3.6/site-packages/airflow/example_dags/example_subdag_operator.py
[2021-02-18 07:41:00,582] {scheduler_job.py:629} INFO - Processing file /home/airflow/.local/lib/python3.6/site-packages/airflow/example_dags/example_subdag_operator.py for tasks to queue
[2021-02-18 07:41:00,583] {logging_mixin.py:104} INFO - [2021-02-18 07:41:00,582] {dagbag.py:448} INFO - Filling up the DagBag from /home/airflow/.local/lib/python3.6/site-packages/airflow/example_dags/example_subdag_operator.py
[2021-02-18 07:41:00,613] {scheduler_job.py:639} INFO - DAG(s) dict_keys(['example_subdag_operator.section-1', 'example_subdag_operator.section-2', 'example_subdag_operator']) retrieved from /home/airflow/.local/lib/python3.6/site-packages/airflow/example_dags/example_subdag_operator.py
[2021-02-18 07:41:00,625] {logging_mixin.py:104} INFO - [2021-02-18 07:41:00,625] {dag.py:1818} INFO - Sync 3 DAGs
[2021-02-18 07:41:00,638] {logging_mixin.py:104} INFO - [2021-02-18 07:41:00,638] {dag.py:2273} INFO - Setting next_dagrun for example_subdag_operator to 2021-02-16 00:00:00+00:00
[2021-02-18 07:41:00,639] {logging_mixin.py:104} INFO - [2021-02-18 07:41:00,639] {dag.py:2273} INFO - Setting next_dagrun for example_subdag_operator.section-1 to None
[2021-02-18 07:41:00,639] {logging_mixin.py:104} INFO - [2021-02-18 07:41:00,639] {dag.py:2273} INFO - Setting next_dagrun for example_subdag_operator.section-2 to None
[2021-02-18 07:41:00,645] {logging_mixin.py:104} INFO - [2021-02-18 07:41:00,645] {dag.py:1818} INFO - Sync 2 DAGs
[2021-02-18 07:41:00,653] {logging_mixin.py:104} INFO - [2021-02-18 07:41:00,652] {dag.py:2273} INFO - Setting next_dagrun for example_subdag_operator.section-1 to None
[2021-02-18 07:41:00,653] {logging_mixin.py:104} INFO - [2021-02-18 07:41:00,653] {dag.py:2273} INFO - Setting next_dagrun for example_subdag_operator.section-2 to None
[2021-02-18 07:41:00,658] {scheduler_job.py:190} INFO - Processing /home/airflow/.local/lib/python3.6/site-packages/airflow/example_dags/example_subdag_operator.py took 0.079 seconds
[2021-02-18 07:41:31,623] {scheduler_job.py:182} INFO - Started process (PID=235) to work on /home/airflow/.local/lib/python3.6/site-packages/airflow/example_dags/example_subdag_operator.py
[2021-02-18 07:41:31,624] {scheduler_job.py:629} INFO - Processing file /home/airflow/.local/lib/python3.6/site-packages/airflow/example_dags/example_subdag_operator.py for tasks to queue
[2021-02-18 07:41:31,624] {logging_mixin.py:104} INFO - [2021-02-18 07:41:31,624] {dagbag.py:448} INFO - Filling up the DagBag from /home/airflow/.local/lib/python3.6/site-packages/airflow/example_dags/example_subdag_operator.py
[2021-02-18 07:41:31,649] {scheduler_job.py:639} INFO - DAG(s) dict_keys(['example_subdag_operator.section-1', 'example_subdag_operator.section-2', 'example_subdag_operator']) retrieved from /home/airflow/.local/lib/python3.6/site-packages/airflow/example_dags/example_subdag_operator.py
[2021-02-18 07:41:31,658] {logging_mixin.py:104} INFO - [2021-02-18 07:41:31,658] {dag.py:1818} INFO - Sync 3 DAGs
[2021-02-18 07:41:31,669] {logging_mixin.py:104} INFO - [2021-02-18 07:41:31,669] {dag.py:2273} INFO - Setting next_dagrun for example_subdag_operator to 2021-02-16 00:00:00+00:00
[2021-02-18 07:41:31,670] {logging_mixin.py:104} INFO - [2021-02-18 07:41:31,670] {dag.py:2273} INFO - Setting next_dagrun for example_subdag_operator.section-1 to None
[2021-02-18 07:41:31,670] {logging_mixin.py:104} INFO - [2021-02-18 07:41:31,670] {dag.py:2273} INFO - Setting next_dagrun for example_subdag_operator.section-2 to None
[2021-02-18 07:41:31,675] {logging_mixin.py:104} INFO - [2021-02-18 07:41:31,675] {dag.py:1818} INFO - Sync 2 DAGs
[2021-02-18 07:41:31,682] {logging_mixin.py:104} INFO - [2021-02-18 07:41:31,682] {dag.py:2273} INFO - Setting next_dagrun for example_subdag_operator.section-1 to None
[2021-02-18 07:41:31,682] {logging_mixin.py:104} INFO - [2021-02-18 07:41:31,682] {dag.py:2273} INFO - Setting next_dagrun for example_subdag_operator.section-2 to None
[2021-02-18 07:41:31,687] {scheduler_job.py:190} INFO - Processing /home/airflow/.local/lib/python3.6/site-packages/airflow/example_dags/example_subdag_operator.py took 0.068 seconds
[2021-02-18 07:42:01,727] {scheduler_job.py:182} INFO - Started process (PID=261) to work on /home/airflow/.local/lib/python3.6/site-packages/airflow/example_dags/example_subdag_operator.py
[2021-02-18 07:42:01,729] {scheduler_job.py:629} INFO - Processing file /home/airflow/.local/lib/python3.6/site-packages/airflow/example_dags/example_subdag_operator.py for tasks to queue
[2021-02-18 07:42:01,730] {logging_mixin.py:104} INFO - [2021-02-18 07:42:01,730] {dagbag.py:448} INFO - Filling up the DagBag from /home/airflow/.local/lib/python3.6/site-packages/airflow/example_dags/example_subdag_operator.py
[2021-02-18 07:42:01,756] {scheduler_job.py:639} INFO - DAG(s) dict_keys(['example_subdag_operator.section-1', 'example_subdag_operator.section-2', 'example_subdag_operator']) retrieved from /home/airflow/.local/lib/python3.6/site-packages/airflow/example_dags/example_subdag_operator.py
[2021-02-18 07:42:01,767] {logging_mixin.py:104} INFO - [2021-02-18 07:42:01,767] {dag.py:1818} INFO - Sync 3 DAGs
[2021-02-18 07:42:01,783] {logging_mixin.py:104} INFO - [2021-02-18 07:42:01,783] {dag.py:2273} INFO - Setting next_dagrun for example_subdag_operator to 2021-02-16 00:00:00+00:00
[2021-02-18 07:42:01,784] {logging_mixin.py:104} INFO - [2021-02-18 07:42:01,784] {dag.py:2273} INFO - Setting next_dagrun for example_subdag_operator.section-1 to None
[2021-02-18 07:42:01,784] {logging_mixin.py:104} INFO - [2021-02-18 07:42:01,784] {dag.py:2273} INFO - Setting next_dagrun for example_subdag_operator.section-2 to None
[2021-02-18 07:42:01,791] {logging_mixin.py:104} INFO - [2021-02-18 07:42:01,791] {dag.py:1818} INFO - Sync 2 DAGs
[2021-02-18 07:42:01,801] {logging_mixin.py:104} INFO - [2021-02-18 07:42:01,801] {dag.py:2273} INFO - Setting next_dagrun for example_subdag_operator.section-1 to None
[2021-02-18 07:42:01,801] {logging_mixin.py:104} INFO - [2021-02-18 07:42:01,801] {dag.py:2273} INFO - Setting next_dagrun for example_subdag_operator.section-2 to None
[2021-02-18 07:42:01,806] {scheduler_job.py:190} INFO - Processing /home/airflow/.local/lib/python3.6/site-packages/airflow/example_dags/example_subdag_operator.py took 0.084 seconds
[2021-02-18 07:42:31,908] {scheduler_job.py:182} INFO - Started process (PID=289) to work on /home/airflow/.local/lib/python3.6/site-packages/airflow/example_dags/example_subdag_operator.py
[2021-02-18 07:42:31,910] {scheduler_job.py:629} INFO - Processing file /home/airflow/.local/lib/python3.6/site-packages/airflow/example_dags/example_subdag_operator.py for tasks to queue
[2021-02-18 07:42:31,910] {logging_mixin.py:104} INFO - [2021-02-18 07:42:31,910] {dagbag.py:448} INFO - Filling up the DagBag from /home/airflow/.local/lib/python3.6/site-packages/airflow/example_dags/example_subdag_operator.py
[2021-02-18 07:42:31,937] {scheduler_job.py:639} INFO - DAG(s) dict_keys(['example_subdag_operator.section-1', 'example_subdag_operator.section-2', 'example_subdag_operator']) retrieved from /home/airflow/.local/lib/python3.6/site-packages/airflow/example_dags/example_subdag_operator.py
[2021-02-18 07:42:31,950] {logging_mixin.py:104} INFO - [2021-02-18 07:42:31,949] {dag.py:1818} INFO - Sync 3 DAGs
[2021-02-18 07:42:31,966] {logging_mixin.py:104} INFO - [2021-02-18 07:42:31,966] {dag.py:2273} INFO - Setting next_dagrun for example_subdag_operator to 2021-02-16 00:00:00+00:00
[2021-02-18 07:42:31,967] {logging_mixin.py:104} INFO - [2021-02-18 07:42:31,967] {dag.py:2273} INFO - Setting next_dagrun for example_subdag_operator.section-1 to None
[2021-02-18 07:42:31,967] {logging_mixin.py:104} INFO - [2021-02-18 07:42:31,967] {dag.py:2273} INFO - Setting next_dagrun for example_subdag_operator.section-2 to None
[2021-02-18 07:42:31,975] {logging_mixin.py:104} INFO - [2021-02-18 07:42:31,975] {dag.py:1818} INFO - Sync 2 DAGs
[2021-02-18 07:42:31,983] {logging_mixin.py:104} INFO - [2021-02-18 07:42:31,982] {dag.py:2273} INFO - Setting next_dagrun for example_subdag_operator.section-1 to None
[2021-02-18 07:42:31,983] {logging_mixin.py:104} INFO - [2021-02-18 07:42:31,983] {dag.py:2273} INFO - Setting next_dagrun for example_subdag_operator.section-2 to None
[2021-02-18 07:42:31,988] {scheduler_job.py:190} INFO - Processing /home/airflow/.local/lib/python3.6/site-packages/airflow/example_dags/example_subdag_operator.py took 0.084 seconds
[2021-02-18 07:43:02,120] {scheduler_job.py:182} INFO - Started process (PID=315) to work on /home/airflow/.local/lib/python3.6/site-packages/airflow/example_dags/example_subdag_operator.py
[2021-02-18 07:43:02,121] {scheduler_job.py:629} INFO - Processing file /home/airflow/.local/lib/python3.6/site-packages/airflow/example_dags/example_subdag_operator.py for tasks to queue
[2021-02-18 07:43:02,121] {logging_mixin.py:104} INFO - [2021-02-18 07:43:02,121] {dagbag.py:448} INFO - Filling up the DagBag from /home/airflow/.local/lib/python3.6/site-packages/airflow/example_dags/example_subdag_operator.py
[2021-02-18 07:43:02,150] {scheduler_job.py:639} INFO - DAG(s) dict_keys(['example_subdag_operator.section-1', 'example_subdag_operator.section-2', 'example_subdag_operator']) retrieved from /home/airflow/.local/lib/python3.6/site-packages/airflow/example_dags/example_subdag_operator.py
[2021-02-18 07:43:02,159] {logging_mixin.py:104} INFO - [2021-02-18 07:43:02,159] {dag.py:1818} INFO - Sync 3 DAGs
[2021-02-18 07:43:02,175] {logging_mixin.py:104} INFO - [2021-02-18 07:43:02,174] {dag.py:2273} INFO - Setting next_dagrun for example_subdag_operator to 2021-02-16 00:00:00+00:00
[2021-02-18 07:43:02,176] {logging_mixin.py:104} INFO - [2021-02-18 07:43:02,176] {dag.py:2273} INFO - Setting next_dagrun for example_subdag_operator.section-1 to None
[2021-02-18 07:43:02,176] {logging_mixin.py:104} INFO - [2021-02-18 07:43:02,176] {dag.py:2273} INFO - Setting next_dagrun for example_subdag_operator.section-2 to None
[2021-02-18 07:43:02,185] {logging_mixin.py:104} INFO - [2021-02-18 07:43:02,184] {dag.py:1818} INFO - Sync 2 DAGs
[2021-02-18 07:43:02,190] {logging_mixin.py:104} INFO - [2021-02-18 07:43:02,190] {dag.py:2273} INFO - Setting next_dagrun for example_subdag_operator.section-1 to None
[2021-02-18 07:43:02,191] {logging_mixin.py:104} INFO - [2021-02-18 07:43:02,191] {dag.py:2273} INFO - Setting next_dagrun for example_subdag_operator.section-2 to None
[2021-02-18 07:43:02,195] {scheduler_job.py:190} INFO - Processing /home/airflow/.local/lib/python3.6/site-packages/airflow/example_dags/example_subdag_operator.py took 0.079 seconds
[2021-02-18 07:43:32,424] {scheduler_job.py:182} INFO - Started process (PID=342) to work on /home/airflow/.local/lib/python3.6/site-packages/airflow/example_dags/example_subdag_operator.py
[2021-02-18 07:43:32,425] {scheduler_job.py:629} INFO - Processing file /home/airflow/.local/lib/python3.6/site-packages/airflow/example_dags/example_subdag_operator.py for tasks to queue
[2021-02-18 07:43:32,426] {logging_mixin.py:104} INFO - [2021-02-18 07:43:32,426] {dagbag.py:448} INFO - Filling up the DagBag from /home/airflow/.local/lib/python3.6/site-packages/airflow/example_dags/example_subdag_operator.py
[2021-02-18 07:43:32,449] {scheduler_job.py:639} INFO - DAG(s) dict_keys(['example_subdag_operator.section-1', 'example_subdag_operator.section-2', 'example_subdag_operator']) retrieved from /home/airflow/.local/lib/python3.6/site-packages/airflow/example_dags/example_subdag_operator.py
[2021-02-18 07:43:32,459] {logging_mixin.py:104} INFO - [2021-02-18 07:43:32,459] {dag.py:1818} INFO - Sync 3 DAGs
[2021-02-18 07:43:32,471] {logging_mixin.py:104} INFO - [2021-02-18 07:43:32,471] {dag.py:2273} INFO - Setting next_dagrun for example_subdag_operator to 2021-02-16 00:00:00+00:00
[2021-02-18 07:43:32,472] {logging_mixin.py:104} INFO - [2021-02-18 07:43:32,472] {dag.py:2273} INFO - Setting next_dagrun for example_subdag_operator.section-1 to None
[2021-02-18 07:43:32,472] {logging_mixin.py:104} INFO - [2021-02-18 07:43:32,472] {dag.py:2273} INFO - Setting next_dagrun for example_subdag_operator.section-2 to None
[2021-02-18 07:43:32,479] {logging_mixin.py:104} INFO - [2021-02-18 07:43:32,479] {dag.py:1818} INFO - Sync 2 DAGs
[2021-02-18 07:43:32,485] {logging_mixin.py:104} INFO - [2021-02-18 07:43:32,485] {dag.py:2273} INFO - Setting next_dagrun for example_subdag_operator.section-1 to None
[2021-02-18 07:43:32,485] {logging_mixin.py:104} INFO - [2021-02-18 07:43:32,485] {dag.py:2273} INFO - Setting next_dagrun for example_subdag_operator.section-2 to None
[2021-02-18 07:43:32,489] {scheduler_job.py:190} INFO - Processing /home/airflow/.local/lib/python3.6/site-packages/airflow/example_dags/example_subdag_operator.py took 0.069 seconds
[2021-02-18 07:44:02,539] {scheduler_job.py:182} INFO - Started process (PID=368) to work on /home/airflow/.local/lib/python3.6/site-packages/airflow/example_dags/example_subdag_operator.py
[2021-02-18 07:44:02,539] {scheduler_job.py:629} INFO - Processing file /home/airflow/.local/lib/python3.6/site-packages/airflow/example_dags/example_subdag_operator.py for tasks to queue
[2021-02-18 07:44:02,540] {logging_mixin.py:104} INFO - [2021-02-18 07:44:02,540] {dagbag.py:448} INFO - Filling up the DagBag from /home/airflow/.local/lib/python3.6/site-packages/airflow/example_dags/example_subdag_operator.py
[2021-02-18 07:44:02,568] {scheduler_job.py:639} INFO - DAG(s) dict_keys(['example_subdag_operator.section-1', 'example_subdag_operator.section-2', 'example_subdag_operator']) retrieved from /home/airflow/.local/lib/python3.6/site-packages/airflow/example_dags/example_subdag_operator.py
[2021-02-18 07:44:02,578] {logging_mixin.py:104} INFO - [2021-02-18 07:44:02,578] {dag.py:1818} INFO - Sync 3 DAGs
[2021-02-18 07:44:02,591] {logging_mixin.py:104} INFO - [2021-02-18 07:44:02,591] {dag.py:2273} INFO - Setting next_dagrun for example_subdag_operator to 2021-02-16 00:00:00+00:00
[2021-02-18 07:44:02,592] {logging_mixin.py:104} INFO - [2021-02-18 07:44:02,592] {dag.py:2273} INFO - Setting next_dagrun for example_subdag_operator.section-1 to None
[2021-02-18 07:44:02,592] {logging_mixin.py:104} INFO - [2021-02-18 07:44:02,592] {dag.py:2273} INFO - Setting next_dagrun for example_subdag_operator.section-2 to None
[2021-02-18 07:44:02,601] {logging_mixin.py:104} INFO - [2021-02-18 07:44:02,601] {dag.py:1818} INFO - Sync 2 DAGs
[2021-02-18 07:44:02,607] {logging_mixin.py:104} INFO - [2021-02-18 07:44:02,607] {dag.py:2273} INFO - Setting next_dagrun for example_subdag_operator.section-1 to None
[2021-02-18 07:44:02,607] {logging_mixin.py:104} INFO - [2021-02-18 07:44:02,607] {dag.py:2273} INFO - Setting next_dagrun for example_subdag_operator.section-2 to None
[2021-02-18 07:44:02,612] {scheduler_job.py:190} INFO - Processing /home/airflow/.local/lib/python3.6/site-packages/airflow/example_dags/example_subdag_operator.py took 0.076 seconds
[2021-02-18 07:44:32,805] {scheduler_job.py:182} INFO - Started process (PID=394) to work on /home/airflow/.local/lib/python3.6/site-packages/airflow/example_dags/example_subdag_operator.py
[2021-02-18 07:44:32,807] {scheduler_job.py:629} INFO - Processing file /home/airflow/.local/lib/python3.6/site-packages/airflow/example_dags/example_subdag_operator.py for tasks to queue
[2021-02-18 07:44:32,807] {logging_mixin.py:104} INFO - [2021-02-18 07:44:32,807] {dagbag.py:448} INFO - Filling up the DagBag from /home/airflow/.local/lib/python3.6/site-packages/airflow/example_dags/example_subdag_operator.py
[2021-02-18 07:44:32,834] {scheduler_job.py:639} INFO - DAG(s) dict_keys(['example_subdag_operator.section-1', 'example_subdag_operator.section-2', 'example_subdag_operator']) retrieved from /home/airflow/.local/lib/python3.6/site-packages/airflow/example_dags/example_subdag_operator.py
[2021-02-18 07:44:32,845] {logging_mixin.py:104} INFO - [2021-02-18 07:44:32,845] {dag.py:1818} INFO - Sync 3 DAGs
[2021-02-18 07:44:32,859] {logging_mixin.py:104} INFO - [2021-02-18 07:44:32,859] {dag.py:2273} INFO - Setting next_dagrun for example_subdag_operator to 2021-02-16 00:00:00+00:00
[2021-02-18 07:44:32,859] {logging_mixin.py:104} INFO - [2021-02-18 07:44:32,859] {dag.py:2273} INFO - Setting next_dagrun for example_subdag_operator.section-1 to None
[2021-02-18 07:44:32,860] {logging_mixin.py:104} INFO - [2021-02-18 07:44:32,859] {dag.py:2273} INFO - Setting next_dagrun for example_subdag_operator.section-2 to None
[2021-02-18 07:44:32,864] {logging_mixin.py:104} INFO - [2021-02-18 07:44:32,864] {dag.py:1818} INFO - Sync 2 DAGs
[2021-02-18 07:44:32,872] {logging_mixin.py:104} INFO - [2021-02-18 07:44:32,871] {dag.py:2273} INFO - Setting next_dagrun for example_subdag_operator.section-1 to None
[2021-02-18 07:44:32,872] {logging_mixin.py:104} INFO - [2021-02-18 07:44:32,872] {dag.py:2273} INFO - Setting next_dagrun for example_subdag_operator.section-2 to None
[2021-02-18 07:44:32,877] {scheduler_job.py:190} INFO - Processing /home/airflow/.local/lib/python3.6/site-packages/airflow/example_dags/example_subdag_operator.py took 0.075 seconds
[2021-02-18 07:45:02,985] {scheduler_job.py:182} INFO - Started process (PID=420) to work on /home/airflow/.local/lib/python3.6/site-packages/airflow/example_dags/example_subdag_operator.py
[2021-02-18 07:45:02,987] {scheduler_job.py:629} INFO - Processing file /home/airflow/.local/lib/python3.6/site-packages/airflow/example_dags/example_subdag_operator.py for tasks to queue
[2021-02-18 07:45:02,988] {logging_mixin.py:104} INFO - [2021-02-18 07:45:02,988] {dagbag.py:448} INFO - Filling up the DagBag from /home/airflow/.local/lib/python3.6/site-packages/airflow/example_dags/example_subdag_operator.py
[2021-02-18 07:45:03,011] {scheduler_job.py:639} INFO - DAG(s) dict_keys(['example_subdag_operator.section-1', 'example_subdag_operator.section-2', 'example_subdag_operator']) retrieved from /home/airflow/.local/lib/python3.6/site-packages/airflow/example_dags/example_subdag_operator.py
[2021-02-18 07:45:03,022] {logging_mixin.py:104} INFO - [2021-02-18 07:45:03,022] {dag.py:1818} INFO - Sync 3 DAGs
[2021-02-18 07:45:03,038] {logging_mixin.py:104} INFO - [2021-02-18 07:45:03,038] {dag.py:2273} INFO - Setting next_dagrun for example_subdag_operator to 2021-02-16 00:00:00+00:00
[2021-02-18 07:45:03,040] {logging_mixin.py:104} INFO - [2021-02-18 07:45:03,040] {dag.py:2273} INFO - Setting next_dagrun for example_subdag_operator.section-1 to None
[2021-02-18 07:45:03,040] {logging_mixin.py:104} INFO - [2021-02-18 07:45:03,040] {dag.py:2273} INFO - Setting next_dagrun for example_subdag_operator.section-2 to None
[2021-02-18 07:45:03,047] {logging_mixin.py:104} INFO - [2021-02-18 07:45:03,047] {dag.py:1818} INFO - Sync 2 DAGs
[2021-02-18 07:45:03,053] {logging_mixin.py:104} INFO - [2021-02-18 07:45:03,053] {dag.py:2273} INFO - Setting next_dagrun for example_subdag_operator.section-1 to None
[2021-02-18 07:45:03,053] {logging_mixin.py:104} INFO - [2021-02-18 07:45:03,053] {dag.py:2273} INFO - Setting next_dagrun for example_subdag_operator.section-2 to None
[2021-02-18 07:45:03,060] {scheduler_job.py:190} INFO - Processing /home/airflow/.local/lib/python3.6/site-packages/airflow/example_dags/example_subdag_operator.py took 0.078 seconds
[2021-02-18 07:45:33,096] {scheduler_job.py:182} INFO - Started process (PID=446) to work on /home/airflow/.local/lib/python3.6/site-packages/airflow/example_dags/example_subdag_operator.py
[2021-02-18 07:45:33,097] {scheduler_job.py:629} INFO - Processing file /home/airflow/.local/lib/python3.6/site-packages/airflow/example_dags/example_subdag_operator.py for tasks to queue
[2021-02-18 07:45:33,097] {logging_mixin.py:104} INFO - [2021-02-18 07:45:33,097] {dagbag.py:448} INFO - Filling up the DagBag from /home/airflow/.local/lib/python3.6/site-packages/airflow/example_dags/example_subdag_operator.py
[2021-02-18 07:45:33,125] {scheduler_job.py:639} INFO - DAG(s) dict_keys(['example_subdag_operator.section-1', 'example_subdag_operator.section-2', 'example_subdag_operator']) retrieved from /home/airflow/.local/lib/python3.6/site-packages/airflow/example_dags/example_subdag_operator.py
[2021-02-18 07:45:33,136] {logging_mixin.py:104} INFO - [2021-02-18 07:45:33,136] {dag.py:1818} INFO - Sync 3 DAGs
[2021-02-18 07:45:33,151] {logging_mixin.py:104} INFO - [2021-02-18 07:45:33,150] {dag.py:2273} INFO - Setting next_dagrun for example_subdag_operator to 2021-02-16 00:00:00+00:00
[2021-02-18 07:45:33,151] {logging_mixin.py:104} INFO - [2021-02-18 07:45:33,151] {dag.py:2273} INFO - Setting next_dagrun for example_subdag_operator.section-1 to None
[2021-02-18 07:45:33,152] {logging_mixin.py:104} INFO - [2021-02-18 07:45:33,152] {dag.py:2273} INFO - Setting next_dagrun for example_subdag_operator.section-2 to None
[2021-02-18 07:45:33,158] {logging_mixin.py:104} INFO - [2021-02-18 07:45:33,158] {dag.py:1818} INFO - Sync 2 DAGs
[2021-02-18 07:45:33,166] {logging_mixin.py:104} INFO - [2021-02-18 07:45:33,166] {dag.py:2273} INFO - Setting next_dagrun for example_subdag_operator.section-1 to None
[2021-02-18 07:45:33,166] {logging_mixin.py:104} INFO - [2021-02-18 07:45:33,166] {dag.py:2273} INFO - Setting next_dagrun for example_subdag_operator.section-2 to None
[2021-02-18 07:45:33,172] {scheduler_job.py:190} INFO - Processing /home/airflow/.local/lib/python3.6/site-packages/airflow/example_dags/example_subdag_operator.py took 0.078 seconds
[2021-02-18 07:46:03,449] {scheduler_job.py:182} INFO - Started process (PID=472) to work on /home/airflow/.local/lib/python3.6/site-packages/airflow/example_dags/example_subdag_operator.py
[2021-02-18 07:46:03,450] {scheduler_job.py:629} INFO - Processing file /home/airflow/.local/lib/python3.6/site-packages/airflow/example_dags/example_subdag_operator.py for tasks to queue
[2021-02-18 07:46:03,450] {logging_mixin.py:104} INFO - [2021-02-18 07:46:03,450] {dagbag.py:448} INFO - Filling up the DagBag from /home/airflow/.local/lib/python3.6/site-packages/airflow/example_dags/example_subdag_operator.py
[2021-02-18 07:46:03,476] {scheduler_job.py:639} INFO - DAG(s) dict_keys(['example_subdag_operator.section-1', 'example_subdag_operator.section-2', 'example_subdag_operator']) retrieved from /home/airflow/.local/lib/python3.6/site-packages/airflow/example_dags/example_subdag_operator.py
[2021-02-18 07:46:03,486] {logging_mixin.py:104} INFO - [2021-02-18 07:46:03,485] {dag.py:1818} INFO - Sync 3 DAGs
[2021-02-18 07:46:03,500] {logging_mixin.py:104} INFO - [2021-02-18 07:46:03,500] {dag.py:2273} INFO - Setting next_dagrun for example_subdag_operator to 2021-02-16 00:00:00+00:00
[2021-02-18 07:46:03,501] {logging_mixin.py:104} INFO - [2021-02-18 07:46:03,501] {dag.py:2273} INFO - Setting next_dagrun for example_subdag_operator.section-1 to None
[2021-02-18 07:46:03,501] {logging_mixin.py:104} INFO - [2021-02-18 07:46:03,501] {dag.py:2273} INFO - Setting next_dagrun for example_subdag_operator.section-2 to None
[2021-02-18 07:46:03,507] {logging_mixin.py:104} INFO - [2021-02-18 07:46:03,507] {dag.py:1818} INFO - Sync 2 DAGs
[2021-02-18 07:46:03,515] {logging_mixin.py:104} INFO - [2021-02-18 07:46:03,515] {dag.py:2273} INFO - Setting next_dagrun for example_subdag_operator.section-1 to None
[2021-02-18 07:46:03,515] {logging_mixin.py:104} INFO - [2021-02-18 07:46:03,515] {dag.py:2273} INFO - Setting next_dagrun for example_subdag_operator.section-2 to None
[2021-02-18 07:46:03,520] {scheduler_job.py:190} INFO - Processing /home/airflow/.local/lib/python3.6/site-packages/airflow/example_dags/example_subdag_operator.py took 0.075 seconds
[2021-02-18 07:46:33,579] {scheduler_job.py:182} INFO - Started process (PID=498) to work on /home/airflow/.local/lib/python3.6/site-packages/airflow/example_dags/example_subdag_operator.py
[2021-02-18 07:46:33,580] {scheduler_job.py:629} INFO - Processing file /home/airflow/.local/lib/python3.6/site-packages/airflow/example_dags/example_subdag_operator.py for tasks to queue
[2021-02-18 07:46:33,581] {logging_mixin.py:104} INFO - [2021-02-18 07:46:33,581] {dagbag.py:448} INFO - Filling up the DagBag from /home/airflow/.local/lib/python3.6/site-packages/airflow/example_dags/example_subdag_operator.py
[2021-02-18 07:46:33,614] {scheduler_job.py:639} INFO - DAG(s) dict_keys(['example_subdag_operator.section-1', 'example_subdag_operator.section-2', 'example_subdag_operator']) retrieved from /home/airflow/.local/lib/python3.6/site-packages/airflow/example_dags/example_subdag_operator.py
[2021-02-18 07:46:33,625] {logging_mixin.py:104} INFO - [2021-02-18 07:46:33,625] {dag.py:1818} INFO - Sync 3 DAGs
[2021-02-18 07:46:33,638] {logging_mixin.py:104} INFO - [2021-02-18 07:46:33,638] {dag.py:2273} INFO - Setting next_dagrun for example_subdag_operator to 2021-02-16 00:00:00+00:00
[2021-02-18 07:46:33,639] {logging_mixin.py:104} INFO - [2021-02-18 07:46:33,639] {dag.py:2273} INFO - Setting next_dagrun for example_subdag_operator.section-1 to None
[2021-02-18 07:46:33,639] {logging_mixin.py:104} INFO - [2021-02-18 07:46:33,639] {dag.py:2273} INFO - Setting next_dagrun for example_subdag_operator.section-2 to None
[2021-02-18 07:46:33,645] {logging_mixin.py:104} INFO - [2021-02-18 07:46:33,645] {dag.py:1818} INFO - Sync 2 DAGs
[2021-02-18 07:46:33,653] {logging_mixin.py:104} INFO - [2021-02-18 07:46:33,653] {dag.py:2273} INFO - Setting next_dagrun for example_subdag_operator.section-1 to None
[2021-02-18 07:46:33,653] {logging_mixin.py:104} INFO - [2021-02-18 07:46:33,653] {dag.py:2273} INFO - Setting next_dagrun for example_subdag_operator.section-2 to None
[2021-02-18 07:46:33,658] {scheduler_job.py:190} INFO - Processing /home/airflow/.local/lib/python3.6/site-packages/airflow/example_dags/example_subdag_operator.py took 0.083 seconds
[2021-02-18 07:47:03,697] {scheduler_job.py:182} INFO - Started process (PID=524) to work on /home/airflow/.local/lib/python3.6/site-packages/airflow/example_dags/example_subdag_operator.py
[2021-02-18 07:47:03,699] {scheduler_job.py:629} INFO - Processing file /home/airflow/.local/lib/python3.6/site-packages/airflow/example_dags/example_subdag_operator.py for tasks to queue
[2021-02-18 07:47:03,700] {logging_mixin.py:104} INFO - [2021-02-18 07:47:03,700] {dagbag.py:448} INFO - Filling up the DagBag from /home/airflow/.local/lib/python3.6/site-packages/airflow/example_dags/example_subdag_operator.py
[2021-02-18 07:47:03,725] {scheduler_job.py:639} INFO - DAG(s) dict_keys(['example_subdag_operator.section-1', 'example_subdag_operator.section-2', 'example_subdag_operator']) retrieved from /home/airflow/.local/lib/python3.6/site-packages/airflow/example_dags/example_subdag_operator.py
[2021-02-18 07:47:03,735] {logging_mixin.py:104} INFO - [2021-02-18 07:47:03,735] {dag.py:1818} INFO - Sync 3 DAGs
[2021-02-18 07:47:03,751] {logging_mixin.py:104} INFO - [2021-02-18 07:47:03,751] {dag.py:2273} INFO - Setting next_dagrun for example_subdag_operator to 2021-02-16 00:00:00+00:00
[2021-02-18 07:47:03,752] {logging_mixin.py:104} INFO - [2021-02-18 07:47:03,752] {dag.py:2273} INFO - Setting next_dagrun for example_subdag_operator.section-1 to None
[2021-02-18 07:47:03,752] {logging_mixin.py:104} INFO - [2021-02-18 07:47:03,752] {dag.py:2273} INFO - Setting next_dagrun for example_subdag_operator.section-2 to None
[2021-02-18 07:47:03,758] {logging_mixin.py:104} INFO - [2021-02-18 07:47:03,758] {dag.py:1818} INFO - Sync 2 DAGs
[2021-02-18 07:47:03,766] {logging_mixin.py:104} INFO - [2021-02-18 07:47:03,766] {dag.py:2273} INFO - Setting next_dagrun for example_subdag_operator.section-1 to None
[2021-02-18 07:47:03,766] {logging_mixin.py:104} INFO - [2021-02-18 07:47:03,766] {dag.py:2273} INFO - Setting next_dagrun for example_subdag_operator.section-2 to None
[2021-02-18 07:47:03,771] {scheduler_job.py:190} INFO - Processing /home/airflow/.local/lib/python3.6/site-packages/airflow/example_dags/example_subdag_operator.py took 0.077 seconds
[2021-02-18 07:47:33,791] {scheduler_job.py:182} INFO - Started process (PID=550) to work on /home/airflow/.local/lib/python3.6/site-packages/airflow/example_dags/example_subdag_operator.py
[2021-02-18 07:47:33,792] {scheduler_job.py:629} INFO - Processing file /home/airflow/.local/lib/python3.6/site-packages/airflow/example_dags/example_subdag_operator.py for tasks to queue
[2021-02-18 07:47:33,793] {logging_mixin.py:104} INFO - [2021-02-18 07:47:33,792] {dagbag.py:448} INFO - Filling up the DagBag from /home/airflow/.local/lib/python3.6/site-packages/airflow/example_dags/example_subdag_operator.py
[2021-02-18 07:47:33,822] {scheduler_job.py:639} INFO - DAG(s) dict_keys(['example_subdag_operator.section-1', 'example_subdag_operator.section-2', 'example_subdag_operator']) retrieved from /home/airflow/.local/lib/python3.6/site-packages/airflow/example_dags/example_subdag_operator.py
[2021-02-18 07:47:33,836] {logging_mixin.py:104} INFO - [2021-02-18 07:47:33,836] {dag.py:1818} INFO - Sync 3 DAGs
[2021-02-18 07:47:33,849] {logging_mixin.py:104} INFO - [2021-02-18 07:47:33,849] {dag.py:2273} INFO - Setting next_dagrun for example_subdag_operator to 2021-02-16 00:00:00+00:00
[2021-02-18 07:47:33,850] {logging_mixin.py:104} INFO - [2021-02-18 07:47:33,850] {dag.py:2273} INFO - Setting next_dagrun for example_subdag_operator.section-1 to None
[2021-02-18 07:47:33,850] {logging_mixin.py:104} INFO - [2021-02-18 07:47:33,850] {dag.py:2273} INFO - Setting next_dagrun for example_subdag_operator.section-2 to None
[2021-02-18 07:47:33,854] {logging_mixin.py:104} INFO - [2021-02-18 07:47:33,854] {dag.py:1818} INFO - Sync 2 DAGs
[2021-02-18 07:47:33,862] {logging_mixin.py:104} INFO - [2021-02-18 07:47:33,862] {dag.py:2273} INFO - Setting next_dagrun for example_subdag_operator.section-1 to None
[2021-02-18 07:47:33,862] {logging_mixin.py:104} INFO - [2021-02-18 07:47:33,862] {dag.py:2273} INFO - Setting next_dagrun for example_subdag_operator.section-2 to None
[2021-02-18 07:47:33,868] {scheduler_job.py:190} INFO - Processing /home/airflow/.local/lib/python3.6/site-packages/airflow/example_dags/example_subdag_operator.py took 0.082 seconds
[2021-02-18 07:48:03,901] {scheduler_job.py:182} INFO - Started process (PID=576) to work on /home/airflow/.local/lib/python3.6/site-packages/airflow/example_dags/example_subdag_operator.py
[2021-02-18 07:48:03,902] {scheduler_job.py:629} INFO - Processing file /home/airflow/.local/lib/python3.6/site-packages/airflow/example_dags/example_subdag_operator.py for tasks to queue
[2021-02-18 07:48:03,903] {logging_mixin.py:104} INFO - [2021-02-18 07:48:03,903] {dagbag.py:448} INFO - Filling up the DagBag from /home/airflow/.local/lib/python3.6/site-packages/airflow/example_dags/example_subdag_operator.py
[2021-02-18 07:48:03,927] {scheduler_job.py:639} INFO - DAG(s) dict_keys(['example_subdag_operator.section-1', 'example_subdag_operator.section-2', 'example_subdag_operator']) retrieved from /home/airflow/.local/lib/python3.6/site-packages/airflow/example_dags/example_subdag_operator.py
[2021-02-18 07:48:03,940] {logging_mixin.py:104} INFO - [2021-02-18 07:48:03,940] {dag.py:1818} INFO - Sync 3 DAGs
[2021-02-18 07:48:03,954] {logging_mixin.py:104} INFO - [2021-02-18 07:48:03,954] {dag.py:2273} INFO - Setting next_dagrun for example_subdag_operator to 2021-02-16 00:00:00+00:00
[2021-02-18 07:48:03,955] {logging_mixin.py:104} INFO - [2021-02-18 07:48:03,954] {dag.py:2273} INFO - Setting next_dagrun for example_subdag_operator.section-1 to None
[2021-02-18 07:48:03,955] {logging_mixin.py:104} INFO - [2021-02-18 07:48:03,955] {dag.py:2273} INFO - Setting next_dagrun for example_subdag_operator.section-2 to None
[2021-02-18 07:48:03,959] {logging_mixin.py:104} INFO - [2021-02-18 07:48:03,959] {dag.py:1818} INFO - Sync 2 DAGs
[2021-02-18 07:48:03,966] {logging_mixin.py:104} INFO - [2021-02-18 07:48:03,966] {dag.py:2273} INFO - Setting next_dagrun for example_subdag_operator.section-1 to None
[2021-02-18 07:48:03,966] {logging_mixin.py:104} INFO - [2021-02-18 07:48:03,966] {dag.py:2273} INFO - Setting next_dagrun for example_subdag_operator.section-2 to None
[2021-02-18 07:48:03,971] {scheduler_job.py:190} INFO - Processing /home/airflow/.local/lib/python3.6/site-packages/airflow/example_dags/example_subdag_operator.py took 0.074 seconds
[2021-02-18 07:48:34,005] {scheduler_job.py:182} INFO - Started process (PID=602) to work on /home/airflow/.local/lib/python3.6/site-packages/airflow/example_dags/example_subdag_operator.py
[2021-02-18 07:48:34,007] {scheduler_job.py:629} INFO - Processing file /home/airflow/.local/lib/python3.6/site-packages/airflow/example_dags/example_subdag_operator.py for tasks to queue
[2021-02-18 07:48:34,007] {logging_mixin.py:104} INFO - [2021-02-18 07:48:34,007] {dagbag.py:448} INFO - Filling up the DagBag from /home/airflow/.local/lib/python3.6/site-packages/airflow/example_dags/example_subdag_operator.py
[2021-02-18 07:48:34,034] {scheduler_job.py:639} INFO - DAG(s) dict_keys(['example_subdag_operator.section-1', 'example_subdag_operator.section-2', 'example_subdag_operator']) retrieved from /home/airflow/.local/lib/python3.6/site-packages/airflow/example_dags/example_subdag_operator.py
[2021-02-18 07:48:34,043] {logging_mixin.py:104} INFO - [2021-02-18 07:48:34,043] {dag.py:1818} INFO - Sync 3 DAGs
[2021-02-18 07:48:34,056] {logging_mixin.py:104} INFO - [2021-02-18 07:48:34,056] {dag.py:2273} INFO - Setting next_dagrun for example_subdag_operator to 2021-02-16 00:00:00+00:00
[2021-02-18 07:48:34,057] {logging_mixin.py:104} INFO - [2021-02-18 07:48:34,057] {dag.py:2273} INFO - Setting next_dagrun for example_subdag_operator.section-1 to None
[2021-02-18 07:48:34,057] {logging_mixin.py:104} INFO - [2021-02-18 07:48:34,057] {dag.py:2273} INFO - Setting next_dagrun for example_subdag_operator.section-2 to None
[2021-02-18 07:48:34,061] {logging_mixin.py:104} INFO - [2021-02-18 07:48:34,061] {dag.py:1818} INFO - Sync 2 DAGs
[2021-02-18 07:48:34,068] {logging_mixin.py:104} INFO - [2021-02-18 07:48:34,068] {dag.py:2273} INFO - Setting next_dagrun for example_subdag_operator.section-1 to None
[2021-02-18 07:48:34,068] {logging_mixin.py:104} INFO - [2021-02-18 07:48:34,068] {dag.py:2273} INFO - Setting next_dagrun for example_subdag_operator.section-2 to None
[2021-02-18 07:48:34,073] {scheduler_job.py:190} INFO - Processing /home/airflow/.local/lib/python3.6/site-packages/airflow/example_dags/example_subdag_operator.py took 0.073 seconds
[2021-02-18 07:49:04,102] {scheduler_job.py:182} INFO - Started process (PID=628) to work on /home/airflow/.local/lib/python3.6/site-packages/airflow/example_dags/example_subdag_operator.py
[2021-02-18 07:49:04,103] {scheduler_job.py:629} INFO - Processing file /home/airflow/.local/lib/python3.6/site-packages/airflow/example_dags/example_subdag_operator.py for tasks to queue
[2021-02-18 07:49:04,103] {logging_mixin.py:104} INFO - [2021-02-18 07:49:04,103] {dagbag.py:448} INFO - Filling up the DagBag from /home/airflow/.local/lib/python3.6/site-packages/airflow/example_dags/example_subdag_operator.py
[2021-02-18 07:49:04,129] {scheduler_job.py:639} INFO - DAG(s) dict_keys(['example_subdag_operator.section-1', 'example_subdag_operator.section-2', 'example_subdag_operator']) retrieved from /home/airflow/.local/lib/python3.6/site-packages/airflow/example_dags/example_subdag_operator.py
[2021-02-18 07:49:04,140] {logging_mixin.py:104} INFO - [2021-02-18 07:49:04,139] {dag.py:1818} INFO - Sync 3 DAGs
[2021-02-18 07:49:04,152] {logging_mixin.py:104} INFO - [2021-02-18 07:49:04,152] {dag.py:2273} INFO - Setting next_dagrun for example_subdag_operator to 2021-02-16 00:00:00+00:00
[2021-02-18 07:49:04,153] {logging_mixin.py:104} INFO - [2021-02-18 07:49:04,152] {dag.py:2273} INFO - Setting next_dagrun for example_subdag_operator.section-1 to None
[2021-02-18 07:49:04,153] {logging_mixin.py:104} INFO - [2021-02-18 07:49:04,153] {dag.py:2273} INFO - Setting next_dagrun for example_subdag_operator.section-2 to None
[2021-02-18 07:49:04,159] {logging_mixin.py:104} INFO - [2021-02-18 07:49:04,158] {dag.py:1818} INFO - Sync 2 DAGs
[2021-02-18 07:49:04,166] {logging_mixin.py:104} INFO - [2021-02-18 07:49:04,166] {dag.py:2273} INFO - Setting next_dagrun for example_subdag_operator.section-1 to None
[2021-02-18 07:49:04,166] {logging_mixin.py:104} INFO - [2021-02-18 07:49:04,166] {dag.py:2273} INFO - Setting next_dagrun for example_subdag_operator.section-2 to None
[2021-02-18 07:49:04,172] {scheduler_job.py:190} INFO - Processing /home/airflow/.local/lib/python3.6/site-packages/airflow/example_dags/example_subdag_operator.py took 0.072 seconds
[2021-02-18 07:49:34,211] {scheduler_job.py:182} INFO - Started process (PID=651) to work on /home/airflow/.local/lib/python3.6/site-packages/airflow/example_dags/example_subdag_operator.py
[2021-02-18 07:49:34,213] {scheduler_job.py:629} INFO - Processing file /home/airflow/.local/lib/python3.6/site-packages/airflow/example_dags/example_subdag_operator.py for tasks to queue
[2021-02-18 07:49:34,214] {logging_mixin.py:104} INFO - [2021-02-18 07:49:34,213] {dagbag.py:448} INFO - Filling up the DagBag from /home/airflow/.local/lib/python3.6/site-packages/airflow/example_dags/example_subdag_operator.py
[2021-02-18 07:49:34,241] {scheduler_job.py:639} INFO - DAG(s) dict_keys(['example_subdag_operator.section-1', 'example_subdag_operator.section-2', 'example_subdag_operator']) retrieved from /home/airflow/.local/lib/python3.6/site-packages/airflow/example_dags/example_subdag_operator.py
[2021-02-18 07:49:34,250] {logging_mixin.py:104} INFO - [2021-02-18 07:49:34,250] {dag.py:1818} INFO - Sync 3 DAGs
[2021-02-18 07:49:34,264] {logging_mixin.py:104} INFO - [2021-02-18 07:49:34,264] {dag.py:2273} INFO - Setting next_dagrun for example_subdag_operator to 2021-02-16 00:00:00+00:00
[2021-02-18 07:49:34,265] {logging_mixin.py:104} INFO - [2021-02-18 07:49:34,265] {dag.py:2273} INFO - Setting next_dagrun for example_subdag_operator.section-1 to None
[2021-02-18 07:49:34,266] {logging_mixin.py:104} INFO - [2021-02-18 07:49:34,266] {dag.py:2273} INFO - Setting next_dagrun for example_subdag_operator.section-2 to None
[2021-02-18 07:49:34,272] {logging_mixin.py:104} INFO - [2021-02-18 07:49:34,272] {dag.py:1818} INFO - Sync 2 DAGs
[2021-02-18 07:49:34,279] {logging_mixin.py:104} INFO - [2021-02-18 07:49:34,278] {dag.py:2273} INFO - Setting next_dagrun for example_subdag_operator.section-1 to None
[2021-02-18 07:49:34,279] {logging_mixin.py:104} INFO - [2021-02-18 07:49:34,279] {dag.py:2273} INFO - Setting next_dagrun for example_subdag_operator.section-2 to None
[2021-02-18 07:49:34,283] {scheduler_job.py:190} INFO - Processing /home/airflow/.local/lib/python3.6/site-packages/airflow/example_dags/example_subdag_operator.py took 0.077 seconds
[2021-02-18 07:50:04,302] {scheduler_job.py:182} INFO - Started process (PID=677) to work on /home/airflow/.local/lib/python3.6/site-packages/airflow/example_dags/example_subdag_operator.py
[2021-02-18 07:50:04,303] {scheduler_job.py:629} INFO - Processing file /home/airflow/.local/lib/python3.6/site-packages/airflow/example_dags/example_subdag_operator.py for tasks to queue
[2021-02-18 07:50:04,304] {logging_mixin.py:104} INFO - [2021-02-18 07:50:04,304] {dagbag.py:448} INFO - Filling up the DagBag from /home/airflow/.local/lib/python3.6/site-packages/airflow/example_dags/example_subdag_operator.py
[2021-02-18 07:50:04,335] {scheduler_job.py:639} INFO - DAG(s) dict_keys(['example_subdag_operator.section-1', 'example_subdag_operator.section-2', 'example_subdag_operator']) retrieved from /home/airflow/.local/lib/python3.6/site-packages/airflow/example_dags/example_subdag_operator.py
[2021-02-18 07:50:04,347] {logging_mixin.py:104} INFO - [2021-02-18 07:50:04,347] {dag.py:1818} INFO - Sync 3 DAGs
[2021-02-18 07:50:04,360] {logging_mixin.py:104} INFO - [2021-02-18 07:50:04,360] {dag.py:2273} INFO - Setting next_dagrun for example_subdag_operator to 2021-02-16 00:00:00+00:00
[2021-02-18 07:50:04,361] {logging_mixin.py:104} INFO - [2021-02-18 07:50:04,361] {dag.py:2273} INFO - Setting next_dagrun for example_subdag_operator.section-1 to None
[2021-02-18 07:50:04,362] {logging_mixin.py:104} INFO - [2021-02-18 07:50:04,362] {dag.py:2273} INFO - Setting next_dagrun for example_subdag_operator.section-2 to None
[2021-02-18 07:50:04,368] {logging_mixin.py:104} INFO - [2021-02-18 07:50:04,368] {dag.py:1818} INFO - Sync 2 DAGs
[2021-02-18 07:50:04,378] {logging_mixin.py:104} INFO - [2021-02-18 07:50:04,378] {dag.py:2273} INFO - Setting next_dagrun for example_subdag_operator.section-1 to None
[2021-02-18 07:50:04,378] {logging_mixin.py:104} INFO - [2021-02-18 07:50:04,378] {dag.py:2273} INFO - Setting next_dagrun for example_subdag_operator.section-2 to None
[2021-02-18 07:50:04,383] {scheduler_job.py:190} INFO - Processing /home/airflow/.local/lib/python3.6/site-packages/airflow/example_dags/example_subdag_operator.py took 0.083 seconds
[2021-02-18 07:50:34,414] {scheduler_job.py:182} INFO - Started process (PID=702) to work on /home/airflow/.local/lib/python3.6/site-packages/airflow/example_dags/example_subdag_operator.py
[2021-02-18 07:50:34,415] {scheduler_job.py:629} INFO - Processing file /home/airflow/.local/lib/python3.6/site-packages/airflow/example_dags/example_subdag_operator.py for tasks to queue
[2021-02-18 07:50:34,416] {logging_mixin.py:104} INFO - [2021-02-18 07:50:34,415] {dagbag.py:448} INFO - Filling up the DagBag from /home/airflow/.local/lib/python3.6/site-packages/airflow/example_dags/example_subdag_operator.py
[2021-02-18 07:50:34,450] {scheduler_job.py:639} INFO - DAG(s) dict_keys(['example_subdag_operator.section-1', 'example_subdag_operator.section-2', 'example_subdag_operator']) retrieved from /home/airflow/.local/lib/python3.6/site-packages/airflow/example_dags/example_subdag_operator.py
[2021-02-18 07:50:34,459] {logging_mixin.py:104} INFO - [2021-02-18 07:50:34,459] {dag.py:1818} INFO - Sync 3 DAGs
[2021-02-18 07:50:34,473] {logging_mixin.py:104} INFO - [2021-02-18 07:50:34,473] {dag.py:2273} INFO - Setting next_dagrun for example_subdag_operator to 2021-02-16 00:00:00+00:00
[2021-02-18 07:50:34,473] {logging_mixin.py:104} INFO - [2021-02-18 07:50:34,473] {dag.py:2273} INFO - Setting next_dagrun for example_subdag_operator.section-1 to None
[2021-02-18 07:50:34,474] {logging_mixin.py:104} INFO - [2021-02-18 07:50:34,474] {dag.py:2273} INFO - Setting next_dagrun for example_subdag_operator.section-2 to None
[2021-02-18 07:50:34,479] {logging_mixin.py:104} INFO - [2021-02-18 07:50:34,479] {dag.py:1818} INFO - Sync 2 DAGs
[2021-02-18 07:50:34,485] {logging_mixin.py:104} INFO - [2021-02-18 07:50:34,485] {dag.py:2273} INFO - Setting next_dagrun for example_subdag_operator.section-1 to None
[2021-02-18 07:50:34,485] {logging_mixin.py:104} INFO - [2021-02-18 07:50:34,485] {dag.py:2273} INFO - Setting next_dagrun for example_subdag_operator.section-2 to None
[2021-02-18 07:50:34,489] {scheduler_job.py:190} INFO - Processing /home/airflow/.local/lib/python3.6/site-packages/airflow/example_dags/example_subdag_operator.py took 0.079 seconds
[2021-02-18 07:51:04,542] {scheduler_job.py:182} INFO - Started process (PID=727) to work on /home/airflow/.local/lib/python3.6/site-packages/airflow/example_dags/example_subdag_operator.py
[2021-02-18 07:51:04,543] {scheduler_job.py:629} INFO - Processing file /home/airflow/.local/lib/python3.6/site-packages/airflow/example_dags/example_subdag_operator.py for tasks to queue
[2021-02-18 07:51:04,544] {logging_mixin.py:104} INFO - [2021-02-18 07:51:04,544] {dagbag.py:448} INFO - Filling up the DagBag from /home/airflow/.local/lib/python3.6/site-packages/airflow/example_dags/example_subdag_operator.py
[2021-02-18 07:51:04,569] {scheduler_job.py:639} INFO - DAG(s) dict_keys(['example_subdag_operator.section-1', 'example_subdag_operator.section-2', 'example_subdag_operator']) retrieved from /home/airflow/.local/lib/python3.6/site-packages/airflow/example_dags/example_subdag_operator.py
[2021-02-18 07:51:04,579] {logging_mixin.py:104} INFO - [2021-02-18 07:51:04,579] {dag.py:1818} INFO - Sync 3 DAGs
[2021-02-18 07:51:04,590] {logging_mixin.py:104} INFO - [2021-02-18 07:51:04,590] {dag.py:2273} INFO - Setting next_dagrun for example_subdag_operator to 2021-02-16 00:00:00+00:00
[2021-02-18 07:51:04,591] {logging_mixin.py:104} INFO - [2021-02-18 07:51:04,591] {dag.py:2273} INFO - Setting next_dagrun for example_subdag_operator.section-1 to None
[2021-02-18 07:51:04,591] {logging_mixin.py:104} INFO - [2021-02-18 07:51:04,591] {dag.py:2273} INFO - Setting next_dagrun for example_subdag_operator.section-2 to None
[2021-02-18 07:51:04,596] {logging_mixin.py:104} INFO - [2021-02-18 07:51:04,596] {dag.py:1818} INFO - Sync 2 DAGs
[2021-02-18 07:51:04,602] {logging_mixin.py:104} INFO - [2021-02-18 07:51:04,602] {dag.py:2273} INFO - Setting next_dagrun for example_subdag_operator.section-1 to None
[2021-02-18 07:51:04,602] {logging_mixin.py:104} INFO - [2021-02-18 07:51:04,602] {dag.py:2273} INFO - Setting next_dagrun for example_subdag_operator.section-2 to None
[2021-02-18 07:51:04,606] {scheduler_job.py:190} INFO - Processing /home/airflow/.local/lib/python3.6/site-packages/airflow/example_dags/example_subdag_operator.py took 0.069 seconds
[2021-02-18 07:51:34,716] {scheduler_job.py:182} INFO - Started process (PID=753) to work on /home/airflow/.local/lib/python3.6/site-packages/airflow/example_dags/example_subdag_operator.py
[2021-02-18 07:51:34,717] {scheduler_job.py:629} INFO - Processing file /home/airflow/.local/lib/python3.6/site-packages/airflow/example_dags/example_subdag_operator.py for tasks to queue
[2021-02-18 07:51:34,717] {logging_mixin.py:104} INFO - [2021-02-18 07:51:34,717] {dagbag.py:448} INFO - Filling up the DagBag from /home/airflow/.local/lib/python3.6/site-packages/airflow/example_dags/example_subdag_operator.py
[2021-02-18 07:51:34,751] {scheduler_job.py:639} INFO - DAG(s) dict_keys(['example_subdag_operator.section-1', 'example_subdag_operator.section-2', 'example_subdag_operator']) retrieved from /home/airflow/.local/lib/python3.6/site-packages/airflow/example_dags/example_subdag_operator.py
[2021-02-18 07:51:34,760] {logging_mixin.py:104} INFO - [2021-02-18 07:51:34,760] {dag.py:1818} INFO - Sync 3 DAGs
[2021-02-18 07:51:34,772] {logging_mixin.py:104} INFO - [2021-02-18 07:51:34,772] {dag.py:2273} INFO - Setting next_dagrun for example_subdag_operator to 2021-02-16 00:00:00+00:00
[2021-02-18 07:51:34,773] {logging_mixin.py:104} INFO - [2021-02-18 07:51:34,773] {dag.py:2273} INFO - Setting next_dagrun for example_subdag_operator.section-1 to None
[2021-02-18 07:51:34,773] {logging_mixin.py:104} INFO - [2021-02-18 07:51:34,773] {dag.py:2273} INFO - Setting next_dagrun for example_subdag_operator.section-2 to None
[2021-02-18 07:51:34,780] {logging_mixin.py:104} INFO - [2021-02-18 07:51:34,780] {dag.py:1818} INFO - Sync 2 DAGs
[2021-02-18 07:51:34,788] {logging_mixin.py:104} INFO - [2021-02-18 07:51:34,788] {dag.py:2273} INFO - Setting next_dagrun for example_subdag_operator.section-1 to None
[2021-02-18 07:51:34,788] {logging_mixin.py:104} INFO - [2021-02-18 07:51:34,788] {dag.py:2273} INFO - Setting next_dagrun for example_subdag_operator.section-2 to None
[2021-02-18 07:51:34,794] {scheduler_job.py:190} INFO - Processing /home/airflow/.local/lib/python3.6/site-packages/airflow/example_dags/example_subdag_operator.py took 0.080 seconds
[2021-02-18 07:52:04,841] {scheduler_job.py:182} INFO - Started process (PID=779) to work on /home/airflow/.local/lib/python3.6/site-packages/airflow/example_dags/example_subdag_operator.py
[2021-02-18 07:52:04,842] {scheduler_job.py:629} INFO - Processing file /home/airflow/.local/lib/python3.6/site-packages/airflow/example_dags/example_subdag_operator.py for tasks to queue
[2021-02-18 07:52:04,842] {logging_mixin.py:104} INFO - [2021-02-18 07:52:04,842] {dagbag.py:448} INFO - Filling up the DagBag from /home/airflow/.local/lib/python3.6/site-packages/airflow/example_dags/example_subdag_operator.py
[2021-02-18 07:52:04,874] {scheduler_job.py:639} INFO - DAG(s) dict_keys(['example_subdag_operator.section-1', 'example_subdag_operator.section-2', 'example_subdag_operator']) retrieved from /home/airflow/.local/lib/python3.6/site-packages/airflow/example_dags/example_subdag_operator.py
[2021-02-18 07:52:04,883] {logging_mixin.py:104} INFO - [2021-02-18 07:52:04,883] {dag.py:1818} INFO - Sync 3 DAGs
[2021-02-18 07:52:04,896] {logging_mixin.py:104} INFO - [2021-02-18 07:52:04,896] {dag.py:2273} INFO - Setting next_dagrun for example_subdag_operator to 2021-02-16 00:00:00+00:00
[2021-02-18 07:52:04,897] {logging_mixin.py:104} INFO - [2021-02-18 07:52:04,897] {dag.py:2273} INFO - Setting next_dagrun for example_subdag_operator.section-1 to None
[2021-02-18 07:52:04,897] {logging_mixin.py:104} INFO - [2021-02-18 07:52:04,897] {dag.py:2273} INFO - Setting next_dagrun for example_subdag_operator.section-2 to None
[2021-02-18 07:52:04,904] {logging_mixin.py:104} INFO - [2021-02-18 07:52:04,904] {dag.py:1818} INFO - Sync 2 DAGs
[2021-02-18 07:52:04,910] {logging_mixin.py:104} INFO - [2021-02-18 07:52:04,910] {dag.py:2273} INFO - Setting next_dagrun for example_subdag_operator.section-1 to None
[2021-02-18 07:52:04,911] {logging_mixin.py:104} INFO - [2021-02-18 07:52:04,911] {dag.py:2273} INFO - Setting next_dagrun for example_subdag_operator.section-2 to None
[2021-02-18 07:52:04,915] {scheduler_job.py:190} INFO - Processing /home/airflow/.local/lib/python3.6/site-packages/airflow/example_dags/example_subdag_operator.py took 0.076 seconds
[2021-02-18 07:52:35,024] {scheduler_job.py:182} INFO - Started process (PID=805) to work on /home/airflow/.local/lib/python3.6/site-packages/airflow/example_dags/example_subdag_operator.py
[2021-02-18 07:52:35,026] {scheduler_job.py:629} INFO - Processing file /home/airflow/.local/lib/python3.6/site-packages/airflow/example_dags/example_subdag_operator.py for tasks to queue
[2021-02-18 07:52:35,026] {logging_mixin.py:104} INFO - [2021-02-18 07:52:35,026] {dagbag.py:448} INFO - Filling up the DagBag from /home/airflow/.local/lib/python3.6/site-packages/airflow/example_dags/example_subdag_operator.py
[2021-02-18 07:52:35,055] {scheduler_job.py:639} INFO - DAG(s) dict_keys(['example_subdag_operator.section-1', 'example_subdag_operator.section-2', 'example_subdag_operator']) retrieved from /home/airflow/.local/lib/python3.6/site-packages/airflow/example_dags/example_subdag_operator.py
[2021-02-18 07:52:35,067] {logging_mixin.py:104} INFO - [2021-02-18 07:52:35,067] {dag.py:1818} INFO - Sync 3 DAGs
[2021-02-18 07:52:35,081] {logging_mixin.py:104} INFO - [2021-02-18 07:52:35,080] {dag.py:2273} INFO - Setting next_dagrun for example_subdag_operator to 2021-02-16 00:00:00+00:00
[2021-02-18 07:52:35,081] {logging_mixin.py:104} INFO - [2021-02-18 07:52:35,081] {dag.py:2273} INFO - Setting next_dagrun for example_subdag_operator.section-1 to None
[2021-02-18 07:52:35,082] {logging_mixin.py:104} INFO - [2021-02-18 07:52:35,082] {dag.py:2273} INFO - Setting next_dagrun for example_subdag_operator.section-2 to None
[2021-02-18 07:52:35,088] {logging_mixin.py:104} INFO - [2021-02-18 07:52:35,088] {dag.py:1818} INFO - Sync 2 DAGs
[2021-02-18 07:52:35,095] {logging_mixin.py:104} INFO - [2021-02-18 07:52:35,095] {dag.py:2273} INFO - Setting next_dagrun for example_subdag_operator.section-1 to None
[2021-02-18 07:52:35,096] {logging_mixin.py:104} INFO - [2021-02-18 07:52:35,096] {dag.py:2273} INFO - Setting next_dagrun for example_subdag_operator.section-2 to None
[2021-02-18 07:52:35,102] {scheduler_job.py:190} INFO - Processing /home/airflow/.local/lib/python3.6/site-packages/airflow/example_dags/example_subdag_operator.py took 0.082 seconds
[2021-02-18 07:53:05,181] {scheduler_job.py:182} INFO - Started process (PID=831) to work on /home/airflow/.local/lib/python3.6/site-packages/airflow/example_dags/example_subdag_operator.py
[2021-02-18 07:53:05,182] {scheduler_job.py:629} INFO - Processing file /home/airflow/.local/lib/python3.6/site-packages/airflow/example_dags/example_subdag_operator.py for tasks to queue
[2021-02-18 07:53:05,183] {logging_mixin.py:104} INFO - [2021-02-18 07:53:05,183] {dagbag.py:448} INFO - Filling up the DagBag from /home/airflow/.local/lib/python3.6/site-packages/airflow/example_dags/example_subdag_operator.py
[2021-02-18 07:53:05,209] {scheduler_job.py:639} INFO - DAG(s) dict_keys(['example_subdag_operator.section-1', 'example_subdag_operator.section-2', 'example_subdag_operator']) retrieved from /home/airflow/.local/lib/python3.6/site-packages/airflow/example_dags/example_subdag_operator.py
[2021-02-18 07:53:05,224] {logging_mixin.py:104} INFO - [2021-02-18 07:53:05,224] {dag.py:1818} INFO - Sync 3 DAGs
[2021-02-18 07:53:05,237] {logging_mixin.py:104} INFO - [2021-02-18 07:53:05,237] {dag.py:2273} INFO - Setting next_dagrun for example_subdag_operator to 2021-02-16 00:00:00+00:00
[2021-02-18 07:53:05,237] {logging_mixin.py:104} INFO - [2021-02-18 07:53:05,237] {dag.py:2273} INFO - Setting next_dagrun for example_subdag_operator.section-1 to None
[2021-02-18 07:53:05,237] {logging_mixin.py:104} INFO - [2021-02-18 07:53:05,237] {dag.py:2273} INFO - Setting next_dagrun for example_subdag_operator.section-2 to None
[2021-02-18 07:53:05,242] {logging_mixin.py:104} INFO - [2021-02-18 07:53:05,242] {dag.py:1818} INFO - Sync 2 DAGs
[2021-02-18 07:53:05,250] {logging_mixin.py:104} INFO - [2021-02-18 07:53:05,250] {dag.py:2273} INFO - Setting next_dagrun for example_subdag_operator.section-1 to None
[2021-02-18 07:53:05,250] {logging_mixin.py:104} INFO - [2021-02-18 07:53:05,250] {dag.py:2273} INFO - Setting next_dagrun for example_subdag_operator.section-2 to None
[2021-02-18 07:53:05,257] {scheduler_job.py:190} INFO - Processing /home/airflow/.local/lib/python3.6/site-packages/airflow/example_dags/example_subdag_operator.py took 0.080 seconds
[2021-02-18 07:53:35,352] {scheduler_job.py:182} INFO - Started process (PID=857) to work on /home/airflow/.local/lib/python3.6/site-packages/airflow/example_dags/example_subdag_operator.py
[2021-02-18 07:53:35,353] {scheduler_job.py:629} INFO - Processing file /home/airflow/.local/lib/python3.6/site-packages/airflow/example_dags/example_subdag_operator.py for tasks to queue
[2021-02-18 07:53:35,354] {logging_mixin.py:104} INFO - [2021-02-18 07:53:35,354] {dagbag.py:448} INFO - Filling up the DagBag from /home/airflow/.local/lib/python3.6/site-packages/airflow/example_dags/example_subdag_operator.py
[2021-02-18 07:53:35,380] {scheduler_job.py:639} INFO - DAG(s) dict_keys(['example_subdag_operator.section-1', 'example_subdag_operator.section-2', 'example_subdag_operator']) retrieved from /home/airflow/.local/lib/python3.6/site-packages/airflow/example_dags/example_subdag_operator.py
[2021-02-18 07:53:35,390] {logging_mixin.py:104} INFO - [2021-02-18 07:53:35,390] {dag.py:1818} INFO - Sync 3 DAGs
[2021-02-18 07:53:35,404] {logging_mixin.py:104} INFO - [2021-02-18 07:53:35,404] {dag.py:2273} INFO - Setting next_dagrun for example_subdag_operator to 2021-02-16 00:00:00+00:00
[2021-02-18 07:53:35,405] {logging_mixin.py:104} INFO - [2021-02-18 07:53:35,405] {dag.py:2273} INFO - Setting next_dagrun for example_subdag_operator.section-1 to None
[2021-02-18 07:53:35,405] {logging_mixin.py:104} INFO - [2021-02-18 07:53:35,405] {dag.py:2273} INFO - Setting next_dagrun for example_subdag_operator.section-2 to None
[2021-02-18 07:53:35,410] {logging_mixin.py:104} INFO - [2021-02-18 07:53:35,410] {dag.py:1818} INFO - Sync 2 DAGs
[2021-02-18 07:53:35,418] {logging_mixin.py:104} INFO - [2021-02-18 07:53:35,418] {dag.py:2273} INFO - Setting next_dagrun for example_subdag_operator.section-1 to None
[2021-02-18 07:53:35,418] {logging_mixin.py:104} INFO - [2021-02-18 07:53:35,418] {dag.py:2273} INFO - Setting next_dagrun for example_subdag_operator.section-2 to None
[2021-02-18 07:53:35,423] {scheduler_job.py:190} INFO - Processing /home/airflow/.local/lib/python3.6/site-packages/airflow/example_dags/example_subdag_operator.py took 0.073 seconds
[2021-02-18 07:54:05,475] {scheduler_job.py:182} INFO - Started process (PID=883) to work on /home/airflow/.local/lib/python3.6/site-packages/airflow/example_dags/example_subdag_operator.py
[2021-02-18 07:54:05,477] {scheduler_job.py:629} INFO - Processing file /home/airflow/.local/lib/python3.6/site-packages/airflow/example_dags/example_subdag_operator.py for tasks to queue
[2021-02-18 07:54:05,478] {logging_mixin.py:104} INFO - [2021-02-18 07:54:05,477] {dagbag.py:448} INFO - Filling up the DagBag from /home/airflow/.local/lib/python3.6/site-packages/airflow/example_dags/example_subdag_operator.py
[2021-02-18 07:54:05,508] {scheduler_job.py:639} INFO - DAG(s) dict_keys(['example_subdag_operator.section-1', 'example_subdag_operator.section-2', 'example_subdag_operator']) retrieved from /home/airflow/.local/lib/python3.6/site-packages/airflow/example_dags/example_subdag_operator.py
[2021-02-18 07:54:05,518] {logging_mixin.py:104} INFO - [2021-02-18 07:54:05,518] {dag.py:1818} INFO - Sync 3 DAGs
[2021-02-18 07:54:05,531] {logging_mixin.py:104} INFO - [2021-02-18 07:54:05,531] {dag.py:2273} INFO - Setting next_dagrun for example_subdag_operator to 2021-02-16 00:00:00+00:00
[2021-02-18 07:54:05,532] {logging_mixin.py:104} INFO - [2021-02-18 07:54:05,532] {dag.py:2273} INFO - Setting next_dagrun for example_subdag_operator.section-1 to None
[2021-02-18 07:54:05,532] {logging_mixin.py:104} INFO - [2021-02-18 07:54:05,532] {dag.py:2273} INFO - Setting next_dagrun for example_subdag_operator.section-2 to None
[2021-02-18 07:54:05,537] {logging_mixin.py:104} INFO - [2021-02-18 07:54:05,537] {dag.py:1818} INFO - Sync 2 DAGs
[2021-02-18 07:54:05,544] {logging_mixin.py:104} INFO - [2021-02-18 07:54:05,544] {dag.py:2273} INFO - Setting next_dagrun for example_subdag_operator.section-1 to None
[2021-02-18 07:54:05,544] {logging_mixin.py:104} INFO - [2021-02-18 07:54:05,544] {dag.py:2273} INFO - Setting next_dagrun for example_subdag_operator.section-2 to None
[2021-02-18 07:54:05,550] {scheduler_job.py:190} INFO - Processing /home/airflow/.local/lib/python3.6/site-packages/airflow/example_dags/example_subdag_operator.py took 0.079 seconds
[2021-02-18 07:55:58,917] {scheduler_job.py:182} INFO - Started process (PID=49) to work on /home/airflow/.local/lib/python3.6/site-packages/airflow/example_dags/example_subdag_operator.py
[2021-02-18 07:55:58,918] {scheduler_job.py:629} INFO - Processing file /home/airflow/.local/lib/python3.6/site-packages/airflow/example_dags/example_subdag_operator.py for tasks to queue
[2021-02-18 07:55:58,919] {logging_mixin.py:104} INFO - [2021-02-18 07:55:58,919] {dagbag.py:448} INFO - Filling up the DagBag from /home/airflow/.local/lib/python3.6/site-packages/airflow/example_dags/example_subdag_operator.py
[2021-02-18 07:55:58,948] {scheduler_job.py:639} INFO - DAG(s) dict_keys(['example_subdag_operator.section-1', 'example_subdag_operator.section-2', 'example_subdag_operator']) retrieved from /home/airflow/.local/lib/python3.6/site-packages/airflow/example_dags/example_subdag_operator.py
[2021-02-18 07:55:58,972] {logging_mixin.py:104} INFO - [2021-02-18 07:55:58,972] {dag.py:1818} INFO - Sync 3 DAGs
[2021-02-18 07:55:58,985] {logging_mixin.py:104} INFO - [2021-02-18 07:55:58,985] {dag.py:1837} INFO - Creating ORM DAG for example_subdag_operator
[2021-02-18 07:55:58,986] {logging_mixin.py:104} INFO - [2021-02-18 07:55:58,985] {dag.py:1837} INFO - Creating ORM DAG for example_subdag_operator.section-1
[2021-02-18 07:55:58,986] {logging_mixin.py:104} INFO - [2021-02-18 07:55:58,986] {dag.py:1837} INFO - Creating ORM DAG for example_subdag_operator.section-2
[2021-02-18 07:55:58,991] {logging_mixin.py:104} INFO - [2021-02-18 07:55:58,991] {dag.py:2273} INFO - Setting next_dagrun for example_subdag_operator to 2021-02-16 00:00:00+00:00
[2021-02-18 07:55:58,992] {logging_mixin.py:104} INFO - [2021-02-18 07:55:58,992] {dag.py:2273} INFO - Setting next_dagrun for example_subdag_operator.section-1 to None
[2021-02-18 07:55:58,992] {logging_mixin.py:104} INFO - [2021-02-18 07:55:58,992] {dag.py:2273} INFO - Setting next_dagrun for example_subdag_operator.section-2 to None
[2021-02-18 07:55:59,004] {logging_mixin.py:104} INFO - [2021-02-18 07:55:59,004] {dag.py:1818} INFO - Sync 2 DAGs
[2021-02-18 07:55:59,012] {logging_mixin.py:104} INFO - [2021-02-18 07:55:59,012] {dag.py:2273} INFO - Setting next_dagrun for example_subdag_operator.section-1 to None
[2021-02-18 07:55:59,012] {logging_mixin.py:104} INFO - [2021-02-18 07:55:59,012] {dag.py:2273} INFO - Setting next_dagrun for example_subdag_operator.section-2 to None
[2021-02-18 07:55:59,020] {scheduler_job.py:190} INFO - Processing /home/airflow/.local/lib/python3.6/site-packages/airflow/example_dags/example_subdag_operator.py took 0.106 seconds
[2021-02-18 07:56:29,100] {scheduler_job.py:182} INFO - Started process (PID=75) to work on /home/airflow/.local/lib/python3.6/site-packages/airflow/example_dags/example_subdag_operator.py
[2021-02-18 07:56:29,101] {scheduler_job.py:629} INFO - Processing file /home/airflow/.local/lib/python3.6/site-packages/airflow/example_dags/example_subdag_operator.py for tasks to queue
[2021-02-18 07:56:29,101] {logging_mixin.py:104} INFO - [2021-02-18 07:56:29,101] {dagbag.py:448} INFO - Filling up the DagBag from /home/airflow/.local/lib/python3.6/site-packages/airflow/example_dags/example_subdag_operator.py
[2021-02-18 07:56:29,129] {scheduler_job.py:639} INFO - DAG(s) dict_keys(['example_subdag_operator.section-1', 'example_subdag_operator.section-2', 'example_subdag_operator']) retrieved from /home/airflow/.local/lib/python3.6/site-packages/airflow/example_dags/example_subdag_operator.py
[2021-02-18 07:56:29,142] {logging_mixin.py:104} INFO - [2021-02-18 07:56:29,141] {dag.py:1818} INFO - Sync 3 DAGs
[2021-02-18 07:56:29,156] {logging_mixin.py:104} INFO - [2021-02-18 07:56:29,156] {dag.py:2273} INFO - Setting next_dagrun for example_subdag_operator to 2021-02-16 00:00:00+00:00
[2021-02-18 07:56:29,157] {logging_mixin.py:104} INFO - [2021-02-18 07:56:29,157] {dag.py:2273} INFO - Setting next_dagrun for example_subdag_operator.section-1 to None
[2021-02-18 07:56:29,158] {logging_mixin.py:104} INFO - [2021-02-18 07:56:29,158] {dag.py:2273} INFO - Setting next_dagrun for example_subdag_operator.section-2 to None
[2021-02-18 07:56:29,164] {logging_mixin.py:104} INFO - [2021-02-18 07:56:29,164] {dag.py:1818} INFO - Sync 2 DAGs
[2021-02-18 07:56:29,171] {logging_mixin.py:104} INFO - [2021-02-18 07:56:29,171] {dag.py:2273} INFO - Setting next_dagrun for example_subdag_operator.section-1 to None
[2021-02-18 07:56:29,172] {logging_mixin.py:104} INFO - [2021-02-18 07:56:29,172] {dag.py:2273} INFO - Setting next_dagrun for example_subdag_operator.section-2 to None
[2021-02-18 07:56:29,180] {scheduler_job.py:190} INFO - Processing /home/airflow/.local/lib/python3.6/site-packages/airflow/example_dags/example_subdag_operator.py took 0.083 seconds
[2021-02-18 07:56:56,463] {scheduler_job.py:182} INFO - Started process (PID=50) to work on /home/airflow/.local/lib/python3.6/site-packages/airflow/example_dags/example_subdag_operator.py
[2021-02-18 07:56:56,464] {scheduler_job.py:629} INFO - Processing file /home/airflow/.local/lib/python3.6/site-packages/airflow/example_dags/example_subdag_operator.py for tasks to queue
[2021-02-18 07:56:56,464] {logging_mixin.py:104} INFO - [2021-02-18 07:56:56,464] {dagbag.py:448} INFO - Filling up the DagBag from /home/airflow/.local/lib/python3.6/site-packages/airflow/example_dags/example_subdag_operator.py
[2021-02-18 07:56:56,493] {scheduler_job.py:639} INFO - DAG(s) dict_keys(['example_subdag_operator.section-1', 'example_subdag_operator.section-2', 'example_subdag_operator']) retrieved from /home/airflow/.local/lib/python3.6/site-packages/airflow/example_dags/example_subdag_operator.py
[2021-02-18 07:56:56,504] {logging_mixin.py:104} INFO - [2021-02-18 07:56:56,504] {dag.py:1818} INFO - Sync 3 DAGs
[2021-02-18 07:56:56,518] {logging_mixin.py:104} INFO - [2021-02-18 07:56:56,518] {dag.py:2273} INFO - Setting next_dagrun for example_subdag_operator to 2021-02-16 00:00:00+00:00
[2021-02-18 07:56:56,519] {logging_mixin.py:104} INFO - [2021-02-18 07:56:56,519] {dag.py:2273} INFO - Setting next_dagrun for example_subdag_operator.section-1 to None
[2021-02-18 07:56:56,519] {logging_mixin.py:104} INFO - [2021-02-18 07:56:56,519] {dag.py:2273} INFO - Setting next_dagrun for example_subdag_operator.section-2 to None
[2021-02-18 07:56:56,525] {logging_mixin.py:104} INFO - [2021-02-18 07:56:56,525] {dag.py:1818} INFO - Sync 2 DAGs
[2021-02-18 07:56:56,534] {logging_mixin.py:104} INFO - [2021-02-18 07:56:56,534] {dag.py:2273} INFO - Setting next_dagrun for example_subdag_operator.section-1 to None
[2021-02-18 07:56:56,534] {logging_mixin.py:104} INFO - [2021-02-18 07:56:56,534] {dag.py:2273} INFO - Setting next_dagrun for example_subdag_operator.section-2 to None
[2021-02-18 07:56:56,541] {scheduler_job.py:190} INFO - Processing /home/airflow/.local/lib/python3.6/site-packages/airflow/example_dags/example_subdag_operator.py took 0.082 seconds
[2021-02-18 07:57:26,611] {scheduler_job.py:182} INFO - Started process (PID=76) to work on /home/airflow/.local/lib/python3.6/site-packages/airflow/example_dags/example_subdag_operator.py
[2021-02-18 07:57:26,612] {scheduler_job.py:629} INFO - Processing file /home/airflow/.local/lib/python3.6/site-packages/airflow/example_dags/example_subdag_operator.py for tasks to queue
[2021-02-18 07:57:26,612] {logging_mixin.py:104} INFO - [2021-02-18 07:57:26,612] {dagbag.py:448} INFO - Filling up the DagBag from /home/airflow/.local/lib/python3.6/site-packages/airflow/example_dags/example_subdag_operator.py
[2021-02-18 07:57:26,639] {scheduler_job.py:639} INFO - DAG(s) dict_keys(['example_subdag_operator.section-1', 'example_subdag_operator.section-2', 'example_subdag_operator']) retrieved from /home/airflow/.local/lib/python3.6/site-packages/airflow/example_dags/example_subdag_operator.py
[2021-02-18 07:57:26,650] {logging_mixin.py:104} INFO - [2021-02-18 07:57:26,650] {dag.py:1818} INFO - Sync 3 DAGs
[2021-02-18 07:57:26,665] {logging_mixin.py:104} INFO - [2021-02-18 07:57:26,665] {dag.py:2273} INFO - Setting next_dagrun for example_subdag_operator to 2021-02-16 00:00:00+00:00
[2021-02-18 07:57:26,667] {logging_mixin.py:104} INFO - [2021-02-18 07:57:26,667] {dag.py:2273} INFO - Setting next_dagrun for example_subdag_operator.section-1 to None
[2021-02-18 07:57:26,667] {logging_mixin.py:104} INFO - [2021-02-18 07:57:26,667] {dag.py:2273} INFO - Setting next_dagrun for example_subdag_operator.section-2 to None
[2021-02-18 07:57:26,674] {logging_mixin.py:104} INFO - [2021-02-18 07:57:26,674] {dag.py:1818} INFO - Sync 2 DAGs
[2021-02-18 07:57:26,680] {logging_mixin.py:104} INFO - [2021-02-18 07:57:26,680] {dag.py:2273} INFO - Setting next_dagrun for example_subdag_operator.section-1 to None
[2021-02-18 07:57:26,681] {logging_mixin.py:104} INFO - [2021-02-18 07:57:26,681] {dag.py:2273} INFO - Setting next_dagrun for example_subdag_operator.section-2 to None
[2021-02-18 07:57:26,685] {scheduler_job.py:190} INFO - Processing /home/airflow/.local/lib/python3.6/site-packages/airflow/example_dags/example_subdag_operator.py took 0.076 seconds
[2021-02-18 07:57:56,897] {scheduler_job.py:182} INFO - Started process (PID=103) to work on /home/airflow/.local/lib/python3.6/site-packages/airflow/example_dags/example_subdag_operator.py
[2021-02-18 07:57:56,898] {scheduler_job.py:629} INFO - Processing file /home/airflow/.local/lib/python3.6/site-packages/airflow/example_dags/example_subdag_operator.py for tasks to queue
[2021-02-18 07:57:56,898] {logging_mixin.py:104} INFO - [2021-02-18 07:57:56,898] {dagbag.py:448} INFO - Filling up the DagBag from /home/airflow/.local/lib/python3.6/site-packages/airflow/example_dags/example_subdag_operator.py
[2021-02-18 07:57:56,927] {scheduler_job.py:639} INFO - DAG(s) dict_keys(['example_subdag_operator.section-1', 'example_subdag_operator.section-2', 'example_subdag_operator']) retrieved from /home/airflow/.local/lib/python3.6/site-packages/airflow/example_dags/example_subdag_operator.py
[2021-02-18 07:57:56,938] {logging_mixin.py:104} INFO - [2021-02-18 07:57:56,938] {dag.py:1818} INFO - Sync 3 DAGs
[2021-02-18 07:57:56,951] {logging_mixin.py:104} INFO - [2021-02-18 07:57:56,951] {dag.py:2273} INFO - Setting next_dagrun for example_subdag_operator to 2021-02-16 00:00:00+00:00
[2021-02-18 07:57:56,952] {logging_mixin.py:104} INFO - [2021-02-18 07:57:56,952] {dag.py:2273} INFO - Setting next_dagrun for example_subdag_operator.section-1 to None
[2021-02-18 07:57:56,952] {logging_mixin.py:104} INFO - [2021-02-18 07:57:56,952] {dag.py:2273} INFO - Setting next_dagrun for example_subdag_operator.section-2 to None
[2021-02-18 07:57:56,957] {logging_mixin.py:104} INFO - [2021-02-18 07:57:56,957] {dag.py:1818} INFO - Sync 2 DAGs
[2021-02-18 07:57:56,965] {logging_mixin.py:104} INFO - [2021-02-18 07:57:56,964] {dag.py:2273} INFO - Setting next_dagrun for example_subdag_operator.section-1 to None
[2021-02-18 07:57:56,965] {logging_mixin.py:104} INFO - [2021-02-18 07:57:56,965] {dag.py:2273} INFO - Setting next_dagrun for example_subdag_operator.section-2 to None
[2021-02-18 07:57:56,970] {scheduler_job.py:190} INFO - Processing /home/airflow/.local/lib/python3.6/site-packages/airflow/example_dags/example_subdag_operator.py took 0.076 seconds
[2021-02-18 07:58:27,038] {scheduler_job.py:182} INFO - Started process (PID=129) to work on /home/airflow/.local/lib/python3.6/site-packages/airflow/example_dags/example_subdag_operator.py
[2021-02-18 07:58:27,039] {scheduler_job.py:629} INFO - Processing file /home/airflow/.local/lib/python3.6/site-packages/airflow/example_dags/example_subdag_operator.py for tasks to queue
[2021-02-18 07:58:27,040] {logging_mixin.py:104} INFO - [2021-02-18 07:58:27,040] {dagbag.py:448} INFO - Filling up the DagBag from /home/airflow/.local/lib/python3.6/site-packages/airflow/example_dags/example_subdag_operator.py
[2021-02-18 07:58:27,068] {scheduler_job.py:639} INFO - DAG(s) dict_keys(['example_subdag_operator.section-1', 'example_subdag_operator.section-2', 'example_subdag_operator']) retrieved from /home/airflow/.local/lib/python3.6/site-packages/airflow/example_dags/example_subdag_operator.py
[2021-02-18 07:58:27,078] {logging_mixin.py:104} INFO - [2021-02-18 07:58:27,078] {dag.py:1818} INFO - Sync 3 DAGs
[2021-02-18 07:58:27,093] {logging_mixin.py:104} INFO - [2021-02-18 07:58:27,093] {dag.py:2273} INFO - Setting next_dagrun for example_subdag_operator to 2021-02-16 00:00:00+00:00
[2021-02-18 07:58:27,094] {logging_mixin.py:104} INFO - [2021-02-18 07:58:27,094] {dag.py:2273} INFO - Setting next_dagrun for example_subdag_operator.section-1 to None
[2021-02-18 07:58:27,094] {logging_mixin.py:104} INFO - [2021-02-18 07:58:27,094] {dag.py:2273} INFO - Setting next_dagrun for example_subdag_operator.section-2 to None
[2021-02-18 07:58:27,100] {logging_mixin.py:104} INFO - [2021-02-18 07:58:27,100] {dag.py:1818} INFO - Sync 2 DAGs
[2021-02-18 07:58:27,111] {logging_mixin.py:104} INFO - [2021-02-18 07:58:27,111] {dag.py:2273} INFO - Setting next_dagrun for example_subdag_operator.section-1 to None
[2021-02-18 07:58:27,111] {logging_mixin.py:104} INFO - [2021-02-18 07:58:27,111] {dag.py:2273} INFO - Setting next_dagrun for example_subdag_operator.section-2 to None
[2021-02-18 07:58:27,117] {scheduler_job.py:190} INFO - Processing /home/airflow/.local/lib/python3.6/site-packages/airflow/example_dags/example_subdag_operator.py took 0.082 seconds
[2021-02-18 07:58:57,208] {scheduler_job.py:182} INFO - Started process (PID=156) to work on /home/airflow/.local/lib/python3.6/site-packages/airflow/example_dags/example_subdag_operator.py
[2021-02-18 07:58:57,209] {scheduler_job.py:629} INFO - Processing file /home/airflow/.local/lib/python3.6/site-packages/airflow/example_dags/example_subdag_operator.py for tasks to queue
[2021-02-18 07:58:57,210] {logging_mixin.py:104} INFO - [2021-02-18 07:58:57,210] {dagbag.py:448} INFO - Filling up the DagBag from /home/airflow/.local/lib/python3.6/site-packages/airflow/example_dags/example_subdag_operator.py
[2021-02-18 07:58:57,241] {scheduler_job.py:639} INFO - DAG(s) dict_keys(['example_subdag_operator.section-1', 'example_subdag_operator.section-2', 'example_subdag_operator']) retrieved from /home/airflow/.local/lib/python3.6/site-packages/airflow/example_dags/example_subdag_operator.py
[2021-02-18 07:58:57,250] {logging_mixin.py:104} INFO - [2021-02-18 07:58:57,250] {dag.py:1818} INFO - Sync 3 DAGs
[2021-02-18 07:58:57,263] {logging_mixin.py:104} INFO - [2021-02-18 07:58:57,263] {dag.py:2273} INFO - Setting next_dagrun for example_subdag_operator to 2021-02-16 00:00:00+00:00
[2021-02-18 07:58:57,264] {logging_mixin.py:104} INFO - [2021-02-18 07:58:57,264] {dag.py:2273} INFO - Setting next_dagrun for example_subdag_operator.section-1 to None
[2021-02-18 07:58:57,264] {logging_mixin.py:104} INFO - [2021-02-18 07:58:57,264] {dag.py:2273} INFO - Setting next_dagrun for example_subdag_operator.section-2 to None
[2021-02-18 07:58:57,269] {logging_mixin.py:104} INFO - [2021-02-18 07:58:57,269] {dag.py:1818} INFO - Sync 2 DAGs
[2021-02-18 07:58:57,275] {logging_mixin.py:104} INFO - [2021-02-18 07:58:57,275] {dag.py:2273} INFO - Setting next_dagrun for example_subdag_operator.section-1 to None
[2021-02-18 07:58:57,276] {logging_mixin.py:104} INFO - [2021-02-18 07:58:57,276] {dag.py:2273} INFO - Setting next_dagrun for example_subdag_operator.section-2 to None
[2021-02-18 07:58:57,281] {scheduler_job.py:190} INFO - Processing /home/airflow/.local/lib/python3.6/site-packages/airflow/example_dags/example_subdag_operator.py took 0.076 seconds
[2021-02-18 07:59:27,507] {scheduler_job.py:182} INFO - Started process (PID=183) to work on /home/airflow/.local/lib/python3.6/site-packages/airflow/example_dags/example_subdag_operator.py
[2021-02-18 07:59:27,510] {scheduler_job.py:629} INFO - Processing file /home/airflow/.local/lib/python3.6/site-packages/airflow/example_dags/example_subdag_operator.py for tasks to queue
[2021-02-18 07:59:27,511] {logging_mixin.py:104} INFO - [2021-02-18 07:59:27,511] {dagbag.py:448} INFO - Filling up the DagBag from /home/airflow/.local/lib/python3.6/site-packages/airflow/example_dags/example_subdag_operator.py
[2021-02-18 07:59:27,539] {scheduler_job.py:639} INFO - DAG(s) dict_keys(['example_subdag_operator.section-1', 'example_subdag_operator.section-2', 'example_subdag_operator']) retrieved from /home/airflow/.local/lib/python3.6/site-packages/airflow/example_dags/example_subdag_operator.py
[2021-02-18 07:59:27,550] {logging_mixin.py:104} INFO - [2021-02-18 07:59:27,550] {dag.py:1818} INFO - Sync 3 DAGs
[2021-02-18 07:59:27,562] {logging_mixin.py:104} INFO - [2021-02-18 07:59:27,562] {dag.py:2273} INFO - Setting next_dagrun for example_subdag_operator to 2021-02-16 00:00:00+00:00
[2021-02-18 07:59:27,563] {logging_mixin.py:104} INFO - [2021-02-18 07:59:27,563] {dag.py:2273} INFO - Setting next_dagrun for example_subdag_operator.section-1 to None
[2021-02-18 07:59:27,563] {logging_mixin.py:104} INFO - [2021-02-18 07:59:27,563] {dag.py:2273} INFO - Setting next_dagrun for example_subdag_operator.section-2 to None
[2021-02-18 07:59:27,568] {logging_mixin.py:104} INFO - [2021-02-18 07:59:27,568] {dag.py:1818} INFO - Sync 2 DAGs
[2021-02-18 07:59:27,575] {logging_mixin.py:104} INFO - [2021-02-18 07:59:27,575] {dag.py:2273} INFO - Setting next_dagrun for example_subdag_operator.section-1 to None
[2021-02-18 07:59:27,575] {logging_mixin.py:104} INFO - [2021-02-18 07:59:27,575] {dag.py:2273} INFO - Setting next_dagrun for example_subdag_operator.section-2 to None
[2021-02-18 07:59:27,580] {scheduler_job.py:190} INFO - Processing /home/airflow/.local/lib/python3.6/site-packages/airflow/example_dags/example_subdag_operator.py took 0.078 seconds
[2021-02-18 07:59:57,652] {scheduler_job.py:182} INFO - Started process (PID=209) to work on /home/airflow/.local/lib/python3.6/site-packages/airflow/example_dags/example_subdag_operator.py
[2021-02-18 07:59:57,653] {scheduler_job.py:629} INFO - Processing file /home/airflow/.local/lib/python3.6/site-packages/airflow/example_dags/example_subdag_operator.py for tasks to queue
[2021-02-18 07:59:57,653] {logging_mixin.py:104} INFO - [2021-02-18 07:59:57,653] {dagbag.py:448} INFO - Filling up the DagBag from /home/airflow/.local/lib/python3.6/site-packages/airflow/example_dags/example_subdag_operator.py
[2021-02-18 07:59:57,678] {scheduler_job.py:639} INFO - DAG(s) dict_keys(['example_subdag_operator.section-1', 'example_subdag_operator.section-2', 'example_subdag_operator']) retrieved from /home/airflow/.local/lib/python3.6/site-packages/airflow/example_dags/example_subdag_operator.py
[2021-02-18 07:59:57,687] {logging_mixin.py:104} INFO - [2021-02-18 07:59:57,687] {dag.py:1818} INFO - Sync 3 DAGs
[2021-02-18 07:59:57,703] {logging_mixin.py:104} INFO - [2021-02-18 07:59:57,703] {dag.py:2273} INFO - Setting next_dagrun for example_subdag_operator to 2021-02-16 00:00:00+00:00
[2021-02-18 07:59:57,703] {logging_mixin.py:104} INFO - [2021-02-18 07:59:57,703] {dag.py:2273} INFO - Setting next_dagrun for example_subdag_operator.section-1 to None
[2021-02-18 07:59:57,704] {logging_mixin.py:104} INFO - [2021-02-18 07:59:57,703] {dag.py:2273} INFO - Setting next_dagrun for example_subdag_operator.section-2 to None
[2021-02-18 07:59:57,709] {logging_mixin.py:104} INFO - [2021-02-18 07:59:57,709] {dag.py:1818} INFO - Sync 2 DAGs
[2021-02-18 07:59:57,716] {logging_mixin.py:104} INFO - [2021-02-18 07:59:57,716] {dag.py:2273} INFO - Setting next_dagrun for example_subdag_operator.section-1 to None
[2021-02-18 07:59:57,717] {logging_mixin.py:104} INFO - [2021-02-18 07:59:57,717] {dag.py:2273} INFO - Setting next_dagrun for example_subdag_operator.section-2 to None
[2021-02-18 07:59:57,722] {scheduler_job.py:190} INFO - Processing /home/airflow/.local/lib/python3.6/site-packages/airflow/example_dags/example_subdag_operator.py took 0.073 seconds
