[2021-02-18 07:37:59,212] {scheduler_job.py:182} INFO - Started process (PID=50) to work on /home/airflow/.local/lib/python3.6/site-packages/airflow/example_dags/example_dag_decorator.py
[2021-02-18 07:37:59,214] {scheduler_job.py:629} INFO - Processing file /home/airflow/.local/lib/python3.6/site-packages/airflow/example_dags/example_dag_decorator.py for tasks to queue
[2021-02-18 07:37:59,215] {logging_mixin.py:104} INFO - [2021-02-18 07:37:59,214] {dagbag.py:448} INFO - Filling up the DagBag from /home/airflow/.local/lib/python3.6/site-packages/airflow/example_dags/example_dag_decorator.py
[2021-02-18 07:37:59,232] {scheduler_job.py:639} INFO - DAG(s) dict_keys(['example_dag_decorator']) retrieved from /home/airflow/.local/lib/python3.6/site-packages/airflow/example_dags/example_dag_decorator.py
[2021-02-18 07:37:59,258] {logging_mixin.py:104} INFO - [2021-02-18 07:37:59,258] {dag.py:1818} INFO - Sync 1 DAGs
[2021-02-18 07:37:59,272] {logging_mixin.py:104} INFO - [2021-02-18 07:37:59,272] {dag.py:1837} INFO - Creating ORM DAG for example_dag_decorator
[2021-02-18 07:37:59,282] {logging_mixin.py:104} INFO - [2021-02-18 07:37:59,282] {dag.py:2273} INFO - Setting next_dagrun for example_dag_decorator to None
[2021-02-18 07:37:59,298] {scheduler_job.py:190} INFO - Processing /home/airflow/.local/lib/python3.6/site-packages/airflow/example_dags/example_dag_decorator.py took 0.091 seconds
[2021-02-18 07:38:29,446] {scheduler_job.py:182} INFO - Started process (PID=77) to work on /home/airflow/.local/lib/python3.6/site-packages/airflow/example_dags/example_dag_decorator.py
[2021-02-18 07:38:29,447] {scheduler_job.py:629} INFO - Processing file /home/airflow/.local/lib/python3.6/site-packages/airflow/example_dags/example_dag_decorator.py for tasks to queue
[2021-02-18 07:38:29,447] {logging_mixin.py:104} INFO - [2021-02-18 07:38:29,447] {dagbag.py:448} INFO - Filling up the DagBag from /home/airflow/.local/lib/python3.6/site-packages/airflow/example_dags/example_dag_decorator.py
[2021-02-18 07:38:29,459] {scheduler_job.py:639} INFO - DAG(s) dict_keys(['example_dag_decorator']) retrieved from /home/airflow/.local/lib/python3.6/site-packages/airflow/example_dags/example_dag_decorator.py
[2021-02-18 07:38:29,487] {logging_mixin.py:104} INFO - [2021-02-18 07:38:29,487] {dag.py:1818} INFO - Sync 1 DAGs
[2021-02-18 07:38:29,500] {logging_mixin.py:104} INFO - [2021-02-18 07:38:29,500] {dag.py:2273} INFO - Setting next_dagrun for example_dag_decorator to None
[2021-02-18 07:38:29,509] {scheduler_job.py:190} INFO - Processing /home/airflow/.local/lib/python3.6/site-packages/airflow/example_dags/example_dag_decorator.py took 0.065 seconds
[2021-02-18 07:38:59,557] {scheduler_job.py:182} INFO - Started process (PID=103) to work on /home/airflow/.local/lib/python3.6/site-packages/airflow/example_dags/example_dag_decorator.py
[2021-02-18 07:38:59,557] {scheduler_job.py:629} INFO - Processing file /home/airflow/.local/lib/python3.6/site-packages/airflow/example_dags/example_dag_decorator.py for tasks to queue
[2021-02-18 07:38:59,558] {logging_mixin.py:104} INFO - [2021-02-18 07:38:59,558] {dagbag.py:448} INFO - Filling up the DagBag from /home/airflow/.local/lib/python3.6/site-packages/airflow/example_dags/example_dag_decorator.py
[2021-02-18 07:38:59,571] {scheduler_job.py:639} INFO - DAG(s) dict_keys(['example_dag_decorator']) retrieved from /home/airflow/.local/lib/python3.6/site-packages/airflow/example_dags/example_dag_decorator.py
[2021-02-18 07:38:59,597] {logging_mixin.py:104} INFO - [2021-02-18 07:38:59,597] {dag.py:1818} INFO - Sync 1 DAGs
[2021-02-18 07:38:59,609] {logging_mixin.py:104} INFO - [2021-02-18 07:38:59,609] {dag.py:2273} INFO - Setting next_dagrun for example_dag_decorator to None
[2021-02-18 07:38:59,617] {scheduler_job.py:190} INFO - Processing /home/airflow/.local/lib/python3.6/site-packages/airflow/example_dags/example_dag_decorator.py took 0.063 seconds
[2021-02-18 07:39:29,822] {scheduler_job.py:182} INFO - Started process (PID=129) to work on /home/airflow/.local/lib/python3.6/site-packages/airflow/example_dags/example_dag_decorator.py
[2021-02-18 07:39:29,823] {scheduler_job.py:629} INFO - Processing file /home/airflow/.local/lib/python3.6/site-packages/airflow/example_dags/example_dag_decorator.py for tasks to queue
[2021-02-18 07:39:29,823] {logging_mixin.py:104} INFO - [2021-02-18 07:39:29,823] {dagbag.py:448} INFO - Filling up the DagBag from /home/airflow/.local/lib/python3.6/site-packages/airflow/example_dags/example_dag_decorator.py
[2021-02-18 07:39:29,836] {scheduler_job.py:639} INFO - DAG(s) dict_keys(['example_dag_decorator']) retrieved from /home/airflow/.local/lib/python3.6/site-packages/airflow/example_dags/example_dag_decorator.py
[2021-02-18 07:39:29,860] {logging_mixin.py:104} INFO - [2021-02-18 07:39:29,860] {dag.py:1818} INFO - Sync 1 DAGs
[2021-02-18 07:39:29,872] {logging_mixin.py:104} INFO - [2021-02-18 07:39:29,872] {dag.py:2273} INFO - Setting next_dagrun for example_dag_decorator to None
[2021-02-18 07:39:29,882] {scheduler_job.py:190} INFO - Processing /home/airflow/.local/lib/python3.6/site-packages/airflow/example_dags/example_dag_decorator.py took 0.062 seconds
[2021-02-18 07:40:00,240] {scheduler_job.py:182} INFO - Started process (PID=157) to work on /home/airflow/.local/lib/python3.6/site-packages/airflow/example_dags/example_dag_decorator.py
[2021-02-18 07:40:00,242] {scheduler_job.py:629} INFO - Processing file /home/airflow/.local/lib/python3.6/site-packages/airflow/example_dags/example_dag_decorator.py for tasks to queue
[2021-02-18 07:40:00,243] {logging_mixin.py:104} INFO - [2021-02-18 07:40:00,243] {dagbag.py:448} INFO - Filling up the DagBag from /home/airflow/.local/lib/python3.6/site-packages/airflow/example_dags/example_dag_decorator.py
[2021-02-18 07:40:00,257] {scheduler_job.py:639} INFO - DAG(s) dict_keys(['example_dag_decorator']) retrieved from /home/airflow/.local/lib/python3.6/site-packages/airflow/example_dags/example_dag_decorator.py
[2021-02-18 07:40:00,280] {logging_mixin.py:104} INFO - [2021-02-18 07:40:00,280] {dag.py:1818} INFO - Sync 1 DAGs
[2021-02-18 07:40:00,293] {logging_mixin.py:104} INFO - [2021-02-18 07:40:00,293] {dag.py:2273} INFO - Setting next_dagrun for example_dag_decorator to None
[2021-02-18 07:40:00,301] {scheduler_job.py:190} INFO - Processing /home/airflow/.local/lib/python3.6/site-packages/airflow/example_dags/example_dag_decorator.py took 0.065 seconds
[2021-02-18 07:40:30,495] {scheduler_job.py:182} INFO - Started process (PID=185) to work on /home/airflow/.local/lib/python3.6/site-packages/airflow/example_dags/example_dag_decorator.py
[2021-02-18 07:40:30,497] {scheduler_job.py:629} INFO - Processing file /home/airflow/.local/lib/python3.6/site-packages/airflow/example_dags/example_dag_decorator.py for tasks to queue
[2021-02-18 07:40:30,498] {logging_mixin.py:104} INFO - [2021-02-18 07:40:30,498] {dagbag.py:448} INFO - Filling up the DagBag from /home/airflow/.local/lib/python3.6/site-packages/airflow/example_dags/example_dag_decorator.py
[2021-02-18 07:40:30,510] {scheduler_job.py:639} INFO - DAG(s) dict_keys(['example_dag_decorator']) retrieved from /home/airflow/.local/lib/python3.6/site-packages/airflow/example_dags/example_dag_decorator.py
[2021-02-18 07:40:30,532] {logging_mixin.py:104} INFO - [2021-02-18 07:40:30,532] {dag.py:1818} INFO - Sync 1 DAGs
[2021-02-18 07:40:30,546] {logging_mixin.py:104} INFO - [2021-02-18 07:40:30,546] {dag.py:2273} INFO - Setting next_dagrun for example_dag_decorator to None
[2021-02-18 07:40:30,555] {scheduler_job.py:190} INFO - Processing /home/airflow/.local/lib/python3.6/site-packages/airflow/example_dags/example_dag_decorator.py took 0.062 seconds
[2021-02-18 07:41:00,736] {scheduler_job.py:182} INFO - Started process (PID=212) to work on /home/airflow/.local/lib/python3.6/site-packages/airflow/example_dags/example_dag_decorator.py
[2021-02-18 07:41:00,737] {scheduler_job.py:629} INFO - Processing file /home/airflow/.local/lib/python3.6/site-packages/airflow/example_dags/example_dag_decorator.py for tasks to queue
[2021-02-18 07:41:00,737] {logging_mixin.py:104} INFO - [2021-02-18 07:41:00,737] {dagbag.py:448} INFO - Filling up the DagBag from /home/airflow/.local/lib/python3.6/site-packages/airflow/example_dags/example_dag_decorator.py
[2021-02-18 07:41:00,751] {scheduler_job.py:639} INFO - DAG(s) dict_keys(['example_dag_decorator']) retrieved from /home/airflow/.local/lib/python3.6/site-packages/airflow/example_dags/example_dag_decorator.py
[2021-02-18 07:41:00,771] {logging_mixin.py:104} INFO - [2021-02-18 07:41:00,771] {dag.py:1818} INFO - Sync 1 DAGs
[2021-02-18 07:41:00,782] {logging_mixin.py:104} INFO - [2021-02-18 07:41:00,782] {dag.py:2273} INFO - Setting next_dagrun for example_dag_decorator to None
[2021-02-18 07:41:00,793] {scheduler_job.py:190} INFO - Processing /home/airflow/.local/lib/python3.6/site-packages/airflow/example_dags/example_dag_decorator.py took 0.059 seconds
[2021-02-18 07:41:31,628] {scheduler_job.py:182} INFO - Started process (PID=236) to work on /home/airflow/.local/lib/python3.6/site-packages/airflow/example_dags/example_dag_decorator.py
[2021-02-18 07:41:31,629] {scheduler_job.py:629} INFO - Processing file /home/airflow/.local/lib/python3.6/site-packages/airflow/example_dags/example_dag_decorator.py for tasks to queue
[2021-02-18 07:41:31,630] {logging_mixin.py:104} INFO - [2021-02-18 07:41:31,630] {dagbag.py:448} INFO - Filling up the DagBag from /home/airflow/.local/lib/python3.6/site-packages/airflow/example_dags/example_dag_decorator.py
[2021-02-18 07:41:31,643] {scheduler_job.py:639} INFO - DAG(s) dict_keys(['example_dag_decorator']) retrieved from /home/airflow/.local/lib/python3.6/site-packages/airflow/example_dags/example_dag_decorator.py
[2021-02-18 07:41:31,665] {logging_mixin.py:104} INFO - [2021-02-18 07:41:31,665] {dag.py:1818} INFO - Sync 1 DAGs
[2021-02-18 07:41:31,679] {logging_mixin.py:104} INFO - [2021-02-18 07:41:31,679] {dag.py:2273} INFO - Setting next_dagrun for example_dag_decorator to None
[2021-02-18 07:41:31,692] {scheduler_job.py:190} INFO - Processing /home/airflow/.local/lib/python3.6/site-packages/airflow/example_dags/example_dag_decorator.py took 0.068 seconds
[2021-02-18 07:42:01,727] {scheduler_job.py:182} INFO - Started process (PID=262) to work on /home/airflow/.local/lib/python3.6/site-packages/airflow/example_dags/example_dag_decorator.py
[2021-02-18 07:42:01,728] {scheduler_job.py:629} INFO - Processing file /home/airflow/.local/lib/python3.6/site-packages/airflow/example_dags/example_dag_decorator.py for tasks to queue
[2021-02-18 07:42:01,729] {logging_mixin.py:104} INFO - [2021-02-18 07:42:01,729] {dagbag.py:448} INFO - Filling up the DagBag from /home/airflow/.local/lib/python3.6/site-packages/airflow/example_dags/example_dag_decorator.py
[2021-02-18 07:42:01,742] {scheduler_job.py:639} INFO - DAG(s) dict_keys(['example_dag_decorator']) retrieved from /home/airflow/.local/lib/python3.6/site-packages/airflow/example_dags/example_dag_decorator.py
[2021-02-18 07:42:01,764] {logging_mixin.py:104} INFO - [2021-02-18 07:42:01,764] {dag.py:1818} INFO - Sync 1 DAGs
[2021-02-18 07:42:01,778] {logging_mixin.py:104} INFO - [2021-02-18 07:42:01,778] {dag.py:2273} INFO - Setting next_dagrun for example_dag_decorator to None
[2021-02-18 07:42:01,788] {scheduler_job.py:190} INFO - Processing /home/airflow/.local/lib/python3.6/site-packages/airflow/example_dags/example_dag_decorator.py took 0.064 seconds
[2021-02-18 07:42:31,820] {scheduler_job.py:182} INFO - Started process (PID=287) to work on /home/airflow/.local/lib/python3.6/site-packages/airflow/example_dags/example_dag_decorator.py
[2021-02-18 07:42:31,821] {scheduler_job.py:629} INFO - Processing file /home/airflow/.local/lib/python3.6/site-packages/airflow/example_dags/example_dag_decorator.py for tasks to queue
[2021-02-18 07:42:31,821] {logging_mixin.py:104} INFO - [2021-02-18 07:42:31,821] {dagbag.py:448} INFO - Filling up the DagBag from /home/airflow/.local/lib/python3.6/site-packages/airflow/example_dags/example_dag_decorator.py
[2021-02-18 07:42:31,834] {scheduler_job.py:639} INFO - DAG(s) dict_keys(['example_dag_decorator']) retrieved from /home/airflow/.local/lib/python3.6/site-packages/airflow/example_dags/example_dag_decorator.py
[2021-02-18 07:42:31,861] {logging_mixin.py:104} INFO - [2021-02-18 07:42:31,861] {dag.py:1818} INFO - Sync 1 DAGs
[2021-02-18 07:42:31,873] {logging_mixin.py:104} INFO - [2021-02-18 07:42:31,873] {dag.py:2273} INFO - Setting next_dagrun for example_dag_decorator to None
[2021-02-18 07:42:31,885] {scheduler_job.py:190} INFO - Processing /home/airflow/.local/lib/python3.6/site-packages/airflow/example_dags/example_dag_decorator.py took 0.068 seconds
[2021-02-18 07:43:01,967] {scheduler_job.py:182} INFO - Started process (PID=313) to work on /home/airflow/.local/lib/python3.6/site-packages/airflow/example_dags/example_dag_decorator.py
[2021-02-18 07:43:01,968] {scheduler_job.py:629} INFO - Processing file /home/airflow/.local/lib/python3.6/site-packages/airflow/example_dags/example_dag_decorator.py for tasks to queue
[2021-02-18 07:43:01,969] {logging_mixin.py:104} INFO - [2021-02-18 07:43:01,968] {dagbag.py:448} INFO - Filling up the DagBag from /home/airflow/.local/lib/python3.6/site-packages/airflow/example_dags/example_dag_decorator.py
[2021-02-18 07:43:01,982] {scheduler_job.py:639} INFO - DAG(s) dict_keys(['example_dag_decorator']) retrieved from /home/airflow/.local/lib/python3.6/site-packages/airflow/example_dags/example_dag_decorator.py
[2021-02-18 07:43:02,003] {logging_mixin.py:104} INFO - [2021-02-18 07:43:02,002] {dag.py:1818} INFO - Sync 1 DAGs
[2021-02-18 07:43:02,015] {logging_mixin.py:104} INFO - [2021-02-18 07:43:02,015] {dag.py:2273} INFO - Setting next_dagrun for example_dag_decorator to None
[2021-02-18 07:43:02,024] {scheduler_job.py:190} INFO - Processing /home/airflow/.local/lib/python3.6/site-packages/airflow/example_dags/example_dag_decorator.py took 0.059 seconds
[2021-02-18 07:43:32,282] {scheduler_job.py:182} INFO - Started process (PID=339) to work on /home/airflow/.local/lib/python3.6/site-packages/airflow/example_dags/example_dag_decorator.py
[2021-02-18 07:43:32,283] {scheduler_job.py:629} INFO - Processing file /home/airflow/.local/lib/python3.6/site-packages/airflow/example_dags/example_dag_decorator.py for tasks to queue
[2021-02-18 07:43:32,284] {logging_mixin.py:104} INFO - [2021-02-18 07:43:32,284] {dagbag.py:448} INFO - Filling up the DagBag from /home/airflow/.local/lib/python3.6/site-packages/airflow/example_dags/example_dag_decorator.py
[2021-02-18 07:43:32,299] {scheduler_job.py:639} INFO - DAG(s) dict_keys(['example_dag_decorator']) retrieved from /home/airflow/.local/lib/python3.6/site-packages/airflow/example_dags/example_dag_decorator.py
[2021-02-18 07:43:32,323] {logging_mixin.py:104} INFO - [2021-02-18 07:43:32,323] {dag.py:1818} INFO - Sync 1 DAGs
[2021-02-18 07:43:32,335] {logging_mixin.py:104} INFO - [2021-02-18 07:43:32,335] {dag.py:2273} INFO - Setting next_dagrun for example_dag_decorator to None
[2021-02-18 07:43:32,342] {scheduler_job.py:190} INFO - Processing /home/airflow/.local/lib/python3.6/site-packages/airflow/example_dags/example_dag_decorator.py took 0.062 seconds
[2021-02-18 07:44:02,387] {scheduler_job.py:182} INFO - Started process (PID=365) to work on /home/airflow/.local/lib/python3.6/site-packages/airflow/example_dags/example_dag_decorator.py
[2021-02-18 07:44:02,388] {scheduler_job.py:629} INFO - Processing file /home/airflow/.local/lib/python3.6/site-packages/airflow/example_dags/example_dag_decorator.py for tasks to queue
[2021-02-18 07:44:02,389] {logging_mixin.py:104} INFO - [2021-02-18 07:44:02,389] {dagbag.py:448} INFO - Filling up the DagBag from /home/airflow/.local/lib/python3.6/site-packages/airflow/example_dags/example_dag_decorator.py
[2021-02-18 07:44:02,400] {scheduler_job.py:639} INFO - DAG(s) dict_keys(['example_dag_decorator']) retrieved from /home/airflow/.local/lib/python3.6/site-packages/airflow/example_dags/example_dag_decorator.py
[2021-02-18 07:44:02,423] {logging_mixin.py:104} INFO - [2021-02-18 07:44:02,423] {dag.py:1818} INFO - Sync 1 DAGs
[2021-02-18 07:44:02,436] {logging_mixin.py:104} INFO - [2021-02-18 07:44:02,436] {dag.py:2273} INFO - Setting next_dagrun for example_dag_decorator to None
[2021-02-18 07:44:02,446] {scheduler_job.py:190} INFO - Processing /home/airflow/.local/lib/python3.6/site-packages/airflow/example_dags/example_dag_decorator.py took 0.062 seconds
[2021-02-18 07:44:32,663] {scheduler_job.py:182} INFO - Started process (PID=391) to work on /home/airflow/.local/lib/python3.6/site-packages/airflow/example_dags/example_dag_decorator.py
[2021-02-18 07:44:32,664] {scheduler_job.py:629} INFO - Processing file /home/airflow/.local/lib/python3.6/site-packages/airflow/example_dags/example_dag_decorator.py for tasks to queue
[2021-02-18 07:44:32,665] {logging_mixin.py:104} INFO - [2021-02-18 07:44:32,665] {dagbag.py:448} INFO - Filling up the DagBag from /home/airflow/.local/lib/python3.6/site-packages/airflow/example_dags/example_dag_decorator.py
[2021-02-18 07:44:32,677] {scheduler_job.py:639} INFO - DAG(s) dict_keys(['example_dag_decorator']) retrieved from /home/airflow/.local/lib/python3.6/site-packages/airflow/example_dags/example_dag_decorator.py
[2021-02-18 07:44:32,699] {logging_mixin.py:104} INFO - [2021-02-18 07:44:32,699] {dag.py:1818} INFO - Sync 1 DAGs
[2021-02-18 07:44:32,713] {logging_mixin.py:104} INFO - [2021-02-18 07:44:32,712] {dag.py:2273} INFO - Setting next_dagrun for example_dag_decorator to None
[2021-02-18 07:44:32,720] {scheduler_job.py:190} INFO - Processing /home/airflow/.local/lib/python3.6/site-packages/airflow/example_dags/example_dag_decorator.py took 0.059 seconds
[2021-02-18 07:45:02,827] {scheduler_job.py:182} INFO - Started process (PID=417) to work on /home/airflow/.local/lib/python3.6/site-packages/airflow/example_dags/example_dag_decorator.py
[2021-02-18 07:45:02,828] {scheduler_job.py:629} INFO - Processing file /home/airflow/.local/lib/python3.6/site-packages/airflow/example_dags/example_dag_decorator.py for tasks to queue
[2021-02-18 07:45:02,829] {logging_mixin.py:104} INFO - [2021-02-18 07:45:02,829] {dagbag.py:448} INFO - Filling up the DagBag from /home/airflow/.local/lib/python3.6/site-packages/airflow/example_dags/example_dag_decorator.py
[2021-02-18 07:45:02,842] {scheduler_job.py:639} INFO - DAG(s) dict_keys(['example_dag_decorator']) retrieved from /home/airflow/.local/lib/python3.6/site-packages/airflow/example_dags/example_dag_decorator.py
[2021-02-18 07:45:02,866] {logging_mixin.py:104} INFO - [2021-02-18 07:45:02,866] {dag.py:1818} INFO - Sync 1 DAGs
[2021-02-18 07:45:02,884] {logging_mixin.py:104} INFO - [2021-02-18 07:45:02,884] {dag.py:2273} INFO - Setting next_dagrun for example_dag_decorator to None
[2021-02-18 07:45:02,895] {scheduler_job.py:190} INFO - Processing /home/airflow/.local/lib/python3.6/site-packages/airflow/example_dags/example_dag_decorator.py took 0.070 seconds
[2021-02-18 07:45:32,972] {scheduler_job.py:182} INFO - Started process (PID=443) to work on /home/airflow/.local/lib/python3.6/site-packages/airflow/example_dags/example_dag_decorator.py
[2021-02-18 07:45:32,973] {scheduler_job.py:629} INFO - Processing file /home/airflow/.local/lib/python3.6/site-packages/airflow/example_dags/example_dag_decorator.py for tasks to queue
[2021-02-18 07:45:32,973] {logging_mixin.py:104} INFO - [2021-02-18 07:45:32,973] {dagbag.py:448} INFO - Filling up the DagBag from /home/airflow/.local/lib/python3.6/site-packages/airflow/example_dags/example_dag_decorator.py
[2021-02-18 07:45:32,983] {scheduler_job.py:639} INFO - DAG(s) dict_keys(['example_dag_decorator']) retrieved from /home/airflow/.local/lib/python3.6/site-packages/airflow/example_dags/example_dag_decorator.py
[2021-02-18 07:45:33,004] {logging_mixin.py:104} INFO - [2021-02-18 07:45:33,004] {dag.py:1818} INFO - Sync 1 DAGs
[2021-02-18 07:45:33,014] {logging_mixin.py:104} INFO - [2021-02-18 07:45:33,014] {dag.py:2273} INFO - Setting next_dagrun for example_dag_decorator to None
[2021-02-18 07:45:33,021] {scheduler_job.py:190} INFO - Processing /home/airflow/.local/lib/python3.6/site-packages/airflow/example_dags/example_dag_decorator.py took 0.052 seconds
[2021-02-18 07:46:03,237] {scheduler_job.py:182} INFO - Started process (PID=469) to work on /home/airflow/.local/lib/python3.6/site-packages/airflow/example_dags/example_dag_decorator.py
[2021-02-18 07:46:03,238] {scheduler_job.py:629} INFO - Processing file /home/airflow/.local/lib/python3.6/site-packages/airflow/example_dags/example_dag_decorator.py for tasks to queue
[2021-02-18 07:46:03,239] {logging_mixin.py:104} INFO - [2021-02-18 07:46:03,239] {dagbag.py:448} INFO - Filling up the DagBag from /home/airflow/.local/lib/python3.6/site-packages/airflow/example_dags/example_dag_decorator.py
[2021-02-18 07:46:03,252] {scheduler_job.py:639} INFO - DAG(s) dict_keys(['example_dag_decorator']) retrieved from /home/airflow/.local/lib/python3.6/site-packages/airflow/example_dags/example_dag_decorator.py
[2021-02-18 07:46:03,278] {logging_mixin.py:104} INFO - [2021-02-18 07:46:03,278] {dag.py:1818} INFO - Sync 1 DAGs
[2021-02-18 07:46:03,291] {logging_mixin.py:104} INFO - [2021-02-18 07:46:03,291] {dag.py:2273} INFO - Setting next_dagrun for example_dag_decorator to None
[2021-02-18 07:46:03,300] {scheduler_job.py:190} INFO - Processing /home/airflow/.local/lib/python3.6/site-packages/airflow/example_dags/example_dag_decorator.py took 0.066 seconds
[2021-02-18 07:46:33,337] {scheduler_job.py:182} INFO - Started process (PID=495) to work on /home/airflow/.local/lib/python3.6/site-packages/airflow/example_dags/example_dag_decorator.py
[2021-02-18 07:46:33,339] {scheduler_job.py:629} INFO - Processing file /home/airflow/.local/lib/python3.6/site-packages/airflow/example_dags/example_dag_decorator.py for tasks to queue
[2021-02-18 07:46:33,339] {logging_mixin.py:104} INFO - [2021-02-18 07:46:33,339] {dagbag.py:448} INFO - Filling up the DagBag from /home/airflow/.local/lib/python3.6/site-packages/airflow/example_dags/example_dag_decorator.py
[2021-02-18 07:46:33,352] {scheduler_job.py:639} INFO - DAG(s) dict_keys(['example_dag_decorator']) retrieved from /home/airflow/.local/lib/python3.6/site-packages/airflow/example_dags/example_dag_decorator.py
[2021-02-18 07:46:33,378] {logging_mixin.py:104} INFO - [2021-02-18 07:46:33,378] {dag.py:1818} INFO - Sync 1 DAGs
[2021-02-18 07:46:33,390] {logging_mixin.py:104} INFO - [2021-02-18 07:46:33,390] {dag.py:2273} INFO - Setting next_dagrun for example_dag_decorator to None
[2021-02-18 07:46:33,400] {scheduler_job.py:190} INFO - Processing /home/airflow/.local/lib/python3.6/site-packages/airflow/example_dags/example_dag_decorator.py took 0.068 seconds
[2021-02-18 07:47:03,531] {scheduler_job.py:182} INFO - Started process (PID=521) to work on /home/airflow/.local/lib/python3.6/site-packages/airflow/example_dags/example_dag_decorator.py
[2021-02-18 07:47:03,532] {scheduler_job.py:629} INFO - Processing file /home/airflow/.local/lib/python3.6/site-packages/airflow/example_dags/example_dag_decorator.py for tasks to queue
[2021-02-18 07:47:03,532] {logging_mixin.py:104} INFO - [2021-02-18 07:47:03,532] {dagbag.py:448} INFO - Filling up the DagBag from /home/airflow/.local/lib/python3.6/site-packages/airflow/example_dags/example_dag_decorator.py
[2021-02-18 07:47:03,544] {scheduler_job.py:639} INFO - DAG(s) dict_keys(['example_dag_decorator']) retrieved from /home/airflow/.local/lib/python3.6/site-packages/airflow/example_dags/example_dag_decorator.py
[2021-02-18 07:47:03,569] {logging_mixin.py:104} INFO - [2021-02-18 07:47:03,569] {dag.py:1818} INFO - Sync 1 DAGs
[2021-02-18 07:47:03,580] {logging_mixin.py:104} INFO - [2021-02-18 07:47:03,580] {dag.py:2273} INFO - Setting next_dagrun for example_dag_decorator to None
[2021-02-18 07:47:03,588] {scheduler_job.py:190} INFO - Processing /home/airflow/.local/lib/python3.6/site-packages/airflow/example_dags/example_dag_decorator.py took 0.061 seconds
[2021-02-18 07:47:33,647] {scheduler_job.py:182} INFO - Started process (PID=547) to work on /home/airflow/.local/lib/python3.6/site-packages/airflow/example_dags/example_dag_decorator.py
[2021-02-18 07:47:33,648] {scheduler_job.py:629} INFO - Processing file /home/airflow/.local/lib/python3.6/site-packages/airflow/example_dags/example_dag_decorator.py for tasks to queue
[2021-02-18 07:47:33,649] {logging_mixin.py:104} INFO - [2021-02-18 07:47:33,649] {dagbag.py:448} INFO - Filling up the DagBag from /home/airflow/.local/lib/python3.6/site-packages/airflow/example_dags/example_dag_decorator.py
[2021-02-18 07:47:33,661] {scheduler_job.py:639} INFO - DAG(s) dict_keys(['example_dag_decorator']) retrieved from /home/airflow/.local/lib/python3.6/site-packages/airflow/example_dags/example_dag_decorator.py
[2021-02-18 07:47:33,684] {logging_mixin.py:104} INFO - [2021-02-18 07:47:33,684] {dag.py:1818} INFO - Sync 1 DAGs
[2021-02-18 07:47:33,698] {logging_mixin.py:104} INFO - [2021-02-18 07:47:33,698] {dag.py:2273} INFO - Setting next_dagrun for example_dag_decorator to None
[2021-02-18 07:47:33,710] {scheduler_job.py:190} INFO - Processing /home/airflow/.local/lib/python3.6/site-packages/airflow/example_dags/example_dag_decorator.py took 0.066 seconds
[2021-02-18 07:48:03,758] {scheduler_job.py:182} INFO - Started process (PID=573) to work on /home/airflow/.local/lib/python3.6/site-packages/airflow/example_dags/example_dag_decorator.py
[2021-02-18 07:48:03,759] {scheduler_job.py:629} INFO - Processing file /home/airflow/.local/lib/python3.6/site-packages/airflow/example_dags/example_dag_decorator.py for tasks to queue
[2021-02-18 07:48:03,760] {logging_mixin.py:104} INFO - [2021-02-18 07:48:03,759] {dagbag.py:448} INFO - Filling up the DagBag from /home/airflow/.local/lib/python3.6/site-packages/airflow/example_dags/example_dag_decorator.py
[2021-02-18 07:48:03,776] {scheduler_job.py:639} INFO - DAG(s) dict_keys(['example_dag_decorator']) retrieved from /home/airflow/.local/lib/python3.6/site-packages/airflow/example_dags/example_dag_decorator.py
[2021-02-18 07:48:03,796] {logging_mixin.py:104} INFO - [2021-02-18 07:48:03,796] {dag.py:1818} INFO - Sync 1 DAGs
[2021-02-18 07:48:03,808] {logging_mixin.py:104} INFO - [2021-02-18 07:48:03,808] {dag.py:2273} INFO - Setting next_dagrun for example_dag_decorator to None
[2021-02-18 07:48:03,817] {scheduler_job.py:190} INFO - Processing /home/airflow/.local/lib/python3.6/site-packages/airflow/example_dags/example_dag_decorator.py took 0.062 seconds
[2021-02-18 07:48:33,882] {scheduler_job.py:182} INFO - Started process (PID=599) to work on /home/airflow/.local/lib/python3.6/site-packages/airflow/example_dags/example_dag_decorator.py
[2021-02-18 07:48:33,883] {scheduler_job.py:629} INFO - Processing file /home/airflow/.local/lib/python3.6/site-packages/airflow/example_dags/example_dag_decorator.py for tasks to queue
[2021-02-18 07:48:33,883] {logging_mixin.py:104} INFO - [2021-02-18 07:48:33,883] {dagbag.py:448} INFO - Filling up the DagBag from /home/airflow/.local/lib/python3.6/site-packages/airflow/example_dags/example_dag_decorator.py
[2021-02-18 07:48:33,900] {scheduler_job.py:639} INFO - DAG(s) dict_keys(['example_dag_decorator']) retrieved from /home/airflow/.local/lib/python3.6/site-packages/airflow/example_dags/example_dag_decorator.py
[2021-02-18 07:48:33,919] {logging_mixin.py:104} INFO - [2021-02-18 07:48:33,918] {dag.py:1818} INFO - Sync 1 DAGs
[2021-02-18 07:48:33,929] {logging_mixin.py:104} INFO - [2021-02-18 07:48:33,929] {dag.py:2273} INFO - Setting next_dagrun for example_dag_decorator to None
[2021-02-18 07:48:33,937] {scheduler_job.py:190} INFO - Processing /home/airflow/.local/lib/python3.6/site-packages/airflow/example_dags/example_dag_decorator.py took 0.057 seconds
[2021-02-18 07:49:04,012] {scheduler_job.py:182} INFO - Started process (PID=625) to work on /home/airflow/.local/lib/python3.6/site-packages/airflow/example_dags/example_dag_decorator.py
[2021-02-18 07:49:04,013] {scheduler_job.py:629} INFO - Processing file /home/airflow/.local/lib/python3.6/site-packages/airflow/example_dags/example_dag_decorator.py for tasks to queue
[2021-02-18 07:49:04,014] {logging_mixin.py:104} INFO - [2021-02-18 07:49:04,014] {dagbag.py:448} INFO - Filling up the DagBag from /home/airflow/.local/lib/python3.6/site-packages/airflow/example_dags/example_dag_decorator.py
[2021-02-18 07:49:04,026] {scheduler_job.py:639} INFO - DAG(s) dict_keys(['example_dag_decorator']) retrieved from /home/airflow/.local/lib/python3.6/site-packages/airflow/example_dags/example_dag_decorator.py
[2021-02-18 07:49:04,046] {logging_mixin.py:104} INFO - [2021-02-18 07:49:04,046] {dag.py:1818} INFO - Sync 1 DAGs
[2021-02-18 07:49:04,057] {logging_mixin.py:104} INFO - [2021-02-18 07:49:04,057] {dag.py:2273} INFO - Setting next_dagrun for example_dag_decorator to None
[2021-02-18 07:49:04,064] {scheduler_job.py:190} INFO - Processing /home/airflow/.local/lib/python3.6/site-packages/airflow/example_dags/example_dag_decorator.py took 0.054 seconds
[2021-02-18 07:49:34,275] {scheduler_job.py:182} INFO - Started process (PID=652) to work on /home/airflow/.local/lib/python3.6/site-packages/airflow/example_dags/example_dag_decorator.py
[2021-02-18 07:49:34,276] {scheduler_job.py:629} INFO - Processing file /home/airflow/.local/lib/python3.6/site-packages/airflow/example_dags/example_dag_decorator.py for tasks to queue
[2021-02-18 07:49:34,277] {logging_mixin.py:104} INFO - [2021-02-18 07:49:34,277] {dagbag.py:448} INFO - Filling up the DagBag from /home/airflow/.local/lib/python3.6/site-packages/airflow/example_dags/example_dag_decorator.py
[2021-02-18 07:49:34,291] {scheduler_job.py:639} INFO - DAG(s) dict_keys(['example_dag_decorator']) retrieved from /home/airflow/.local/lib/python3.6/site-packages/airflow/example_dags/example_dag_decorator.py
[2021-02-18 07:49:34,314] {logging_mixin.py:104} INFO - [2021-02-18 07:49:34,314] {dag.py:1818} INFO - Sync 1 DAGs
[2021-02-18 07:49:34,324] {logging_mixin.py:104} INFO - [2021-02-18 07:49:34,324] {dag.py:2273} INFO - Setting next_dagrun for example_dag_decorator to None
[2021-02-18 07:49:34,332] {scheduler_job.py:190} INFO - Processing /home/airflow/.local/lib/python3.6/site-packages/airflow/example_dags/example_dag_decorator.py took 0.060 seconds
[2021-02-18 07:50:04,382] {scheduler_job.py:182} INFO - Started process (PID=678) to work on /home/airflow/.local/lib/python3.6/site-packages/airflow/example_dags/example_dag_decorator.py
[2021-02-18 07:50:04,384] {scheduler_job.py:629} INFO - Processing file /home/airflow/.local/lib/python3.6/site-packages/airflow/example_dags/example_dag_decorator.py for tasks to queue
[2021-02-18 07:50:04,385] {logging_mixin.py:104} INFO - [2021-02-18 07:50:04,384] {dagbag.py:448} INFO - Filling up the DagBag from /home/airflow/.local/lib/python3.6/site-packages/airflow/example_dags/example_dag_decorator.py
[2021-02-18 07:50:04,400] {scheduler_job.py:639} INFO - DAG(s) dict_keys(['example_dag_decorator']) retrieved from /home/airflow/.local/lib/python3.6/site-packages/airflow/example_dags/example_dag_decorator.py
[2021-02-18 07:50:04,422] {logging_mixin.py:104} INFO - [2021-02-18 07:50:04,422] {dag.py:1818} INFO - Sync 1 DAGs
[2021-02-18 07:50:04,434] {logging_mixin.py:104} INFO - [2021-02-18 07:50:04,434] {dag.py:2273} INFO - Setting next_dagrun for example_dag_decorator to None
[2021-02-18 07:50:04,440] {scheduler_job.py:190} INFO - Processing /home/airflow/.local/lib/python3.6/site-packages/airflow/example_dags/example_dag_decorator.py took 0.063 seconds
[2021-02-18 07:50:34,507] {scheduler_job.py:182} INFO - Started process (PID=704) to work on /home/airflow/.local/lib/python3.6/site-packages/airflow/example_dags/example_dag_decorator.py
[2021-02-18 07:50:34,509] {scheduler_job.py:629} INFO - Processing file /home/airflow/.local/lib/python3.6/site-packages/airflow/example_dags/example_dag_decorator.py for tasks to queue
[2021-02-18 07:50:34,510] {logging_mixin.py:104} INFO - [2021-02-18 07:50:34,510] {dagbag.py:448} INFO - Filling up the DagBag from /home/airflow/.local/lib/python3.6/site-packages/airflow/example_dags/example_dag_decorator.py
[2021-02-18 07:50:34,523] {scheduler_job.py:639} INFO - DAG(s) dict_keys(['example_dag_decorator']) retrieved from /home/airflow/.local/lib/python3.6/site-packages/airflow/example_dags/example_dag_decorator.py
[2021-02-18 07:50:34,545] {logging_mixin.py:104} INFO - [2021-02-18 07:50:34,545] {dag.py:1818} INFO - Sync 1 DAGs
[2021-02-18 07:50:34,559] {logging_mixin.py:104} INFO - [2021-02-18 07:50:34,559] {dag.py:2273} INFO - Setting next_dagrun for example_dag_decorator to None
[2021-02-18 07:50:34,569] {scheduler_job.py:190} INFO - Processing /home/airflow/.local/lib/python3.6/site-packages/airflow/example_dags/example_dag_decorator.py took 0.066 seconds
[2021-02-18 07:51:04,620] {scheduler_job.py:182} INFO - Started process (PID=729) to work on /home/airflow/.local/lib/python3.6/site-packages/airflow/example_dags/example_dag_decorator.py
[2021-02-18 07:51:04,621] {scheduler_job.py:629} INFO - Processing file /home/airflow/.local/lib/python3.6/site-packages/airflow/example_dags/example_dag_decorator.py for tasks to queue
[2021-02-18 07:51:04,621] {logging_mixin.py:104} INFO - [2021-02-18 07:51:04,621] {dagbag.py:448} INFO - Filling up the DagBag from /home/airflow/.local/lib/python3.6/site-packages/airflow/example_dags/example_dag_decorator.py
[2021-02-18 07:51:04,635] {scheduler_job.py:639} INFO - DAG(s) dict_keys(['example_dag_decorator']) retrieved from /home/airflow/.local/lib/python3.6/site-packages/airflow/example_dags/example_dag_decorator.py
[2021-02-18 07:51:04,657] {logging_mixin.py:104} INFO - [2021-02-18 07:51:04,657] {dag.py:1818} INFO - Sync 1 DAGs
[2021-02-18 07:51:04,669] {logging_mixin.py:104} INFO - [2021-02-18 07:51:04,669] {dag.py:2273} INFO - Setting next_dagrun for example_dag_decorator to None
[2021-02-18 07:51:04,678] {scheduler_job.py:190} INFO - Processing /home/airflow/.local/lib/python3.6/site-packages/airflow/example_dags/example_dag_decorator.py took 0.060 seconds
[2021-02-18 07:51:34,800] {scheduler_job.py:182} INFO - Started process (PID=755) to work on /home/airflow/.local/lib/python3.6/site-packages/airflow/example_dags/example_dag_decorator.py
[2021-02-18 07:51:34,801] {scheduler_job.py:629} INFO - Processing file /home/airflow/.local/lib/python3.6/site-packages/airflow/example_dags/example_dag_decorator.py for tasks to queue
[2021-02-18 07:51:34,801] {logging_mixin.py:104} INFO - [2021-02-18 07:51:34,801] {dagbag.py:448} INFO - Filling up the DagBag from /home/airflow/.local/lib/python3.6/site-packages/airflow/example_dags/example_dag_decorator.py
[2021-02-18 07:51:34,817] {scheduler_job.py:639} INFO - DAG(s) dict_keys(['example_dag_decorator']) retrieved from /home/airflow/.local/lib/python3.6/site-packages/airflow/example_dags/example_dag_decorator.py
[2021-02-18 07:51:34,837] {logging_mixin.py:104} INFO - [2021-02-18 07:51:34,837] {dag.py:1818} INFO - Sync 1 DAGs
[2021-02-18 07:51:34,850] {logging_mixin.py:104} INFO - [2021-02-18 07:51:34,850] {dag.py:2273} INFO - Setting next_dagrun for example_dag_decorator to None
[2021-02-18 07:51:34,859] {scheduler_job.py:190} INFO - Processing /home/airflow/.local/lib/python3.6/site-packages/airflow/example_dags/example_dag_decorator.py took 0.061 seconds
[2021-02-18 07:52:04,933] {scheduler_job.py:182} INFO - Started process (PID=781) to work on /home/airflow/.local/lib/python3.6/site-packages/airflow/example_dags/example_dag_decorator.py
[2021-02-18 07:52:04,934] {scheduler_job.py:629} INFO - Processing file /home/airflow/.local/lib/python3.6/site-packages/airflow/example_dags/example_dag_decorator.py for tasks to queue
[2021-02-18 07:52:04,934] {logging_mixin.py:104} INFO - [2021-02-18 07:52:04,934] {dagbag.py:448} INFO - Filling up the DagBag from /home/airflow/.local/lib/python3.6/site-packages/airflow/example_dags/example_dag_decorator.py
[2021-02-18 07:52:04,949] {scheduler_job.py:639} INFO - DAG(s) dict_keys(['example_dag_decorator']) retrieved from /home/airflow/.local/lib/python3.6/site-packages/airflow/example_dags/example_dag_decorator.py
[2021-02-18 07:52:04,973] {logging_mixin.py:104} INFO - [2021-02-18 07:52:04,972] {dag.py:1818} INFO - Sync 1 DAGs
[2021-02-18 07:52:04,988] {logging_mixin.py:104} INFO - [2021-02-18 07:52:04,987] {dag.py:2273} INFO - Setting next_dagrun for example_dag_decorator to None
[2021-02-18 07:52:04,997] {scheduler_job.py:190} INFO - Processing /home/airflow/.local/lib/python3.6/site-packages/airflow/example_dags/example_dag_decorator.py took 0.067 seconds
[2021-02-18 07:52:35,059] {scheduler_job.py:182} INFO - Started process (PID=806) to work on /home/airflow/.local/lib/python3.6/site-packages/airflow/example_dags/example_dag_decorator.py
[2021-02-18 07:52:35,059] {scheduler_job.py:629} INFO - Processing file /home/airflow/.local/lib/python3.6/site-packages/airflow/example_dags/example_dag_decorator.py for tasks to queue
[2021-02-18 07:52:35,060] {logging_mixin.py:104} INFO - [2021-02-18 07:52:35,060] {dagbag.py:448} INFO - Filling up the DagBag from /home/airflow/.local/lib/python3.6/site-packages/airflow/example_dags/example_dag_decorator.py
[2021-02-18 07:52:35,075] {scheduler_job.py:639} INFO - DAG(s) dict_keys(['example_dag_decorator']) retrieved from /home/airflow/.local/lib/python3.6/site-packages/airflow/example_dags/example_dag_decorator.py
[2021-02-18 07:52:35,098] {logging_mixin.py:104} INFO - [2021-02-18 07:52:35,098] {dag.py:1818} INFO - Sync 1 DAGs
[2021-02-18 07:52:35,111] {logging_mixin.py:104} INFO - [2021-02-18 07:52:35,111] {dag.py:2273} INFO - Setting next_dagrun for example_dag_decorator to None
[2021-02-18 07:52:35,121] {scheduler_job.py:190} INFO - Processing /home/airflow/.local/lib/python3.6/site-packages/airflow/example_dags/example_dag_decorator.py took 0.064 seconds
[2021-02-18 07:53:05,188] {scheduler_job.py:182} INFO - Started process (PID=832) to work on /home/airflow/.local/lib/python3.6/site-packages/airflow/example_dags/example_dag_decorator.py
[2021-02-18 07:53:05,189] {scheduler_job.py:629} INFO - Processing file /home/airflow/.local/lib/python3.6/site-packages/airflow/example_dags/example_dag_decorator.py for tasks to queue
[2021-02-18 07:53:05,189] {logging_mixin.py:104} INFO - [2021-02-18 07:53:05,189] {dagbag.py:448} INFO - Filling up the DagBag from /home/airflow/.local/lib/python3.6/site-packages/airflow/example_dags/example_dag_decorator.py
[2021-02-18 07:53:05,203] {scheduler_job.py:639} INFO - DAG(s) dict_keys(['example_dag_decorator']) retrieved from /home/airflow/.local/lib/python3.6/site-packages/airflow/example_dags/example_dag_decorator.py
[2021-02-18 07:53:05,224] {logging_mixin.py:104} INFO - [2021-02-18 07:53:05,224] {dag.py:1818} INFO - Sync 1 DAGs
[2021-02-18 07:53:05,236] {logging_mixin.py:104} INFO - [2021-02-18 07:53:05,236] {dag.py:2273} INFO - Setting next_dagrun for example_dag_decorator to None
[2021-02-18 07:53:05,246] {scheduler_job.py:190} INFO - Processing /home/airflow/.local/lib/python3.6/site-packages/airflow/example_dags/example_dag_decorator.py took 0.062 seconds
[2021-02-18 07:53:35,406] {scheduler_job.py:182} INFO - Started process (PID=858) to work on /home/airflow/.local/lib/python3.6/site-packages/airflow/example_dags/example_dag_decorator.py
[2021-02-18 07:53:35,407] {scheduler_job.py:629} INFO - Processing file /home/airflow/.local/lib/python3.6/site-packages/airflow/example_dags/example_dag_decorator.py for tasks to queue
[2021-02-18 07:53:35,408] {logging_mixin.py:104} INFO - [2021-02-18 07:53:35,408] {dagbag.py:448} INFO - Filling up the DagBag from /home/airflow/.local/lib/python3.6/site-packages/airflow/example_dags/example_dag_decorator.py
[2021-02-18 07:53:35,421] {scheduler_job.py:639} INFO - DAG(s) dict_keys(['example_dag_decorator']) retrieved from /home/airflow/.local/lib/python3.6/site-packages/airflow/example_dags/example_dag_decorator.py
[2021-02-18 07:53:35,448] {logging_mixin.py:104} INFO - [2021-02-18 07:53:35,448] {dag.py:1818} INFO - Sync 1 DAGs
[2021-02-18 07:53:35,461] {logging_mixin.py:104} INFO - [2021-02-18 07:53:35,461] {dag.py:2273} INFO - Setting next_dagrun for example_dag_decorator to None
[2021-02-18 07:53:35,471] {scheduler_job.py:190} INFO - Processing /home/airflow/.local/lib/python3.6/site-packages/airflow/example_dags/example_dag_decorator.py took 0.068 seconds
[2021-02-18 07:54:05,515] {scheduler_job.py:182} INFO - Started process (PID=884) to work on /home/airflow/.local/lib/python3.6/site-packages/airflow/example_dags/example_dag_decorator.py
[2021-02-18 07:54:05,516] {scheduler_job.py:629} INFO - Processing file /home/airflow/.local/lib/python3.6/site-packages/airflow/example_dags/example_dag_decorator.py for tasks to queue
[2021-02-18 07:54:05,516] {logging_mixin.py:104} INFO - [2021-02-18 07:54:05,516] {dagbag.py:448} INFO - Filling up the DagBag from /home/airflow/.local/lib/python3.6/site-packages/airflow/example_dags/example_dag_decorator.py
[2021-02-18 07:54:05,526] {scheduler_job.py:639} INFO - DAG(s) dict_keys(['example_dag_decorator']) retrieved from /home/airflow/.local/lib/python3.6/site-packages/airflow/example_dags/example_dag_decorator.py
[2021-02-18 07:54:05,546] {logging_mixin.py:104} INFO - [2021-02-18 07:54:05,546] {dag.py:1818} INFO - Sync 1 DAGs
[2021-02-18 07:54:05,559] {logging_mixin.py:104} INFO - [2021-02-18 07:54:05,559] {dag.py:2273} INFO - Setting next_dagrun for example_dag_decorator to None
[2021-02-18 07:54:05,569] {scheduler_job.py:190} INFO - Processing /home/airflow/.local/lib/python3.6/site-packages/airflow/example_dags/example_dag_decorator.py took 0.058 seconds
[2021-02-18 07:55:59,207] {scheduler_job.py:182} INFO - Started process (PID=54) to work on /home/airflow/.local/lib/python3.6/site-packages/airflow/example_dags/example_dag_decorator.py
[2021-02-18 07:55:59,208] {scheduler_job.py:629} INFO - Processing file /home/airflow/.local/lib/python3.6/site-packages/airflow/example_dags/example_dag_decorator.py for tasks to queue
[2021-02-18 07:55:59,208] {logging_mixin.py:104} INFO - [2021-02-18 07:55:59,208] {dagbag.py:448} INFO - Filling up the DagBag from /home/airflow/.local/lib/python3.6/site-packages/airflow/example_dags/example_dag_decorator.py
[2021-02-18 07:55:59,227] {scheduler_job.py:639} INFO - DAG(s) dict_keys(['example_dag_decorator']) retrieved from /home/airflow/.local/lib/python3.6/site-packages/airflow/example_dags/example_dag_decorator.py
[2021-02-18 07:55:59,247] {logging_mixin.py:104} INFO - [2021-02-18 07:55:59,247] {dag.py:1818} INFO - Sync 1 DAGs
[2021-02-18 07:55:59,256] {logging_mixin.py:104} INFO - [2021-02-18 07:55:59,256] {dag.py:1837} INFO - Creating ORM DAG for example_dag_decorator
[2021-02-18 07:55:59,261] {logging_mixin.py:104} INFO - [2021-02-18 07:55:59,261] {dag.py:2273} INFO - Setting next_dagrun for example_dag_decorator to None
[2021-02-18 07:55:59,274] {scheduler_job.py:190} INFO - Processing /home/airflow/.local/lib/python3.6/site-packages/airflow/example_dags/example_dag_decorator.py took 0.070 seconds
[2021-02-18 07:56:29,332] {scheduler_job.py:182} INFO - Started process (PID=80) to work on /home/airflow/.local/lib/python3.6/site-packages/airflow/example_dags/example_dag_decorator.py
[2021-02-18 07:56:29,333] {scheduler_job.py:629} INFO - Processing file /home/airflow/.local/lib/python3.6/site-packages/airflow/example_dags/example_dag_decorator.py for tasks to queue
[2021-02-18 07:56:29,333] {logging_mixin.py:104} INFO - [2021-02-18 07:56:29,333] {dagbag.py:448} INFO - Filling up the DagBag from /home/airflow/.local/lib/python3.6/site-packages/airflow/example_dags/example_dag_decorator.py
[2021-02-18 07:56:29,347] {scheduler_job.py:639} INFO - DAG(s) dict_keys(['example_dag_decorator']) retrieved from /home/airflow/.local/lib/python3.6/site-packages/airflow/example_dags/example_dag_decorator.py
[2021-02-18 07:56:29,372] {logging_mixin.py:104} INFO - [2021-02-18 07:56:29,372] {dag.py:1818} INFO - Sync 1 DAGs
[2021-02-18 07:56:29,389] {logging_mixin.py:104} INFO - [2021-02-18 07:56:29,389] {dag.py:2273} INFO - Setting next_dagrun for example_dag_decorator to None
[2021-02-18 07:56:29,396] {scheduler_job.py:190} INFO - Processing /home/airflow/.local/lib/python3.6/site-packages/airflow/example_dags/example_dag_decorator.py took 0.066 seconds
[2021-02-18 07:56:55,992] {scheduler_job.py:182} INFO - Started process (PID=38) to work on /home/airflow/.local/lib/python3.6/site-packages/airflow/example_dags/example_dag_decorator.py
[2021-02-18 07:56:55,993] {scheduler_job.py:629} INFO - Processing file /home/airflow/.local/lib/python3.6/site-packages/airflow/example_dags/example_dag_decorator.py for tasks to queue
[2021-02-18 07:56:55,994] {logging_mixin.py:104} INFO - [2021-02-18 07:56:55,994] {dagbag.py:448} INFO - Filling up the DagBag from /home/airflow/.local/lib/python3.6/site-packages/airflow/example_dags/example_dag_decorator.py
[2021-02-18 07:56:56,006] {scheduler_job.py:639} INFO - DAG(s) dict_keys(['example_dag_decorator']) retrieved from /home/airflow/.local/lib/python3.6/site-packages/airflow/example_dags/example_dag_decorator.py
[2021-02-18 07:56:56,017] {logging_mixin.py:104} INFO - [2021-02-18 07:56:56,017] {dag.py:1818} INFO - Sync 1 DAGs
[2021-02-18 07:56:56,034] {logging_mixin.py:104} INFO - [2021-02-18 07:56:56,034] {dag.py:2273} INFO - Setting next_dagrun for example_dag_decorator to None
[2021-02-18 07:56:56,043] {scheduler_job.py:190} INFO - Processing /home/airflow/.local/lib/python3.6/site-packages/airflow/example_dags/example_dag_decorator.py took 0.053 seconds
[2021-02-18 07:57:26,268] {scheduler_job.py:182} INFO - Started process (PID=66) to work on /home/airflow/.local/lib/python3.6/site-packages/airflow/example_dags/example_dag_decorator.py
[2021-02-18 07:57:26,269] {scheduler_job.py:629} INFO - Processing file /home/airflow/.local/lib/python3.6/site-packages/airflow/example_dags/example_dag_decorator.py for tasks to queue
[2021-02-18 07:57:26,269] {logging_mixin.py:104} INFO - [2021-02-18 07:57:26,269] {dagbag.py:448} INFO - Filling up the DagBag from /home/airflow/.local/lib/python3.6/site-packages/airflow/example_dags/example_dag_decorator.py
[2021-02-18 07:57:26,282] {scheduler_job.py:639} INFO - DAG(s) dict_keys(['example_dag_decorator']) retrieved from /home/airflow/.local/lib/python3.6/site-packages/airflow/example_dags/example_dag_decorator.py
[2021-02-18 07:57:26,307] {logging_mixin.py:104} INFO - [2021-02-18 07:57:26,307] {dag.py:1818} INFO - Sync 1 DAGs
[2021-02-18 07:57:26,320] {logging_mixin.py:104} INFO - [2021-02-18 07:57:26,319] {dag.py:2273} INFO - Setting next_dagrun for example_dag_decorator to None
[2021-02-18 07:57:26,329] {scheduler_job.py:190} INFO - Processing /home/airflow/.local/lib/python3.6/site-packages/airflow/example_dags/example_dag_decorator.py took 0.063 seconds
[2021-02-18 07:57:56,462] {scheduler_job.py:182} INFO - Started process (PID=92) to work on /home/airflow/.local/lib/python3.6/site-packages/airflow/example_dags/example_dag_decorator.py
[2021-02-18 07:57:56,463] {scheduler_job.py:629} INFO - Processing file /home/airflow/.local/lib/python3.6/site-packages/airflow/example_dags/example_dag_decorator.py for tasks to queue
[2021-02-18 07:57:56,463] {logging_mixin.py:104} INFO - [2021-02-18 07:57:56,463] {dagbag.py:448} INFO - Filling up the DagBag from /home/airflow/.local/lib/python3.6/site-packages/airflow/example_dags/example_dag_decorator.py
[2021-02-18 07:57:56,475] {scheduler_job.py:639} INFO - DAG(s) dict_keys(['example_dag_decorator']) retrieved from /home/airflow/.local/lib/python3.6/site-packages/airflow/example_dags/example_dag_decorator.py
[2021-02-18 07:57:56,499] {logging_mixin.py:104} INFO - [2021-02-18 07:57:56,499] {dag.py:1818} INFO - Sync 1 DAGs
[2021-02-18 07:57:56,511] {logging_mixin.py:104} INFO - [2021-02-18 07:57:56,511] {dag.py:2273} INFO - Setting next_dagrun for example_dag_decorator to None
[2021-02-18 07:57:56,522] {scheduler_job.py:190} INFO - Processing /home/airflow/.local/lib/python3.6/site-packages/airflow/example_dags/example_dag_decorator.py took 0.063 seconds
[2021-02-18 07:58:26,545] {scheduler_job.py:182} INFO - Started process (PID=118) to work on /home/airflow/.local/lib/python3.6/site-packages/airflow/example_dags/example_dag_decorator.py
[2021-02-18 07:58:26,546] {scheduler_job.py:629} INFO - Processing file /home/airflow/.local/lib/python3.6/site-packages/airflow/example_dags/example_dag_decorator.py for tasks to queue
[2021-02-18 07:58:26,546] {logging_mixin.py:104} INFO - [2021-02-18 07:58:26,546] {dagbag.py:448} INFO - Filling up the DagBag from /home/airflow/.local/lib/python3.6/site-packages/airflow/example_dags/example_dag_decorator.py
[2021-02-18 07:58:26,559] {scheduler_job.py:639} INFO - DAG(s) dict_keys(['example_dag_decorator']) retrieved from /home/airflow/.local/lib/python3.6/site-packages/airflow/example_dags/example_dag_decorator.py
[2021-02-18 07:58:26,581] {logging_mixin.py:104} INFO - [2021-02-18 07:58:26,581] {dag.py:1818} INFO - Sync 1 DAGs
[2021-02-18 07:58:26,593] {logging_mixin.py:104} INFO - [2021-02-18 07:58:26,592] {dag.py:2273} INFO - Setting next_dagrun for example_dag_decorator to None
[2021-02-18 07:58:26,603] {scheduler_job.py:190} INFO - Processing /home/airflow/.local/lib/python3.6/site-packages/airflow/example_dags/example_dag_decorator.py took 0.061 seconds
[2021-02-18 07:58:56,706] {scheduler_job.py:182} INFO - Started process (PID=143) to work on /home/airflow/.local/lib/python3.6/site-packages/airflow/example_dags/example_dag_decorator.py
[2021-02-18 07:58:56,707] {scheduler_job.py:629} INFO - Processing file /home/airflow/.local/lib/python3.6/site-packages/airflow/example_dags/example_dag_decorator.py for tasks to queue
[2021-02-18 07:58:56,707] {logging_mixin.py:104} INFO - [2021-02-18 07:58:56,707] {dagbag.py:448} INFO - Filling up the DagBag from /home/airflow/.local/lib/python3.6/site-packages/airflow/example_dags/example_dag_decorator.py
[2021-02-18 07:58:56,717] {scheduler_job.py:639} INFO - DAG(s) dict_keys(['example_dag_decorator']) retrieved from /home/airflow/.local/lib/python3.6/site-packages/airflow/example_dags/example_dag_decorator.py
[2021-02-18 07:58:56,734] {logging_mixin.py:104} INFO - [2021-02-18 07:58:56,734] {dag.py:1818} INFO - Sync 1 DAGs
[2021-02-18 07:58:56,745] {logging_mixin.py:104} INFO - [2021-02-18 07:58:56,745] {dag.py:2273} INFO - Setting next_dagrun for example_dag_decorator to None
[2021-02-18 07:58:56,755] {scheduler_job.py:190} INFO - Processing /home/airflow/.local/lib/python3.6/site-packages/airflow/example_dags/example_dag_decorator.py took 0.053 seconds
[2021-02-18 07:59:27,067] {scheduler_job.py:182} INFO - Started process (PID=171) to work on /home/airflow/.local/lib/python3.6/site-packages/airflow/example_dags/example_dag_decorator.py
[2021-02-18 07:59:27,068] {scheduler_job.py:629} INFO - Processing file /home/airflow/.local/lib/python3.6/site-packages/airflow/example_dags/example_dag_decorator.py for tasks to queue
[2021-02-18 07:59:27,069] {logging_mixin.py:104} INFO - [2021-02-18 07:59:27,069] {dagbag.py:448} INFO - Filling up the DagBag from /home/airflow/.local/lib/python3.6/site-packages/airflow/example_dags/example_dag_decorator.py
[2021-02-18 07:59:27,079] {scheduler_job.py:639} INFO - DAG(s) dict_keys(['example_dag_decorator']) retrieved from /home/airflow/.local/lib/python3.6/site-packages/airflow/example_dags/example_dag_decorator.py
[2021-02-18 07:59:27,098] {logging_mixin.py:104} INFO - [2021-02-18 07:59:27,098] {dag.py:1818} INFO - Sync 1 DAGs
[2021-02-18 07:59:27,111] {logging_mixin.py:104} INFO - [2021-02-18 07:59:27,111] {dag.py:2273} INFO - Setting next_dagrun for example_dag_decorator to None
[2021-02-18 07:59:27,119] {scheduler_job.py:190} INFO - Processing /home/airflow/.local/lib/python3.6/site-packages/airflow/example_dags/example_dag_decorator.py took 0.056 seconds
[2021-02-18 07:59:57,223] {scheduler_job.py:182} INFO - Started process (PID=197) to work on /home/airflow/.local/lib/python3.6/site-packages/airflow/example_dags/example_dag_decorator.py
[2021-02-18 07:59:57,224] {scheduler_job.py:629} INFO - Processing file /home/airflow/.local/lib/python3.6/site-packages/airflow/example_dags/example_dag_decorator.py for tasks to queue
[2021-02-18 07:59:57,224] {logging_mixin.py:104} INFO - [2021-02-18 07:59:57,224] {dagbag.py:448} INFO - Filling up the DagBag from /home/airflow/.local/lib/python3.6/site-packages/airflow/example_dags/example_dag_decorator.py
[2021-02-18 07:59:57,237] {scheduler_job.py:639} INFO - DAG(s) dict_keys(['example_dag_decorator']) retrieved from /home/airflow/.local/lib/python3.6/site-packages/airflow/example_dags/example_dag_decorator.py
[2021-02-18 07:59:57,261] {logging_mixin.py:104} INFO - [2021-02-18 07:59:57,260] {dag.py:1818} INFO - Sync 1 DAGs
[2021-02-18 07:59:57,273] {logging_mixin.py:104} INFO - [2021-02-18 07:59:57,273] {dag.py:2273} INFO - Setting next_dagrun for example_dag_decorator to None
[2021-02-18 07:59:57,282] {scheduler_job.py:190} INFO - Processing /home/airflow/.local/lib/python3.6/site-packages/airflow/example_dags/example_dag_decorator.py took 0.062 seconds
