[2021-02-18 07:37:58,662] {scheduler_job.py:182} INFO - Started process (PID=37) to work on /home/airflow/.local/lib/python3.6/site-packages/airflow/example_dags/tutorial.py
[2021-02-18 07:37:58,663] {scheduler_job.py:629} INFO - Processing file /home/airflow/.local/lib/python3.6/site-packages/airflow/example_dags/tutorial.py for tasks to queue
[2021-02-18 07:37:58,663] {logging_mixin.py:104} INFO - [2021-02-18 07:37:58,663] {dagbag.py:448} INFO - Filling up the DagBag from /home/airflow/.local/lib/python3.6/site-packages/airflow/example_dags/tutorial.py
[2021-02-18 07:37:58,671] {scheduler_job.py:639} INFO - DAG(s) dict_keys(['tutorial']) retrieved from /home/airflow/.local/lib/python3.6/site-packages/airflow/example_dags/tutorial.py
[2021-02-18 07:37:58,693] {logging_mixin.py:104} INFO - [2021-02-18 07:37:58,693] {dag.py:1818} INFO - Sync 1 DAGs
[2021-02-18 07:37:58,703] {logging_mixin.py:104} INFO - [2021-02-18 07:37:58,703] {dag.py:1837} INFO - Creating ORM DAG for tutorial
[2021-02-18 07:37:58,709] {logging_mixin.py:104} INFO - [2021-02-18 07:37:58,709] {dag.py:2273} INFO - Setting next_dagrun for tutorial to 2021-02-16 00:00:00+00:00
[2021-02-18 07:37:58,723] {scheduler_job.py:190} INFO - Processing /home/airflow/.local/lib/python3.6/site-packages/airflow/example_dags/tutorial.py took 0.066 seconds
[2021-02-18 07:38:28,873] {scheduler_job.py:182} INFO - Started process (PID=63) to work on /home/airflow/.local/lib/python3.6/site-packages/airflow/example_dags/tutorial.py
[2021-02-18 07:38:28,874] {scheduler_job.py:629} INFO - Processing file /home/airflow/.local/lib/python3.6/site-packages/airflow/example_dags/tutorial.py for tasks to queue
[2021-02-18 07:38:28,874] {logging_mixin.py:104} INFO - [2021-02-18 07:38:28,874] {dagbag.py:448} INFO - Filling up the DagBag from /home/airflow/.local/lib/python3.6/site-packages/airflow/example_dags/tutorial.py
[2021-02-18 07:38:28,882] {scheduler_job.py:639} INFO - DAG(s) dict_keys(['tutorial']) retrieved from /home/airflow/.local/lib/python3.6/site-packages/airflow/example_dags/tutorial.py
[2021-02-18 07:38:28,901] {logging_mixin.py:104} INFO - [2021-02-18 07:38:28,901] {dag.py:1818} INFO - Sync 1 DAGs
[2021-02-18 07:38:28,914] {logging_mixin.py:104} INFO - [2021-02-18 07:38:28,913] {dag.py:2273} INFO - Setting next_dagrun for tutorial to 2021-02-16 00:00:00+00:00
[2021-02-18 07:38:28,920] {scheduler_job.py:190} INFO - Processing /home/airflow/.local/lib/python3.6/site-packages/airflow/example_dags/tutorial.py took 0.049 seconds
[2021-02-18 07:38:59,057] {scheduler_job.py:182} INFO - Started process (PID=89) to work on /home/airflow/.local/lib/python3.6/site-packages/airflow/example_dags/tutorial.py
[2021-02-18 07:38:59,057] {scheduler_job.py:629} INFO - Processing file /home/airflow/.local/lib/python3.6/site-packages/airflow/example_dags/tutorial.py for tasks to queue
[2021-02-18 07:38:59,058] {logging_mixin.py:104} INFO - [2021-02-18 07:38:59,058] {dagbag.py:448} INFO - Filling up the DagBag from /home/airflow/.local/lib/python3.6/site-packages/airflow/example_dags/tutorial.py
[2021-02-18 07:38:59,065] {scheduler_job.py:639} INFO - DAG(s) dict_keys(['tutorial']) retrieved from /home/airflow/.local/lib/python3.6/site-packages/airflow/example_dags/tutorial.py
[2021-02-18 07:38:59,086] {logging_mixin.py:104} INFO - [2021-02-18 07:38:59,085] {dag.py:1818} INFO - Sync 1 DAGs
[2021-02-18 07:38:59,099] {logging_mixin.py:104} INFO - [2021-02-18 07:38:59,099] {dag.py:2273} INFO - Setting next_dagrun for tutorial to 2021-02-16 00:00:00+00:00
[2021-02-18 07:38:59,108] {scheduler_job.py:190} INFO - Processing /home/airflow/.local/lib/python3.6/site-packages/airflow/example_dags/tutorial.py took 0.053 seconds
[2021-02-18 07:39:29,227] {scheduler_job.py:182} INFO - Started process (PID=115) to work on /home/airflow/.local/lib/python3.6/site-packages/airflow/example_dags/tutorial.py
[2021-02-18 07:39:29,229] {scheduler_job.py:629} INFO - Processing file /home/airflow/.local/lib/python3.6/site-packages/airflow/example_dags/tutorial.py for tasks to queue
[2021-02-18 07:39:29,230] {logging_mixin.py:104} INFO - [2021-02-18 07:39:29,229] {dagbag.py:448} INFO - Filling up the DagBag from /home/airflow/.local/lib/python3.6/site-packages/airflow/example_dags/tutorial.py
[2021-02-18 07:39:29,239] {scheduler_job.py:639} INFO - DAG(s) dict_keys(['tutorial']) retrieved from /home/airflow/.local/lib/python3.6/site-packages/airflow/example_dags/tutorial.py
[2021-02-18 07:39:29,261] {logging_mixin.py:104} INFO - [2021-02-18 07:39:29,261] {dag.py:1818} INFO - Sync 1 DAGs
[2021-02-18 07:39:29,275] {logging_mixin.py:104} INFO - [2021-02-18 07:39:29,275] {dag.py:2273} INFO - Setting next_dagrun for tutorial to 2021-02-16 00:00:00+00:00
[2021-02-18 07:39:29,283] {scheduler_job.py:190} INFO - Processing /home/airflow/.local/lib/python3.6/site-packages/airflow/example_dags/tutorial.py took 0.060 seconds
[2021-02-18 07:39:59,497] {scheduler_job.py:182} INFO - Started process (PID=141) to work on /home/airflow/.local/lib/python3.6/site-packages/airflow/example_dags/tutorial.py
[2021-02-18 07:39:59,499] {scheduler_job.py:629} INFO - Processing file /home/airflow/.local/lib/python3.6/site-packages/airflow/example_dags/tutorial.py for tasks to queue
[2021-02-18 07:39:59,501] {logging_mixin.py:104} INFO - [2021-02-18 07:39:59,500] {dagbag.py:448} INFO - Filling up the DagBag from /home/airflow/.local/lib/python3.6/site-packages/airflow/example_dags/tutorial.py
[2021-02-18 07:39:59,511] {scheduler_job.py:639} INFO - DAG(s) dict_keys(['tutorial']) retrieved from /home/airflow/.local/lib/python3.6/site-packages/airflow/example_dags/tutorial.py
[2021-02-18 07:39:59,532] {logging_mixin.py:104} INFO - [2021-02-18 07:39:59,532] {dag.py:1818} INFO - Sync 1 DAGs
[2021-02-18 07:39:59,544] {logging_mixin.py:104} INFO - [2021-02-18 07:39:59,544] {dag.py:2273} INFO - Setting next_dagrun for tutorial to 2021-02-16 00:00:00+00:00
[2021-02-18 07:39:59,552] {scheduler_job.py:190} INFO - Processing /home/airflow/.local/lib/python3.6/site-packages/airflow/example_dags/tutorial.py took 0.057 seconds
[2021-02-18 07:40:29,841] {scheduler_job.py:182} INFO - Started process (PID=168) to work on /home/airflow/.local/lib/python3.6/site-packages/airflow/example_dags/tutorial.py
[2021-02-18 07:40:29,843] {scheduler_job.py:629} INFO - Processing file /home/airflow/.local/lib/python3.6/site-packages/airflow/example_dags/tutorial.py for tasks to queue
[2021-02-18 07:40:29,843] {logging_mixin.py:104} INFO - [2021-02-18 07:40:29,843] {dagbag.py:448} INFO - Filling up the DagBag from /home/airflow/.local/lib/python3.6/site-packages/airflow/example_dags/tutorial.py
[2021-02-18 07:40:29,849] {scheduler_job.py:639} INFO - DAG(s) dict_keys(['tutorial']) retrieved from /home/airflow/.local/lib/python3.6/site-packages/airflow/example_dags/tutorial.py
[2021-02-18 07:40:29,870] {logging_mixin.py:104} INFO - [2021-02-18 07:40:29,869] {dag.py:1818} INFO - Sync 1 DAGs
[2021-02-18 07:40:29,882] {logging_mixin.py:104} INFO - [2021-02-18 07:40:29,882] {dag.py:2273} INFO - Setting next_dagrun for tutorial to 2021-02-16 00:00:00+00:00
[2021-02-18 07:40:29,891] {scheduler_job.py:190} INFO - Processing /home/airflow/.local/lib/python3.6/site-packages/airflow/example_dags/tutorial.py took 0.054 seconds
[2021-02-18 07:40:59,945] {scheduler_job.py:182} INFO - Started process (PID=195) to work on /home/airflow/.local/lib/python3.6/site-packages/airflow/example_dags/tutorial.py
[2021-02-18 07:40:59,947] {scheduler_job.py:629} INFO - Processing file /home/airflow/.local/lib/python3.6/site-packages/airflow/example_dags/tutorial.py for tasks to queue
[2021-02-18 07:40:59,948] {logging_mixin.py:104} INFO - [2021-02-18 07:40:59,948] {dagbag.py:448} INFO - Filling up the DagBag from /home/airflow/.local/lib/python3.6/site-packages/airflow/example_dags/tutorial.py
[2021-02-18 07:40:59,957] {scheduler_job.py:639} INFO - DAG(s) dict_keys(['tutorial']) retrieved from /home/airflow/.local/lib/python3.6/site-packages/airflow/example_dags/tutorial.py
[2021-02-18 07:40:59,982] {logging_mixin.py:104} INFO - [2021-02-18 07:40:59,982] {dag.py:1818} INFO - Sync 1 DAGs
[2021-02-18 07:40:59,995] {logging_mixin.py:104} INFO - [2021-02-18 07:40:59,995] {dag.py:2273} INFO - Setting next_dagrun for tutorial to 2021-02-16 00:00:00+00:00
[2021-02-18 07:41:00,004] {scheduler_job.py:190} INFO - Processing /home/airflow/.local/lib/python3.6/site-packages/airflow/example_dags/tutorial.py took 0.061 seconds
[2021-02-18 07:41:30,119] {scheduler_job.py:182} INFO - Started process (PID=221) to work on /home/airflow/.local/lib/python3.6/site-packages/airflow/example_dags/tutorial.py
[2021-02-18 07:41:30,120] {scheduler_job.py:629} INFO - Processing file /home/airflow/.local/lib/python3.6/site-packages/airflow/example_dags/tutorial.py for tasks to queue
[2021-02-18 07:41:30,120] {logging_mixin.py:104} INFO - [2021-02-18 07:41:30,120] {dagbag.py:448} INFO - Filling up the DagBag from /home/airflow/.local/lib/python3.6/site-packages/airflow/example_dags/tutorial.py
[2021-02-18 07:41:30,130] {scheduler_job.py:639} INFO - DAG(s) dict_keys(['tutorial']) retrieved from /home/airflow/.local/lib/python3.6/site-packages/airflow/example_dags/tutorial.py
[2021-02-18 07:41:30,150] {logging_mixin.py:104} INFO - [2021-02-18 07:41:30,150] {dag.py:1818} INFO - Sync 1 DAGs
[2021-02-18 07:41:30,165] {logging_mixin.py:104} INFO - [2021-02-18 07:41:30,165] {dag.py:2273} INFO - Setting next_dagrun for tutorial to 2021-02-16 00:00:00+00:00
[2021-02-18 07:41:30,173] {scheduler_job.py:190} INFO - Processing /home/airflow/.local/lib/python3.6/site-packages/airflow/example_dags/tutorial.py took 0.058 seconds
[2021-02-18 07:42:01,096] {scheduler_job.py:182} INFO - Started process (PID=245) to work on /home/airflow/.local/lib/python3.6/site-packages/airflow/example_dags/tutorial.py
[2021-02-18 07:42:01,097] {scheduler_job.py:629} INFO - Processing file /home/airflow/.local/lib/python3.6/site-packages/airflow/example_dags/tutorial.py for tasks to queue
[2021-02-18 07:42:01,098] {logging_mixin.py:104} INFO - [2021-02-18 07:42:01,097] {dagbag.py:448} INFO - Filling up the DagBag from /home/airflow/.local/lib/python3.6/site-packages/airflow/example_dags/tutorial.py
[2021-02-18 07:42:01,106] {scheduler_job.py:639} INFO - DAG(s) dict_keys(['tutorial']) retrieved from /home/airflow/.local/lib/python3.6/site-packages/airflow/example_dags/tutorial.py
[2021-02-18 07:42:01,127] {logging_mixin.py:104} INFO - [2021-02-18 07:42:01,127] {dag.py:1818} INFO - Sync 1 DAGs
[2021-02-18 07:42:01,143] {logging_mixin.py:104} INFO - [2021-02-18 07:42:01,143] {dag.py:2273} INFO - Setting next_dagrun for tutorial to 2021-02-16 00:00:00+00:00
[2021-02-18 07:42:01,152] {scheduler_job.py:190} INFO - Processing /home/airflow/.local/lib/python3.6/site-packages/airflow/example_dags/tutorial.py took 0.059 seconds
[2021-02-18 07:42:31,188] {scheduler_job.py:182} INFO - Started process (PID=271) to work on /home/airflow/.local/lib/python3.6/site-packages/airflow/example_dags/tutorial.py
[2021-02-18 07:42:31,189] {scheduler_job.py:629} INFO - Processing file /home/airflow/.local/lib/python3.6/site-packages/airflow/example_dags/tutorial.py for tasks to queue
[2021-02-18 07:42:31,189] {logging_mixin.py:104} INFO - [2021-02-18 07:42:31,189] {dagbag.py:448} INFO - Filling up the DagBag from /home/airflow/.local/lib/python3.6/site-packages/airflow/example_dags/tutorial.py
[2021-02-18 07:42:31,198] {scheduler_job.py:639} INFO - DAG(s) dict_keys(['tutorial']) retrieved from /home/airflow/.local/lib/python3.6/site-packages/airflow/example_dags/tutorial.py
[2021-02-18 07:42:31,219] {logging_mixin.py:104} INFO - [2021-02-18 07:42:31,219] {dag.py:1818} INFO - Sync 1 DAGs
[2021-02-18 07:42:31,231] {logging_mixin.py:104} INFO - [2021-02-18 07:42:31,231] {dag.py:2273} INFO - Setting next_dagrun for tutorial to 2021-02-16 00:00:00+00:00
[2021-02-18 07:42:31,237] {scheduler_job.py:190} INFO - Processing /home/airflow/.local/lib/python3.6/site-packages/airflow/example_dags/tutorial.py took 0.052 seconds
[2021-02-18 07:43:01,286] {scheduler_job.py:182} INFO - Started process (PID=296) to work on /home/airflow/.local/lib/python3.6/site-packages/airflow/example_dags/tutorial.py
[2021-02-18 07:43:01,287] {scheduler_job.py:629} INFO - Processing file /home/airflow/.local/lib/python3.6/site-packages/airflow/example_dags/tutorial.py for tasks to queue
[2021-02-18 07:43:01,288] {logging_mixin.py:104} INFO - [2021-02-18 07:43:01,288] {dagbag.py:448} INFO - Filling up the DagBag from /home/airflow/.local/lib/python3.6/site-packages/airflow/example_dags/tutorial.py
[2021-02-18 07:43:01,296] {scheduler_job.py:639} INFO - DAG(s) dict_keys(['tutorial']) retrieved from /home/airflow/.local/lib/python3.6/site-packages/airflow/example_dags/tutorial.py
[2021-02-18 07:43:01,318] {logging_mixin.py:104} INFO - [2021-02-18 07:43:01,318] {dag.py:1818} INFO - Sync 1 DAGs
[2021-02-18 07:43:01,336] {logging_mixin.py:104} INFO - [2021-02-18 07:43:01,335] {dag.py:2273} INFO - Setting next_dagrun for tutorial to 2021-02-16 00:00:00+00:00
[2021-02-18 07:43:01,346] {scheduler_job.py:190} INFO - Processing /home/airflow/.local/lib/python3.6/site-packages/airflow/example_dags/tutorial.py took 0.063 seconds
[2021-02-18 07:43:31,617] {scheduler_job.py:182} INFO - Started process (PID=323) to work on /home/airflow/.local/lib/python3.6/site-packages/airflow/example_dags/tutorial.py
[2021-02-18 07:43:31,619] {scheduler_job.py:629} INFO - Processing file /home/airflow/.local/lib/python3.6/site-packages/airflow/example_dags/tutorial.py for tasks to queue
[2021-02-18 07:43:31,619] {logging_mixin.py:104} INFO - [2021-02-18 07:43:31,619] {dagbag.py:448} INFO - Filling up the DagBag from /home/airflow/.local/lib/python3.6/site-packages/airflow/example_dags/tutorial.py
[2021-02-18 07:43:31,625] {scheduler_job.py:639} INFO - DAG(s) dict_keys(['tutorial']) retrieved from /home/airflow/.local/lib/python3.6/site-packages/airflow/example_dags/tutorial.py
[2021-02-18 07:43:31,644] {logging_mixin.py:104} INFO - [2021-02-18 07:43:31,644] {dag.py:1818} INFO - Sync 1 DAGs
[2021-02-18 07:43:31,656] {logging_mixin.py:104} INFO - [2021-02-18 07:43:31,656] {dag.py:2273} INFO - Setting next_dagrun for tutorial to 2021-02-16 00:00:00+00:00
[2021-02-18 07:43:31,664] {scheduler_job.py:190} INFO - Processing /home/airflow/.local/lib/python3.6/site-packages/airflow/example_dags/tutorial.py took 0.050 seconds
[2021-02-18 07:44:01,692] {scheduler_job.py:182} INFO - Started process (PID=348) to work on /home/airflow/.local/lib/python3.6/site-packages/airflow/example_dags/tutorial.py
[2021-02-18 07:44:01,693] {scheduler_job.py:629} INFO - Processing file /home/airflow/.local/lib/python3.6/site-packages/airflow/example_dags/tutorial.py for tasks to queue
[2021-02-18 07:44:01,694] {logging_mixin.py:104} INFO - [2021-02-18 07:44:01,694] {dagbag.py:448} INFO - Filling up the DagBag from /home/airflow/.local/lib/python3.6/site-packages/airflow/example_dags/tutorial.py
[2021-02-18 07:44:01,701] {scheduler_job.py:639} INFO - DAG(s) dict_keys(['tutorial']) retrieved from /home/airflow/.local/lib/python3.6/site-packages/airflow/example_dags/tutorial.py
[2021-02-18 07:44:01,718] {logging_mixin.py:104} INFO - [2021-02-18 07:44:01,718] {dag.py:1818} INFO - Sync 1 DAGs
[2021-02-18 07:44:01,730] {logging_mixin.py:104} INFO - [2021-02-18 07:44:01,730] {dag.py:2273} INFO - Setting next_dagrun for tutorial to 2021-02-16 00:00:00+00:00
[2021-02-18 07:44:01,737] {scheduler_job.py:190} INFO - Processing /home/airflow/.local/lib/python3.6/site-packages/airflow/example_dags/tutorial.py took 0.048 seconds
[2021-02-18 07:44:31,812] {scheduler_job.py:182} INFO - Started process (PID=374) to work on /home/airflow/.local/lib/python3.6/site-packages/airflow/example_dags/tutorial.py
[2021-02-18 07:44:31,814] {scheduler_job.py:629} INFO - Processing file /home/airflow/.local/lib/python3.6/site-packages/airflow/example_dags/tutorial.py for tasks to queue
[2021-02-18 07:44:31,815] {logging_mixin.py:104} INFO - [2021-02-18 07:44:31,814] {dagbag.py:448} INFO - Filling up the DagBag from /home/airflow/.local/lib/python3.6/site-packages/airflow/example_dags/tutorial.py
[2021-02-18 07:44:31,824] {scheduler_job.py:639} INFO - DAG(s) dict_keys(['tutorial']) retrieved from /home/airflow/.local/lib/python3.6/site-packages/airflow/example_dags/tutorial.py
[2021-02-18 07:44:31,841] {logging_mixin.py:104} INFO - [2021-02-18 07:44:31,841] {dag.py:1818} INFO - Sync 1 DAGs
[2021-02-18 07:44:31,859] {logging_mixin.py:104} INFO - [2021-02-18 07:44:31,859] {dag.py:2273} INFO - Setting next_dagrun for tutorial to 2021-02-16 00:00:00+00:00
[2021-02-18 07:44:31,868] {scheduler_job.py:190} INFO - Processing /home/airflow/.local/lib/python3.6/site-packages/airflow/example_dags/tutorial.py took 0.061 seconds
[2021-02-18 07:45:02,129] {scheduler_job.py:182} INFO - Started process (PID=401) to work on /home/airflow/.local/lib/python3.6/site-packages/airflow/example_dags/tutorial.py
[2021-02-18 07:45:02,131] {scheduler_job.py:629} INFO - Processing file /home/airflow/.local/lib/python3.6/site-packages/airflow/example_dags/tutorial.py for tasks to queue
[2021-02-18 07:45:02,131] {logging_mixin.py:104} INFO - [2021-02-18 07:45:02,131] {dagbag.py:448} INFO - Filling up the DagBag from /home/airflow/.local/lib/python3.6/site-packages/airflow/example_dags/tutorial.py
[2021-02-18 07:45:02,138] {scheduler_job.py:639} INFO - DAG(s) dict_keys(['tutorial']) retrieved from /home/airflow/.local/lib/python3.6/site-packages/airflow/example_dags/tutorial.py
[2021-02-18 07:45:02,156] {logging_mixin.py:104} INFO - [2021-02-18 07:45:02,156] {dag.py:1818} INFO - Sync 1 DAGs
[2021-02-18 07:45:02,168] {logging_mixin.py:104} INFO - [2021-02-18 07:45:02,168] {dag.py:2273} INFO - Setting next_dagrun for tutorial to 2021-02-16 00:00:00+00:00
[2021-02-18 07:45:02,176] {scheduler_job.py:190} INFO - Processing /home/airflow/.local/lib/python3.6/site-packages/airflow/example_dags/tutorial.py took 0.049 seconds
[2021-02-18 07:45:32,331] {scheduler_job.py:182} INFO - Started process (PID=427) to work on /home/airflow/.local/lib/python3.6/site-packages/airflow/example_dags/tutorial.py
[2021-02-18 07:45:32,333] {scheduler_job.py:629} INFO - Processing file /home/airflow/.local/lib/python3.6/site-packages/airflow/example_dags/tutorial.py for tasks to queue
[2021-02-18 07:45:32,334] {logging_mixin.py:104} INFO - [2021-02-18 07:45:32,334] {dagbag.py:448} INFO - Filling up the DagBag from /home/airflow/.local/lib/python3.6/site-packages/airflow/example_dags/tutorial.py
[2021-02-18 07:45:32,340] {scheduler_job.py:639} INFO - DAG(s) dict_keys(['tutorial']) retrieved from /home/airflow/.local/lib/python3.6/site-packages/airflow/example_dags/tutorial.py
[2021-02-18 07:45:32,363] {logging_mixin.py:104} INFO - [2021-02-18 07:45:32,363] {dag.py:1818} INFO - Sync 1 DAGs
[2021-02-18 07:45:32,377] {logging_mixin.py:104} INFO - [2021-02-18 07:45:32,377] {dag.py:2273} INFO - Setting next_dagrun for tutorial to 2021-02-16 00:00:00+00:00
[2021-02-18 07:45:32,386] {scheduler_job.py:190} INFO - Processing /home/airflow/.local/lib/python3.6/site-packages/airflow/example_dags/tutorial.py took 0.059 seconds
[2021-02-18 07:46:02,536] {scheduler_job.py:182} INFO - Started process (PID=453) to work on /home/airflow/.local/lib/python3.6/site-packages/airflow/example_dags/tutorial.py
[2021-02-18 07:46:02,538] {scheduler_job.py:629} INFO - Processing file /home/airflow/.local/lib/python3.6/site-packages/airflow/example_dags/tutorial.py for tasks to queue
[2021-02-18 07:46:02,539] {logging_mixin.py:104} INFO - [2021-02-18 07:46:02,539] {dagbag.py:448} INFO - Filling up the DagBag from /home/airflow/.local/lib/python3.6/site-packages/airflow/example_dags/tutorial.py
[2021-02-18 07:46:02,548] {scheduler_job.py:639} INFO - DAG(s) dict_keys(['tutorial']) retrieved from /home/airflow/.local/lib/python3.6/site-packages/airflow/example_dags/tutorial.py
[2021-02-18 07:46:02,572] {logging_mixin.py:104} INFO - [2021-02-18 07:46:02,572] {dag.py:1818} INFO - Sync 1 DAGs
[2021-02-18 07:46:02,587] {logging_mixin.py:104} INFO - [2021-02-18 07:46:02,587] {dag.py:2273} INFO - Setting next_dagrun for tutorial to 2021-02-16 00:00:00+00:00
[2021-02-18 07:46:02,594] {scheduler_job.py:190} INFO - Processing /home/airflow/.local/lib/python3.6/site-packages/airflow/example_dags/tutorial.py took 0.061 seconds
[2021-02-18 07:46:32,785] {scheduler_job.py:182} INFO - Started process (PID=480) to work on /home/airflow/.local/lib/python3.6/site-packages/airflow/example_dags/tutorial.py
[2021-02-18 07:46:32,786] {scheduler_job.py:629} INFO - Processing file /home/airflow/.local/lib/python3.6/site-packages/airflow/example_dags/tutorial.py for tasks to queue
[2021-02-18 07:46:32,786] {logging_mixin.py:104} INFO - [2021-02-18 07:46:32,786] {dagbag.py:448} INFO - Filling up the DagBag from /home/airflow/.local/lib/python3.6/site-packages/airflow/example_dags/tutorial.py
[2021-02-18 07:46:32,795] {scheduler_job.py:639} INFO - DAG(s) dict_keys(['tutorial']) retrieved from /home/airflow/.local/lib/python3.6/site-packages/airflow/example_dags/tutorial.py
[2021-02-18 07:46:32,813] {logging_mixin.py:104} INFO - [2021-02-18 07:46:32,812] {dag.py:1818} INFO - Sync 1 DAGs
[2021-02-18 07:46:32,826] {logging_mixin.py:104} INFO - [2021-02-18 07:46:32,826] {dag.py:2273} INFO - Setting next_dagrun for tutorial to 2021-02-16 00:00:00+00:00
[2021-02-18 07:46:32,832] {scheduler_job.py:190} INFO - Processing /home/airflow/.local/lib/python3.6/site-packages/airflow/example_dags/tutorial.py took 0.051 seconds
[2021-02-18 07:47:02,998] {scheduler_job.py:182} INFO - Started process (PID=507) to work on /home/airflow/.local/lib/python3.6/site-packages/airflow/example_dags/tutorial.py
[2021-02-18 07:47:02,999] {scheduler_job.py:629} INFO - Processing file /home/airflow/.local/lib/python3.6/site-packages/airflow/example_dags/tutorial.py for tasks to queue
[2021-02-18 07:47:03,000] {logging_mixin.py:104} INFO - [2021-02-18 07:47:03,000] {dagbag.py:448} INFO - Filling up the DagBag from /home/airflow/.local/lib/python3.6/site-packages/airflow/example_dags/tutorial.py
[2021-02-18 07:47:03,008] {scheduler_job.py:639} INFO - DAG(s) dict_keys(['tutorial']) retrieved from /home/airflow/.local/lib/python3.6/site-packages/airflow/example_dags/tutorial.py
[2021-02-18 07:47:03,028] {logging_mixin.py:104} INFO - [2021-02-18 07:47:03,027] {dag.py:1818} INFO - Sync 1 DAGs
[2021-02-18 07:47:03,041] {logging_mixin.py:104} INFO - [2021-02-18 07:47:03,041] {dag.py:2273} INFO - Setting next_dagrun for tutorial to 2021-02-16 00:00:00+00:00
[2021-02-18 07:47:03,047] {scheduler_job.py:190} INFO - Processing /home/airflow/.local/lib/python3.6/site-packages/airflow/example_dags/tutorial.py took 0.053 seconds
[2021-02-18 07:47:33,123] {scheduler_job.py:182} INFO - Started process (PID=534) to work on /home/airflow/.local/lib/python3.6/site-packages/airflow/example_dags/tutorial.py
[2021-02-18 07:47:33,124] {scheduler_job.py:629} INFO - Processing file /home/airflow/.local/lib/python3.6/site-packages/airflow/example_dags/tutorial.py for tasks to queue
[2021-02-18 07:47:33,125] {logging_mixin.py:104} INFO - [2021-02-18 07:47:33,124] {dagbag.py:448} INFO - Filling up the DagBag from /home/airflow/.local/lib/python3.6/site-packages/airflow/example_dags/tutorial.py
[2021-02-18 07:47:33,134] {scheduler_job.py:639} INFO - DAG(s) dict_keys(['tutorial']) retrieved from /home/airflow/.local/lib/python3.6/site-packages/airflow/example_dags/tutorial.py
[2021-02-18 07:47:33,157] {logging_mixin.py:104} INFO - [2021-02-18 07:47:33,157] {dag.py:1818} INFO - Sync 1 DAGs
[2021-02-18 07:47:33,171] {logging_mixin.py:104} INFO - [2021-02-18 07:47:33,171] {dag.py:2273} INFO - Setting next_dagrun for tutorial to 2021-02-16 00:00:00+00:00
[2021-02-18 07:47:33,180] {scheduler_job.py:190} INFO - Processing /home/airflow/.local/lib/python3.6/site-packages/airflow/example_dags/tutorial.py took 0.060 seconds
[2021-02-18 07:48:03,244] {scheduler_job.py:182} INFO - Started process (PID=560) to work on /home/airflow/.local/lib/python3.6/site-packages/airflow/example_dags/tutorial.py
[2021-02-18 07:48:03,245] {scheduler_job.py:629} INFO - Processing file /home/airflow/.local/lib/python3.6/site-packages/airflow/example_dags/tutorial.py for tasks to queue
[2021-02-18 07:48:03,246] {logging_mixin.py:104} INFO - [2021-02-18 07:48:03,245] {dagbag.py:448} INFO - Filling up the DagBag from /home/airflow/.local/lib/python3.6/site-packages/airflow/example_dags/tutorial.py
[2021-02-18 07:48:03,253] {scheduler_job.py:639} INFO - DAG(s) dict_keys(['tutorial']) retrieved from /home/airflow/.local/lib/python3.6/site-packages/airflow/example_dags/tutorial.py
[2021-02-18 07:48:03,275] {logging_mixin.py:104} INFO - [2021-02-18 07:48:03,275] {dag.py:1818} INFO - Sync 1 DAGs
[2021-02-18 07:48:03,288] {logging_mixin.py:104} INFO - [2021-02-18 07:48:03,288] {dag.py:2273} INFO - Setting next_dagrun for tutorial to 2021-02-16 00:00:00+00:00
[2021-02-18 07:48:03,295] {scheduler_job.py:190} INFO - Processing /home/airflow/.local/lib/python3.6/site-packages/airflow/example_dags/tutorial.py took 0.053 seconds
[2021-02-18 07:48:33,475] {scheduler_job.py:182} INFO - Started process (PID=587) to work on /home/airflow/.local/lib/python3.6/site-packages/airflow/example_dags/tutorial.py
[2021-02-18 07:48:33,476] {scheduler_job.py:629} INFO - Processing file /home/airflow/.local/lib/python3.6/site-packages/airflow/example_dags/tutorial.py for tasks to queue
[2021-02-18 07:48:33,476] {logging_mixin.py:104} INFO - [2021-02-18 07:48:33,476] {dagbag.py:448} INFO - Filling up the DagBag from /home/airflow/.local/lib/python3.6/site-packages/airflow/example_dags/tutorial.py
[2021-02-18 07:48:33,485] {scheduler_job.py:639} INFO - DAG(s) dict_keys(['tutorial']) retrieved from /home/airflow/.local/lib/python3.6/site-packages/airflow/example_dags/tutorial.py
[2021-02-18 07:48:33,505] {logging_mixin.py:104} INFO - [2021-02-18 07:48:33,505] {dag.py:1818} INFO - Sync 1 DAGs
[2021-02-18 07:48:33,516] {logging_mixin.py:104} INFO - [2021-02-18 07:48:33,516] {dag.py:2273} INFO - Setting next_dagrun for tutorial to 2021-02-16 00:00:00+00:00
[2021-02-18 07:48:33,524] {scheduler_job.py:190} INFO - Processing /home/airflow/.local/lib/python3.6/site-packages/airflow/example_dags/tutorial.py took 0.051 seconds
[2021-02-18 07:49:03,620] {scheduler_job.py:182} INFO - Started process (PID=614) to work on /home/airflow/.local/lib/python3.6/site-packages/airflow/example_dags/tutorial.py
[2021-02-18 07:49:03,621] {scheduler_job.py:629} INFO - Processing file /home/airflow/.local/lib/python3.6/site-packages/airflow/example_dags/tutorial.py for tasks to queue
[2021-02-18 07:49:03,621] {logging_mixin.py:104} INFO - [2021-02-18 07:49:03,621] {dagbag.py:448} INFO - Filling up the DagBag from /home/airflow/.local/lib/python3.6/site-packages/airflow/example_dags/tutorial.py
[2021-02-18 07:49:03,630] {scheduler_job.py:639} INFO - DAG(s) dict_keys(['tutorial']) retrieved from /home/airflow/.local/lib/python3.6/site-packages/airflow/example_dags/tutorial.py
[2021-02-18 07:49:03,673] {logging_mixin.py:104} INFO - [2021-02-18 07:49:03,673] {dag.py:1818} INFO - Sync 1 DAGs
[2021-02-18 07:49:03,689] {logging_mixin.py:104} INFO - [2021-02-18 07:49:03,689] {dag.py:2273} INFO - Setting next_dagrun for tutorial to 2021-02-16 00:00:00+00:00
[2021-02-18 07:49:03,698] {scheduler_job.py:190} INFO - Processing /home/airflow/.local/lib/python3.6/site-packages/airflow/example_dags/tutorial.py took 0.081 seconds
[2021-02-18 07:49:33,723] {scheduler_job.py:182} INFO - Started process (PID=640) to work on /home/airflow/.local/lib/python3.6/site-packages/airflow/example_dags/tutorial.py
[2021-02-18 07:49:33,723] {scheduler_job.py:629} INFO - Processing file /home/airflow/.local/lib/python3.6/site-packages/airflow/example_dags/tutorial.py for tasks to queue
[2021-02-18 07:49:33,724] {logging_mixin.py:104} INFO - [2021-02-18 07:49:33,724] {dagbag.py:448} INFO - Filling up the DagBag from /home/airflow/.local/lib/python3.6/site-packages/airflow/example_dags/tutorial.py
[2021-02-18 07:49:33,733] {scheduler_job.py:639} INFO - DAG(s) dict_keys(['tutorial']) retrieved from /home/airflow/.local/lib/python3.6/site-packages/airflow/example_dags/tutorial.py
[2021-02-18 07:49:33,755] {logging_mixin.py:104} INFO - [2021-02-18 07:49:33,755] {dag.py:1818} INFO - Sync 1 DAGs
[2021-02-18 07:49:33,769] {logging_mixin.py:104} INFO - [2021-02-18 07:49:33,769] {dag.py:2273} INFO - Setting next_dagrun for tutorial to 2021-02-16 00:00:00+00:00
[2021-02-18 07:49:33,776] {scheduler_job.py:190} INFO - Processing /home/airflow/.local/lib/python3.6/site-packages/airflow/example_dags/tutorial.py took 0.056 seconds
[2021-02-18 07:50:03,936] {scheduler_job.py:182} INFO - Started process (PID=667) to work on /home/airflow/.local/lib/python3.6/site-packages/airflow/example_dags/tutorial.py
[2021-02-18 07:50:03,937] {scheduler_job.py:629} INFO - Processing file /home/airflow/.local/lib/python3.6/site-packages/airflow/example_dags/tutorial.py for tasks to queue
[2021-02-18 07:50:03,938] {logging_mixin.py:104} INFO - [2021-02-18 07:50:03,938] {dagbag.py:448} INFO - Filling up the DagBag from /home/airflow/.local/lib/python3.6/site-packages/airflow/example_dags/tutorial.py
[2021-02-18 07:50:03,947] {scheduler_job.py:639} INFO - DAG(s) dict_keys(['tutorial']) retrieved from /home/airflow/.local/lib/python3.6/site-packages/airflow/example_dags/tutorial.py
[2021-02-18 07:50:03,972] {logging_mixin.py:104} INFO - [2021-02-18 07:50:03,972] {dag.py:1818} INFO - Sync 1 DAGs
[2021-02-18 07:50:03,984] {logging_mixin.py:104} INFO - [2021-02-18 07:50:03,984] {dag.py:2273} INFO - Setting next_dagrun for tutorial to 2021-02-16 00:00:00+00:00
[2021-02-18 07:50:03,993] {scheduler_job.py:190} INFO - Processing /home/airflow/.local/lib/python3.6/site-packages/airflow/example_dags/tutorial.py took 0.059 seconds
[2021-02-18 07:50:34,043] {scheduler_job.py:182} INFO - Started process (PID=694) to work on /home/airflow/.local/lib/python3.6/site-packages/airflow/example_dags/tutorial.py
[2021-02-18 07:50:34,044] {scheduler_job.py:629} INFO - Processing file /home/airflow/.local/lib/python3.6/site-packages/airflow/example_dags/tutorial.py for tasks to queue
[2021-02-18 07:50:34,045] {logging_mixin.py:104} INFO - [2021-02-18 07:50:34,044] {dagbag.py:448} INFO - Filling up the DagBag from /home/airflow/.local/lib/python3.6/site-packages/airflow/example_dags/tutorial.py
[2021-02-18 07:50:34,056] {scheduler_job.py:639} INFO - DAG(s) dict_keys(['tutorial']) retrieved from /home/airflow/.local/lib/python3.6/site-packages/airflow/example_dags/tutorial.py
[2021-02-18 07:50:34,084] {logging_mixin.py:104} INFO - [2021-02-18 07:50:34,084] {dag.py:1818} INFO - Sync 1 DAGs
[2021-02-18 07:50:34,098] {logging_mixin.py:104} INFO - [2021-02-18 07:50:34,098] {dag.py:2273} INFO - Setting next_dagrun for tutorial to 2021-02-16 00:00:00+00:00
[2021-02-18 07:50:34,106] {scheduler_job.py:190} INFO - Processing /home/airflow/.local/lib/python3.6/site-packages/airflow/example_dags/tutorial.py took 0.065 seconds
[2021-02-18 07:51:04,397] {scheduler_job.py:182} INFO - Started process (PID=722) to work on /home/airflow/.local/lib/python3.6/site-packages/airflow/example_dags/tutorial.py
[2021-02-18 07:51:04,398] {scheduler_job.py:629} INFO - Processing file /home/airflow/.local/lib/python3.6/site-packages/airflow/example_dags/tutorial.py for tasks to queue
[2021-02-18 07:51:04,398] {logging_mixin.py:104} INFO - [2021-02-18 07:51:04,398] {dagbag.py:448} INFO - Filling up the DagBag from /home/airflow/.local/lib/python3.6/site-packages/airflow/example_dags/tutorial.py
[2021-02-18 07:51:04,408] {scheduler_job.py:639} INFO - DAG(s) dict_keys(['tutorial']) retrieved from /home/airflow/.local/lib/python3.6/site-packages/airflow/example_dags/tutorial.py
[2021-02-18 07:51:04,431] {logging_mixin.py:104} INFO - [2021-02-18 07:51:04,431] {dag.py:1818} INFO - Sync 1 DAGs
[2021-02-18 07:51:04,444] {logging_mixin.py:104} INFO - [2021-02-18 07:51:04,444] {dag.py:2273} INFO - Setting next_dagrun for tutorial to 2021-02-16 00:00:00+00:00
[2021-02-18 07:51:04,450] {scheduler_job.py:190} INFO - Processing /home/airflow/.local/lib/python3.6/site-packages/airflow/example_dags/tutorial.py took 0.056 seconds
[2021-02-18 07:51:34,492] {scheduler_job.py:182} INFO - Started process (PID=748) to work on /home/airflow/.local/lib/python3.6/site-packages/airflow/example_dags/tutorial.py
[2021-02-18 07:51:34,492] {scheduler_job.py:629} INFO - Processing file /home/airflow/.local/lib/python3.6/site-packages/airflow/example_dags/tutorial.py for tasks to queue
[2021-02-18 07:51:34,493] {logging_mixin.py:104} INFO - [2021-02-18 07:51:34,493] {dagbag.py:448} INFO - Filling up the DagBag from /home/airflow/.local/lib/python3.6/site-packages/airflow/example_dags/tutorial.py
[2021-02-18 07:51:34,503] {scheduler_job.py:639} INFO - DAG(s) dict_keys(['tutorial']) retrieved from /home/airflow/.local/lib/python3.6/site-packages/airflow/example_dags/tutorial.py
[2021-02-18 07:51:34,526] {logging_mixin.py:104} INFO - [2021-02-18 07:51:34,526] {dag.py:1818} INFO - Sync 1 DAGs
[2021-02-18 07:51:34,538] {logging_mixin.py:104} INFO - [2021-02-18 07:51:34,538] {dag.py:2273} INFO - Setting next_dagrun for tutorial to 2021-02-16 00:00:00+00:00
[2021-02-18 07:51:34,546] {scheduler_job.py:190} INFO - Processing /home/airflow/.local/lib/python3.6/site-packages/airflow/example_dags/tutorial.py took 0.058 seconds
[2021-02-18 07:52:04,659] {scheduler_job.py:182} INFO - Started process (PID=774) to work on /home/airflow/.local/lib/python3.6/site-packages/airflow/example_dags/tutorial.py
[2021-02-18 07:52:04,660] {scheduler_job.py:629} INFO - Processing file /home/airflow/.local/lib/python3.6/site-packages/airflow/example_dags/tutorial.py for tasks to queue
[2021-02-18 07:52:04,661] {logging_mixin.py:104} INFO - [2021-02-18 07:52:04,660] {dagbag.py:448} INFO - Filling up the DagBag from /home/airflow/.local/lib/python3.6/site-packages/airflow/example_dags/tutorial.py
[2021-02-18 07:52:04,670] {scheduler_job.py:639} INFO - DAG(s) dict_keys(['tutorial']) retrieved from /home/airflow/.local/lib/python3.6/site-packages/airflow/example_dags/tutorial.py
[2021-02-18 07:52:04,691] {logging_mixin.py:104} INFO - [2021-02-18 07:52:04,691] {dag.py:1818} INFO - Sync 1 DAGs
[2021-02-18 07:52:04,705] {logging_mixin.py:104} INFO - [2021-02-18 07:52:04,704] {dag.py:2273} INFO - Setting next_dagrun for tutorial to 2021-02-16 00:00:00+00:00
[2021-02-18 07:52:04,717] {scheduler_job.py:190} INFO - Processing /home/airflow/.local/lib/python3.6/site-packages/airflow/example_dags/tutorial.py took 0.060 seconds
[2021-02-18 07:52:34,828] {scheduler_job.py:182} INFO - Started process (PID=799) to work on /home/airflow/.local/lib/python3.6/site-packages/airflow/example_dags/tutorial.py
[2021-02-18 07:52:34,830] {scheduler_job.py:629} INFO - Processing file /home/airflow/.local/lib/python3.6/site-packages/airflow/example_dags/tutorial.py for tasks to queue
[2021-02-18 07:52:34,830] {logging_mixin.py:104} INFO - [2021-02-18 07:52:34,830] {dagbag.py:448} INFO - Filling up the DagBag from /home/airflow/.local/lib/python3.6/site-packages/airflow/example_dags/tutorial.py
[2021-02-18 07:52:34,842] {scheduler_job.py:639} INFO - DAG(s) dict_keys(['tutorial']) retrieved from /home/airflow/.local/lib/python3.6/site-packages/airflow/example_dags/tutorial.py
[2021-02-18 07:52:34,861] {logging_mixin.py:104} INFO - [2021-02-18 07:52:34,861] {dag.py:1818} INFO - Sync 1 DAGs
[2021-02-18 07:52:34,876] {logging_mixin.py:104} INFO - [2021-02-18 07:52:34,875] {dag.py:2273} INFO - Setting next_dagrun for tutorial to 2021-02-16 00:00:00+00:00
[2021-02-18 07:52:34,883] {scheduler_job.py:190} INFO - Processing /home/airflow/.local/lib/python3.6/site-packages/airflow/example_dags/tutorial.py took 0.058 seconds
[2021-02-18 07:53:04,899] {scheduler_job.py:182} INFO - Started process (PID=825) to work on /home/airflow/.local/lib/python3.6/site-packages/airflow/example_dags/tutorial.py
[2021-02-18 07:53:04,900] {scheduler_job.py:629} INFO - Processing file /home/airflow/.local/lib/python3.6/site-packages/airflow/example_dags/tutorial.py for tasks to queue
[2021-02-18 07:53:04,900] {logging_mixin.py:104} INFO - [2021-02-18 07:53:04,900] {dagbag.py:448} INFO - Filling up the DagBag from /home/airflow/.local/lib/python3.6/site-packages/airflow/example_dags/tutorial.py
[2021-02-18 07:53:04,906] {scheduler_job.py:639} INFO - DAG(s) dict_keys(['tutorial']) retrieved from /home/airflow/.local/lib/python3.6/site-packages/airflow/example_dags/tutorial.py
[2021-02-18 07:53:04,922] {logging_mixin.py:104} INFO - [2021-02-18 07:53:04,922] {dag.py:1818} INFO - Sync 1 DAGs
[2021-02-18 07:53:04,937] {logging_mixin.py:104} INFO - [2021-02-18 07:53:04,937] {dag.py:2273} INFO - Setting next_dagrun for tutorial to 2021-02-16 00:00:00+00:00
[2021-02-18 07:53:04,945] {scheduler_job.py:190} INFO - Processing /home/airflow/.local/lib/python3.6/site-packages/airflow/example_dags/tutorial.py took 0.048 seconds
[2021-02-18 07:53:35,125] {scheduler_job.py:182} INFO - Started process (PID=850) to work on /home/airflow/.local/lib/python3.6/site-packages/airflow/example_dags/tutorial.py
[2021-02-18 07:53:35,125] {scheduler_job.py:629} INFO - Processing file /home/airflow/.local/lib/python3.6/site-packages/airflow/example_dags/tutorial.py for tasks to queue
[2021-02-18 07:53:35,126] {logging_mixin.py:104} INFO - [2021-02-18 07:53:35,126] {dagbag.py:448} INFO - Filling up the DagBag from /home/airflow/.local/lib/python3.6/site-packages/airflow/example_dags/tutorial.py
[2021-02-18 07:53:35,133] {scheduler_job.py:639} INFO - DAG(s) dict_keys(['tutorial']) retrieved from /home/airflow/.local/lib/python3.6/site-packages/airflow/example_dags/tutorial.py
[2021-02-18 07:53:35,153] {logging_mixin.py:104} INFO - [2021-02-18 07:53:35,153] {dag.py:1818} INFO - Sync 1 DAGs
[2021-02-18 07:53:35,171] {logging_mixin.py:104} INFO - [2021-02-18 07:53:35,171] {dag.py:2273} INFO - Setting next_dagrun for tutorial to 2021-02-16 00:00:00+00:00
[2021-02-18 07:53:35,180] {scheduler_job.py:190} INFO - Processing /home/airflow/.local/lib/python3.6/site-packages/airflow/example_dags/tutorial.py took 0.058 seconds
[2021-02-18 07:54:05,245] {scheduler_job.py:182} INFO - Started process (PID=877) to work on /home/airflow/.local/lib/python3.6/site-packages/airflow/example_dags/tutorial.py
[2021-02-18 07:54:05,246] {scheduler_job.py:629} INFO - Processing file /home/airflow/.local/lib/python3.6/site-packages/airflow/example_dags/tutorial.py for tasks to queue
[2021-02-18 07:54:05,246] {logging_mixin.py:104} INFO - [2021-02-18 07:54:05,246] {dagbag.py:448} INFO - Filling up the DagBag from /home/airflow/.local/lib/python3.6/site-packages/airflow/example_dags/tutorial.py
[2021-02-18 07:54:05,254] {scheduler_job.py:639} INFO - DAG(s) dict_keys(['tutorial']) retrieved from /home/airflow/.local/lib/python3.6/site-packages/airflow/example_dags/tutorial.py
[2021-02-18 07:54:05,286] {logging_mixin.py:104} INFO - [2021-02-18 07:54:05,286] {dag.py:1818} INFO - Sync 1 DAGs
[2021-02-18 07:54:05,301] {logging_mixin.py:104} INFO - [2021-02-18 07:54:05,301] {dag.py:2273} INFO - Setting next_dagrun for tutorial to 2021-02-16 00:00:00+00:00
[2021-02-18 07:54:05,310] {scheduler_job.py:190} INFO - Processing /home/airflow/.local/lib/python3.6/site-packages/airflow/example_dags/tutorial.py took 0.068 seconds
[2021-02-18 07:55:59,368] {scheduler_job.py:182} INFO - Started process (PID=57) to work on /home/airflow/.local/lib/python3.6/site-packages/airflow/example_dags/tutorial.py
[2021-02-18 07:55:59,369] {scheduler_job.py:629} INFO - Processing file /home/airflow/.local/lib/python3.6/site-packages/airflow/example_dags/tutorial.py for tasks to queue
[2021-02-18 07:55:59,369] {logging_mixin.py:104} INFO - [2021-02-18 07:55:59,369] {dagbag.py:448} INFO - Filling up the DagBag from /home/airflow/.local/lib/python3.6/site-packages/airflow/example_dags/tutorial.py
[2021-02-18 07:55:59,380] {scheduler_job.py:639} INFO - DAG(s) dict_keys(['tutorial']) retrieved from /home/airflow/.local/lib/python3.6/site-packages/airflow/example_dags/tutorial.py
[2021-02-18 07:55:59,403] {logging_mixin.py:104} INFO - [2021-02-18 07:55:59,402] {dag.py:1818} INFO - Sync 1 DAGs
[2021-02-18 07:55:59,411] {logging_mixin.py:104} INFO - [2021-02-18 07:55:59,411] {dag.py:1837} INFO - Creating ORM DAG for tutorial
[2021-02-18 07:55:59,416] {logging_mixin.py:104} INFO - [2021-02-18 07:55:59,416] {dag.py:2273} INFO - Setting next_dagrun for tutorial to 2021-02-16 00:00:00+00:00
[2021-02-18 07:55:59,428] {scheduler_job.py:190} INFO - Processing /home/airflow/.local/lib/python3.6/site-packages/airflow/example_dags/tutorial.py took 0.063 seconds
[2021-02-18 07:56:29,473] {scheduler_job.py:182} INFO - Started process (PID=83) to work on /home/airflow/.local/lib/python3.6/site-packages/airflow/example_dags/tutorial.py
[2021-02-18 07:56:29,473] {scheduler_job.py:629} INFO - Processing file /home/airflow/.local/lib/python3.6/site-packages/airflow/example_dags/tutorial.py for tasks to queue
[2021-02-18 07:56:29,474] {logging_mixin.py:104} INFO - [2021-02-18 07:56:29,474] {dagbag.py:448} INFO - Filling up the DagBag from /home/airflow/.local/lib/python3.6/site-packages/airflow/example_dags/tutorial.py
[2021-02-18 07:56:29,481] {scheduler_job.py:639} INFO - DAG(s) dict_keys(['tutorial']) retrieved from /home/airflow/.local/lib/python3.6/site-packages/airflow/example_dags/tutorial.py
[2021-02-18 07:56:29,500] {logging_mixin.py:104} INFO - [2021-02-18 07:56:29,499] {dag.py:1818} INFO - Sync 1 DAGs
[2021-02-18 07:56:29,513] {logging_mixin.py:104} INFO - [2021-02-18 07:56:29,513] {dag.py:2273} INFO - Setting next_dagrun for tutorial to 2021-02-16 00:00:00+00:00
[2021-02-18 07:56:29,521] {scheduler_job.py:190} INFO - Processing /home/airflow/.local/lib/python3.6/site-packages/airflow/example_dags/tutorial.py took 0.051 seconds
[2021-02-18 07:56:56,396] {scheduler_job.py:182} INFO - Started process (PID=49) to work on /home/airflow/.local/lib/python3.6/site-packages/airflow/example_dags/tutorial.py
[2021-02-18 07:56:56,397] {scheduler_job.py:629} INFO - Processing file /home/airflow/.local/lib/python3.6/site-packages/airflow/example_dags/tutorial.py for tasks to queue
[2021-02-18 07:56:56,398] {logging_mixin.py:104} INFO - [2021-02-18 07:56:56,398] {dagbag.py:448} INFO - Filling up the DagBag from /home/airflow/.local/lib/python3.6/site-packages/airflow/example_dags/tutorial.py
[2021-02-18 07:56:56,405] {scheduler_job.py:639} INFO - DAG(s) dict_keys(['tutorial']) retrieved from /home/airflow/.local/lib/python3.6/site-packages/airflow/example_dags/tutorial.py
[2021-02-18 07:56:56,426] {logging_mixin.py:104} INFO - [2021-02-18 07:56:56,426] {dag.py:1818} INFO - Sync 1 DAGs
[2021-02-18 07:56:56,438] {logging_mixin.py:104} INFO - [2021-02-18 07:56:56,438] {dag.py:2273} INFO - Setting next_dagrun for tutorial to 2021-02-16 00:00:00+00:00
[2021-02-18 07:56:56,448] {scheduler_job.py:190} INFO - Processing /home/airflow/.local/lib/python3.6/site-packages/airflow/example_dags/tutorial.py took 0.055 seconds
[2021-02-18 07:57:26,550] {scheduler_job.py:182} INFO - Started process (PID=74) to work on /home/airflow/.local/lib/python3.6/site-packages/airflow/example_dags/tutorial.py
[2021-02-18 07:57:26,551] {scheduler_job.py:629} INFO - Processing file /home/airflow/.local/lib/python3.6/site-packages/airflow/example_dags/tutorial.py for tasks to queue
[2021-02-18 07:57:26,552] {logging_mixin.py:104} INFO - [2021-02-18 07:57:26,552] {dagbag.py:448} INFO - Filling up the DagBag from /home/airflow/.local/lib/python3.6/site-packages/airflow/example_dags/tutorial.py
[2021-02-18 07:57:26,558] {scheduler_job.py:639} INFO - DAG(s) dict_keys(['tutorial']) retrieved from /home/airflow/.local/lib/python3.6/site-packages/airflow/example_dags/tutorial.py
[2021-02-18 07:57:26,578] {logging_mixin.py:104} INFO - [2021-02-18 07:57:26,578] {dag.py:1818} INFO - Sync 1 DAGs
[2021-02-18 07:57:26,591] {logging_mixin.py:104} INFO - [2021-02-18 07:57:26,591] {dag.py:2273} INFO - Setting next_dagrun for tutorial to 2021-02-16 00:00:00+00:00
[2021-02-18 07:57:26,598] {scheduler_job.py:190} INFO - Processing /home/airflow/.local/lib/python3.6/site-packages/airflow/example_dags/tutorial.py took 0.052 seconds
[2021-02-18 07:57:56,754] {scheduler_job.py:182} INFO - Started process (PID=99) to work on /home/airflow/.local/lib/python3.6/site-packages/airflow/example_dags/tutorial.py
[2021-02-18 07:57:56,755] {scheduler_job.py:629} INFO - Processing file /home/airflow/.local/lib/python3.6/site-packages/airflow/example_dags/tutorial.py for tasks to queue
[2021-02-18 07:57:56,756] {logging_mixin.py:104} INFO - [2021-02-18 07:57:56,756] {dagbag.py:448} INFO - Filling up the DagBag from /home/airflow/.local/lib/python3.6/site-packages/airflow/example_dags/tutorial.py
[2021-02-18 07:57:56,764] {scheduler_job.py:639} INFO - DAG(s) dict_keys(['tutorial']) retrieved from /home/airflow/.local/lib/python3.6/site-packages/airflow/example_dags/tutorial.py
[2021-02-18 07:57:56,786] {logging_mixin.py:104} INFO - [2021-02-18 07:57:56,786] {dag.py:1818} INFO - Sync 1 DAGs
[2021-02-18 07:57:56,800] {logging_mixin.py:104} INFO - [2021-02-18 07:57:56,799] {dag.py:2273} INFO - Setting next_dagrun for tutorial to 2021-02-16 00:00:00+00:00
[2021-02-18 07:57:56,807] {scheduler_job.py:190} INFO - Processing /home/airflow/.local/lib/python3.6/site-packages/airflow/example_dags/tutorial.py took 0.055 seconds
[2021-02-18 07:58:26,832] {scheduler_job.py:182} INFO - Started process (PID=125) to work on /home/airflow/.local/lib/python3.6/site-packages/airflow/example_dags/tutorial.py
[2021-02-18 07:58:26,833] {scheduler_job.py:629} INFO - Processing file /home/airflow/.local/lib/python3.6/site-packages/airflow/example_dags/tutorial.py for tasks to queue
[2021-02-18 07:58:26,835] {logging_mixin.py:104} INFO - [2021-02-18 07:58:26,834] {dagbag.py:448} INFO - Filling up the DagBag from /home/airflow/.local/lib/python3.6/site-packages/airflow/example_dags/tutorial.py
[2021-02-18 07:58:26,843] {scheduler_job.py:639} INFO - DAG(s) dict_keys(['tutorial']) retrieved from /home/airflow/.local/lib/python3.6/site-packages/airflow/example_dags/tutorial.py
[2021-02-18 07:58:26,868] {logging_mixin.py:104} INFO - [2021-02-18 07:58:26,867] {dag.py:1818} INFO - Sync 1 DAGs
[2021-02-18 07:58:26,880] {logging_mixin.py:104} INFO - [2021-02-18 07:58:26,880] {dag.py:2273} INFO - Setting next_dagrun for tutorial to 2021-02-16 00:00:00+00:00
[2021-02-18 07:58:26,887] {scheduler_job.py:190} INFO - Processing /home/airflow/.local/lib/python3.6/site-packages/airflow/example_dags/tutorial.py took 0.059 seconds
[2021-02-18 07:58:56,931] {scheduler_job.py:182} INFO - Started process (PID=150) to work on /home/airflow/.local/lib/python3.6/site-packages/airflow/example_dags/tutorial.py
[2021-02-18 07:58:56,932] {scheduler_job.py:629} INFO - Processing file /home/airflow/.local/lib/python3.6/site-packages/airflow/example_dags/tutorial.py for tasks to queue
[2021-02-18 07:58:56,932] {logging_mixin.py:104} INFO - [2021-02-18 07:58:56,932] {dagbag.py:448} INFO - Filling up the DagBag from /home/airflow/.local/lib/python3.6/site-packages/airflow/example_dags/tutorial.py
[2021-02-18 07:58:56,940] {scheduler_job.py:639} INFO - DAG(s) dict_keys(['tutorial']) retrieved from /home/airflow/.local/lib/python3.6/site-packages/airflow/example_dags/tutorial.py
[2021-02-18 07:58:56,958] {logging_mixin.py:104} INFO - [2021-02-18 07:58:56,958] {dag.py:1818} INFO - Sync 1 DAGs
[2021-02-18 07:58:56,972] {logging_mixin.py:104} INFO - [2021-02-18 07:58:56,972] {dag.py:2273} INFO - Setting next_dagrun for tutorial to 2021-02-16 00:00:00+00:00
[2021-02-18 07:58:56,982] {scheduler_job.py:190} INFO - Processing /home/airflow/.local/lib/python3.6/site-packages/airflow/example_dags/tutorial.py took 0.054 seconds
[2021-02-18 07:59:27,192] {scheduler_job.py:182} INFO - Started process (PID=174) to work on /home/airflow/.local/lib/python3.6/site-packages/airflow/example_dags/tutorial.py
[2021-02-18 07:59:27,193] {scheduler_job.py:629} INFO - Processing file /home/airflow/.local/lib/python3.6/site-packages/airflow/example_dags/tutorial.py for tasks to queue
[2021-02-18 07:59:27,194] {logging_mixin.py:104} INFO - [2021-02-18 07:59:27,194] {dagbag.py:448} INFO - Filling up the DagBag from /home/airflow/.local/lib/python3.6/site-packages/airflow/example_dags/tutorial.py
[2021-02-18 07:59:27,202] {scheduler_job.py:639} INFO - DAG(s) dict_keys(['tutorial']) retrieved from /home/airflow/.local/lib/python3.6/site-packages/airflow/example_dags/tutorial.py
[2021-02-18 07:59:27,222] {logging_mixin.py:104} INFO - [2021-02-18 07:59:27,222] {dag.py:1818} INFO - Sync 1 DAGs
[2021-02-18 07:59:27,237] {logging_mixin.py:104} INFO - [2021-02-18 07:59:27,236] {dag.py:2273} INFO - Setting next_dagrun for tutorial to 2021-02-16 00:00:00+00:00
[2021-02-18 07:59:27,246] {scheduler_job.py:190} INFO - Processing /home/airflow/.local/lib/python3.6/site-packages/airflow/example_dags/tutorial.py took 0.056 seconds
[2021-02-18 07:59:57,310] {scheduler_job.py:182} INFO - Started process (PID=199) to work on /home/airflow/.local/lib/python3.6/site-packages/airflow/example_dags/tutorial.py
[2021-02-18 07:59:57,311] {scheduler_job.py:629} INFO - Processing file /home/airflow/.local/lib/python3.6/site-packages/airflow/example_dags/tutorial.py for tasks to queue
[2021-02-18 07:59:57,312] {logging_mixin.py:104} INFO - [2021-02-18 07:59:57,312] {dagbag.py:448} INFO - Filling up the DagBag from /home/airflow/.local/lib/python3.6/site-packages/airflow/example_dags/tutorial.py
[2021-02-18 07:59:57,320] {scheduler_job.py:639} INFO - DAG(s) dict_keys(['tutorial']) retrieved from /home/airflow/.local/lib/python3.6/site-packages/airflow/example_dags/tutorial.py
[2021-02-18 07:59:57,345] {logging_mixin.py:104} INFO - [2021-02-18 07:59:57,345] {dag.py:1818} INFO - Sync 1 DAGs
[2021-02-18 07:59:57,360] {logging_mixin.py:104} INFO - [2021-02-18 07:59:57,360] {dag.py:2273} INFO - Setting next_dagrun for tutorial to 2021-02-16 00:00:00+00:00
[2021-02-18 07:59:57,368] {scheduler_job.py:190} INFO - Processing /home/airflow/.local/lib/python3.6/site-packages/airflow/example_dags/tutorial.py took 0.064 seconds
